TN:
SF:src/components/layout/hooks/useThreadStore.ts
FN:42,reduceThreadRunStatus
FN:91,streamingStatuses
FN:92,(anonymous_2)
FN:100,mergeStreamingStatuses
FN:101,(anonymous_4)
FN:133,useThreadStore
FN:148,(anonymous_6)
FN:149,(anonymous_7)
FN:152,(anonymous_8)
FN:159,(anonymous_9)
FN:160,(anonymous_10)
FN:168,(anonymous_11)
FN:174,(anonymous_12)
FN:185,(anonymous_13)
FN:186,(anonymous_14)
FN:223,(anonymous_15)
FN:229,(anonymous_16)
FN:235,(anonymous_17)
FN:238,(anonymous_18)
FN:246,(anonymous_19)
FN:255,bootstrapStore
FN:285,(anonymous_21)
FN:292,(anonymous_22)
FN:296,(anonymous_23)
FN:297,(anonymous_24)
FN:302,(anonymous_25)
FN:304,(anonymous_26)
FN:305,(anonymous_27)
FN:308,(anonymous_28)
FN:312,(anonymous_29)
FN:317,(anonymous_30)
FN:319,(anonymous_31)
FN:325,(anonymous_32)
FN:327,(anonymous_33)
FN:329,(anonymous_34)
FN:332,(anonymous_35)
FN:346,(anonymous_36)
FNF:37
FNH:1
FNDA:15,reduceThreadRunStatus
FNDA:0,streamingStatuses
FNDA:0,(anonymous_2)
FNDA:0,mergeStreamingStatuses
FNDA:0,(anonymous_4)
FNDA:0,useThreadStore
FNDA:0,(anonymous_6)
FNDA:0,(anonymous_7)
FNDA:0,(anonymous_8)
FNDA:0,(anonymous_9)
FNDA:0,(anonymous_10)
FNDA:0,(anonymous_11)
FNDA:0,(anonymous_12)
FNDA:0,(anonymous_13)
FNDA:0,(anonymous_14)
FNDA:0,(anonymous_15)
FNDA:0,(anonymous_16)
FNDA:0,(anonymous_17)
FNDA:0,(anonymous_18)
FNDA:0,(anonymous_19)
FNDA:0,bootstrapStore
FNDA:0,(anonymous_21)
FNDA:0,(anonymous_22)
FNDA:0,(anonymous_23)
FNDA:0,(anonymous_24)
FNDA:0,(anonymous_25)
FNDA:0,(anonymous_26)
FNDA:0,(anonymous_27)
FNDA:0,(anonymous_28)
FNDA:0,(anonymous_29)
FNDA:0,(anonymous_30)
FNDA:0,(anonymous_31)
FNDA:0,(anonymous_32)
FNDA:0,(anonymous_33)
FNDA:0,(anonymous_34)
FNDA:0,(anonymous_35)
FNDA:0,(anonymous_36)
DA:47,15
DA:48,15
DA:49,1
DA:50,14
DA:51,14
DA:57,15
DA:63,1
DA:72,13
DA:78,2
DA:80,11
DA:92,0
DA:101,0
DA:102,0
DA:103,0
DA:134,0
DA:135,0
DA:136,0
DA:137,0
DA:138,0
DA:139,0
DA:140,0
DA:145,0
DA:146,0
DA:148,0
DA:149,0
DA:152,0
DA:154,0
DA:159,0
DA:160,0
DA:167,0
DA:168,0
DA:169,0
DA:174,0
DA:175,0
DA:176,0
DA:177,0
DA:182,0
DA:183,0
DA:185,0
DA:186,0
DA:187,0
DA:188,0
DA:189,0
DA:190,0
DA:191,0
DA:192,0
DA:206,0
DA:207,0
DA:208,0
DA:212,0
DA:214,0
DA:222,0
DA:223,0
DA:224,0
DA:225,0
DA:226,0
DA:227,0
DA:229,0
DA:230,0
DA:231,0
DA:234,0
DA:235,0
DA:236,0
DA:238,0
DA:239,0
DA:242,0
DA:246,0
DA:253,0
DA:256,0
DA:257,0
DA:258,0
DA:259,0
DA:260,0
DA:261,0
DA:262,0
DA:264,0
DA:265,0
DA:268,0
DA:269,0
DA:272,0
DA:273,0
DA:277,0
DA:278,0
DA:283,0
DA:285,0
DA:286,0
DA:292,0
DA:296,0
DA:297,0
DA:301,0
DA:302,0
DA:304,0
DA:305,0
DA:308,0
DA:309,0
DA:310,0
DA:311,0
DA:312,0
DA:313,0
DA:314,0
DA:315,0
DA:316,0
DA:317,0
DA:319,0
DA:323,0
DA:324,0
DA:325,0
DA:327,0
DA:328,0
DA:329,0
DA:332,0
DA:333,0
DA:334,0
DA:335,0
DA:346,0
DA:347,0
DA:348,0
DA:349,0
DA:352,0
LF:119
LH:10
BRDA:45,0,0,15
BRDA:48,1,0,1
BRDA:48,1,1,14
BRDA:48,2,0,15
BRDA:48,2,1,8
BRDA:51,3,0,6
BRDA:51,3,1,8
BRDA:57,4,0,1
BRDA:57,4,1,14
BRDA:58,5,0,15
BRDA:58,5,1,7
BRDA:58,5,2,5
BRDA:58,5,3,2
BRDA:72,6,0,2
BRDA:72,6,1,11
BRDA:73,7,0,13
BRDA:73,7,1,6
BRDA:73,7,2,2
BRDA:73,7,3,2
BRDA:76,8,0,1
BRDA:76,8,1,1
BRDA:86,9,0,5
BRDA:86,9,1,6
BRDA:101,10,0,0
BRDA:101,10,1,0
BRDA:101,11,0,0
BRDA:101,11,1,0
BRDA:149,12,0,0
BRDA:149,12,1,0
BRDA:154,13,0,0
BRDA:154,13,1,0
BRDA:154,13,2,0
BRDA:182,14,0,0
BRDA:182,14,1,0
BRDA:192,15,0,0
BRDA:192,15,1,0
BRDA:194,16,0,0
BRDA:194,16,1,0
BRDA:206,17,0,0
BRDA:206,17,1,0
BRDA:208,18,0,0
BRDA:208,18,1,0
BRDA:208,18,2,0
BRDA:214,19,0,0
BRDA:214,19,1,0
BRDA:226,20,0,0
BRDA:226,20,1,0
BRDA:235,21,0,0
BRDA:235,21,1,0
BRDA:235,22,0,0
BRDA:235,22,1,0
BRDA:238,23,0,0
BRDA:238,23,1,0
BRDA:238,24,0,0
BRDA:238,24,1,0
BRDA:242,25,0,0
BRDA:242,25,1,0
BRDA:261,26,0,0
BRDA:261,26,1,0
BRDA:272,27,0,0
BRDA:272,27,1,0
BRDA:277,28,0,0
BRDA:277,28,1,0
BRDA:313,29,0,0
BRDA:313,29,1,0
BRDA:324,30,0,0
BRDA:324,30,1,0
BRDA:324,31,0,0
BRDA:324,31,1,0
BRDA:333,32,0,0
BRDA:333,32,1,0
BRDA:347,33,0,0
BRDA:347,33,1,0
BRF:73
BRH:23
end_of_record
TN:
SF:src/components/ui/Badge.tsx
FN:18,Badge
FNF:1
FNH:0
FNDA:0,Badge
DA:9,1
DA:23,0
LF:2
LH:1
BRDA:20,0,0,0
BRF:1
BRH:0
end_of_record
TN:
SF:src/components/ui/Button.tsx
FN:30,Button
FNF:1
FNH:0
FNDA:0,Button
DA:14,1
DA:24,1
DA:38,0
LF:3
LH:2
BRDA:34,0,0,0
BRDA:35,1,0,0
BRF:2
BRH:0
end_of_record
TN:
SF:src/components/ui/CopyButton.tsx
FN:10,CopyButton
FNF:1
FNH:1
FNDA:1,CopyButton
DA:23,1
DA:24,1
DA:25,1
LF:3
LH:3
BRDA:15,0,0,1
BRDA:24,1,0,1
BRDA:24,1,1,0
BRDA:30,2,0,1
BRDA:30,2,1,0
BRDA:39,3,0,0
BRDA:39,3,1,1
BRF:7
BRH:4
end_of_record
TN:
SF:src/components/ui/IconButton.tsx
FN:10,IconButton
FNF:1
FNH:0
FNDA:0,IconButton
DA:11,0
LF:1
LH:0
BRDA:17,0,0,0
BRDA:17,0,1,0
BRF:2
BRH:0
end_of_record
TN:
SF:src/components/ui/MenuPanel.tsx
FN:11,MenuPanel
FNF:1
FNH:0
FNDA:0,MenuPanel
DA:22,0
LF:1
LH:0
BRF:0
BRH:0
end_of_record
TN:
SF:src/components/ui/Overlay.tsx
FN:11,Overlay
FN:23,(anonymous_1)
FN:27,handleKeyDown
FN:35,(anonymous_3)
FNF:4
FNH:0
FNDA:0,Overlay
FNDA:0,(anonymous_1)
FNDA:0,handleKeyDown
FNDA:0,(anonymous_3)
DA:20,0
DA:21,0
DA:23,0
DA:24,0
DA:25,0
DA:30,0
DA:31,0
DA:34,0
DA:35,0
DA:38,0
DA:39,0
DA:42,0
LF:12
LH:0
BRDA:24,0,0,0
BRDA:24,0,1,0
BRDA:30,1,0,0
BRDA:30,1,1,0
BRDA:30,2,0,0
BRDA:30,2,1,0
BRDA:38,3,0,0
BRDA:38,3,1,0
BRF:8
BRH:0
end_of_record
TN:
SF:src/components/ui/overlayStack.ts
FN:12,useOverlayLayer
FN:15,(anonymous_1)
FN:21,(anonymous_2)
FN:29,(anonymous_3)
FNF:4
FNH:0
FNDA:0,useOverlayLayer
FNDA:0,(anonymous_1)
FNDA:0,(anonymous_2)
FNDA:0,(anonymous_3)
DA:10,1
DA:13,0
DA:15,0
DA:16,0
DA:17,0
DA:18,0
DA:19,0
DA:20,0
DA:21,0
DA:22,0
DA:23,0
DA:24,0
DA:25,0
DA:29,0
DA:30,0
DA:34,0
LF:16
LH:1
BRDA:16,0,0,0
BRDA:16,0,1,0
BRDA:23,1,0,0
BRDA:23,1,1,0
BRDA:30,2,0,0
BRDA:30,2,1,0
BRF:6
BRH:0
end_of_record
TN:
SF:src/components/ui/useCopyState.ts
FN:12,useCopyState
FN:16,(anonymous_1)
FN:23,(anonymous_2)
FN:37,(anonymous_3)
FNF:4
FNH:1
FNDA:1,useCopyState
FNDA:0,(anonymous_1)
FNDA:0,(anonymous_2)
FNDA:0,(anonymous_3)
DA:13,1
DA:14,1
DA:16,1
DA:17,0
DA:18,0
DA:19,0
DA:23,1
DA:24,0
DA:25,0
DA:29,0
DA:30,0
DA:32,0
DA:33,0
DA:34,0
DA:37,1
DA:39,1
LF:16
LH:6
BRDA:12,0,0,1
BRDA:17,1,0,0
BRDA:17,1,1,0
BRDA:23,2,0,0
BRF:4
BRH:1
end_of_record
TN:
SF:src/features/agent/agentActivity.ts
FN:76,createRunProjector
FN:97,processEvent
FN:248,snapshot
FN:252,(anonymous_3)
FN:260,(anonymous_4)
FN:261,(anonymous_5)
FN:276,lastSequence
FN:279,ingest
FN:280,(anonymous_8)
FN:298,buildAssistantRunProjection
FN:302,numberFromPayload
FN:318,usageOutputTokens
FN:331,buildSegments
FN:402,latestRunningToolId
FN:407,(anonymous_14)
FN:408,(anonymous_15)
FN:412,collapseToolActivities
FN:414,(anonymous_17)
FN:439,toActivityItem
FN:449,toolFromPayload
FN:472,targetFromToolArgs
FN:487,partialTargetFromArgsText
FN:500,matchJsonStringField
FN:515,explicitToolId
FN:524,parseEventPayload
FN:536,textFromPayload
FN:552,hasToolError
FN:569,nonZeroExitCode
FN:580,isSoftExit
FN:592,stringValue
FNF:30
FNH:27
FNDA:32,createRunProjector
FNDA:115,processEvent
FNDA:36,snapshot
FNDA:3,(anonymous_3)
FNDA:60,(anonymous_4)
FNDA:14,(anonymous_5)
FNDA:3,lastSequence
FNDA:36,ingest
FNDA:114,(anonymous_8)
FNDA:28,buildAssistantRunProjection
FNDA:15,numberFromPayload
FNDA:13,usageOutputTokens
FNDA:36,buildSegments
FNDA:0,latestRunningToolId
FNDA:0,(anonymous_14)
FNDA:0,(anonymous_15)
FNDA:51,collapseToolActivities
FNDA:34,(anonymous_17)
FNDA:34,toActivityItem
FNDA:29,toolFromPayload
FNDA:8,targetFromToolArgs
FNDA:4,partialTargetFromArgsText
FNDA:12,matchJsonStringField
FNDA:43,explicitToolId
FNDA:115,parseEventPayload
FNDA:49,textFromPayload
FNDA:14,hasToolError
FNDA:25,nonZeroExitCode
FNDA:5,isSoftExit
FNDA:177,stringValue
DA:77,32
DA:80,32
DA:81,32
DA:82,32
DA:85,32
DA:86,32
DA:87,32
DA:88,32
DA:89,32
DA:92,32
DA:93,32
DA:94,32
DA:95,32
DA:98,115
DA:100,115
DA:101,7
DA:102,7
DA:103,7
DA:106,108
DA:107,6
DA:108,6
DA:111,102
DA:112,25
DA:113,25
DA:115,25
DA:116,25
DA:117,24
DA:118,24
DA:120,25
DA:121,25
DA:122,24
DA:124,25
DA:127,77
DA:128,11
DA:131,11
DA:132,11
DA:133,11
DA:134,11
DA:137,66
DA:138,16
DA:139,16
DA:141,16
DA:142,0
DA:143,0
DA:144,0
DA:146,16
DA:148,16
DA:151,50
DA:152,9
DA:153,9
DA:154,9
DA:161,41
DA:162,3
DA:163,2
DA:167,2
DA:168,2
DA:170,3
DA:173,38
DA:174,15
DA:175,15
DA:176,15
DA:177,15
DA:182,15
DA:183,15
DA:184,15
DA:188,15
DA:189,15
DA:190,15
DA:192,15
DA:195,23
DA:196,8
DA:197,0
DA:199,8
DA:200,8
DA:201,0
DA:203,8
DA:204,8
DA:205,8
DA:215,8
DA:218,15
DA:219,14
DA:220,14
DA:221,0
DA:223,14
DA:224,14
DA:225,14
DA:226,14
DA:227,14
DA:240,14
DA:241,0
DA:242,0
DA:244,14
DA:249,36
DA:252,36
DA:255,36
DA:259,36
DA:260,60
DA:261,14
DA:265,36
DA:275,32
DA:277,3
DA:280,114
DA:281,36
DA:285,119
DA:286,4
DA:287,115
DA:289,36
DA:290,30
DA:292,36
DA:299,28
DA:303,15
DA:304,0
DA:305,15
DA:306,17
DA:307,17
DA:308,14
DA:310,1
DA:319,13
DA:320,0
DA:321,13
DA:322,13
DA:335,36
DA:336,36
DA:338,36
DA:339,57
DA:340,57
DA:341,0
DA:343,57
DA:344,26
DA:345,26
DA:347,26
DA:348,26
DA:351,31
DA:352,14
DA:353,14
DA:355,14
DA:356,14
DA:359,17
DA:360,2
DA:365,2
DA:366,2
DA:370,15
DA:371,15
DA:372,15
DA:373,25
DA:374,25
DA:375,0
DA:376,25
DA:377,17
DA:378,17
DA:379,17
DA:380,17
DA:381,17
DA:384,8
DA:385,0
DA:386,8
DA:387,1
DA:388,1
DA:390,7
DA:393,15
DA:394,15
DA:396,15
DA:399,36
DA:406,0
DA:407,0
DA:408,0
DA:409,0
DA:413,51
DA:414,51
DA:415,34
DA:417,51
DA:418,29
DA:419,24
DA:420,24
DA:426,5
DA:427,29
DA:436,51
DA:440,34
DA:450,29
DA:451,0
DA:453,29
DA:456,29
DA:457,0
DA:459,29
DA:460,29
DA:462,29
DA:476,8
DA:477,8
DA:478,4
DA:484,4
DA:491,4
DA:492,4
DA:493,12
DA:494,12
DA:495,0
DA:497,4
DA:503,12
DA:504,12
DA:505,12
DA:506,0
DA:507,0
DA:508,0
DA:511,0
DA:516,43
DA:517,0
DA:519,43
DA:525,115
DA:526,0
DA:528,115
DA:529,115
DA:532,0
DA:537,49
DA:538,0
DA:540,49
DA:550,4
DA:553,14
DA:554,0
DA:555,14
DA:556,14
DA:557,0
DA:562,14
DA:563,14
DA:564,14
DA:565,0
DA:570,25
DA:571,15
DA:572,10
DA:573,10
DA:574,25
DA:575,5
DA:576,5
DA:577,5
DA:583,5
DA:584,1
DA:587,4
DA:588,5
DA:589,5
DA:593,177
LF:238
LH:207
BRDA:100,0,0,7
BRDA:100,0,1,108
BRDA:106,1,0,6
BRDA:106,1,1,102
BRDA:111,2,0,25
BRDA:111,2,1,77
BRDA:116,3,0,24
BRDA:116,3,1,1
BRDA:121,4,0,24
BRDA:121,4,1,1
BRDA:127,5,0,11
BRDA:127,5,1,66
BRDA:137,6,0,16
BRDA:137,6,1,50
BRDA:139,7,0,16
BRDA:139,7,1,0
BRDA:141,8,0,0
BRDA:141,8,1,16
BRDA:151,9,0,9
BRDA:151,9,1,41
BRDA:161,10,0,3
BRDA:161,10,1,38
BRDA:162,11,0,2
BRDA:162,11,1,1
BRDA:162,12,0,3
BRDA:162,12,1,3
BRDA:173,13,0,15
BRDA:173,13,1,23
BRDA:173,14,0,38
BRDA:173,14,1,38
BRDA:175,15,0,15
BRDA:175,15,1,0
BRDA:182,16,0,15
BRDA:182,16,1,0
BRDA:195,17,0,8
BRDA:195,17,1,15
BRDA:195,18,0,23
BRDA:195,18,1,23
BRDA:196,19,0,0
BRDA:196,19,1,8
BRDA:200,20,0,0
BRDA:200,20,1,8
BRDA:203,21,0,8
BRDA:203,21,1,4
BRDA:208,22,0,4
BRDA:208,22,1,4
BRDA:218,23,0,14
BRDA:218,23,1,1
BRDA:218,24,0,15
BRDA:218,24,1,1
BRDA:220,25,0,0
BRDA:220,25,1,14
BRDA:223,26,0,14
BRDA:223,26,1,0
BRDA:223,26,2,0
BRDA:225,27,0,14
BRDA:225,27,1,0
BRDA:231,28,0,0
BRDA:231,28,1,14
BRDA:231,29,0,14
BRDA:231,29,1,0
BRDA:232,30,0,14
BRDA:232,30,1,0
BRDA:236,31,0,14
BRDA:236,31,1,0
BRDA:237,32,0,14
BRDA:237,32,1,0
BRDA:240,33,0,0
BRDA:240,33,1,14
BRDA:255,34,0,36
BRDA:255,34,1,3
BRDA:255,34,2,3
BRDA:269,35,0,6
BRDA:269,35,1,30
BRDA:285,36,0,4
BRDA:285,36,1,115
BRDA:289,37,0,30
BRDA:289,37,1,6
BRDA:303,38,0,0
BRDA:303,38,1,15
BRDA:307,39,0,14
BRDA:307,39,1,3
BRDA:307,40,0,17
BRDA:307,40,1,14
BRDA:319,41,0,0
BRDA:319,41,1,13
BRDA:321,42,0,11
BRDA:321,42,1,2
BRDA:340,43,0,0
BRDA:340,43,1,57
BRDA:343,44,0,26
BRDA:343,44,1,31
BRDA:344,45,0,26
BRDA:344,45,1,0
BRDA:351,46,0,14
BRDA:351,46,1,17
BRDA:352,47,0,14
BRDA:352,47,1,0
BRDA:359,48,0,2
BRDA:359,48,1,15
BRDA:363,49,0,1
BRDA:363,49,1,1
BRDA:374,50,0,0
BRDA:374,50,1,25
BRDA:376,51,0,17
BRDA:376,51,1,8
BRDA:378,52,0,17
BRDA:378,52,1,0
BRDA:384,53,0,0
BRDA:384,53,1,8
BRDA:386,54,0,1
BRDA:386,54,1,7
BRDA:407,55,0,0
BRDA:407,55,1,0
BRDA:415,56,0,28
BRDA:415,56,1,6
BRDA:415,57,0,34
BRDA:415,57,1,28
BRDA:418,58,0,24
BRDA:418,58,1,5
BRDA:426,59,0,0
BRDA:426,59,1,5
BRDA:450,60,0,0
BRDA:450,60,1,29
BRDA:453,61,0,29
BRDA:453,61,1,0
BRDA:453,61,2,0
BRDA:456,62,0,0
BRDA:456,62,1,29
BRDA:456,63,0,29
BRDA:456,63,1,29
BRDA:459,64,0,29
BRDA:459,64,1,0
BRDA:459,64,2,0
BRDA:463,65,0,29
BRDA:463,65,1,0
BRDA:466,66,0,29
BRDA:466,66,1,0
BRDA:477,67,0,4
BRDA:477,67,1,4
BRDA:491,68,0,0
BRDA:491,68,1,4
BRDA:494,69,0,0
BRDA:494,69,1,12
BRDA:504,70,0,12
BRDA:504,70,1,0
BRDA:508,71,0,0
BRDA:508,71,1,0
BRDA:516,72,0,0
BRDA:516,72,1,43
BRDA:519,73,0,43
BRDA:519,73,1,0
BRDA:519,73,2,0
BRDA:525,74,0,0
BRDA:525,74,1,115
BRDA:537,75,0,0
BRDA:537,75,1,49
BRDA:540,76,0,49
BRDA:540,76,1,0
BRDA:540,76,2,0
BRDA:540,76,3,0
BRDA:553,77,0,0
BRDA:553,77,1,14
BRDA:555,78,0,14
BRDA:555,78,1,14
BRDA:556,79,0,0
BRDA:556,79,1,14
BRDA:562,80,0,14
BRDA:562,80,1,14
BRDA:563,81,0,14
BRDA:563,81,1,0
BRDA:570,82,0,15
BRDA:570,82,1,10
BRDA:573,83,0,10
BRDA:573,83,1,0
BRDA:574,84,0,5
BRDA:574,84,1,20
BRDA:577,85,0,1
BRDA:577,85,1,4
BRDA:583,86,0,1
BRDA:583,86,1,4
BRDA:583,87,0,5
BRDA:583,87,1,4
BRDA:583,87,2,4
BRDA:587,88,0,4
BRDA:587,88,1,0
BRDA:589,89,0,4
BRDA:589,89,1,0
BRDA:593,90,0,121
BRDA:593,90,1,56
BRF:190
BRH:136
end_of_record
TN:
SF:src/features/agent/agentMessageFormatters.ts
FN:6,matchesSettledRun
FN:14,previousUserMessageBefore
FN:33,agentErrorDetail
FN:56,classifyAgentError
FN:94,friendlyAgentError
FN:99,buildAgentFailureContent
FN:103,updateRunStatusSafe
FNF:7
FNH:6
FNDA:57,matchesSettledRun
FNDA:0,previousUserMessageBefore
FNDA:4,agentErrorDetail
FNDA:20,classifyAgentError
FNDA:3,friendlyAgentError
FNDA:3,buildAgentFailureContent
FNDA:1,updateRunStatusSafe
DA:7,57
DA:15,0
DA:16,0
DA:17,0
DA:18,0
DA:20,0
DA:34,4
DA:35,4
DA:36,4
DA:37,1
DA:38,1
DA:41,0
DA:44,4
DA:45,4
DA:46,4
DA:57,20
DA:58,20
DA:59,2
DA:65,18
DA:66,1
DA:67,17
DA:68,1
DA:70,16
DA:71,16
DA:72,20
DA:76,4
DA:78,12
DA:82,3
DA:84,9
DA:85,2
DA:86,7
DA:87,1
DA:88,6
DA:89,2
DA:90,4
DA:95,3
DA:96,3
DA:100,3
DA:108,1
DA:109,1
LF:40
LH:34
BRDA:7,0,0,57
BRDA:7,0,1,31
BRDA:7,0,2,13
BRDA:17,1,0,0
BRDA:17,1,1,0
BRDA:36,2,0,1
BRDA:36,2,1,3
BRDA:46,3,0,0
BRDA:46,3,1,4
BRDA:58,4,0,2
BRDA:58,4,1,18
BRDA:65,5,0,1
BRDA:65,5,1,17
BRDA:67,6,0,1
BRDA:67,6,1,16
BRDA:72,7,0,4
BRDA:72,7,1,16
BRDA:72,8,0,20
BRDA:72,8,1,14
BRDA:72,8,2,14
BRDA:72,8,3,13
BRDA:78,9,0,3
BRDA:78,9,1,9
BRDA:78,10,0,12
BRDA:78,10,1,11
BRDA:78,10,2,10
BRDA:78,10,3,9
BRDA:84,11,0,2
BRDA:84,11,1,7
BRDA:84,12,0,9
BRDA:84,12,1,8
BRDA:84,12,2,7
BRDA:86,13,0,1
BRDA:86,13,1,6
BRDA:88,14,0,2
BRDA:88,14,1,4
BRF:36
BRH:33
end_of_record
TN:
SF:src/features/agent/approvalPayload.ts
FN:10,isStringArray
FN:11,(anonymous_1)
FN:14,isPathEntryArray
FN:15,(anonymous_3)
FN:21,isScope
FN:34,parseAction
FN:62,parseSaveSuggestion
FN:89,unwrapNestedJson
FN:99,formatRequestedAction
FNF:9
FNH:9
FNDA:6,isStringArray
FNDA:4,(anonymous_1)
FNDA:6,isPathEntryArray
FNDA:5,(anonymous_3)
FNDA:3,isScope
FNDA:14,parseAction
FNDA:8,parseSaveSuggestion
FNDA:10,unwrapNestedJson
FNDA:7,formatRequestedAction
DA:11,6
DA:15,6
DA:22,3
DA:35,14
DA:36,3
DA:38,11
DA:39,11
DA:42,1
DA:44,10
DA:45,7
DA:46,3
DA:63,8
DA:64,2
DA:66,6
DA:67,6
DA:70,1
DA:72,5
DA:77,4
DA:79,1
DA:90,10
DA:91,10
DA:92,21
DA:93,6
DA:94,15
DA:96,2
DA:100,7
DA:101,3
DA:103,4
DA:104,4
DA:105,4
DA:106,2
DA:108,1
DA:111,1
LF:33
LH:33
BRDA:11,0,0,6
BRDA:11,0,1,3
BRDA:15,1,0,6
BRDA:15,1,1,4
BRDA:15,2,0,5
BRDA:15,2,1,5
BRDA:15,2,2,4
BRDA:15,2,3,2
BRDA:22,3,0,3
BRDA:22,3,1,2
BRDA:22,3,2,2
BRDA:22,3,3,2
BRDA:22,3,4,2
BRDA:22,3,5,2
BRDA:35,4,0,3
BRDA:35,4,1,11
BRDA:44,5,0,7
BRDA:44,5,1,3
BRDA:44,6,0,10
BRDA:44,6,1,6
BRDA:44,6,2,5
BRDA:47,7,0,1
BRDA:47,7,1,2
BRDA:49,8,0,1
BRDA:49,8,1,2
BRDA:50,9,0,1
BRDA:50,9,1,2
BRDA:51,10,0,1
BRDA:51,10,1,2
BRDA:51,11,0,14
BRDA:51,11,1,2
BRDA:54,12,0,1
BRDA:54,12,1,2
BRDA:55,13,0,1
BRDA:55,13,1,2
BRDA:56,14,0,1
BRDA:56,14,1,2
BRDA:58,15,0,1
BRDA:58,15,1,2
BRDA:63,16,0,2
BRDA:63,16,1,6
BRDA:72,17,0,4
BRDA:72,17,1,1
BRDA:73,18,0,5
BRDA:73,18,1,4
BRDA:73,18,2,3
BRDA:89,19,0,10
BRDA:92,20,0,6
BRDA:92,20,1,15
BRDA:100,21,0,3
BRDA:100,21,1,4
BRDA:105,22,0,2
BRDA:105,22,1,2
BRDA:105,23,0,4
BRDA:105,23,1,3
BRF:55
BRH:55
end_of_record
TN:
SF:src/features/agent/attachments.ts
FN:31,imageExtensionFromMime
FN:35,fileNameFromPath
FN:44,splitFileName
FN:51,extOf
FN:57,isImageExtension
FN:67,classifyAttachment
FNF:6
FNH:4
FNDA:0,imageExtensionFromMime
FNDA:7,fileNameFromPath
FNDA:0,splitFileName
FNDA:6,extOf
FNDA:6,isImageExtension
FNDA:4,classifyAttachment
DA:11,1
DA:16,1
DA:19,1
DA:23,1
DA:32,0
DA:36,7
DA:45,0
DA:46,0
DA:47,0
DA:48,0
DA:52,6
DA:53,6
DA:54,6
DA:58,6
DA:70,4
DA:71,4
DA:72,4
DA:75,0
DA:77,4
DA:78,1
DA:79,3
DA:80,1
DA:85,2
DA:86,1
DA:87,1
DA:90,1
DA:96,1
LF:27
LH:21
BRDA:32,0,0,0
BRDA:32,0,1,0
BRDA:36,1,0,7
BRDA:36,1,1,0
BRDA:46,2,0,0
BRDA:46,2,1,0
BRDA:54,3,0,6
BRDA:54,3,1,0
BRDA:77,4,0,1
BRDA:77,4,1,3
BRDA:79,5,0,1
BRDA:79,5,1,2
BRDA:79,6,0,3
BRDA:79,6,1,2
BRDA:85,7,0,1
BRDA:85,7,1,1
BRDA:96,8,0,0
BRDA:96,8,1,1
BRF:18
BRH:11
end_of_record
TN:
SF:src/features/agent/buildReferencePrompt.ts
FN:12,buildReferencePrompt
FN:18,(anonymous_1)
FN:28,(anonymous_2)
FN:44,summarizeReference
FN:59,summarizeArtifact
FN:72,summarizeRun
FN:84,summarizeApproval
FN:98,summarizeReview
FN:113,isArtifact
FN:120,isRun
FN:126,isApproval
FN:134,isReview
FN:142,field
FN:149,quote
FNF:14
FNH:1
FNDA:4,buildReferencePrompt
FNDA:0,(anonymous_1)
FNDA:0,(anonymous_2)
FNDA:0,summarizeReference
FNDA:0,summarizeArtifact
FNDA:0,summarizeRun
FNDA:0,summarizeApproval
FNDA:0,summarizeReview
FNDA:0,isArtifact
FNDA:0,isRun
FNDA:0,isApproval
FNDA:0,isReview
FNDA:0,field
FNDA:0,quote
DA:13,4
DA:14,4
DA:15,4
DA:17,0
DA:18,0
DA:21,0
DA:22,0
DA:25,0
DA:27,0
DA:29,0
DA:30,0
DA:31,0
DA:34,0
DA:38,0
DA:39,0
DA:41,0
DA:45,0
DA:47,0
DA:49,0
DA:51,0
DA:53,0
DA:55,0
DA:60,0
DA:61,0
DA:63,0
DA:73,0
DA:74,0
DA:76,0
DA:85,0
DA:86,0
DA:88,0
DA:99,0
DA:100,0
DA:102,0
DA:114,0
DA:121,0
DA:127,0
DA:135,0
DA:143,0
DA:144,0
DA:146,0
DA:150,0
LF:42
LH:3
BRDA:14,0,0,4
BRDA:14,0,1,0
BRDA:30,1,0,0
BRDA:30,1,1,0
BRDA:30,2,0,0
BRDA:30,2,1,0
BRDA:30,2,2,0
BRDA:38,3,0,0
BRDA:38,3,1,0
BRDA:45,4,0,0
BRDA:45,4,1,0
BRDA:45,4,2,0
BRDA:45,4,3,0
BRDA:45,4,4,0
BRDA:60,5,0,0
BRDA:60,5,1,0
BRDA:73,6,0,0
BRDA:73,6,1,0
BRDA:85,7,0,0
BRDA:85,7,1,0
BRDA:99,8,0,0
BRDA:99,8,1,0
BRDA:114,9,0,0
BRDA:114,9,1,0
BRDA:114,9,2,0
BRDA:114,9,3,0
BRDA:121,10,0,0
BRDA:121,10,1,0
BRDA:121,10,2,0
BRDA:127,11,0,0
BRDA:127,11,1,0
BRDA:127,11,2,0
BRDA:127,11,3,0
BRDA:127,11,4,0
BRDA:135,12,0,0
BRDA:135,12,1,0
BRDA:135,12,2,0
BRDA:135,12,3,0
BRDA:135,12,4,0
BRDA:142,13,0,0
BRDA:143,14,0,0
BRDA:143,14,1,0
BRF:42
BRH:1
end_of_record
TN:
SF:src/features/agent/composerDraft.ts
FN:31,storageKey
FN:36,loadComposerDraft
FN:57,saveComposerDraft
FN:72,clearComposerDraft
FNF:4
FNH:4
FNDA:16,storageKey
FNDA:9,loadComposerDraft
FNDA:6,saveComposerDraft
FNDA:2,clearComposerDraft
DA:28,1
DA:29,1
DA:32,16
DA:37,9
DA:38,9
DA:39,9
DA:40,3
DA:41,6
DA:42,6
DA:43,1
DA:44,4
DA:48,1
DA:58,6
DA:59,6
DA:60,1
DA:61,1
DA:63,5
DA:64,5
DA:73,2
DA:74,2
LF:20
LH:20
BRDA:39,0,0,3
BRDA:39,0,1,6
BRDA:42,1,0,1
BRDA:42,1,1,5
BRDA:42,2,0,6
BRDA:42,2,1,5
BRDA:42,2,2,5
BRDA:58,3,0,6
BRDA:58,3,1,0
BRDA:59,4,0,1
BRDA:59,4,1,5
BRDA:59,5,0,6
BRDA:59,5,1,4
BRDA:59,6,0,4
BRDA:59,6,1,0
BRF:15
BRH:13
end_of_record
TN:
SF:src/features/agent/entryProjection.ts
FN:42,attachmentsFromMeta
FN:46,(anonymous_1)
FN:80,toolResultFailed
FN:96,collapseActivitySegments
FN:98,(anonymous_4)
FN:109,(anonymous_5)
FN:110,(anonymous_6)
FN:126,segId
FN:137,entryKey
FN:145,isCompactionDivider
FN:150,dividerMessage
FN:163,newExchangeAcc
FN:167,userMessageFromEntry
FN:184,foldAssistantEntry
FN:235,foldToolEntry
FN:245,flushAcc
FN:249,(anonymous_16)
FN:268,(anonymous_17)
FN:290,entriesToMessages
FNF:19
FNH:16
FNDA:16,attachmentsFromMeta
FNDA:0,(anonymous_1)
FNDA:5,toolResultFailed
FNDA:16,collapseActivitySegments
FNDA:27,(anonymous_4)
FNDA:3,(anonymous_5)
FNDA:3,(anonymous_6)
FNDA:0,segId
FNDA:37,entryKey
FNDA:42,isCompactionDivider
FNDA:3,dividerMessage
FNDA:16,newExchangeAcc
FNDA:16,userMessageFromEntry
FNDA:18,foldAssistantEntry
FNDA:5,foldToolEntry
FNDA:16,flushAcc
FNDA:24,(anonymous_16)
FNDA:0,(anonymous_17)
FNDA:15,entriesToMessages
DA:43,16
DA:44,16
DA:45,16
DA:46,0
DA:81,5
DA:82,0
DA:83,5
DA:84,0
DA:85,5
DA:86,5
DA:87,3
DA:88,2
DA:97,16
DA:98,16
DA:99,27
DA:103,16
DA:104,22
DA:105,21
DA:106,21
DA:108,1
DA:109,3
DA:110,3
DA:111,1
DA:114,22
DA:115,22
DA:122,16
DA:125,1
DA:127,0
DA:138,37
DA:146,42
DA:151,3
DA:152,3
DA:164,16
DA:168,16
DA:185,18
DA:188,18
DA:189,18
DA:190,16
DA:191,18
DA:192,1
DA:193,18
DA:194,1
DA:195,18
DA:196,1
DA:197,18
DA:198,2
DA:204,18
DA:205,12
DA:206,12
DA:208,18
DA:209,8
DA:210,10
DA:211,10
DA:212,10
DA:223,10
DA:224,10
DA:236,5
DA:237,5
DA:238,5
DA:239,5
DA:240,1
DA:246,16
DA:247,0
DA:248,16
DA:249,24
DA:252,16
DA:258,16
DA:263,16
DA:264,14
DA:268,0
DA:291,15
DA:292,15
DA:294,15
DA:295,15
DA:296,42
DA:297,3
DA:298,0
DA:299,0
DA:301,3
DA:302,3
DA:304,39
DA:305,16
DA:306,1
DA:307,1
DA:309,16
DA:310,16
DA:312,23
DA:313,18
DA:314,0
DA:315,18
DA:317,5
DA:318,5
DA:321,15
DA:322,15
DA:323,15
LF:95
LH:86
BRDA:44,0,0,16
BRDA:44,0,1,0
BRDA:44,1,0,16
BRDA:44,1,1,0
BRDA:49,2,0,0
BRDA:49,2,1,0
BRDA:50,3,0,0
BRDA:50,3,1,0
BRDA:81,4,0,0
BRDA:81,4,1,5
BRDA:83,5,0,0
BRDA:83,5,1,5
BRDA:86,6,0,3
BRDA:86,6,1,2
BRDA:99,7,0,9
BRDA:99,7,1,18
BRDA:99,8,0,27
BRDA:99,8,1,10
BRDA:99,8,2,9
BRDA:104,9,0,21
BRDA:104,9,1,1
BRDA:111,10,0,0
BRDA:111,10,1,1
BRDA:114,11,0,22
BRDA:114,11,1,0
BRDA:138,12,0,37
BRDA:138,12,1,0
BRDA:146,13,0,42
BRDA:146,13,1,19
BRDA:158,14,0,3
BRDA:158,14,1,0
BRDA:174,15,0,16
BRDA:174,15,1,3
BRDA:189,16,0,16
BRDA:189,16,1,2
BRDA:191,17,0,1
BRDA:191,17,1,17
BRDA:193,18,0,1
BRDA:193,18,1,17
BRDA:195,19,0,1
BRDA:195,19,1,17
BRDA:195,20,0,18
BRDA:195,20,1,1
BRDA:197,21,0,2
BRDA:197,21,1,16
BRDA:204,22,0,12
BRDA:204,22,1,6
BRDA:208,23,0,8
BRDA:208,23,1,10
BRDA:215,24,0,10
BRDA:215,24,1,0
BRDA:223,25,0,10
BRDA:223,25,1,0
BRDA:237,26,0,5
BRDA:237,26,1,0
BRDA:238,27,0,2
BRDA:238,27,1,3
BRDA:239,28,0,1
BRDA:239,28,1,4
BRDA:246,29,0,0
BRDA:246,29,1,16
BRDA:258,30,0,16
BRDA:258,30,1,4
BRDA:258,30,2,4
BRDA:258,30,3,2
BRDA:258,30,4,2
BRDA:263,31,0,14
BRDA:263,31,1,2
BRDA:265,32,0,14
BRDA:265,32,1,0
BRDA:268,33,0,14
BRDA:268,33,1,2
BRDA:269,34,0,14
BRDA:269,34,1,0
BRDA:274,35,0,14
BRDA:274,35,1,2
BRDA:296,36,0,3
BRDA:296,36,1,39
BRDA:297,37,0,0
BRDA:297,37,1,3
BRDA:304,38,0,16
BRDA:304,38,1,23
BRDA:305,39,0,1
BRDA:305,39,1,15
BRDA:312,40,0,18
BRDA:312,40,1,5
BRDA:313,41,0,0
BRDA:313,41,1,18
BRDA:317,42,0,5
BRDA:317,42,1,0
BRDA:321,43,0,15
BRDA:321,43,1,0
BRF:92
BRH:70
end_of_record
TN:
SF:src/features/agent/mentionMarkdown.ts
FN:22,parseMentionSegments
FNF:1
FNH:1
FNDA:5,parseMentionSegments
DA:19,1
DA:23,5
DA:24,5
DA:25,5
DA:26,5
DA:27,4
DA:28,1
DA:29,4
DA:30,4
DA:32,5
DA:33,4
DA:34,5
LF:12
LH:12
BRDA:27,0,0,1
BRDA:27,0,1,3
BRDA:29,1,0,4
BRDA:29,1,1,0
BRDA:29,2,0,4
BRDA:29,2,1,3
BRDA:29,2,2,0
BRDA:32,3,0,4
BRDA:32,3,1,1
BRF:9
BRH:7
end_of_record
TN:
SF:src/features/agent/messageContent.ts
FN:4,stringifyMessageContent
FN:8,attachmentInputs
FN:9,(anonymous_2)
FNF:3
FNH:1
FNDA:0,stringifyMessageContent
FNDA:4,attachmentInputs
FNDA:0,(anonymous_2)
DA:5,0
DA:9,4
LF:2
LH:1
BRDA:11,0,0,0
BRDA:11,0,1,0
BRDA:13,1,0,0
BRDA:13,1,1,0
BRF:4
BRH:0
end_of_record
TN:
SF:src/features/agent/sendPipeline.ts
FN:52,runSendPipeline
FN:62,(anonymous_1)
FN:96,(anonymous_2)
FN:130,(anonymous_3)
FN:317,(anonymous_4)
FN:331,clientMessageRecord
FNF:6
FNH:4
FNDA:4,runSendPipeline
FNDA:8,(anonymous_1)
FNDA:4,(anonymous_2)
FNDA:0,(anonymous_3)
FNDA:0,(anonymous_4)
FNDA:4,clientMessageRecord
DA:59,4
DA:61,4
DA:62,4
DA:63,8
DA:64,8
DA:66,4
DA:67,4
DA:68,4
DA:69,4
DA:78,4
DA:95,4
DA:96,4
DA:98,4
DA:100,4
DA:102,4
DA:103,4
DA:105,4
DA:106,4
DA:109,4
DA:117,4
DA:118,4
DA:119,4
DA:122,4
DA:123,4
DA:124,4
DA:131,0
DA:132,0
DA:134,0
DA:139,4
DA:140,4
DA:153,4
DA:155,4
DA:160,0
DA:170,4
DA:177,4
DA:178,4
DA:179,3
DA:180,1
DA:181,1
DA:188,1
DA:189,1
DA:190,1
DA:194,1
DA:204,1
DA:207,0
DA:214,0
DA:219,0
DA:221,1
DA:227,2
DA:233,3
DA:234,1
DA:235,1
DA:236,0
DA:238,1
DA:239,1
DA:241,1
DA:246,1
DA:250,1
DA:251,1
DA:260,1
DA:262,1
DA:264,2
DA:265,1
DA:267,2
DA:268,2
DA:270,2
DA:278,4
DA:282,2
DA:283,2
DA:285,2
DA:286,2
DA:297,2
DA:301,0
DA:303,0
DA:304,0
DA:305,0
DA:306,0
DA:307,0
DA:309,0
DA:310,0
DA:313,0
DA:316,0
DA:317,0
DA:326,0
DA:332,4
LF:85
LH:65
BRDA:95,0,0,4
BRDA:95,0,1,0
BRDA:105,1,0,4
BRDA:105,1,1,0
BRDA:117,2,0,4
BRDA:117,2,1,0
BRDA:119,3,0,4
BRDA:119,3,1,0
BRDA:123,4,0,4
BRDA:123,4,1,0
BRDA:131,5,0,0
BRDA:131,5,1,0
BRDA:131,6,0,0
BRDA:131,6,1,0
BRDA:131,6,2,0
BRDA:132,7,0,0
BRDA:132,7,1,0
BRDA:139,8,0,4
BRDA:139,8,1,0
BRDA:155,9,0,0
BRDA:155,9,1,4
BRDA:178,10,0,3
BRDA:178,10,1,1
BRDA:178,11,0,4
BRDA:178,11,1,4
BRDA:179,12,0,1
BRDA:179,12,1,2
BRDA:181,13,0,1
BRDA:181,13,1,0
BRDA:189,14,0,1
BRDA:189,14,1,0
BRDA:207,15,0,0
BRDA:207,15,1,0
BRDA:233,16,0,1
BRDA:233,16,1,2
BRDA:235,17,0,0
BRDA:235,17,1,1
BRDA:238,18,0,1
BRDA:238,18,1,0
BRDA:243,19,0,1
BRDA:243,19,1,0
BRDA:250,20,0,1
BRDA:250,20,1,0
BRDA:264,21,0,1
BRDA:264,21,1,1
BRDA:267,22,0,2
BRDA:267,22,1,0
BRDA:272,23,0,2
BRDA:272,23,1,0
BRDA:285,24,0,2
BRDA:285,24,1,0
BRDA:293,25,0,2
BRDA:293,25,1,0
BRDA:304,26,0,0
BRDA:304,26,1,0
BRDA:306,27,0,0
BRDA:306,27,1,0
BRDA:306,28,0,0
BRDA:306,28,1,0
BRDA:309,29,0,0
BRDA:309,29,1,0
BRDA:313,30,0,0
BRDA:313,30,1,0
BRDA:316,31,0,0
BRDA:316,31,1,0
BRDA:318,32,0,0
BRDA:318,32,1,0
BRDA:319,33,0,0
BRDA:319,33,1,0
BRDA:320,34,0,0
BRDA:320,34,1,0
BRDA:321,35,0,0
BRDA:321,35,1,0
BRDA:322,36,0,0
BRDA:322,36,1,0
BRF:75
BRH:27
end_of_record
TN:
SF:src/features/agent/threadAttachments.ts
FN:11,isEphemeralImagePath
FN:24,persistImageAttachments
FN:29,(anonymous_2)
FN:45,(anonymous_3)
FN:54,(anonymous_4)
FN:61,(anonymous_5)
FNF:6
FNH:5
FNDA:2,isEphemeralImagePath
FNDA:3,persistImageAttachments
FNDA:4,(anonymous_2)
FNDA:1,(anonymous_3)
FNDA:2,(anonymous_4)
FNDA:0,(anonymous_5)
DA:12,2
DA:28,3
DA:30,4
DA:31,0
DA:36,4
DA:37,4
DA:40,1
DA:45,3
DA:46,3
DA:53,2
DA:55,2
DA:56,0
DA:57,2
DA:58,2
DA:59,2
DA:60,2
DA:61,2
DA:62,2
DA:68,2
LF:19
LH:17
BRDA:30,0,0,0
BRDA:30,0,1,4
BRDA:55,1,0,0
BRDA:55,1,1,2
BRDA:58,2,0,2
BRDA:58,2,1,0
BRDA:68,3,0,1
BRDA:68,3,1,1
BRF:8
BRH:5
end_of_record
TN:
SF:src/features/agent/threadRunProjection.ts
FN:11,patchMessage
FN:16,(anonymous_1)
FN:17,(anonymous_2)
FN:47,resetRunProjection
FN:57,projectRunForLivePreview
FN:109,streamingBubbleBase
FN:117,(anonymous_6)
FN:144,(anonymous_7)
FN:167,lastIndexOfRole
FN:182,mergeStreamingPreview
FN:196,(anonymous_10)
FN:208,upsertStreamingPreview
FN:212,(anonymous_12)
FN:221,(anonymous_13)
FN:226,(anonymous_14)
FN:242,(anonymous_15)
FN:261,buildStreamingPreview
FN:265,(anonymous_17)
FN:279,streamingBubble
FN:302,updatePendingMessageFromRunEvents
FN:306,(anonymous_20)
FN:320,(anonymous_21)
FN:321,(anonymous_22)
FN:333,(anonymous_23)
FN:348,deriveRenderFields
FN:363,safeListRunEvents
FN:376,runDurationMs
FN:391,isCompactionDivider
FN:410,applyRunMetadata
FN:413,(anonymous_29)
FN:447,(anonymous_30)
FN:452,(anonymous_31)
FN:459,(anonymous_32)
FN:469,(anonymous_33)
FN:470,(anonymous_34)
FN:482,(anonymous_35)
FN:494,applyRunToMessage
FN:513,runEndedIso
FN:529,runWindow
FN:546,collectTurnTimestamps
FN:565,runMatchesAnyTurn
FN:569,(anonymous_41)
FN:577,runMatchesUserTurn
FN:581,(anonymous_43)
FN:592,isOrphanRun
FN:597,isEmptyTurn
FN:613,applyRecoveredEvents
FN:617,(anonymous_47)
FN:641,recoverAbortedTurns
FN:642,(anonymous_49)
FN:665,recoverFailedRuns
FN:675,(anonymous_51)
FN:677,(anonymous_52)
FN:702,(anonymous_53)
FN:713,clientId
FN:722,loadCurrentRun
FNF:56
FNH:39
FNDA:15,patchMessage
FNDA:15,(anonymous_1)
FNDA:28,(anonymous_2)
FNDA:0,resetRunProjection
FNDA:0,projectRunForLivePreview
FNDA:15,streamingBubbleBase
FNDA:44,(anonymous_6)
FNDA:24,(anonymous_7)
FNDA:25,lastIndexOfRole
FNDA:2,mergeStreamingPreview
FNDA:3,(anonymous_10)
FNDA:0,upsertStreamingPreview
FNDA:0,(anonymous_12)
FNDA:0,(anonymous_13)
FNDA:0,(anonymous_14)
FNDA:0,(anonymous_15)
FNDA:0,buildStreamingPreview
FNDA:0,(anonymous_17)
FNDA:0,streamingBubble
FNDA:0,updatePendingMessageFromRunEvents
FNDA:0,(anonymous_20)
FNDA:0,(anonymous_21)
FNDA:0,(anonymous_22)
FNDA:0,(anonymous_23)
FNDA:6,deriveRenderFields
FNDA:4,safeListRunEvents
FNDA:28,runDurationMs
FNDA:58,isCompactionDivider
FNDA:16,applyRunMetadata
FNDA:25,(anonymous_29)
FNDA:48,(anonymous_30)
FNDA:48,(anonymous_31)
FNDA:25,(anonymous_32)
FNDA:18,(anonymous_33)
FNDA:6,(anonymous_34)
FNDA:25,(anonymous_35)
FNDA:19,applyRunToMessage
FNDA:15,runEndedIso
FNDA:50,runWindow
FNDA:22,collectTurnTimestamps
FNDA:35,runMatchesAnyTurn
FNDA:23,(anonymous_41)
FNDA:6,runMatchesUserTurn
FNDA:6,(anonymous_43)
FNDA:9,isOrphanRun
FNDA:10,isEmptyTurn
FNDA:5,applyRecoveredEvents
FNDA:10,(anonymous_47)
FNDA:0,recoverAbortedTurns
FNDA:0,(anonymous_49)
FNDA:7,recoverFailedRuns
FNDA:8,(anonymous_51)
FNDA:9,(anonymous_52)
FNDA:8,(anonymous_53)
FNDA:12,clientId
FNDA:6,loadCurrentRun
DA:16,15
DA:17,15
DA:18,28
DA:38,2
DA:40,2
DA:48,0
DA:61,0
DA:62,0
DA:63,0
DA:64,0
DA:65,0
DA:67,0
DA:72,0
DA:73,0
DA:74,0
DA:75,0
DA:78,0
DA:79,0
DA:80,0
DA:83,0
DA:84,0
DA:85,0
DA:86,0
DA:87,0
DA:88,0
DA:89,0
DA:92,0
DA:93,0
DA:95,0
DA:117,44
DA:118,2
DA:120,13
DA:121,13
DA:128,15
DA:132,12
DA:133,12
DA:143,12
DA:144,24
DA:147,5
DA:154,5
DA:160,1
DA:163,5
DA:168,25
DA:169,37
DA:170,25
DA:172,0
DA:186,2
DA:187,0
DA:188,2
DA:194,2
DA:195,1
DA:196,3
DA:212,0
DA:214,0
DA:215,0
DA:216,0
DA:217,0
DA:218,0
DA:219,0
DA:221,0
DA:222,0
DA:223,0
DA:224,0
DA:226,0
DA:228,0
DA:229,0
DA:232,0
DA:242,0
DA:265,0
DA:266,0
DA:267,0
DA:268,0
DA:273,0
DA:275,0
DA:284,0
DA:306,0
DA:308,0
DA:309,0
DA:310,0
DA:311,0
DA:317,0
DA:318,0
DA:320,0
DA:321,0
DA:322,0
DA:323,0
DA:324,0
DA:333,0
DA:352,6
DA:353,6
DA:354,1
DA:360,5
DA:364,4
DA:365,4
DA:368,0
DA:377,28
DA:378,10
DA:380,18
DA:381,2
DA:383,16
DA:392,58
DA:411,16
DA:412,1
DA:413,25
DA:414,15
DA:415,15
DA:417,15
DA:418,48
DA:419,48
DA:420,45
DA:421,3
DA:422,3
DA:423,0
DA:424,3
DA:436,1
DA:437,1
DA:439,2
DA:440,2
DA:446,15
DA:448,48
DA:452,48
DA:459,25
DA:468,15
DA:469,18
DA:470,6
DA:482,25
DA:483,16
DA:484,16
DA:486,16
DA:487,17
DA:488,17
DA:489,17
DA:491,15
DA:499,19
DA:500,19
DA:501,19
DA:514,15
DA:515,15
DA:523,2
DA:530,50
DA:531,14
DA:532,36
DA:533,50
DA:547,22
DA:548,22
DA:549,64
DA:550,35
DA:551,35
DA:552,35
DA:553,35
DA:555,29
DA:556,28
DA:557,28
DA:558,28
DA:561,22
DA:566,35
DA:567,35
DA:568,13
DA:569,23
DA:578,6
DA:579,6
DA:580,1
DA:581,6
DA:593,9
DA:598,10
DA:617,5
DA:618,10
DA:619,8
DA:620,2
DA:621,2
DA:622,1
DA:623,1
DA:624,1
DA:625,0
DA:626,1
DA:642,0
DA:643,0
DA:644,0
DA:645,0
DA:646,0
DA:647,0
DA:650,0
DA:674,7
DA:675,8
DA:676,2
DA:677,5
DA:678,9
DA:681,5
DA:682,2
DA:684,3
DA:687,3
DA:688,3
DA:701,3
DA:702,8
DA:703,3
DA:704,2
DA:706,1
DA:708,3
DA:711,2
DA:714,12
DA:715,12
DA:723,6
DA:724,6
DA:727,0
LF:204
LH:131
BRDA:18,0,0,14
BRDA:18,0,1,14
BRDA:19,1,0,1
BRDA:19,1,1,13
BRDA:61,2,0,0
BRDA:61,2,1,0
BRDA:62,3,0,0
BRDA:62,3,1,0
BRDA:64,4,0,0
BRDA:64,4,1,0
BRDA:67,5,0,0
BRDA:67,5,1,0
BRDA:67,6,0,0
BRDA:67,6,1,0
BRDA:67,6,2,0
BRDA:74,7,0,0
BRDA:74,7,1,0
BRDA:79,8,0,0
BRDA:79,8,1,0
BRDA:87,9,0,0
BRDA:87,9,1,0
BRDA:93,10,0,0
BRDA:93,10,1,0
BRDA:117,11,0,2
BRDA:117,11,1,13
BRDA:117,12,0,44
BRDA:117,12,1,3
BRDA:121,13,0,13
BRDA:121,13,1,0
BRDA:128,14,0,12
BRDA:128,14,1,3
BRDA:128,15,0,15
BRDA:128,15,1,13
BRDA:133,16,0,12
BRDA:133,16,1,12
BRDA:143,17,0,7
BRDA:143,17,1,5
BRDA:143,18,0,12
BRDA:143,18,1,8
BRDA:154,19,0,1
BRDA:154,19,1,4
BRDA:155,20,0,5
BRDA:155,20,1,4
BRDA:155,20,2,3
BRDA:155,20,3,3
BRDA:169,21,0,25
BRDA:169,21,1,12
BRDA:186,22,0,0
BRDA:186,22,1,2
BRDA:194,23,0,1
BRDA:194,23,1,1
BRDA:212,24,0,0
BRDA:216,25,0,0
BRDA:216,25,1,0
BRDA:223,26,0,0
BRDA:223,26,1,0
BRDA:228,27,0,0
BRDA:228,27,1,0
BRDA:236,28,0,0
BRDA:236,28,1,0
BRDA:242,29,0,0
BRDA:242,29,1,0
BRDA:263,30,0,0
BRDA:266,31,0,0
BRDA:266,31,1,0
BRDA:268,32,0,0
BRDA:268,32,1,0
BRDA:269,33,0,0
BRDA:269,33,1,0
BRDA:269,33,2,0
BRDA:297,34,0,0
BRDA:297,34,1,0
BRDA:306,35,0,0
BRDA:310,36,0,0
BRDA:310,36,1,0
BRDA:317,37,0,0
BRDA:317,37,1,0
BRDA:317,38,0,0
BRDA:317,38,1,0
BRDA:317,38,2,0
BRDA:322,39,0,0
BRDA:322,39,1,0
BRDA:328,40,0,0
BRDA:328,40,1,0
BRDA:333,41,0,0
BRDA:333,41,1,0
BRDA:353,42,0,1
BRDA:353,42,1,5
BRDA:377,43,0,10
BRDA:377,43,1,18
BRDA:377,44,0,28
BRDA:377,44,1,12
BRDA:377,44,2,11
BRDA:380,45,0,2
BRDA:380,45,1,16
BRDA:392,46,0,58
BRDA:392,46,1,58
BRDA:392,46,2,28
BRDA:392,46,3,3
BRDA:411,47,0,1
BRDA:411,47,1,15
BRDA:419,48,0,45
BRDA:419,48,1,3
BRDA:419,49,0,48
BRDA:419,49,1,23
BRDA:422,50,0,0
BRDA:422,50,1,3
BRDA:424,51,0,1
BRDA:424,51,1,2
BRDA:448,52,0,20
BRDA:448,52,1,28
BRDA:448,53,0,48
BRDA:448,53,1,23
BRDA:448,53,2,21
BRDA:459,54,0,25
BRDA:459,54,1,22
BRDA:469,55,0,3
BRDA:469,55,1,12
BRDA:486,56,0,16
BRDA:486,56,1,18
BRDA:499,57,0,19
BRDA:499,57,1,12
BRDA:500,58,0,12
BRDA:500,58,1,7
BRDA:504,59,0,19
BRDA:504,59,1,13
BRDA:506,60,0,6
BRDA:506,60,1,13
BRDA:506,61,0,13
BRDA:506,61,1,0
BRDA:507,62,0,19
BRDA:507,62,1,18
BRDA:508,63,0,19
BRDA:508,63,1,7
BRDA:514,64,0,15
BRDA:514,64,1,9
BRDA:515,65,0,15
BRDA:515,65,1,0
BRDA:530,66,0,14
BRDA:530,66,1,36
BRDA:532,67,0,36
BRDA:532,67,1,0
BRDA:532,67,2,0
BRDA:549,68,0,35
BRDA:549,68,1,29
BRDA:551,69,0,35
BRDA:551,69,1,0
BRDA:555,70,0,28
BRDA:555,70,1,1
BRDA:555,71,0,29
BRDA:555,71,1,29
BRDA:557,72,0,28
BRDA:557,72,1,0
BRDA:567,73,0,13
BRDA:567,73,1,22
BRDA:569,74,0,23
BRDA:569,74,1,14
BRDA:579,75,0,1
BRDA:579,75,1,5
BRDA:581,76,0,6
BRDA:581,76,1,4
BRDA:593,77,0,9
BRDA:593,77,1,9
BRDA:598,78,0,10
BRDA:598,78,1,5
BRDA:598,78,2,4
BRDA:598,78,3,3
BRDA:618,79,0,8
BRDA:618,79,1,2
BRDA:621,80,0,1
BRDA:621,80,1,1
BRDA:624,81,0,0
BRDA:624,81,1,1
BRDA:624,82,0,1
BRDA:624,82,1,0
BRDA:629,83,0,1
BRDA:629,83,1,0
BRDA:643,84,0,0
BRDA:643,84,1,0
BRDA:675,85,0,2
BRDA:675,85,1,5
BRDA:675,86,0,8
BRDA:675,86,1,6
BRDA:678,87,0,9
BRDA:678,87,1,4
BRDA:678,87,2,3
BRDA:681,88,0,2
BRDA:681,88,1,3
BRDA:694,89,0,3
BRDA:694,89,1,0
BRDA:697,90,0,3
BRDA:697,90,1,3
BRDA:698,91,0,3
BRDA:698,91,1,0
BRDA:703,92,0,2
BRDA:703,92,1,1
BRF:196
BRH:126
end_of_record
TN:
SF:src/features/agent/toolActivityModel.ts
FN:15,isToolKind
FN:20,asToolKind
FN:28,stringValue
FN:33,normalizeArgs
FN:52,targetFromArgs
FN:59,dedupeByTarget
FN:88,foldCollapsibleRuns
FNF:7
FNH:7
FNDA:39,isToolKind
FNDA:10,asToolKind
FNDA:67,stringValue
FNDA:47,normalizeArgs
FNDA:47,targetFromArgs
FNDA:6,dedupeByTarget
FNDA:67,foldCollapsibleRuns
DA:12,4
DA:16,39
DA:21,10
DA:26,4
DA:29,67
DA:34,47
DA:35,29
DA:36,18
DA:37,0
DA:38,18
DA:39,18
DA:40,18
DA:43,4
DA:53,47
DA:54,2
DA:55,45
DA:60,6
DA:61,6
DA:62,6
DA:63,13
DA:64,13
DA:65,0
DA:66,13
DA:67,13
DA:69,6
DA:92,67
DA:93,67
DA:94,67
DA:95,51
DA:96,51
DA:97,51
DA:98,30
DA:99,30
DA:100,30
DA:101,7
DA:102,7
DA:104,30
DA:105,6
DA:106,6
DA:107,6
DA:110,45
DA:111,45
DA:113,67
LF:43
LH:41
BRDA:21,0,0,10
BRDA:21,0,1,0
BRDA:29,1,0,43
BRDA:29,1,1,24
BRDA:34,2,0,29
BRDA:34,2,1,18
BRDA:36,3,0,0
BRDA:36,3,1,18
BRDA:40,4,0,14
BRDA:40,4,1,0
BRDA:53,5,0,2
BRDA:53,5,1,45
BRDA:55,6,0,45
BRDA:55,6,1,16
BRDA:55,6,2,4
BRDA:63,7,0,13
BRDA:63,7,1,0
BRDA:64,8,0,0
BRDA:64,8,1,13
BRDA:97,9,0,30
BRDA:97,9,1,21
BRDA:100,10,0,30
BRDA:100,10,1,10
BRDA:104,11,0,6
BRDA:104,11,1,24
BRF:25
BRH:20
end_of_record
TN:
SF:src/features/agent/useMessagePaging.ts
FN:13,computePageStart
FN:76,useMessagePaging
FN:109,(anonymous_2)
FN:124,(anonymous_3)
FN:132,(anonymous_4)
FN:159,(anonymous_5)
FN:176,(anonymous_6)
FN:187,(anonymous_7)
FN:193,(anonymous_8)
FN:204,(anonymous_9)
FN:208,(anonymous_10)
FN:230,captureAnchor
FNF:12
FNH:1
FNDA:8,computePageStart
FNDA:0,useMessagePaging
FNDA:0,(anonymous_2)
FNDA:0,(anonymous_3)
FNDA:0,(anonymous_4)
FNDA:0,(anonymous_5)
FNDA:0,(anonymous_6)
FNDA:0,(anonymous_7)
FNDA:0,(anonymous_8)
FNDA:0,(anonymous_9)
FNDA:0,(anonymous_10)
FNDA:0,captureAnchor
DA:14,8
DA:15,3
DA:18,5
DA:19,5
DA:20,18
DA:21,8
DA:22,8
DA:23,3
DA:26,2
DA:54,1
DA:56,1
DA:63,1
DA:82,0
DA:83,0
DA:84,0
DA:85,0
DA:86,0
DA:87,0
DA:93,0
DA:94,0
DA:98,0
DA:99,0
DA:100,0
DA:103,0
DA:107,0
DA:109,0
DA:112,0
DA:113,0
DA:114,0
DA:115,0
DA:116,0
DA:117,0
DA:118,0
DA:119,0
DA:121,0
DA:124,0
DA:132,0
DA:133,0
DA:134,0
DA:135,0
DA:136,0
DA:137,0
DA:138,0
DA:139,0
DA:140,0
DA:141,0
DA:142,0
DA:143,0
DA:144,0
DA:145,0
DA:146,0
DA:147,0
DA:148,0
DA:149,0
DA:152,0
DA:159,0
DA:160,0
DA:161,0
DA:162,0
DA:163,0
DA:164,0
DA:165,0
DA:166,0
DA:167,0
DA:168,0
DA:169,0
DA:171,0
DA:172,0
DA:174,0
DA:175,0
DA:176,0
DA:177,0
DA:178,0
DA:187,0
DA:188,0
DA:189,0
DA:190,0
DA:191,0
DA:192,0
DA:193,0
DA:194,0
DA:195,0
DA:196,0
DA:198,0
DA:199,0
DA:200,0
DA:201,0
DA:203,0
DA:204,0
DA:208,0
DA:209,0
DA:210,0
DA:211,0
DA:215,0
DA:231,0
DA:232,0
DA:233,0
DA:234,0
DA:235,0
DA:236,0
DA:237,0
DA:240,0
DA:241,0
DA:242,0
DA:243,0
DA:244,0
DA:245,0
DA:246,0
DA:247,0
DA:250,0
LF:110
LH:12
BRDA:14,0,0,3
BRDA:14,0,1,5
BRDA:14,1,0,8
BRDA:14,1,1,6
BRDA:20,2,0,8
BRDA:20,2,1,10
BRDA:22,3,0,3
BRDA:22,3,1,5
BRDA:103,4,0,0
BRDA:103,4,1,0
BRDA:103,4,2,0
BRDA:112,5,0,0
BRDA:112,5,1,0
BRDA:114,6,0,0
BRDA:114,6,1,0
BRDA:117,7,0,0
BRDA:117,7,1,0
BRDA:134,8,0,0
BRDA:134,8,1,0
BRDA:140,9,0,0
BRDA:140,9,1,0
BRDA:142,10,0,0
BRDA:142,10,1,0
BRDA:144,11,0,0
BRDA:144,11,1,0
BRDA:162,12,0,0
BRDA:162,12,1,0
BRDA:166,13,0,0
BRDA:166,13,1,0
BRDA:167,14,0,0
BRDA:167,14,1,0
BRDA:174,15,0,0
BRDA:174,15,1,0
BRDA:188,16,0,0
BRDA:188,16,1,0
BRDA:188,17,0,0
BRDA:188,17,1,0
BRDA:188,17,2,0
BRDA:191,18,0,0
BRDA:191,18,1,0
BRDA:194,19,0,0
BRDA:194,19,1,0
BRDA:198,20,0,0
BRDA:198,20,1,0
BRDA:209,21,0,0
BRDA:209,21,1,0
BRDA:231,22,0,0
BRDA:231,22,1,0
BRDA:240,23,0,0
BRDA:240,23,1,0
BRDA:243,24,0,0
BRDA:243,24,1,0
BRDA:245,25,0,0
BRDA:245,25,1,0
BRF:54
BRH:8
end_of_record
TN:
SF:src/features/filepreview/FilePreviewOverlay.tsx
FN:20,FilePreviewOverlay
FN:39,(anonymous_1)
FNF:2
FNH:0
FNDA:0,FilePreviewOverlay
FNDA:0,(anonymous_1)
DA:37,0
DA:39,0
DA:40,0
DA:44,0
DA:45,0
DA:48,0
DA:49,0
DA:51,0
LF:8
LH:0
BRDA:41,0,0,0
BRDA:41,0,1,0
BRDA:48,1,0,0
BRDA:48,1,1,0
BRDA:59,2,0,0
BRDA:59,2,1,0
BRDA:66,3,0,0
BRDA:66,3,1,0
BRF:8
BRH:0
end_of_record
TN:
SF:src/features/filepreview/ImagePreview.tsx
FN:15,ImagePreview
FN:25,(anonymous_1)
FN:37,(anonymous_2)
FNF:3
FNH:0
FNDA:0,ImagePreview
FNDA:0,(anonymous_1)
FNDA:0,(anonymous_2)
DA:24,0
DA:25,0
DA:32,0
DA:33,0
DA:37,0
DA:38,0
DA:39,0
DA:42,0
DA:46,0
DA:47,0
DA:49,0
LF:11
LH:0
BRDA:38,0,0,0
BRDA:38,0,1,0
BRDA:42,1,0,0
BRDA:42,1,1,0
BRDA:42,2,0,0
BRDA:42,2,1,0
BRDA:42,2,2,0
BRDA:46,3,0,0
BRDA:46,3,1,0
BRF:9
BRH:0
end_of_record
TN:
SF:src/features/filepreview/MarkdownPreview.tsx
FN:14,MarkdownPreview
FN:22,(anonymous_1)
FN:34,(anonymous_2)
FNF:3
FNH:0
FNDA:0,MarkdownPreview
FNDA:0,(anonymous_1)
FNDA:0,(anonymous_2)
DA:21,0
DA:22,0
DA:29,0
DA:30,0
DA:34,0
DA:35,0
DA:36,0
DA:39,0
DA:41,0
DA:42,0
DA:46,0
LF:11
LH:0
BRDA:35,0,0,0
BRDA:35,0,1,0
BRDA:39,1,0,0
BRDA:39,1,1,0
BRDA:39,2,0,0
BRDA:39,2,1,0
BRDA:39,2,2,0
BRDA:41,3,0,0
BRDA:41,3,1,0
BRF:9
BRH:0
end_of_record
TN:
SF:src/features/filepreview/PreviewNotice.tsx
FN:2,PreviewNotice
FNF:1
FNH:0
FNDA:0,PreviewNotice
DA:3,0
LF:1
LH:0
BRF:0
BRH:0
end_of_record
TN:
SF:src/features/filepreview/previewKind.ts
FN:14,previewKindForPath
FN:34,imageMimeForPath
FNF:2
FNH:0
FNDA:0,previewKindForPath
FNDA:0,imageMimeForPath
DA:11,1
DA:12,1
DA:15,0
DA:16,0
DA:17,0
DA:18,0
DA:19,0
DA:22,1
DA:35,0
LF:9
LH:3
BRDA:15,0,0,0
BRDA:15,0,1,0
BRDA:17,1,0,0
BRDA:17,1,1,0
BRDA:35,2,0,0
BRDA:35,2,1,0
BRF:6
BRH:0
end_of_record
TN:
SF:src/features/markdown/LiveMarkdownContext.ts
FN:15,useLiveMarkdown
FNF:1
FNH:1
FNDA:1,useLiveMarkdown
DA:10,1
DA:12,1
DA:16,1
LF:3
LH:3
BRF:0
BRH:0
end_of_record
TN:
SF:src/features/markdown/MarkdownContent.tsx
FN:34,MarkdownContentImpl
FN:35,(anonymous_1)
FN:40,(anonymous_2)
FN:56,renderBlock
FN:80,(anonymous_4)
FN:96,(anonymous_5)
FN:106,(anonymous_6)
FN:118,(anonymous_7)
FN:120,(anonymous_8)
FN:146,renderInline
FN:147,(anonymous_10)
FN:176,ListItemContent
FN:207,(anonymous_12)
FN:213,tableTextAlign
FN:217,withStableKeys
FN:218,(anonymous_15)
FN:225,FutureReferenceChip
FN:240,WorkspaceFutureReference
FN:254,PreviewFileReference
FN:273,FutureEmbedView
FNF:20
FNH:12
FNDA:4,MarkdownContentImpl
FNDA:4,(anonymous_1)
FNDA:4,(anonymous_2)
FNDA:4,renderBlock
FNDA:0,(anonymous_4)
FNDA:0,(anonymous_5)
FNDA:2,(anonymous_6)
FNDA:1,(anonymous_7)
FNDA:2,(anonymous_8)
FNDA:10,renderInline
FNDA:10,(anonymous_10)
FNDA:0,ListItemContent
FNDA:0,(anonymous_12)
FNDA:4,tableTextAlign
FNDA:3,withStableKeys
FNDA:5,(anonymous_15)
FNDA:0,FutureReferenceChip
FNDA:0,WorkspaceFutureReference
FNDA:0,PreviewFileReference
FNDA:0,FutureEmbedView
DA:35,4
DA:36,4
DA:39,4
DA:40,4
DA:43,4
DA:44,0
DA:45,4
DA:54,1
DA:57,4
DA:59,0
DA:64,0
DA:65,0
DA:66,0
DA:67,0
DA:68,0
DA:69,0
DA:72,0
DA:73,0
DA:81,0
DA:89,1
DA:91,0
DA:93,0
DA:96,0
DA:101,1
DA:107,2
DA:119,1
DA:121,2
DA:136,0
DA:138,2
DA:147,10
DA:148,10
DA:149,10
DA:151,1
DA:153,0
DA:155,1
DA:157,0
DA:163,0
DA:165,2
DA:167,0
DA:169,0
DA:171,6
DA:185,0
DA:186,0
DA:200,0
DA:201,0
DA:203,0
DA:207,0
DA:214,4
DA:218,5
DA:232,0
DA:235,0
DA:236,0
DA:237,0
DA:247,0
DA:248,0
DA:249,0
DA:250,0
DA:251,0
DA:261,0
DA:262,0
DA:263,0
DA:264,0
DA:270,0
DA:280,0
DA:281,0
LF:65
LH:23
BRDA:43,0,0,0
BRDA:43,0,1,4
BRDA:57,1,0,0
BRDA:57,1,1,0
BRDA:57,1,2,1
BRDA:57,1,3,0
BRDA:57,1,4,0
BRDA:57,1,5,1
BRDA:57,1,6,0
BRDA:57,1,7,2
BRDA:59,2,0,0
BRDA:59,2,1,0
BRDA:61,3,0,0
BRDA:61,3,1,0
BRDA:65,4,0,0
BRDA:65,4,1,0
BRDA:67,5,0,0
BRDA:67,5,1,0
BRDA:72,6,0,0
BRDA:72,6,1,0
BRDA:75,7,0,0
BRDA:75,7,1,0
BRDA:149,8,0,1
BRDA:149,8,1,0
BRDA:149,8,2,1
BRDA:149,8,3,0
BRDA:149,8,4,0
BRDA:149,8,5,2
BRDA:149,8,6,0
BRDA:149,8,7,0
BRDA:149,8,8,6
BRDA:185,9,0,0
BRDA:185,9,1,0
BRDA:186,10,0,0
BRDA:186,10,1,0
BRDA:200,11,0,0
BRDA:200,11,1,0
BRDA:205,12,0,0
BRDA:205,12,1,0
BRDA:214,13,0,4
BRDA:214,13,1,4
BRDA:235,14,0,0
BRDA:235,14,1,0
BRDA:235,15,0,0
BRDA:235,15,1,0
BRDA:249,16,0,0
BRDA:249,16,1,0
BRDA:262,17,0,0
BRDA:262,17,1,0
BRF:49
BRH:10
end_of_record
TN:
SF:src/features/markdown/PreviewMarkdownContext.ts
FN:22,usePreviewMarkdown
FNF:1
FNH:1
FNDA:2,usePreviewMarkdown
DA:20,1
DA:23,2
LF:2
LH:2
BRF:0
BRH:0
end_of_record
TN:
SF:src/features/markdown/futureMarkdownTypes.ts
FN:55,referenceKey
FNF:1
FNH:0
FNDA:0,referenceKey
DA:56,0
LF:1
LH:0
BRF:0
BRH:0
end_of_record
TN:
SF:src/features/markdown/futureReferenceStore.ts
FN:45,useFutureReferences
FN:46,(anonymous_1)
FN:54,useFutureReference
FN:59,(anonymous_3)
FN:60,(anonymous_4)
FN:66,queueFutureReferenceLoad
FN:73,peekFutureReference
FN:80,loadFutureReferences
FN:109,getFutureReferenceSnapshot
FN:118,subscribeFutureReferences
FN:120,(anonymous_10)
FN:125,queueFlush
FN:128,(anonymous_12)
FN:134,flushPendingReferenceLoads
FN:139,(anonymous_14)
FN:145,resolveAndStoreReferences
FN:153,(anonymous_16)
FN:161,(anonymous_17)
FN:211,scheduleRetrySweep
FN:231,runRetrySweep
FN:258,installTerminalRunListener
FN:262,(anonymous_21)
FN:270,reresolveRunRecords
FN:282,(anonymous_23)
FN:288,pruneReferenceRecords
FN:300,notifyFutureReferenceSubscribers
FN:306,referenceIdentityKey
FN:310,storeKey
FNF:28
FNH:22
FNDA:4,useFutureReferences
FNDA:0,(anonymous_1)
FNDA:0,useFutureReference
FNDA:0,(anonymous_3)
FNDA:0,(anonymous_4)
FNDA:7,queueFutureReferenceLoad
FNDA:5,peekFutureReference
FNDA:7,loadFutureReferences
FNDA:5,getFutureReferenceSnapshot
FNDA:0,subscribeFutureReferences
FNDA:0,(anonymous_10)
FNDA:8,queueFlush
FNDA:8,(anonymous_12)
FNDA:8,flushPendingReferenceLoads
FNDA:8,(anonymous_14)
FNDA:9,resolveAndStoreReferences
FNDA:9,(anonymous_16)
FNDA:2,(anonymous_17)
FNDA:9,scheduleRetrySweep
FNDA:3,runRetrySweep
FNDA:7,installTerminalRunListener
FNDA:1,(anonymous_21)
FNDA:1,reresolveRunRecords
FNDA:1,(anonymous_23)
FNDA:9,pruneReferenceRecords
FNDA:9,notifyFutureReferenceSubscribers
FNDA:8,referenceIdentityKey
FNDA:21,storeKey
DA:24,6
DA:25,6
DA:26,6
DA:29,6
DA:32,6
DA:34,6
DA:35,6
DA:40,6
DA:41,6
DA:46,4
DA:47,0
DA:48,0
DA:50,0
DA:58,0
DA:60,0
DA:61,0
DA:67,7
DA:68,0
DA:69,7
DA:77,5
DA:81,7
DA:82,7
DA:83,7
DA:84,7
DA:85,7
DA:86,7
DA:91,7
DA:92,2
DA:93,5
DA:97,0
DA:98,0
DA:99,0
DA:101,5
DA:103,7
DA:104,2
DA:105,5
DA:106,5
DA:113,5
DA:114,0
DA:115,5
DA:119,0
DA:120,0
DA:121,0
DA:126,8
DA:127,0
DA:128,8
DA:129,8
DA:130,8
DA:135,8
DA:136,8
DA:138,8
DA:140,8
DA:146,9
DA:147,0
DA:150,9
DA:151,9
DA:153,9
DA:160,2
DA:161,2
DA:169,9
DA:170,9
DA:173,9
DA:174,9
DA:175,9
DA:176,4
DA:177,4
DA:178,4
DA:179,4
DA:181,5
DA:182,9
DA:183,9
DA:186,1
DA:187,1
DA:188,1
DA:191,4
DA:192,4
DA:200,9
DA:201,9
DA:202,9
DA:212,9
DA:213,9
DA:214,4
DA:215,4
DA:216,4
DA:218,9
DA:219,5
DA:220,0
DA:221,0
DA:223,5
DA:226,4
DA:227,0
DA:228,4
DA:232,3
DA:233,3
DA:234,3
DA:235,3
DA:236,3
DA:237,0
DA:238,3
DA:239,3
DA:240,3
DA:241,3
DA:242,3
DA:244,3
DA:245,3
DA:247,3
DA:248,0
DA:256,6
DA:259,7
DA:260,2
DA:261,5
DA:262,5
DA:263,1
DA:264,1
DA:265,0
DA:266,1
DA:271,1
DA:274,1
DA:275,1
DA:276,1
DA:277,0
DA:278,1
DA:279,1
DA:281,1
DA:283,1
DA:289,9
DA:290,0
DA:291,0
DA:292,0
DA:293,0
DA:294,0
DA:295,0
DA:296,0
DA:301,9
DA:302,0
DA:307,8
DA:311,21
LF:137
LH:106
BRDA:47,0,0,0
BRDA:47,0,1,0
BRDA:47,1,0,0
BRDA:47,1,1,0
BRDA:67,2,0,0
BRDA:67,2,1,7
BRDA:83,3,0,7
BRDA:83,3,1,7
BRDA:91,4,0,2
BRDA:91,4,1,5
BRDA:93,5,0,0
BRDA:93,5,1,5
BRDA:98,6,0,0
BRDA:98,6,1,0
BRDA:98,7,0,0
BRDA:98,7,1,0
BRDA:103,8,0,2
BRDA:103,8,1,5
BRDA:113,9,0,0
BRDA:113,9,1,5
BRDA:126,10,0,0
BRDA:126,10,1,8
BRDA:146,11,0,0
BRDA:146,11,1,9
BRDA:175,12,0,4
BRDA:175,12,1,5
BRDA:181,13,0,5
BRDA:181,13,1,3
BRDA:183,14,0,1
BRDA:183,14,1,8
BRDA:215,15,0,4
BRDA:215,15,1,0
BRDA:215,16,0,4
BRDA:215,16,1,4
BRDA:218,17,0,5
BRDA:218,17,1,4
BRDA:219,18,0,0
BRDA:219,18,1,5
BRDA:226,19,0,0
BRDA:226,19,1,4
BRDA:236,20,0,0
BRDA:236,20,1,3
BRDA:236,21,0,3
BRDA:236,21,1,0
BRDA:239,22,0,3
BRDA:239,22,1,3
BRDA:244,23,0,3
BRDA:244,23,1,0
BRDA:247,24,0,0
BRDA:247,24,1,3
BRDA:259,25,0,2
BRDA:259,25,1,5
BRDA:263,26,0,1
BRDA:263,26,1,0
BRDA:264,27,0,0
BRDA:264,27,1,1
BRDA:264,28,0,1
BRDA:264,28,1,1
BRDA:264,28,2,1
BRDA:276,29,0,0
BRDA:276,29,1,1
BRDA:291,30,0,0
BRDA:291,30,1,0
BRF:63
BRH:38
end_of_record
TN:
SF:src/features/markdown/localPath.ts
FN:29,localFilePath
FN:93,looksLikeDomain
FN:115,hasKnownFileExtension
FNF:3
FNH:3
FNDA:38,localFilePath
FNDA:6,looksLikeDomain
FNDA:8,hasKnownFileExtension
DA:30,38
DA:31,38
DA:32,1
DA:35,37
DA:36,1
DA:37,1
DA:38,1
DA:41,0
DA:49,36
DA:50,11
DA:53,25
DA:54,4
DA:57,21
DA:58,1
DA:61,20
DA:62,2
DA:66,18
DA:67,4
DA:71,14
DA:72,14
DA:75,6
DA:76,2
DA:77,4
DA:82,8
DA:83,4
DA:85,4
DA:94,6
DA:103,4
DA:116,8
DA:117,8
LF:30
LH:29
BRDA:31,0,0,1
BRDA:31,0,1,37
BRDA:35,1,0,1
BRDA:35,1,1,36
BRDA:38,2,0,1
BRDA:38,2,1,0
BRDA:49,3,0,11
BRDA:49,3,1,25
BRDA:53,4,0,4
BRDA:53,4,1,21
BRDA:57,5,0,1
BRDA:57,5,1,20
BRDA:61,6,0,2
BRDA:61,6,1,18
BRDA:66,7,0,4
BRDA:66,7,1,14
BRDA:72,8,0,6
BRDA:72,8,1,8
BRDA:75,9,0,2
BRDA:75,9,1,4
BRDA:82,10,0,4
BRDA:82,10,1,4
BRDA:117,11,0,7
BRDA:117,11,1,1
BRF:24
BRH:23
end_of_record
TN:
SF:src/features/markdown/parseFutureMarkdown.ts
FN:58,parseFutureMarkdown
FN:68,(anonymous_1)
FN:80,parseMdast
FN:84,createParseContext
FN:94,blockToFutureNode
FN:97,(anonymous_5)
FN:114,(anonymous_6)
FN:147,phrasingToInline
FN:148,(anonymous_8)
FN:151,phrasingNodeToInline
FN:182,breakToInline
FN:186,emphasisToInline
FN:190,imageToInline
FN:199,inlineCodeToInline
FN:203,linkToInline
FN:212,linkReferenceToInline
FN:226,imageReferenceToInline
FN:239,strongToInline
FN:250,textToInlineNodes
FN:275,listToFutureNode
FN:277,(anonymous_20)
FN:283,listItemToFutureNode
FN:284,(anonymous_22)
FN:295,tableToFutureNode
FN:299,(anonymous_24)
FN:299,(anonymous_25)
FN:301,(anonymous_26)
FN:306,tableRowToCells
FN:307,(anonymous_28)
FN:316,htmlToSafeParagraph
FN:323,parseFutureEmbed
FN:346,parseDirectiveFields
FN:361,parseFutureLink
FN:390,parseFutureUrl
FN:418,safeDecodeURIComponent
FN:427,isFutureReferenceType
FN:442,normalizeInlineView
FN:456,normalizeView
FN:470,normalizeHeadingLevel
FN:478,normalizeIdentifier
FN:482,collectReferences
FN:490,collectBlockReferences
FN:530,collectInlineReferences
FN:541,compactTextNodes
FN:555,mdastText
FN:558,(anonymous_45)
FNF:46
FNH:34
FNDA:17,parseFutureMarkdown
FNDA:20,(anonymous_1)
FNDA:14,parseMdast
FNDA:14,createParseContext
FNDA:23,blockToFutureNode
FNDA:0,(anonymous_5)
FNDA:0,(anonymous_6)
FNDA:31,phrasingToInline
FNDA:43,(anonymous_8)
FNDA:43,phrasingNodeToInline
FNDA:0,breakToInline
FNDA:0,emphasisToInline
FNDA:0,imageToInline
FNDA:0,inlineCodeToInline
FNDA:8,linkToInline
FNDA:2,linkReferenceToInline
FNDA:1,imageReferenceToInline
FNDA:2,strongToInline
FNDA:28,textToInlineNodes
FNDA:2,listToFutureNode
FNDA:2,(anonymous_20)
FNDA:2,listItemToFutureNode
FNDA:3,(anonymous_22)
FNDA:2,tableToFutureNode
FNDA:4,(anonymous_24)
FNDA:0,(anonymous_25)
FNDA:2,(anonymous_26)
FNDA:4,tableRowToCells
FNDA:8,(anonymous_28)
FNDA:2,htmlToSafeParagraph
FNDA:2,parseFutureEmbed
FNDA:0,parseDirectiveFields
FNDA:10,parseFutureLink
FNDA:10,parseFutureUrl
FNDA:0,safeDecodeURIComponent
FNDA:4,isFutureReferenceType
FNDA:0,normalizeInlineView
FNDA:0,normalizeView
FNDA:0,normalizeHeadingLevel
FNDA:6,normalizeIdentifier
FNDA:14,collectReferences
FNDA:18,collectBlockReferences
FNDA:24,collectInlineReferences
FNDA:31,compactTextNodes
FNDA:22,mdastText
FNDA:12,(anonymous_45)
DA:36,3
DA:48,3
DA:52,3
DA:59,17
DA:60,17
DA:62,3
DA:63,3
DA:64,3
DA:66,14
DA:67,14
DA:68,20
DA:69,14
DA:70,14
DA:71,14
DA:72,0
DA:73,0
DA:74,0
DA:76,14
DA:77,14
DA:81,14
DA:85,14
DA:86,14
DA:87,20
DA:88,3
DA:91,14
DA:95,23
DA:97,0
DA:99,0
DA:101,2
DA:102,2
DA:103,0
DA:105,2
DA:108,3
DA:110,0
DA:112,0
DA:114,0
DA:119,0
DA:121,2
DA:123,0
DA:125,0
DA:126,0
DA:129,0
DA:131,2
DA:133,12
DA:135,2
DA:137,0
DA:139,0
DA:141,0
DA:143,0
DA:148,43
DA:152,43
DA:154,0
DA:156,2
DA:158,0
DA:160,0
DA:162,0
DA:164,0
DA:166,1
DA:168,0
DA:170,8
DA:172,2
DA:174,2
DA:176,28
DA:178,0
DA:183,0
DA:187,0
DA:191,0
DA:200,0
DA:204,8
DA:205,8
DA:206,8
DA:207,3
DA:209,5
DA:213,2
DA:214,2
DA:215,2
DA:216,0
DA:219,2
DA:220,2
DA:221,0
DA:223,2
DA:227,1
DA:228,1
DA:229,0
DA:231,1
DA:240,2
DA:248,3
DA:251,28
DA:252,28
DA:253,28
DA:254,28
DA:255,28
DA:256,1
DA:257,1
DA:258,1
DA:259,0
DA:260,1
DA:261,1
DA:262,1
DA:266,1
DA:268,28
DA:269,27
DA:270,1
DA:271,1
DA:272,1
DA:276,2
DA:277,2
DA:284,3
DA:285,2
DA:286,2
DA:287,2
DA:288,2
DA:296,2
DA:297,2
DA:298,2
DA:299,4
DA:301,2
DA:307,8
DA:308,4
DA:309,4
DA:310,0
DA:311,0
DA:312,0
DA:313,0
DA:317,2
DA:318,2
DA:319,0
DA:320,2
DA:328,2
DA:329,2
DA:330,2
DA:332,0
DA:333,0
DA:334,2
DA:335,0
DA:337,0
DA:347,0
DA:348,0
DA:349,0
DA:350,0
DA:351,0
DA:352,0
DA:353,0
DA:354,0
DA:355,0
DA:358,0
DA:362,10
DA:363,10
DA:364,0
DA:376,10
DA:377,10
DA:378,3
DA:387,7
DA:391,10
DA:392,10
DA:393,10
DA:394,3
DA:396,4
DA:397,4
DA:398,4
DA:403,0
DA:404,0
DA:405,0
DA:407,0
DA:414,3
DA:419,0
DA:420,0
DA:423,0
DA:434,4
DA:435,4
DA:443,0
DA:444,0
DA:445,0
DA:451,0
DA:453,0
DA:457,0
DA:458,0
DA:459,0
DA:460,0
DA:461,0
DA:462,0
DA:463,0
DA:464,0
DA:465,0
DA:466,0
DA:467,0
DA:471,0
DA:472,0
DA:473,0
DA:474,0
DA:475,0
DA:479,6
DA:483,14
DA:484,14
DA:485,17
DA:487,14
DA:491,18
DA:492,0
DA:493,0
DA:496,18
DA:497,12
DA:498,12
DA:501,6
DA:502,0
DA:503,0
DA:505,0
DA:508,6
DA:509,2
DA:510,2
DA:511,2
DA:512,1
DA:515,2
DA:518,4
DA:519,2
DA:520,4
DA:522,2
DA:523,2
DA:524,4
DA:531,24
DA:532,38
DA:533,4
DA:535,34
DA:536,2
DA:542,31
DA:543,31
DA:544,45
DA:545,45
DA:546,0
DA:549,45
DA:552,31
DA:556,22
DA:557,10
DA:558,12
LF:233
LH:146
BRDA:60,0,0,3
BRDA:60,0,1,14
BRDA:71,1,0,0
BRDA:71,1,1,14
BRDA:73,2,0,0
BRDA:73,2,1,0
BRDA:87,3,0,3
BRDA:87,3,1,17
BRDA:95,4,0,0
BRDA:95,4,1,0
BRDA:95,4,2,2
BRDA:95,4,3,3
BRDA:95,4,4,0
BRDA:95,4,5,0
BRDA:95,4,6,0
BRDA:95,4,7,2
BRDA:95,4,8,0
BRDA:95,4,9,0
BRDA:95,4,10,0
BRDA:95,4,11,2
BRDA:95,4,12,12
BRDA:95,4,13,2
BRDA:95,4,14,0
BRDA:95,4,15,0
BRDA:95,4,16,0
BRDA:95,4,17,0
BRDA:102,5,0,0
BRDA:102,5,1,2
BRDA:105,6,0,2
BRDA:105,6,1,0
BRDA:126,7,0,0
BRDA:126,7,1,0
BRDA:152,8,0,0
BRDA:152,8,1,2
BRDA:152,8,2,0
BRDA:152,8,3,0
BRDA:152,8,4,0
BRDA:152,8,5,0
BRDA:152,8,6,1
BRDA:152,8,7,0
BRDA:152,8,8,8
BRDA:152,8,9,2
BRDA:152,8,10,2
BRDA:152,8,11,28
BRDA:152,8,12,0
BRDA:166,9,0,1
BRDA:166,9,1,0
BRDA:192,10,0,0
BRDA:192,10,1,0
BRDA:194,11,0,0
BRDA:194,11,1,0
BRDA:206,12,0,3
BRDA:206,12,1,5
BRDA:215,13,0,0
BRDA:215,13,1,2
BRDA:220,14,0,0
BRDA:220,14,1,2
BRDA:228,15,0,0
BRDA:228,15,1,1
BRDA:232,16,0,1
BRDA:232,16,1,0
BRDA:234,17,0,1
BRDA:234,17,1,0
BRDA:256,18,0,1
BRDA:256,18,1,0
BRDA:258,19,0,0
BRDA:258,19,1,1
BRDA:260,20,0,1
BRDA:260,20,1,0
BRDA:268,21,0,27
BRDA:268,21,1,1
BRDA:270,22,0,1
BRDA:270,22,1,0
BRDA:285,23,0,2
BRDA:285,23,1,0
BRDA:286,24,0,2
BRDA:286,24,1,0
BRDA:287,25,0,2
BRDA:287,25,1,0
BRDA:289,26,0,1
BRDA:289,26,1,1
BRDA:290,27,0,2
BRDA:290,27,1,1
BRDA:297,28,0,2
BRDA:297,28,1,0
BRDA:299,29,0,2
BRDA:299,29,1,0
BRDA:299,30,0,4
BRDA:299,30,1,2
BRDA:308,31,0,4
BRDA:308,31,1,0
BRDA:308,32,0,4
BRDA:308,32,1,2
BRDA:310,33,0,0
BRDA:310,33,1,0
BRDA:318,34,0,0
BRDA:318,34,1,2
BRDA:329,35,0,2
BRDA:329,35,1,0
BRDA:334,36,0,0
BRDA:334,36,1,2
BRDA:350,37,0,0
BRDA:350,37,1,0
BRDA:354,38,0,0
BRDA:354,38,1,0
BRDA:363,39,0,0
BRDA:363,39,1,10
BRDA:369,40,0,0
BRDA:369,40,1,0
BRDA:377,41,0,3
BRDA:377,41,1,7
BRDA:393,42,0,3
BRDA:393,42,1,7
BRDA:397,43,0,4
BRDA:397,43,1,0
BRDA:404,44,0,0
BRDA:404,44,1,0
BRDA:410,45,0,0
BRDA:410,45,1,0
BRDA:443,46,0,0
BRDA:443,46,1,0
BRDA:445,47,0,0
BRDA:445,47,1,0
BRDA:445,48,0,0
BRDA:445,48,1,0
BRDA:445,48,2,0
BRDA:445,48,3,0
BRDA:445,48,4,0
BRDA:445,48,5,0
BRDA:457,49,0,0
BRDA:457,49,1,0
BRDA:459,50,0,0
BRDA:459,50,1,0
BRDA:461,51,0,0
BRDA:461,51,1,0
BRDA:463,52,0,0
BRDA:463,52,1,0
BRDA:465,53,0,0
BRDA:465,53,1,0
BRDA:471,54,0,0
BRDA:471,54,1,0
BRDA:473,55,0,0
BRDA:473,55,1,0
BRDA:491,56,0,0
BRDA:491,56,1,18
BRDA:496,57,0,12
BRDA:496,57,1,6
BRDA:496,58,0,18
BRDA:496,58,1,6
BRDA:501,59,0,0
BRDA:501,59,1,6
BRDA:508,60,0,2
BRDA:508,60,1,4
BRDA:511,61,0,2
BRDA:511,61,1,1
BRDA:518,62,0,2
BRDA:518,62,1,2
BRDA:532,63,0,4
BRDA:532,63,1,34
BRDA:535,64,0,2
BRDA:535,64,1,32
BRDA:535,65,0,34
BRDA:535,65,1,34
BRDA:535,65,2,34
BRDA:545,66,0,0
BRDA:545,66,1,45
BRDA:545,67,0,45
BRDA:545,67,1,29
BRDA:556,68,0,10
BRDA:556,68,1,12
BRDA:558,69,0,12
BRDA:558,69,1,0
BRF:172
BRH:81
end_of_record
TN:
SF:src/features/markdown/resolveFutureReferences.ts
FN:5,resolveFutureReferences
FN:6,(anonymous_1)
FN:9,(anonymous_2)
FN:14,(anonymous_3)
FNF:4
FNH:0
FNDA:0,resolveFutureReferences
FNDA:0,(anonymous_1)
FNDA:0,(anonymous_2)
FNDA:0,(anonymous_3)
DA:6,0
DA:7,0
DA:9,0
DA:14,0
LF:4
LH:0
BRF:0
BRH:0
end_of_record
TN:
SF:src/features/markdown/useCodeHighlighter.ts
FN:39,emitChange
FN:46,subscribe
FN:48,(anonymous_2)
FN:53,getSnapshot
FN:60,getServerSnapshot
FN:64,getHighlighter
FN:76,(anonymous_6)
FN:86,ensureLanguageLoaded
FN:93,(anonymous_8)
FN:97,(anonymous_9)
FN:103,normalizeLanguage
FN:169,useCodeHighlighter
FN:176,(anonymous_12)
FN:185,(anonymous_13)
FN:223,(anonymous_14)
FN:224,(anonymous_15)
FNF:16
FNH:3
FNDA:0,emitChange
FNDA:0,subscribe
FNDA:0,(anonymous_2)
FNDA:0,getSnapshot
FNDA:1,getServerSnapshot
FNDA:0,getHighlighter
FNDA:0,(anonymous_6)
FNDA:0,ensureLanguageLoaded
FNDA:0,(anonymous_8)
FNDA:0,(anonymous_9)
FNDA:0,normalizeLanguage
FNDA:1,useCodeHighlighter
FNDA:0,(anonymous_12)
FNDA:1,(anonymous_13)
FNDA:0,(anonymous_14)
FNDA:0,(anonymous_15)
DA:23,1
DA:25,1
DA:26,1
DA:29,1
DA:36,1
DA:37,1
DA:40,0
DA:41,0
DA:42,0
DA:47,0
DA:48,0
DA:49,0
DA:54,0
DA:61,1
DA:65,0
DA:66,0
DA:69,0
DA:73,0
DA:77,0
DA:78,0
DA:79,0
DA:83,0
DA:87,0
DA:88,0
DA:90,0
DA:91,0
DA:94,0
DA:95,0
DA:99,0
DA:104,0
DA:105,0
DA:108,0
DA:110,0
DA:156,0
DA:165,1
DA:166,1
DA:167,1
DA:174,1
DA:176,1
DA:179,0
DA:180,0
DA:184,1
DA:186,1
DA:187,1
DA:188,1
DA:191,0
DA:192,0
DA:193,0
DA:196,0
DA:197,0
DA:198,0
DA:200,0
DA:201,0
DA:202,0
DA:205,0
DA:206,0
DA:207,0
DA:210,0
DA:211,0
DA:214,0
DA:219,0
DA:220,0
DA:221,1
DA:223,1
DA:224,0
DA:231,1
DA:232,1
DA:233,0
DA:234,0
DA:235,0
DA:236,0
DA:238,0
DA:240,0
DA:243,0
DA:253,1
LF:75
LH:21
BRDA:65,0,0,0
BRDA:65,0,1,0
BRDA:69,1,0,0
BRDA:69,1,1,0
BRDA:87,2,0,0
BRDA:87,2,1,0
BRDA:87,3,0,0
BRDA:87,3,1,0
BRDA:104,4,0,0
BRDA:104,4,1,0
BRDA:156,5,0,0
BRDA:156,5,1,0
BRDA:179,6,0,0
BRDA:179,6,1,0
BRDA:187,7,0,1
BRDA:187,7,1,0
BRDA:192,8,0,0
BRDA:192,8,1,0
BRDA:198,9,0,0
BRDA:198,9,1,0
BRDA:207,10,0,0
BRDA:207,10,1,0
BRDA:220,11,0,0
BRDA:220,11,1,0
BRDA:221,12,0,0
BRDA:221,12,1,0
BRDA:226,13,0,0
BRDA:226,13,1,0
BRDA:227,14,0,0
BRDA:227,14,1,0
BRDA:232,15,0,0
BRDA:232,15,1,1
BRDA:233,16,0,0
BRDA:233,16,1,0
BRDA:235,17,0,0
BRDA:235,17,1,0
BRF:36
BRH:2
end_of_record
TN:
SF:src/features/markdown/usePreviewLinkPath.ts
FN:15,usePreviewLinkPath
FN:16,(anonymous_1)
FNF:2
FNH:0
FNDA:0,usePreviewLinkPath
FNDA:0,(anonymous_1)
DA:16,0
DA:22,0
LF:2
LH:0
BRDA:22,0,0,0
BRDA:22,0,1,0
BRDA:22,1,0,0
BRDA:22,1,1,0
BRF:4
BRH:0
end_of_record
TN:
SF:src/features/markdown/renderers/ArtifactEmbed.tsx
FN:11,ArtifactEmbed
FN:21,inspectArtifact
FN:65,(anonymous_2)
FN:77,(anonymous_3)
FNF:4
FNH:0
FNDA:0,ArtifactEmbed
FNDA:0,inspectArtifact
FNDA:0,(anonymous_2)
FNDA:0,(anonymous_3)
DA:18,0
DA:19,0
DA:22,0
DA:25,0
DA:65,0
DA:77,0
LF:6
LH:0
BRDA:31,0,0,0
BRDA:31,0,1,0
BRDA:31,0,2,0
BRDA:37,1,0,0
BRDA:37,1,1,0
BRDA:38,2,0,0
BRDA:38,2,1,0
BRDA:45,3,0,0
BRDA:45,3,1,0
BRDA:45,4,0,0
BRDA:45,4,1,0
BRDA:61,5,0,0
BRDA:61,5,1,0
BRDA:64,6,0,0
BRDA:64,6,1,0
BRDA:65,7,0,0
BRDA:65,7,1,0
BRDA:73,8,0,0
BRDA:73,8,1,0
BRDA:77,9,0,0
BRDA:77,9,1,0
BRF:21
BRH:0
end_of_record
TN:
SF:src/features/markdown/renderers/CodeBlock.tsx
FN:8,CodeBlock
FN:22,(anonymous_1)
FN:34,(anonymous_2)
FN:51,(anonymous_3)
FN:60,(anonymous_4)
FN:67,(anonymous_5)
FNF:6
FNH:2
FNDA:1,CodeBlock
FNDA:1,(anonymous_1)
FNDA:0,(anonymous_2)
FNDA:0,(anonymous_3)
FNDA:0,(anonymous_4)
FNDA:0,(anonymous_5)
DA:15,1
DA:16,1
DA:17,1
DA:21,1
DA:22,1
DA:23,1
DA:28,1
DA:29,1
DA:34,0
DA:45,0
DA:51,0
DA:62,0
DA:68,0
LF:13
LH:8
BRDA:23,0,0,0
BRDA:23,0,1,1
BRDA:28,1,0,1
BRDA:28,1,1,0
BRDA:28,2,0,1
BRDA:28,2,1,0
BRDA:38,3,0,1
BRDA:38,3,1,0
BRDA:58,4,0,0
BRDA:58,4,1,0
BRDA:72,5,0,0
BRDA:72,5,1,0
BRDA:72,6,0,0
BRDA:72,6,1,0
BRF:14
BRH:4
end_of_record
TN:
SF:src/features/markdown/renderers/FileLink.tsx
FN:18,toFileUrl
FN:35,FileLink
FN:46,(anonymous_2)
FN:55,(anonymous_3)
FN:56,(anonymous_4)
FN:57,(anonymous_5)
FN:59,activate
FN:73,(anonymous_7)
FN:75,(anonymous_8)
FN:77,(anonymous_9)
FN:86,(anonymous_10)
FN:90,(anonymous_11)
FNF:12
FNH:0
FNDA:0,toFileUrl
FNDA:0,FileLink
FNDA:0,(anonymous_2)
FNDA:0,(anonymous_3)
FNDA:0,(anonymous_4)
FNDA:0,(anonymous_5)
FNDA:0,activate
FNDA:0,(anonymous_7)
FNDA:0,(anonymous_8)
FNDA:0,(anonymous_9)
FNDA:0,(anonymous_10)
FNDA:0,(anonymous_11)
DA:19,0
DA:20,0
DA:36,0
DA:37,0
DA:38,0
DA:39,0
DA:41,0
DA:42,0
DA:46,0
DA:47,0
DA:48,0
DA:51,0
DA:55,0
DA:56,0
DA:57,0
DA:61,0
DA:62,0
DA:63,0
DA:64,0
DA:66,0
DA:69,0
DA:73,0
DA:75,0
DA:77,0
DA:81,0
DA:87,0
DA:88,0
DA:90,0
LF:28
LH:0
BRDA:20,0,0,0
BRDA:20,0,1,0
BRDA:41,1,0,0
BRDA:41,1,1,0
BRDA:41,2,0,0
BRDA:41,2,1,0
BRDA:61,3,0,0
BRDA:61,3,1,0
BRDA:63,4,0,0
BRDA:63,4,1,0
BRDA:70,5,0,0
BRDA:70,5,1,0
BRDA:74,6,0,0
BRDA:74,6,1,0
BRDA:74,7,0,0
BRDA:74,7,1,0
BRDA:75,8,0,0
BRDA:75,8,1,0
BRDA:90,9,0,0
BRDA:90,9,1,0
BRDA:95,10,0,0
BRDA:95,10,1,0
BRDA:96,11,0,0
BRDA:96,11,1,0
BRDA:96,12,0,0
BRDA:96,12,1,0
BRF:26
BRH:0
end_of_record
TN:
SF:src/features/markdown/renderers/FutureEmbed.tsx
FN:17,FutureEmbed
FNF:1
FNH:0
FNDA:0,FutureEmbed
DA:24,0
DA:28,0
DA:29,0
DA:30,0
DA:33,0
DA:34,0
DA:36,0
DA:37,0
DA:40,0
DA:41,0
DA:42,0
DA:44,0
DA:47,0
DA:48,0
DA:49,0
DA:51,0
DA:54,0
DA:55,0
DA:56,0
DA:58,0
DA:61,0
DA:62,0
DA:63,0
DA:65,0
DA:68,0
LF:25
LH:0
BRDA:29,0,0,0
BRDA:29,0,1,0
BRDA:33,1,0,0
BRDA:33,1,1,0
BRDA:36,2,0,0
BRDA:36,2,1,0
BRDA:40,3,0,0
BRDA:40,3,1,0
BRDA:40,4,0,0
BRDA:40,4,1,0
BRDA:41,5,0,0
BRDA:41,5,1,0
BRDA:47,6,0,0
BRDA:47,6,1,0
BRDA:47,7,0,0
BRDA:47,7,1,0
BRDA:48,8,0,0
BRDA:48,8,1,0
BRDA:54,9,0,0
BRDA:54,9,1,0
BRDA:54,10,0,0
BRDA:54,10,1,0
BRDA:55,11,0,0
BRDA:55,11,1,0
BRDA:61,12,0,0
BRDA:61,12,1,0
BRDA:61,13,0,0
BRDA:61,13,1,0
BRDA:62,14,0,0
BRDA:62,14,1,0
BRF:30
BRH:0
end_of_record
TN:
SF:src/features/markdown/renderers/LinkContextMenu.tsx
FN:24,LinkContextMenu
FN:40,(anonymous_1)
FN:72,(anonymous_2)
FN:80,(anonymous_3)
FNF:4
FNH:1
FNDA:1,LinkContextMenu
FNDA:0,(anonymous_1)
FNDA:0,(anonymous_2)
FNDA:0,(anonymous_3)
DA:7,1
DA:35,1
DA:39,1
DA:40,1
DA:41,0
DA:42,0
DA:43,0
DA:45,0
DA:46,0
DA:47,0
DA:48,0
DA:50,0
DA:51,0
DA:52,0
DA:53,0
DA:59,1
DA:60,1
DA:64,0
DA:66,1
DA:73,0
DA:81,0
DA:82,0
LF:22
LH:7
BRDA:41,0,0,0
BRDA:41,0,1,0
BRDA:46,1,0,0
BRDA:46,1,1,0
BRDA:59,2,0,1
BRDA:59,2,1,0
BRDA:64,3,0,0
BRDA:64,3,1,0
BRDA:74,4,0,0
BRDA:74,4,1,0
BRDA:78,5,0,0
BRDA:78,5,1,0
BRF:12
BRH:1
end_of_record
TN:
SF:src/features/markdown/renderers/MissingReference.tsx
FN:4,MissingReference
FNF:1
FNH:0
FNDA:0,MissingReference
DA:11,0
DA:12,0
LF:2
LH:0
BRDA:15,0,0,0
BRDA:15,0,1,0
BRF:2
BRH:0
end_of_record
TN:
SF:src/features/markdown/renderers/ObjectEmbed.tsx
FN:13,ApprovalEmbed
FN:39,ReviewEmbed
FN:47,openReview
FN:72,ObjectFrame
FNF:4
FNH:0
FNDA:0,ApprovalEmbed
FNDA:0,ReviewEmbed
FNDA:0,openReview
FNDA:0,ObjectFrame
DA:20,0
DA:46,0
DA:48,0
DA:51,0
DA:85,0
LF:5
LH:0
BRDA:25,0,0,0
BRDA:25,0,1,0
BRDA:25,0,2,0
BRDA:27,1,0,0
BRDA:27,1,1,0
BRDA:28,2,0,0
BRDA:28,2,1,0
BRDA:56,3,0,0
BRDA:56,3,1,0
BRDA:56,3,2,0
BRDA:58,4,0,0
BRDA:58,4,1,0
BRDA:92,5,0,0
BRDA:92,5,1,0
BRDA:92,6,0,0
BRDA:92,6,1,0
BRDA:94,7,0,0
BRDA:94,7,1,0
BRDA:95,8,0,0
BRDA:95,8,1,0
BRF:20
BRH:0
end_of_record
TN:
SF:src/features/markdown/renderers/PendingReference.tsx
FN:10,PendingReference
FNF:1
FNH:0
FNDA:0,PendingReference
DA:11,0
LF:1
LH:0
BRDA:11,0,0,0
BRDA:11,0,1,0
BRF:2
BRH:0
end_of_record
TN:
SF:src/features/markdown/renderers/ReferenceChip.tsx
FN:7,ReferenceChip
FN:34,renderReferenceIcon
FNF:2
FNH:0
FNDA:0,ReferenceChip
FNDA:0,renderReferenceIcon
DA:15,0
DA:16,0
DA:18,0
DA:19,0
DA:22,0
DA:23,0
DA:35,0
DA:36,0
DA:38,0
DA:40,0
DA:42,0
DA:44,0
LF:12
LH:0
BRDA:15,0,0,0
BRDA:15,0,1,0
BRDA:18,1,0,0
BRDA:18,1,1,0
BRDA:22,2,0,0
BRDA:22,2,1,0
BRDA:36,3,0,0
BRDA:36,3,1,0
BRDA:36,3,2,0
BRDA:36,3,3,0
BRF:10
BRH:0
end_of_record
TN:
SF:src/features/markdown/renderers/RunEmbed.tsx
FN:13,RunEmbed
FN:21,inspectRun
FNF:2
FNH:0
FNDA:0,RunEmbed
FNDA:0,inspectRun
DA:20,0
DA:22,0
DA:25,0
LF:3
LH:0
BRDA:31,0,0,0
BRDA:31,0,1,0
BRDA:35,1,0,0
BRDA:35,1,1,0
BRDA:40,2,0,0
BRDA:40,2,1,0
BRDA:47,3,0,0
BRDA:47,3,1,0
BRF:8
BRH:0
end_of_record
TN:
SF:src/features/markdown/renderers/SafeLink.tsx
FN:21,SafeLink
FN:36,(anonymous_1)
FN:36,(anonymous_2)
FN:43,(anonymous_3)
FN:47,(anonymous_4)
FN:60,(anonymous_5)
FN:68,SafeImage
FN:95,(anonymous_7)
FN:102,safeExternalUrl
FNF:9
FNH:2
FNDA:2,SafeLink
FNDA:0,(anonymous_1)
FNDA:0,(anonymous_2)
FNDA:0,(anonymous_3)
FNDA:0,(anonymous_4)
FNDA:0,(anonymous_5)
FNDA:0,SafeImage
FNDA:0,(anonymous_7)
FNDA:2,safeExternalUrl
DA:28,2
DA:29,2
DA:30,2
DA:31,2
DA:32,2
DA:33,1
DA:36,1
DA:38,1
DA:44,0
DA:45,0
DA:47,0
DA:60,0
DA:77,0
DA:78,0
DA:79,0
DA:80,0
DA:81,0
DA:91,0
DA:95,0
DA:103,2
DA:104,2
DA:105,2
DA:108,0
LF:23
LH:11
BRDA:32,0,0,1
BRDA:32,0,1,1
BRDA:47,1,0,0
BRDA:47,1,1,1
BRDA:53,2,0,0
BRDA:53,2,1,1
BRDA:80,3,0,0
BRDA:80,3,1,0
BRDA:80,4,0,0
BRDA:80,4,1,0
BRDA:86,5,0,0
BRDA:86,5,1,0
BRDA:105,6,0,1
BRDA:105,6,1,1
BRF:14
BRH:6
end_of_record
TN:
SF:src/features/markdown/renderers/fileReference.tsx
FN:13,renderFileReference
FNF:1
FNH:0
FNDA:0,renderFileReference
DA:14,0
DA:15,0
DA:16,0
DA:17,0
DA:18,0
LF:5
LH:0
BRDA:14,0,0,0
BRDA:14,0,1,0
BRDA:16,1,0,0
BRDA:16,1,1,0
BRDA:16,2,0,0
BRDA:16,2,1,0
BRDA:16,2,2,0
BRF:7
BRH:0
end_of_record
TN:
SF:src/features/markdown/renderers/useLinkContextMenu.ts
FN:10,useLinkContextMenu
FN:14,(anonymous_1)
FN:18,(anonymous_2)
FN:20,(anonymous_3)
FNF:4
FNH:1
FNDA:2,useLinkContextMenu
FNDA:0,(anonymous_1)
FNDA:0,(anonymous_2)
FNDA:0,(anonymous_3)
DA:11,2
DA:12,2
DA:14,0
DA:17,2
DA:18,0
DA:21,0
DA:22,0
LF:7
LH:3
BRF:0
BRH:0
end_of_record
TN:
SF:src/features/runs/runDisplayFormatters.ts
FN:4,formatRunStatus
FN:22,toolStatusLabel
FN:37,runTone
FN:49,shortId
FNF:4
FNH:0
FNDA:0,formatRunStatus
FNDA:0,toolStatusLabel
FNDA:0,runTone
FNDA:0,shortId
DA:5,0
DA:7,0
DA:9,0
DA:11,0
DA:13,0
DA:15,0
DA:17,0
DA:23,0
DA:25,0
DA:27,0
DA:29,0
DA:31,0
DA:33,0
DA:38,0
DA:39,0
DA:40,0
DA:41,0
DA:42,0
DA:43,0
DA:44,0
DA:45,0
DA:46,0
DA:50,0
LF:23
LH:0
BRDA:5,0,0,0
BRDA:5,0,1,0
BRDA:5,0,2,0
BRDA:5,0,3,0
BRDA:5,0,4,0
BRDA:5,0,5,0
BRDA:23,1,0,0
BRDA:23,1,1,0
BRDA:23,1,2,0
BRDA:23,1,3,0
BRDA:23,1,4,0
BRDA:33,2,0,0
BRDA:33,2,1,0
BRDA:38,3,0,0
BRDA:38,3,1,0
BRDA:40,4,0,0
BRDA:40,4,1,0
BRDA:40,5,0,0
BRDA:40,5,1,0
BRDA:42,6,0,0
BRDA:42,6,1,0
BRDA:44,7,0,0
BRDA:44,7,1,0
BRF:23
BRH:0
end_of_record
TN:
SF:src/features/runs/runErrorMeta.ts
FN:20,errorTypeMeta
FNF:1
FNH:1
FNDA:8,errorTypeMeta
DA:11,1
DA:21,8
LF:2
LH:2
BRDA:21,0,0,6
BRDA:21,0,1,2
BRDA:21,1,0,6
BRDA:21,1,1,0
BRF:4
BRH:3
end_of_record
TN:
SF:src/features/runs/toolInput.ts
FN:11,parseJsonish
FN:32,recordOf
FN:37,keyList
FN:42,stringField
FN:57,numberOrStringField
FN:71,toolCommand
FN:76,toolTarget
FNF:7
FNH:7
FNDA:18,parseJsonish
FNDA:16,recordOf
FNDA:11,keyList
FNDA:17,stringField
FNDA:1,numberOrStringField
FNDA:7,toolCommand
FNDA:5,toolTarget
DA:12,18
DA:13,18
DA:14,30
DA:15,7
DA:16,23
DA:17,5
DA:18,18
DA:19,18
DA:20,3
DA:21,15
DA:22,15
DA:25,3
DA:28,0
DA:33,16
DA:34,16
DA:38,11
DA:43,17
DA:44,7
DA:45,10
DA:46,23
DA:47,23
DA:48,8
DA:50,2
DA:58,1
DA:59,0
DA:60,1
DA:61,2
DA:62,2
DA:63,0
DA:64,2
DA:65,1
DA:67,0
DA:72,7
DA:77,5
LF:34
LH:30
BRDA:14,0,0,7
BRDA:14,0,1,23
BRDA:16,1,0,5
BRDA:16,1,1,18
BRDA:19,2,0,3
BRDA:19,2,1,15
BRDA:34,3,0,7
BRDA:34,3,1,9
BRDA:38,4,0,7
BRDA:38,4,1,4
BRDA:43,5,0,7
BRDA:43,5,1,10
BRDA:47,6,0,8
BRDA:47,6,1,15
BRDA:47,7,0,23
BRDA:47,7,1,9
BRDA:58,8,0,0
BRDA:58,8,1,1
BRDA:62,9,0,0
BRDA:62,9,1,2
BRDA:62,10,0,2
BRDA:62,10,1,0
BRDA:64,11,0,1
BRDA:64,11,1,1
BRDA:64,12,0,2
BRDA:64,12,1,1
BRF:26
BRH:23
end_of_record
TN:
SF:src/features/skills/autoUpgrade.ts
FN:18,computeSkillUpgrades
FNF:1
FNH:1
FNDA:4,computeSkillUpgrades
DA:22,4
DA:23,4
DA:24,6
DA:25,6
DA:28,4
DA:29,4
DA:30,6
DA:31,6
DA:32,1
DA:34,4
LF:10
LH:10
BRDA:24,0,0,6
BRDA:24,0,1,0
BRDA:30,1,0,6
BRDA:30,1,1,2
BRDA:31,2,0,1
BRDA:31,2,1,5
BRDA:31,3,0,6
BRDA:31,3,1,4
BRF:8
BRH:7
end_of_record
TN:
SF:src/features/skills/skillVersion.ts
FN:8,compareVersions
FN:35,isUpgradeAvailable
FNF:2
FNH:2
FNDA:14,compareVersions
FNDA:13,isUpgradeAvailable
DA:9,14
DA:10,14
DA:11,14
DA:12,14
DA:13,31
DA:14,31
DA:15,31
DA:16,21
DA:17,10
DA:18,10
DA:19,10
DA:20,9
DA:21,9
DA:22,0
DA:24,1
DA:26,4
DA:39,13
DA:40,5
DA:41,8
DA:42,8
DA:43,8
DA:44,1
DA:45,7
LF:23
LH:22
BRDA:13,0,0,31
BRDA:13,0,1,1
BRDA:14,1,0,31
BRDA:14,1,1,1
BRDA:15,2,0,21
BRDA:15,2,1,10
BRDA:19,3,0,9
BRDA:19,3,1,1
BRDA:19,4,0,10
BRDA:19,4,1,9
BRDA:20,5,0,9
BRDA:20,5,1,0
BRDA:21,6,0,3
BRDA:21,6,1,6
BRDA:24,7,0,0
BRDA:24,7,1,1
BRDA:39,8,0,5
BRDA:39,8,1,8
BRDA:39,9,0,13
BRDA:39,9,1,9
BRDA:43,10,0,1
BRDA:43,10,1,7
BRDA:43,11,0,8
BRDA:43,11,1,8
BRF:24
BRH:22
end_of_record
TN:
SF:src/features/skills/skillsFilter.ts
FN:11,matchesInstalledSkill
FN:34,matchesAvailableSkill
FN:49,matchesCategory
FN:53,matchesQuery
FN:58,(anonymous_4)
FN:61,normalizeSearchText
FN:65,uniqueSorted
FN:66,(anonymous_7)
FN:66,(anonymous_8)
FNF:9
FNH:9
FNDA:9,matchesInstalledSkill
FNDA:5,matchesAvailableSkill
FNDA:14,matchesCategory
FNDA:14,matchesQuery
FNDA:60,(anonymous_4)
FNDA:77,normalizeSearchText
FNDA:1,uniqueSorted
FNDA:6,(anonymous_7)
FNDA:1,(anonymous_8)
DA:4,1
DA:12,9
DA:13,2
DA:19,7
DA:35,5
DA:36,1
DA:38,4
DA:50,14
DA:54,14
DA:55,14
DA:56,2
DA:58,60
DA:62,77
DA:66,6
LF:14
LH:14
BRDA:12,0,0,2
BRDA:12,0,1,7
BRDA:35,1,0,1
BRDA:35,1,1,4
BRDA:50,2,0,14
BRDA:50,2,1,5
BRDA:55,3,0,2
BRDA:55,3,1,12
BRDA:62,4,0,77
BRDA:62,4,1,15
BRF:10
BRH:10
end_of_record
TN:
SF:src/i18n/index.ts
FN:37,readStoredLanguage
FN:61,getLanguage
FN:66,setLanguage
FNF:3
FNH:1
FNDA:30,readStoredLanguage
FNDA:0,getLanguage
FNDA:0,setLanguage
DA:9,30
DA:14,30
DA:15,30
DA:16,660
DA:17,660
DA:18,0
DA:19,660
DA:20,660
DA:21,660
DA:22,0
DA:23,660
DA:26,30
DA:29,30
DA:34,30
DA:35,30
DA:38,30
DA:39,30
DA:40,30
DA:41,0
DA:46,30
DA:49,30
DA:51,30
DA:62,0
DA:63,0
DA:67,0
DA:68,0
DA:73,0
LF:27
LH:19
BRDA:17,0,0,0
BRDA:17,0,1,660
BRDA:21,1,0,0
BRDA:21,1,1,660
BRDA:21,2,0,660
BRDA:21,2,1,660
BRDA:40,3,0,0
BRDA:40,3,1,30
BRDA:40,4,0,30
BRDA:40,4,1,0
BRDA:49,5,0,30
BRDA:49,5,1,0
BRDA:55,6,0,30
BRDA:55,6,1,0
BRDA:63,7,0,0
BRDA:63,7,1,0
BRF:16
BRH:8
end_of_record
TN:
SF:src/i18n/locales/en/agent.json
FNF:0
FNH:0
DA:1,30
DA:2,30
DA:3,30
DA:4,30
DA:5,30
DA:6,30
DA:7,30
DA:8,30
DA:9,30
DA:10,30
LF:10
LH:10
BRF:0
BRH:0
end_of_record
TN:
SF:src/i18n/locales/en/artifacts.json
FNF:0
FNH:0
DA:1,30
DA:2,30
DA:3,30
DA:4,30
DA:5,30
LF:5
LH:5
BRF:0
BRH:0
end_of_record
TN:
SF:src/i18n/locales/en/common.json
FNF:0
FNH:0
DA:1,30
DA:2,30
DA:3,30
DA:4,30
DA:5,30
DA:6,30
DA:7,30
DA:8,30
DA:9,30
DA:10,30
DA:11,30
DA:12,30
DA:13,30
LF:13
LH:13
BRF:0
BRH:0
end_of_record
TN:
SF:src/i18n/locales/en/filetree.json
FNF:0
FNH:0
DA:1,30
DA:2,30
DA:3,30
DA:4,30
DA:5,30
DA:6,30
DA:7,30
DA:8,30
DA:9,30
DA:10,30
DA:11,30
LF:11
LH:11
BRF:0
BRH:0
end_of_record
TN:
SF:src/i18n/locales/en/layout.json
FNF:0
FNH:0
DA:1,30
DA:2,30
DA:3,30
DA:4,30
DA:5,30
DA:6,30
DA:7,30
DA:8,30
DA:9,30
DA:10,30
DA:11,30
DA:12,30
LF:12
LH:12
BRF:0
BRH:0
end_of_record
TN:
SF:src/i18n/locales/en/markdown.json
FNF:0
FNH:0
DA:1,30
DA:2,30
DA:3,30
DA:4,30
DA:5,30
DA:6,30
DA:7,30
DA:8,30
DA:9,30
DA:10,30
LF:10
LH:10
BRF:0
BRH:0
end_of_record
TN:
SF:src/i18n/locales/en/remote.json
FNF:0
FNH:0
DA:1,30
DA:2,30
DA:3,30
DA:4,30
DA:5,30
DA:6,30
DA:7,30
DA:8,30
DA:9,30
DA:10,30
DA:11,30
DA:12,30
DA:13,30
DA:14,30
DA:15,30
DA:16,30
DA:17,30
DA:18,30
DA:19,30
DA:20,30
DA:21,30
DA:22,30
LF:22
LH:22
BRF:0
BRH:0
end_of_record
TN:
SF:src/i18n/locales/en/review.json
FNF:0
FNH:0
DA:1,30
DA:2,30
DA:3,30
DA:4,30
DA:5,30
DA:6,30
DA:7,30
DA:8,30
DA:9,30
DA:10,30
DA:11,30
DA:12,30
LF:12
LH:12
BRF:0
BRH:0
end_of_record
TN:
SF:src/i18n/locales/en/runs.json
FNF:0
FNH:0
DA:1,30
DA:2,30
DA:3,30
DA:4,30
DA:5,30
LF:5
LH:5
BRF:0
BRH:0
end_of_record
TN:
SF:src/i18n/locales/en/settings.json
FNF:0
FNH:0
DA:1,30
DA:2,30
DA:3,30
DA:4,30
DA:5,30
DA:6,30
DA:7,30
DA:8,30
DA:9,30
DA:10,30
DA:11,30
DA:12,30
DA:13,30
DA:14,30
LF:14
LH:14
BRF:0
BRH:0
end_of_record
TN:
SF:src/i18n/locales/en/skills.json
FNF:0
FNH:0
DA:1,30
DA:2,30
DA:3,30
DA:4,30
DA:5,30
DA:6,30
DA:7,30
DA:8,30
DA:9,30
DA:10,30
DA:11,30
LF:11
LH:11
BRF:0
BRH:0
end_of_record
TN:
SF:src/i18n/locales/zh/agent.json
FNF:0
FNH:0
DA:1,30
DA:2,30
DA:3,30
DA:4,30
DA:5,30
DA:6,30
DA:7,30
DA:8,30
DA:9,30
DA:10,30
LF:10
LH:10
BRF:0
BRH:0
end_of_record
TN:
SF:src/i18n/locales/zh/artifacts.json
FNF:0
FNH:0
DA:1,30
DA:2,30
DA:3,30
DA:4,30
DA:5,30
LF:5
LH:5
BRF:0
BRH:0
end_of_record
TN:
SF:src/i18n/locales/zh/common.json
FNF:0
FNH:0
DA:1,30
DA:2,30
DA:3,30
DA:4,30
DA:5,30
DA:6,30
DA:7,30
DA:8,30
DA:9,30
DA:10,30
DA:11,30
DA:12,30
DA:13,30
LF:13
LH:13
BRF:0
BRH:0
end_of_record
TN:
SF:src/i18n/locales/zh/filetree.json
FNF:0
FNH:0
DA:1,30
DA:2,30
DA:3,30
DA:4,30
DA:5,30
DA:6,30
DA:7,30
DA:8,30
DA:9,30
DA:10,30
DA:11,30
LF:11
LH:11
BRF:0
BRH:0
end_of_record
TN:
SF:src/i18n/locales/zh/layout.json
FNF:0
FNH:0
DA:1,30
DA:2,30
DA:3,30
DA:4,30
DA:5,30
DA:6,30
DA:7,30
DA:8,30
DA:9,30
DA:10,30
DA:11,30
DA:12,30
LF:12
LH:12
BRF:0
BRH:0
end_of_record
TN:
SF:src/i18n/locales/zh/markdown.json
FNF:0
FNH:0
DA:1,30
DA:2,30
DA:3,30
DA:4,30
DA:5,30
DA:6,30
DA:7,30
DA:8,30
DA:9,30
DA:10,30
LF:10
LH:10
BRF:0
BRH:0
end_of_record
TN:
SF:src/i18n/locales/zh/remote.json
FNF:0
FNH:0
DA:1,30
DA:2,30
DA:3,30
DA:4,30
DA:5,30
DA:6,30
DA:7,30
DA:8,30
DA:9,30
DA:10,30
DA:11,30
DA:12,30
DA:13,30
DA:14,30
DA:15,30
DA:16,30
DA:17,30
DA:18,30
DA:19,30
DA:20,30
DA:21,30
DA:22,30
LF:22
LH:22
BRF:0
BRH:0
end_of_record
TN:
SF:src/i18n/locales/zh/review.json
FNF:0
FNH:0
DA:1,30
DA:2,30
DA:3,30
DA:4,30
DA:5,30
DA:6,30
DA:7,30
DA:8,30
DA:9,30
DA:10,30
DA:11,30
DA:12,30
LF:12
LH:12
BRF:0
BRH:0
end_of_record
TN:
SF:src/i18n/locales/zh/runs.json
FNF:0
FNH:0
DA:1,30
DA:2,30
DA:3,30
DA:4,30
DA:5,30
LF:5
LH:5
BRF:0
BRH:0
end_of_record
TN:
SF:src/i18n/locales/zh/settings.json
FNF:0
FNH:0
DA:1,30
DA:2,30
DA:3,30
DA:4,30
DA:5,30
DA:6,30
DA:7,30
DA:8,30
DA:9,30
DA:10,30
DA:11,30
DA:12,30
DA:13,30
DA:14,30
LF:14
LH:14
BRF:0
BRH:0
end_of_record
TN:
SF:src/i18n/locales/zh/skills.json
FNF:0
FNH:0
DA:1,30
DA:2,30
DA:3,30
DA:4,30
DA:5,30
DA:6,30
DA:7,30
DA:8,30
DA:9,30
DA:10,30
DA:11,30
LF:11
LH:11
BRF:0
BRH:0
end_of_record
TN:
SF:src/integrations/agent/agentStateCache.ts
FN:55,notify
FN:62,subscribe
FN:64,(anonymous_2)
FN:76,getAgentState
FN:93,(anonymous_4)
FN:112,(anonymous_5)
FN:120,parseActiveRun
FN:139,updateCachedAgentState
FN:162,getCachedAgentState
FN:169,invalidateAgentState
FN:176,touchCache
FN:181,pruneCache
FN:193,prefetchAgentState
FN:198,(anonymous_13)
FN:209,revalidateAgentState
FN:212,(anonymous_15)
FN:222,useCachedAgentState
FN:223,(anonymous_17)
FN:234,installAgentEventListener
FN:239,(anonymous_19)
FN:282,applySettingsEvent
FN:295,(anonymous_21)
FN:297,(anonymous_22)
FN:359,(anonymous_23)
FN:371,listStreamingThreadIds
FNF:25
FNH:12
FNDA:9,notify
FNDA:0,subscribe
FNDA:0,(anonymous_2)
FNDA:9,getAgentState
FNDA:8,(anonymous_4)
FNDA:8,(anonymous_5)
FNDA:8,parseActiveRun
FNDA:1,updateCachedAgentState
FNDA:10,getCachedAgentState
FNDA:0,invalidateAgentState
FNDA:0,touchCache
FNDA:8,pruneCache
FNDA:0,prefetchAgentState
FNDA:0,(anonymous_13)
FNDA:1,revalidateAgentState
FNDA:0,(anonymous_15)
FNDA:0,useCachedAgentState
FNDA:0,(anonymous_17)
FNDA:1,installAgentEventListener
FNDA:1,(anonymous_19)
FNDA:1,applySettingsEvent
FNDA:0,(anonymous_21)
FNDA:0,(anonymous_22)
FNDA:0,(anonymous_23)
FNDA:0,listStreamingThreadIds
DA:41,6
DA:42,6
DA:44,6
DA:45,6
DA:48,6
DA:53,6
DA:56,9
DA:57,0
DA:63,0
DA:64,0
DA:65,0
DA:80,9
DA:81,9
DA:82,9
DA:83,0
DA:84,0
DA:87,9
DA:88,9
DA:89,1
DA:91,8
DA:92,9
DA:94,8
DA:104,8
DA:105,7
DA:106,7
DA:107,7
DA:108,7
DA:110,1
DA:113,8
DA:114,7
DA:116,9
DA:117,9
DA:121,8
DA:122,8
DA:123,0
DA:124,0
DA:125,0
DA:126,0
DA:140,1
DA:141,1
DA:142,1
DA:143,1
DA:150,1
DA:151,1
DA:163,10
DA:164,0
DA:165,10
DA:170,0
DA:171,0
DA:172,0
DA:173,0
DA:177,0
DA:178,0
DA:182,8
DA:183,0
DA:184,0
DA:185,0
DA:186,0
DA:187,0
DA:188,0
DA:194,0
DA:195,0
DA:198,0
DA:210,1
DA:211,0
DA:212,1
DA:223,0
DA:226,6
DA:235,1
DA:236,0
DA:237,1
DA:239,1
DA:240,1
DA:241,1
DA:242,0
DA:244,1
DA:245,1
DA:246,1
DA:247,1
DA:248,0
DA:250,1
DA:258,1
DA:259,1
DA:271,0
DA:272,0
DA:273,0
DA:276,0
DA:291,1
DA:292,0
DA:296,0
DA:298,0
DA:305,1
DA:306,1
DA:307,1
DA:308,0
DA:310,1
DA:315,1
DA:316,1
DA:317,1
DA:318,1
DA:321,0
DA:322,0
DA:324,0
DA:326,0
DA:327,0
DA:328,0
DA:330,0
DA:332,0
DA:333,0
DA:334,0
DA:336,0
DA:338,0
DA:339,0
DA:340,0
DA:342,0
DA:344,0
DA:345,0
DA:346,0
DA:349,0
DA:352,0
DA:353,0
DA:357,1
DA:358,1
DA:359,1
DA:372,0
DA:373,0
DA:374,0
DA:378,0
LF:128
LH:64
BRDA:82,0,0,0
BRDA:82,0,1,9
BRDA:82,1,0,9
BRDA:82,1,1,8
BRDA:82,1,2,1
BRDA:88,2,0,1
BRDA:88,2,1,8
BRDA:91,3,0,8
BRDA:91,3,1,7
BRDA:95,4,0,8
BRDA:95,4,1,0
BRDA:96,5,0,6
BRDA:96,5,1,2
BRDA:97,6,0,0
BRDA:97,6,1,8
BRDA:98,7,0,4
BRDA:98,7,1,4
BRDA:99,8,0,0
BRDA:99,8,1,8
BRDA:100,9,0,0
BRDA:100,9,1,8
BRDA:101,10,0,0
BRDA:101,10,1,8
BRDA:104,11,0,7
BRDA:104,11,1,1
BRDA:104,12,0,8
BRDA:104,12,1,6
BRDA:110,13,0,1
BRDA:110,13,1,0
BRDA:113,14,0,7
BRDA:113,14,1,1
BRDA:121,15,0,8
BRDA:121,15,1,0
BRDA:121,16,0,8
BRDA:121,16,1,0
BRDA:124,17,0,0
BRDA:124,17,1,0
BRDA:124,18,0,0
BRDA:124,18,1,0
BRDA:128,19,0,0
BRDA:128,19,1,0
BRDA:130,20,0,0
BRDA:130,20,1,0
BRDA:140,21,0,1
BRDA:140,21,1,1
BRDA:144,22,0,0
BRDA:144,22,1,1
BRDA:163,23,0,0
BRDA:163,23,1,10
BRDA:170,24,0,0
BRDA:170,24,1,0
BRDA:172,25,0,0
BRDA:172,25,1,0
BRDA:184,26,0,0
BRDA:184,26,1,0
BRDA:194,27,0,0
BRDA:194,27,1,0
BRDA:210,28,0,0
BRDA:210,28,1,1
BRDA:235,29,0,0
BRDA:235,29,1,1
BRDA:241,30,0,0
BRDA:241,30,1,1
BRDA:244,31,0,0
BRDA:244,31,1,1
BRDA:245,32,0,1
BRDA:245,32,1,0
BRDA:246,33,0,1
BRDA:246,33,1,0
BRDA:247,34,0,0
BRDA:247,34,1,1
BRDA:247,35,0,1
BRDA:247,35,1,1
BRDA:250,36,0,0
BRDA:250,36,1,0
BRDA:250,36,2,0
BRDA:250,36,3,0
BRDA:250,36,4,0
BRDA:250,36,5,1
BRDA:250,36,6,0
BRDA:250,36,7,0
BRDA:250,36,8,0
BRDA:271,37,0,0
BRDA:271,37,1,0
BRDA:291,38,0,0
BRDA:291,38,1,1
BRDA:291,39,0,1
BRDA:291,39,1,0
BRDA:307,40,0,0
BRDA:307,40,1,1
BRDA:310,41,0,1
BRDA:310,41,1,0
BRDA:315,42,0,1
BRDA:315,42,1,1
BRDA:324,43,0,0
BRDA:324,43,1,0
BRDA:324,43,2,0
BRDA:324,43,3,0
BRDA:326,44,0,0
BRDA:326,44,1,0
BRDA:332,45,0,0
BRDA:332,45,1,0
BRDA:338,46,0,0
BRDA:338,46,1,0
BRDA:344,47,0,0
BRDA:344,47,1,0
BRDA:352,48,0,0
BRDA:352,48,1,0
BRDA:374,49,0,0
BRDA:374,49,1,0
BRF:110
BRH:46
end_of_record
TN:
SF:src/integrations/storage/app.ts
FN:3,initializeAppStore
FN:7,storedTimeToIso
FNF:2
FNH:1
FNDA:0,initializeAppStore
FNDA:19,storedTimeToIso
DA:4,0
DA:8,19
LF:2
LH:1
BRF:0
BRH:0
end_of_record
TN:
SF:src/integrations/storage/artifacts.ts
FN:6,listArtifacts
FN:10,importAttachmentArtifact
FN:14,deleteArtifact
FN:20,searchWorkspaceFiles
FNF:4
FNH:0
FNDA:0,listArtifacts
FNDA:0,importAttachmentArtifact
FNDA:0,deleteArtifact
FNDA:0,searchWorkspaceFiles
DA:7,0
DA:11,0
DA:15,0
DA:25,0
LF:4
LH:0
BRF:0
BRH:0
end_of_record
TN:
SF:src/integrations/storage/files.ts
FN:16,openPath
FN:24,listDirectory
FN:29,openExternalUrl
FN:38,resolvePreviewLinkPath
FN:42,readTextFilePreview
FN:52,exportArtifactFile
FN:64,savePastedImage
FN:71,inspectAttachment
FN:78,validateImageAttachment
FN:82,readFileBase64
FN:94,generateImageThumbnail
FN:105,importEphemeralImage
FN:113,deleteTempAttachment
FNF:13
FNH:0
FNDA:0,openPath
FNDA:0,listDirectory
FNDA:0,openExternalUrl
FNDA:0,resolvePreviewLinkPath
FNDA:0,readTextFilePreview
FNDA:0,exportArtifactFile
FNDA:0,savePastedImage
FNDA:0,inspectAttachment
FNDA:0,validateImageAttachment
FNDA:0,readFileBase64
FNDA:0,generateImageThumbnail
FNDA:0,importEphemeralImage
FNDA:0,deleteTempAttachment
DA:17,0
DA:25,0
DA:30,0
DA:39,0
DA:46,0
DA:57,0
DA:65,0
DA:72,0
DA:79,0
DA:83,0
DA:95,0
DA:106,0
DA:114,0
LF:13
LH:0
BRDA:47,0,0,0
BRDA:47,0,1,0
BRDA:58,1,0,0
BRDA:58,1,1,0
BRDA:60,2,0,0
BRDA:60,2,1,0
BRDA:84,3,0,0
BRDA:84,3,1,0
BRF:8
BRH:0
end_of_record
TN:
SF:src/integrations/storage/markdownReferences.ts
FN:25,resolveMarkdownReferences
FNF:1
FNH:1
FNDA:9,resolveMarkdownReferences
DA:26,9
DA:27,0
DA:29,9
LF:3
LH:2
BRDA:26,0,0,0
BRDA:26,0,1,9
BRF:2
BRH:1
end_of_record
TN:
SF:src/integrations/storage/review.ts
FN:6,getWorkspaceReviewCapabilities
FN:12,getLastRunReview
FN:16,retryRunReview
FN:20,getGitReview
FNF:4
FNH:0
FNDA:0,getWorkspaceReviewCapabilities
FNDA:0,getLastRunReview
FNDA:0,retryRunReview
FNDA:0,getGitReview
DA:7,0
DA:13,0
DA:17,0
DA:25,0
LF:4
LH:0
BRDA:26,0,0,0
BRDA:26,0,1,0
BRDA:27,1,0,0
BRDA:27,1,1,0
BRF:4
BRH:0
end_of_record
TN:
SF:src/integrations/storage/runs.ts
FN:12,createRun
FN:21,listRuns
FN:26,getLatestRun
FN:31,getRun
FN:35,listLatestRunInfos
FN:42,updateRunStatus
FN:50,abortRun
FN:54,clearFinishedRuns
FN:58,listRunEvents
FN:66,listRunEventsSince
FN:71,listRunEventsBulk
FN:75,listToolCalls
FN:80,listToolCallsBulk
FN:84,listToolOutputs
FN:90,listApprovalRequests
FN:95,listPendingApprovalRequests
FN:99,decideApprovalRequest
FN:107,saveApprovalRule
FNF:18
FNH:0
FNDA:0,createRun
FNDA:0,listRuns
FNDA:0,getLatestRun
FNDA:0,getRun
FNDA:0,listLatestRunInfos
FNDA:0,updateRunStatus
FNDA:0,abortRun
FNDA:0,clearFinishedRuns
FNDA:0,listRunEvents
FNDA:0,listRunEventsSince
FNDA:0,listRunEventsBulk
FNDA:0,listToolCalls
FNDA:0,listToolCallsBulk
FNDA:0,listToolOutputs
FNDA:0,listApprovalRequests
FNDA:0,listPendingApprovalRequests
FNDA:0,decideApprovalRequest
FNDA:0,saveApprovalRule
DA:18,0
DA:22,0
DA:27,0
DA:32,0
DA:36,0
DA:47,0
DA:51,0
DA:55,0
DA:59,0
DA:67,0
DA:72,0
DA:76,0
DA:81,0
DA:85,0
DA:91,0
DA:96,0
DA:104,0
DA:112,0
LF:18
LH:0
BRF:0
BRH:0
end_of_record
TN:
SF:src/integrations/storage/threadStore.ts
FNF:0
FNH:0
LF:0
LH:0
BRF:0
BRH:0
end_of_record
TN:
SF:src/integrations/storage/threads.ts
FN:6,listWorkspaces
FN:10,createWorkspace
FN:19,ensureWorkspaceGit
FN:23,renameWorkspace
FN:27,deleteWorkspace
FN:33,getRecentThread
FN:37,listThreads
FN:43,createDefaultChatThread
FN:60,getRecentOrCreateDefaultThread
FN:61,(anonymous_9)
FN:62,(anonymous_10)
FN:66,(anonymous_11)
FN:73,createThread
FN:87,renameThread
FN:91,updateThreadModel
FN:99,updateThreadThinkingLevel
FN:106,pinThread
FN:110,restoreThread
FN:114,deleteThread
FN:118,batchDeleteThreads
FN:122,getThreadCleanupSummary
FN:131,forkThread
FN:136,getSessionEntries
FNF:23
FNH:0
FNDA:0,listWorkspaces
FNDA:0,createWorkspace
FNDA:0,ensureWorkspaceGit
FNDA:0,renameWorkspace
FNDA:0,deleteWorkspace
FNDA:0,getRecentThread
FNDA:0,listThreads
FNDA:0,createDefaultChatThread
FNDA:0,getRecentOrCreateDefaultThread
FNDA:0,(anonymous_9)
FNDA:0,(anonymous_10)
FNDA:0,(anonymous_11)
FNDA:0,createThread
FNDA:0,renameThread
FNDA:0,updateThreadModel
FNDA:0,updateThreadThinkingLevel
FNDA:0,pinThread
FNDA:0,restoreThread
FNDA:0,deleteThread
FNDA:0,batchDeleteThreads
FNDA:0,getThreadCleanupSummary
FNDA:0,forkThread
FNDA:0,getSessionEntries
DA:7,0
DA:16,0
DA:20,0
DA:24,0
DA:28,0
DA:34,0
DA:38,0
DA:44,0
DA:58,5
DA:61,0
DA:63,0
DA:64,0
DA:67,0
DA:68,0
DA:70,0
DA:84,0
DA:88,0
DA:96,0
DA:103,0
DA:107,0
DA:111,0
DA:115,0
DA:119,0
DA:123,0
DA:132,0
DA:137,0
LF:26
LH:1
BRDA:61,0,0,0
BRDA:61,0,1,0
BRF:2
BRH:0
end_of_record
TN:
SF:src/integrations/storage/typeGuards.ts
FN:17,isStoredArtifact
FN:27,isStoredFile
FN:34,isStoredRun
FN:43,isStoredApproval
FN:52,isStoredReview
FNF:5
FNH:0
FNDA:0,isStoredArtifact
FNDA:0,isStoredFile
FNDA:0,isStoredRun
FNDA:0,isStoredApproval
FNDA:0,isStoredReview
DA:18,0
DA:28,0
DA:35,0
DA:44,0
DA:53,0
LF:5
LH:0
BRDA:18,0,0,0
BRDA:18,0,1,0
BRDA:18,0,2,0
BRDA:18,0,3,0
BRDA:18,0,4,0
BRDA:18,0,5,0
BRDA:18,0,6,0
BRDA:28,1,0,0
BRDA:28,1,1,0
BRDA:28,1,2,0
BRDA:28,1,3,0
BRDA:35,2,0,0
BRDA:35,2,1,0
BRDA:35,2,2,0
BRDA:35,2,3,0
BRDA:35,2,4,0
BRDA:35,2,5,0
BRDA:44,3,0,0
BRDA:44,3,1,0
BRDA:44,3,2,0
BRDA:44,3,3,0
BRDA:44,3,4,0
BRDA:44,3,5,0
BRDA:53,4,0,0
BRDA:53,4,1,0
BRDA:53,4,2,0
BRDA:53,4,3,0
BRDA:53,4,4,0
BRDA:53,4,5,0
BRF:29
BRH:0
end_of_record
TN:
SF:src/integrations/tauri/invoke.ts
FN:19,invokeCommand
FN:35,normalizeInvokeError
FN:43,invokeErrorMessage
FNF:3
FNH:0
FNDA:0,invokeCommand
FNDA:0,normalizeInvokeError
FNDA:0,invokeErrorMessage
DA:24,0
DA:25,0
DA:28,0
DA:36,0
DA:37,0
DA:39,0
DA:40,0
DA:44,0
DA:45,0
DA:47,0
DA:48,0
DA:50,0
DA:51,0
DA:52,0
DA:53,0
DA:54,0
DA:55,0
DA:56,0
DA:57,0
DA:60,0
DA:64,0
LF:21
LH:0
BRDA:36,0,0,0
BRDA:36,0,1,0
BRDA:40,1,0,0
BRDA:40,1,1,0
BRDA:44,2,0,0
BRDA:44,2,1,0
BRDA:47,3,0,0
BRDA:47,3,1,0
BRDA:50,4,0,0
BRDA:50,4,1,0
BRDA:52,5,0,0
BRDA:52,5,1,0
BRDA:54,6,0,0
BRDA:54,6,1,0
BRF:14
BRH:0
end_of_record
TN:
SF:src/lib/clipboard.ts
FN:1,copyText
FNF:1
FNH:0
FNDA:0,copyText
DA:2,0
DA:3,0
DA:8,0
DA:9,0
DA:10,0
DA:11,0
DA:12,0
DA:13,0
DA:14,0
DA:15,0
DA:16,0
DA:17,0
DA:18,0
DA:21,0
DA:22,0
DA:23,0
DA:26,0
LF:17
LH:0
BRDA:2,0,0,0
BRDA:2,0,1,0
BRDA:17,1,0,0
BRDA:17,1,1,0
BRDA:21,2,0,0
BRDA:21,2,1,0
BRF:6
BRH:0
end_of_record
TN:
SF:src/lib/cn.ts
FN:10,cn
FNF:1
FNH:1
FNDA:1,cn
DA:11,1
LF:1
LH:1
BRF:0
BRH:0
end_of_record
TN:
SF:src/lib/date.ts
FN:7,formatTime
FN:18,formatDateTime
FN:38,pad2
FN:56,formatMessageTimestamp
FN:95,formatDuration
FNF:5
FNH:2
FNDA:0,formatTime
FNDA:0,formatDateTime
FNDA:6,pad2
FNDA:9,formatMessageTimestamp
FNDA:0,formatDuration
DA:8,0
DA:19,0
DA:28,2
DA:29,2
DA:30,2
DA:35,2
DA:36,2
DA:39,6
DA:61,9
DA:62,9
DA:63,9
DA:64,1
DA:66,8
DA:68,9
DA:70,9
DA:71,6
DA:72,2
DA:73,2
DA:74,0
DA:76,4
DA:77,4
DA:78,2
DA:79,2
DA:80,1
DA:81,1
DA:84,2
DA:85,1
DA:87,1
DA:96,0
DA:97,0
DA:98,0
DA:99,0
DA:100,0
DA:102,0
DA:103,0
DA:104,0
DA:106,0
DA:107,0
DA:108,0
LF:39
LH:25
BRDA:63,0,0,1
BRDA:63,0,1,8
BRDA:66,1,0,8
BRDA:66,1,1,0
BRDA:70,2,0,6
BRDA:70,2,1,3
BRDA:71,3,0,2
BRDA:71,3,1,4
BRDA:72,4,0,2
BRDA:72,4,1,0
BRDA:77,5,0,2
BRDA:77,5,1,2
BRDA:79,6,0,1
BRDA:79,6,1,1
BRDA:84,7,0,1
BRDA:84,7,1,1
BRDA:96,8,0,0
BRDA:96,8,1,0
BRDA:97,9,0,0
BRDA:97,9,1,0
BRDA:99,10,0,0
BRDA:99,10,1,0
BRDA:103,11,0,0
BRDA:103,11,1,0
BRF:24
BRH:14
end_of_record
TN:
SF:src/lib/errors.ts
FN:6,errorMessage
FNF:1
FNH:1
FNDA:2,errorMessage
DA:7,2
LF:1
LH:1
BRDA:7,0,0,2
BRDA:7,0,1,0
BRF:2
BRH:1
end_of_record
TN:
SF:src/lib/fileType.ts
FN:36,fileKind
FNF:1
FNH:1
FNDA:22,fileKind
DA:23,1
DA:24,1
DA:25,1
DA:26,1
DA:27,1
DA:28,1
DA:29,1
DA:37,22
DA:38,2
DA:39,20
DA:40,4
DA:41,16
DA:42,1
DA:43,15
DA:44,2
DA:45,13
DA:46,1
DA:47,12
DA:48,2
DA:49,10
DA:50,2
DA:51,8
DA:52,3
DA:53,5
LF:24
LH:24
BRDA:36,0,0,22
BRDA:37,1,0,2
BRDA:37,1,1,20
BRDA:39,2,0,4
BRDA:39,2,1,16
BRDA:41,3,0,1
BRDA:41,3,1,15
BRDA:43,4,0,2
BRDA:43,4,1,13
BRDA:45,5,0,1
BRDA:45,5,1,12
BRDA:47,6,0,2
BRDA:47,6,1,10
BRDA:49,7,0,2
BRDA:49,7,1,8
BRDA:51,8,0,3
BRDA:51,8,1,5
BRF:17
BRH:17
end_of_record
TN:
SF:src/lib/format.ts
FN:5,formatBytes
FN:21,formatNumber
FNF:2
FNH:1
FNDA:1,formatBytes
FNDA:0,formatNumber
DA:6,1
DA:7,0
DA:8,1
DA:9,0
DA:10,1
DA:11,0
DA:12,1
DA:18,1
DA:22,0
DA:23,0
DA:24,0
DA:25,0
DA:27,0
LF:13
LH:5
BRDA:6,0,0,0
BRDA:6,0,1,1
BRDA:8,1,0,0
BRDA:8,1,1,1
BRDA:10,2,0,0
BRDA:10,2,1,1
BRDA:23,3,0,0
BRDA:23,3,1,0
BRF:8
BRH:3
end_of_record
TN:
SF:src/lib/futureEvents.ts
FN:55,channel
FN:59,emitFutureEvent
FN:67,onFutureEvent
FN:71,(anonymous_3)
FN:75,(anonymous_4)
FNF:5
FNH:0
FNDA:0,channel
FNDA:0,emitFutureEvent
FNDA:0,onFutureEvent
FNDA:0,(anonymous_3)
FNDA:0,(anonymous_4)
DA:56,0
DA:60,0
DA:71,0
DA:72,0
DA:74,0
DA:75,0
DA:76,0
LF:7
LH:0
BRF:0
BRH:0
end_of_record
TN:
SF:src/lib/objects.ts
FN:7,isRecord
FN:12,singleLine
FN:17,truncate
FNF:3
FNH:2
FNDA:312,isRecord
FNDA:33,singleLine
FNDA:0,truncate
DA:8,312
DA:13,33
DA:18,0
DA:19,0
LF:4
LH:2
BRDA:8,0,0,312
BRDA:8,0,1,265
BRDA:8,0,2,258
BRDA:19,1,0,0
BRDA:19,1,1,0
BRF:5
BRH:3
end_of_record
TN:
SF:src/lib/platform.ts
FNF:0
FNH:0
DA:8,7
DA:15,7
LF:2
LH:2
BRDA:8,0,0,7
BRDA:8,0,1,7
BRDA:15,1,0,7
BRDA:15,1,1,7
BRF:4
BRH:4
end_of_record
TN:
SF:src/lib/useAsyncResource.ts
FN:29,useAsyncResource
FN:43,(anonymous_1)
FN:44,(anonymous_2)
FN:54,(anonymous_3)
FN:56,(anonymous_4)
FN:69,(anonymous_5)
FN:71,(anonymous_6)
FN:80,(anonymous_7)
FN:87,(anonymous_8)
FNF:9
FNH:0
FNDA:0,useAsyncResource
FNDA:0,(anonymous_1)
FNDA:0,(anonymous_2)
FNDA:0,(anonymous_3)
FNDA:0,(anonymous_4)
FNDA:0,(anonymous_5)
FNDA:0,(anonymous_6)
FNDA:0,(anonymous_7)
FNDA:0,(anonymous_8)
DA:35,0
DA:36,0
DA:37,0
DA:38,0
DA:39,0
DA:40,0
DA:41,0
DA:43,0
DA:44,0
DA:52,0
DA:54,0
DA:56,0
DA:58,0
DA:59,0
DA:61,0
DA:62,0
DA:63,0
DA:64,0
DA:66,0
DA:68,0
DA:70,0
DA:71,0
DA:72,0
DA:73,0
DA:75,0
DA:77,0
DA:81,0
DA:82,0
DA:83,0
DA:87,0
DA:88,0
DA:93,0
LF:32
LH:0
BRDA:33,0,0,0
BRDA:52,1,0,0
BRDA:52,1,1,0
BRDA:52,1,2,0
BRDA:63,2,0,0
BRDA:63,2,1,0
BRDA:70,3,0,0
BRDA:70,3,1,0
BRDA:72,4,0,0
BRDA:72,4,1,0
BRDA:72,5,0,0
BRDA:72,5,1,0
BRDA:72,5,2,0
BRDA:81,6,0,0
BRDA:81,6,1,0
BRDA:82,7,0,0
BRDA:82,7,1,0
BRF:17
BRH:0
end_of_record
TN:
SF:src/lib/useDismissableLayer.ts
FN:8,useDismissableLayer
FN:14,(anonymous_1)
FN:18,handlePointerDown
FN:28,handleKeyDown
FN:41,(anonymous_4)
FNF:5
FNH:1
FNDA:2,useDismissableLayer
FNDA:0,(anonymous_1)
FNDA:0,handlePointerDown
FNDA:0,handleKeyDown
FNDA:0,(anonymous_4)
DA:12,2
DA:14,2
DA:15,0
DA:16,0
DA:19,0
DA:20,0
DA:21,0
DA:22,0
DA:23,0
DA:25,0
DA:29,0
DA:33,0
DA:34,0
DA:38,0
DA:39,0
DA:41,0
DA:42,0
DA:43,0
DA:47,2
LF:19
LH:3
BRDA:15,0,0,0
BRDA:15,0,1,0
BRDA:20,1,0,0
BRDA:20,1,1,0
BRDA:22,2,0,0
BRDA:22,2,1,0
BRDA:29,3,0,0
BRDA:29,3,1,0
BRF:8
BRH:0
end_of_record
TN:
SF:src/lib/usePolling.ts
FN:23,usePolling
FN:32,(anonymous_1)
FN:38,(anonymous_2)
FN:46,(anonymous_3)
FNF:4
FNH:0
FNDA:0,usePolling
FNDA:0,(anonymous_1)
FNDA:0,(anonymous_2)
FNDA:0,(anonymous_3)
DA:28,0
DA:29,0
DA:30,0
DA:32,0
DA:33,0
DA:34,0
DA:37,0
DA:38,0
DA:39,0
DA:40,0
DA:44,0
DA:45,0
DA:46,0
DA:47,0
DA:48,0
LF:15
LH:0
BRDA:26,0,0,0
BRDA:28,1,0,0
BRDA:28,2,0,0
BRDA:33,3,0,0
BRDA:33,3,1,0
BRDA:39,4,0,0
BRDA:39,4,1,0
BRF:7
BRH:0
end_of_record
TN:
SF:src/lib/workspacePath.ts
FN:12,relativizeWorkspacePath
FN:27,samePath
FN:35,pathBasename
FN:46,pathExtension
FNF:4
FNH:4
FNDA:7,relativizeWorkspacePath
FNDA:7,samePath
FNDA:27,pathBasename
FNDA:8,pathExtension
DA:13,7
DA:14,2
DA:17,5
DA:18,5
DA:19,1
DA:21,4
DA:22,4
DA:23,2
DA:24,2
DA:28,7
DA:36,27
DA:37,27
DA:47,8
DA:48,8
DA:49,8
LF:15
LH:15
BRDA:13,0,0,2
BRDA:13,0,1,5
BRDA:18,1,0,1
BRDA:18,1,1,4
BRDA:22,2,0,2
BRDA:22,2,1,2
BRDA:22,3,0,4
BRDA:22,3,1,2
BRDA:22,3,2,2
BRDA:28,4,0,0
BRDA:28,4,1,7
BRDA:37,5,0,27
BRDA:37,5,1,3
BRDA:49,6,0,3
BRDA:49,6,1,5
BRF:15
BRH:14
end_of_record
