TN:
SF:src/components/layout/hooks/useThreadStore.ts
FN:42,reduceThreadRunStatus
FN:91,streamingStatuses
FN:92,(anonymous_2)
FN:100,mergeStreamingStatuses
FN:101,(anonymous_4)
FN:133,useThreadStore
FN:148,(anonymous_6)
FN:149,(anonymous_7)
FN:152,(anonymous_8)
FN:159,(anonymous_9)
FN:160,(anonymous_10)
FN:168,(anonymous_11)
FN:174,(anonymous_12)
FN:185,(anonymous_13)
FN:186,(anonymous_14)
FN:223,(anonymous_15)
FN:229,(anonymous_16)
FN:235,(anonymous_17)
FN:238,(anonymous_18)
FN:246,(anonymous_19)
FN:255,bootstrapStore
FN:285,(anonymous_21)
FN:292,(anonymous_22)
FN:296,(anonymous_23)
FN:297,(anonymous_24)
FN:302,(anonymous_25)
FN:304,(anonymous_26)
FN:305,(anonymous_27)
FN:308,(anonymous_28)
FN:312,(anonymous_29)
FN:317,(anonymous_30)
FN:319,(anonymous_31)
FN:325,(anonymous_32)
FN:327,(anonymous_33)
FN:329,(anonymous_34)
FN:332,(anonymous_35)
FN:346,(anonymous_36)
FNF:37
FNH:1
FNDA:15,reduceThreadRunStatus
FNDA:0,streamingStatuses
FNDA:0,(anonymous_2)
FNDA:0,mergeStreamingStatuses
FNDA:0,(anonymous_4)
FNDA:0,useThreadStore
FNDA:0,(anonymous_6)
FNDA:0,(anonymous_7)
FNDA:0,(anonymous_8)
FNDA:0,(anonymous_9)
FNDA:0,(anonymous_10)
FNDA:0,(anonymous_11)
FNDA:0,(anonymous_12)
FNDA:0,(anonymous_13)
FNDA:0,(anonymous_14)
FNDA:0,(anonymous_15)
FNDA:0,(anonymous_16)
FNDA:0,(anonymous_17)
FNDA:0,(anonymous_18)
FNDA:0,(anonymous_19)
FNDA:0,bootstrapStore
FNDA:0,(anonymous_21)
FNDA:0,(anonymous_22)
FNDA:0,(anonymous_23)
FNDA:0,(anonymous_24)
FNDA:0,(anonymous_25)
FNDA:0,(anonymous_26)
FNDA:0,(anonymous_27)
FNDA:0,(anonymous_28)
FNDA:0,(anonymous_29)
FNDA:0,(anonymous_30)
FNDA:0,(anonymous_31)
FNDA:0,(anonymous_32)
FNDA:0,(anonymous_33)
FNDA:0,(anonymous_34)
FNDA:0,(anonymous_35)
FNDA:0,(anonymous_36)
DA:47,15
DA:48,15
DA:49,1
DA:50,14
DA:51,14
DA:57,15
DA:63,1
DA:72,13
DA:78,2
DA:80,11
DA:92,0
DA:101,0
DA:102,0
DA:103,0
DA:134,0
DA:135,0
DA:136,0
DA:137,0
DA:138,0
DA:139,0
DA:140,0
DA:145,0
DA:146,0
DA:148,0
DA:149,0
DA:152,0
DA:154,0
DA:159,0
DA:160,0
DA:167,0
DA:168,0
DA:169,0
DA:174,0
DA:175,0
DA:176,0
DA:177,0
DA:182,0
DA:183,0
DA:185,0
DA:186,0
DA:187,0
DA:188,0
DA:189,0
DA:190,0
DA:191,0
DA:192,0
DA:206,0
DA:207,0
DA:208,0
DA:212,0
DA:214,0
DA:222,0
DA:223,0
DA:224,0
DA:225,0
DA:226,0
DA:227,0
DA:229,0
DA:230,0
DA:231,0
DA:234,0
DA:235,0
DA:236,0
DA:238,0
DA:239,0
DA:242,0
DA:246,0
DA:253,0
DA:256,0
DA:257,0
DA:258,0
DA:259,0
DA:260,0
DA:261,0
DA:262,0
DA:264,0
DA:265,0
DA:268,0
DA:269,0
DA:272,0
DA:273,0
DA:277,0
DA:278,0
DA:283,0
DA:285,0
DA:286,0
DA:292,0
DA:296,0
DA:297,0
DA:301,0
DA:302,0
DA:304,0
DA:305,0
DA:308,0
DA:309,0
DA:310,0
DA:311,0
DA:312,0
DA:313,0
DA:314,0
DA:315,0
DA:316,0
DA:317,0
DA:319,0
DA:323,0
DA:324,0
DA:325,0
DA:327,0
DA:328,0
DA:329,0
DA:332,0
DA:333,0
DA:334,0
DA:335,0
DA:346,0
DA:347,0
DA:348,0
DA:349,0
DA:352,0
LF:119
LH:10
BRDA:45,0,0,15
BRDA:48,1,0,1
BRDA:48,1,1,14
BRDA:48,2,0,15
BRDA:48,2,1,8
BRDA:51,3,0,6
BRDA:51,3,1,8
BRDA:57,4,0,1
BRDA:57,4,1,14
BRDA:58,5,0,15
BRDA:58,5,1,7
BRDA:58,5,2,5
BRDA:58,5,3,2
BRDA:72,6,0,2
BRDA:72,6,1,11
BRDA:73,7,0,13
BRDA:73,7,1,6
BRDA:73,7,2,2
BRDA:73,7,3,2
BRDA:76,8,0,1
BRDA:76,8,1,1
BRDA:86,9,0,5
BRDA:86,9,1,6
BRDA:101,10,0,0
BRDA:101,10,1,0
BRDA:101,11,0,0
BRDA:101,11,1,0
BRDA:149,12,0,0
BRDA:149,12,1,0
BRDA:154,13,0,0
BRDA:154,13,1,0
BRDA:154,13,2,0
BRDA:182,14,0,0
BRDA:182,14,1,0
BRDA:192,15,0,0
BRDA:192,15,1,0
BRDA:194,16,0,0
BRDA:194,16,1,0
BRDA:206,17,0,0
BRDA:206,17,1,0
BRDA:208,18,0,0
BRDA:208,18,1,0
BRDA:208,18,2,0
BRDA:214,19,0,0
BRDA:214,19,1,0
BRDA:226,20,0,0
BRDA:226,20,1,0
BRDA:235,21,0,0
BRDA:235,21,1,0
BRDA:235,22,0,0
BRDA:235,22,1,0
BRDA:238,23,0,0
BRDA:238,23,1,0
BRDA:238,24,0,0
BRDA:238,24,1,0
BRDA:242,25,0,0
BRDA:242,25,1,0
BRDA:261,26,0,0
BRDA:261,26,1,0
BRDA:272,27,0,0
BRDA:272,27,1,0
BRDA:277,28,0,0
BRDA:277,28,1,0
BRDA:313,29,0,0
BRDA:313,29,1,0
BRDA:324,30,0,0
BRDA:324,30,1,0
BRDA:324,31,0,0
BRDA:324,31,1,0
BRDA:333,32,0,0
BRDA:333,32,1,0
BRDA:347,33,0,0
BRDA:347,33,1,0
BRF:73
BRH:23
end_of_record
TN:
SF:src/components/ui/Badge.tsx
FN:18,Badge
FNF:1
FNH:1
FNDA:7,Badge
DA:9,6
DA:23,7
LF:2
LH:2
BRDA:20,0,0,7
BRF:1
BRH:1
end_of_record
TN:
SF:src/components/ui/Button.tsx
FN:30,Button
FNF:1
FNH:1
FNDA:18,Button
DA:14,6
DA:24,6
DA:38,18
LF:3
LH:3
BRDA:34,0,0,18
BRDA:35,1,0,18
BRF:2
BRH:2
end_of_record
TN:
SF:src/components/ui/CopyButton.tsx
FN:10,CopyButton
FNF:1
FNH:1
FNDA:10,CopyButton
DA:23,10
DA:24,10
DA:25,10
LF:3
LH:3
BRDA:15,0,0,10
BRDA:24,1,0,10
BRDA:24,1,1,0
BRDA:30,2,0,10
BRDA:30,2,1,0
BRDA:39,3,0,2
BRDA:39,3,1,8
BRF:7
BRH:5
end_of_record
TN:
SF:src/components/ui/IconButton.tsx
FN:10,IconButton
FNF:1
FNH:1
FNDA:7,IconButton
DA:11,7
LF:1
LH:1
BRDA:17,0,0,7
BRDA:17,0,1,1
BRF:2
BRH:2
end_of_record
TN:
SF:src/components/ui/MenuPanel.tsx
FN:11,MenuPanel
FNF:1
FNH:1
FNDA:21,MenuPanel
DA:22,21
LF:1
LH:1
BRF:0
BRH:0
end_of_record
TN:
SF:src/components/ui/Overlay.tsx
FN:11,Overlay
FN:23,(anonymous_1)
FN:27,handleKeyDown
FN:35,(anonymous_3)
FNF:4
FNH:4
FNDA:10,Overlay
FNDA:10,(anonymous_1)
FNDA:6,handleKeyDown
FNDA:9,(anonymous_3)
DA:20,10
DA:21,10
DA:23,10
DA:24,10
DA:25,1
DA:30,6
DA:31,3
DA:34,9
DA:35,9
DA:38,10
DA:39,1
DA:42,9
LF:12
LH:12
BRDA:24,0,0,1
BRDA:24,0,1,9
BRDA:30,1,0,3
BRDA:30,1,1,3
BRDA:30,2,0,6
BRDA:30,2,1,4
BRDA:38,3,0,1
BRDA:38,3,1,9
BRF:8
BRH:8
end_of_record
TN:
SF:src/components/ui/overlayStack.ts
FN:12,useOverlayLayer
FN:15,(anonymous_1)
FN:21,(anonymous_2)
FN:29,(anonymous_3)
FNF:4
FNH:4
FNDA:10,useOverlayLayer
FNDA:10,(anonymous_1)
FNDA:9,(anonymous_2)
FNDA:4,(anonymous_3)
DA:10,6
DA:13,10
DA:15,10
DA:16,10
DA:17,1
DA:18,9
DA:19,9
DA:20,9
DA:21,9
DA:22,9
DA:23,9
DA:24,9
DA:25,9
DA:29,10
DA:30,4
DA:34,10
LF:16
LH:16
BRDA:16,0,0,1
BRDA:16,0,1,9
BRDA:23,1,0,9
BRDA:23,1,1,0
BRDA:30,2,0,4
BRDA:30,2,1,4
BRF:6
BRH:5
end_of_record
TN:
SF:src/components/ui/useCopyState.ts
FN:12,useCopyState
FN:16,(anonymous_1)
FN:23,(anonymous_2)
FN:37,(anonymous_3)
FNF:4
FNH:4
FNDA:27,useCopyState
FNDA:16,(anonymous_1)
FNDA:9,(anonymous_2)
FNDA:8,(anonymous_3)
DA:13,27
DA:14,27
DA:16,27
DA:17,16
DA:18,8
DA:19,8
DA:23,27
DA:24,9
DA:25,9
DA:29,1
DA:30,1
DA:32,8
DA:33,8
DA:34,8
DA:37,27
DA:39,27
LF:16
LH:16
BRDA:12,0,0,27
BRDA:17,1,0,8
BRDA:17,1,1,8
BRDA:23,2,0,9
BRF:4
BRH:4
end_of_record
TN:
SF:src/features/agent/agentActivity.ts
FN:76,createRunProjector
FN:97,processEvent
FN:250,snapshot
FN:254,(anonymous_3)
FN:262,(anonymous_4)
FN:263,(anonymous_5)
FN:278,lastSequence
FN:281,ingest
FN:282,(anonymous_8)
FN:300,buildAssistantRunProjection
FN:304,numberFromPayload
FN:320,usageOutputTokens
FN:333,buildSegments
FN:406,latestRunningToolId
FN:411,(anonymous_14)
FN:412,(anonymous_15)
FN:416,collapseToolActivities
FN:418,(anonymous_17)
FN:443,toActivityItem
FN:453,toolFromPayload
FN:476,targetFromToolArgs
FN:491,partialTargetFromArgsText
FN:504,matchJsonStringField
FN:519,explicitToolId
FN:529,parseEventPayload
FN:541,textFromPayload
FN:557,hasToolError
FN:575,nonZeroExitCode
FN:586,isSoftExit
FN:598,stringValue
FNF:30
FNH:29
FNDA:47,createRunProjector
FNDA:147,processEvent
FNDA:52,snapshot
FNDA:5,(anonymous_3)
FNDA:75,(anonymous_4)
FNDA:15,(anonymous_5)
FNDA:3,lastSequence
FNDA:52,ingest
FNDA:143,(anonymous_8)
FNDA:42,buildAssistantRunProjection
FNDA:17,numberFromPayload
FNDA:14,usageOutputTokens
FNDA:52,buildSegments
FNDA:1,latestRunningToolId
FNDA:1,(anonymous_14)
FNDA:0,(anonymous_15)
FNDA:75,collapseToolActivities
FNDA:52,(anonymous_17)
FNDA:52,toActivityItem
FNDA:48,toolFromPayload
FNDA:10,targetFromToolArgs
FNDA:6,partialTargetFromArgsText
FNDA:17,matchJsonStringField
FNDA:69,explicitToolId
FNDA:147,parseEventPayload
FNDA:58,textFromPayload
FNDA:23,hasToolError
FNDA:33,nonZeroExitCode
FNDA:6,isSoftExit
FNDA:263,stringValue
DA:77,47
DA:80,47
DA:81,47
DA:82,47
DA:85,47
DA:86,47
DA:87,47
DA:88,47
DA:89,47
DA:92,47
DA:93,47
DA:94,47
DA:95,47
DA:98,147
DA:100,147
DA:101,8
DA:102,8
DA:103,8
DA:106,139
DA:107,6
DA:108,6
DA:111,133
DA:112,31
DA:113,31
DA:115,31
DA:116,31
DA:117,27
DA:118,27
DA:120,31
DA:121,31
DA:122,27
DA:124,31
DA:127,102
DA:128,11
DA:131,11
DA:132,11
DA:133,11
DA:134,11
DA:137,91
DA:138,17
DA:139,17
DA:141,17
DA:142,1
DA:143,1
DA:144,1
DA:146,17
DA:148,17
DA:151,74
DA:152,9
DA:153,9
DA:154,9
DA:161,65
DA:162,5
DA:163,4
DA:167,4
DA:168,4
DA:170,5
DA:173,60
DA:174,24
DA:175,24
DA:176,23
DA:177,23
DA:182,23
DA:183,23
DA:184,23
DA:188,23
DA:189,23
DA:190,23
DA:192,24
DA:195,36
DA:196,11
DA:197,1
DA:199,10
DA:205,10
DA:206,11
DA:207,11
DA:217,11
DA:220,25
DA:221,24
DA:222,24
DA:223,1
DA:225,23
DA:226,24
DA:227,24
DA:228,22
DA:229,23
DA:242,24
DA:243,1
DA:244,1
DA:246,23
DA:251,52
DA:254,52
DA:257,52
DA:261,52
DA:262,75
DA:263,15
DA:267,52
DA:277,47
DA:279,3
DA:282,143
DA:283,52
DA:287,151
DA:288,4
DA:289,147
DA:291,52
DA:292,41
DA:294,52
DA:301,42
DA:305,17
DA:306,1
DA:307,16
DA:308,18
DA:309,18
DA:310,15
DA:312,1
DA:321,14
DA:322,1
DA:323,13
DA:324,14
DA:337,52
DA:338,52
DA:340,52
DA:341,71
DA:346,71
DA:347,29
DA:348,29
DA:350,29
DA:351,29
DA:354,42
DA:355,15
DA:356,15
DA:358,15
DA:359,15
DA:362,27
DA:363,4
DA:368,4
DA:369,4
DA:373,23
DA:374,23
DA:375,23
DA:376,35
DA:380,35
DA:381,26
DA:382,26
DA:383,26
DA:384,26
DA:385,26
DA:388,9
DA:389,1
DA:390,8
DA:391,1
DA:392,1
DA:394,7
DA:397,23
DA:398,23
DA:400,23
DA:403,52
DA:410,1
DA:411,1
DA:412,0
DA:413,1
DA:417,75
DA:418,75
DA:419,52
DA:421,75
DA:422,44
DA:423,37
DA:424,37
DA:430,7
DA:431,44
DA:440,75
DA:444,52
DA:454,48
DA:455,1
DA:457,47
DA:460,48
DA:461,1
DA:463,46
DA:464,48
DA:466,48
DA:480,10
DA:481,10
DA:482,4
DA:488,6
DA:495,6
DA:496,6
DA:497,17
DA:498,17
DA:499,1
DA:501,5
DA:507,17
DA:508,17
DA:509,15
DA:510,2
DA:511,2
DA:512,2
DA:515,1
DA:524,69
DA:530,147
DA:531,1
DA:533,146
DA:534,146
DA:537,1
DA:542,58
DA:543,3
DA:545,55
DA:555,4
DA:561,23
DA:562,23
DA:563,1
DA:568,22
DA:569,23
DA:570,21
DA:571,1
DA:576,33
DA:577,22
DA:578,11
DA:579,11
DA:580,33
DA:581,5
DA:582,6
DA:583,6
DA:589,6
DA:590,2
DA:593,4
DA:594,6
DA:595,6
DA:599,263
LF:228
LH:227
BRDA:100,0,0,8
BRDA:100,0,1,139
BRDA:106,1,0,6
BRDA:106,1,1,133
BRDA:111,2,0,31
BRDA:111,2,1,102
BRDA:116,3,0,27
BRDA:116,3,1,4
BRDA:121,4,0,27
BRDA:121,4,1,4
BRDA:127,5,0,11
BRDA:127,5,1,91
BRDA:137,6,0,17
BRDA:137,6,1,74
BRDA:139,7,0,17
BRDA:139,7,1,0
BRDA:141,8,0,1
BRDA:141,8,1,16
BRDA:151,9,0,9
BRDA:151,9,1,65
BRDA:161,10,0,5
BRDA:161,10,1,60
BRDA:162,11,0,4
BRDA:162,11,1,1
BRDA:162,12,0,5
BRDA:162,12,1,4
BRDA:173,13,0,24
BRDA:173,13,1,36
BRDA:173,14,0,60
BRDA:173,14,1,60
BRDA:175,15,0,23
BRDA:175,15,1,1
BRDA:182,16,0,23
BRDA:182,16,1,0
BRDA:195,17,0,11
BRDA:195,17,1,25
BRDA:195,18,0,36
BRDA:195,18,1,35
BRDA:196,19,0,1
BRDA:196,19,1,10
BRDA:205,20,0,10
BRDA:205,20,1,6
BRDA:210,21,0,5
BRDA:210,21,1,5
BRDA:220,22,0,24
BRDA:220,22,1,1
BRDA:220,23,0,25
BRDA:220,23,1,1
BRDA:222,24,0,1
BRDA:222,24,1,23
BRDA:225,25,0,23
BRDA:225,25,1,1
BRDA:225,25,2,0
BRDA:227,26,0,22
BRDA:227,26,1,2
BRDA:233,27,0,2
BRDA:233,27,1,21
BRDA:233,28,0,23
BRDA:233,28,1,2
BRDA:234,29,0,24
BRDA:234,29,1,1
BRDA:238,30,0,24
BRDA:238,30,1,5
BRDA:239,31,0,24
BRDA:239,31,1,5
BRDA:242,32,0,1
BRDA:242,32,1,23
BRDA:257,33,0,52
BRDA:257,33,1,3
BRDA:257,33,2,3
BRDA:271,34,0,7
BRDA:271,34,1,45
BRDA:287,35,0,4
BRDA:287,35,1,147
BRDA:291,36,0,41
BRDA:291,36,1,11
BRDA:305,37,0,1
BRDA:305,37,1,16
BRDA:309,38,0,15
BRDA:309,38,1,3
BRDA:309,39,0,18
BRDA:309,39,1,15
BRDA:321,40,0,1
BRDA:321,40,1,13
BRDA:323,41,0,11
BRDA:323,41,1,2
BRDA:346,42,0,29
BRDA:346,42,1,42
BRDA:347,43,0,29
BRDA:347,43,1,0
BRDA:354,44,0,15
BRDA:354,44,1,27
BRDA:355,45,0,15
BRDA:355,45,1,0
BRDA:362,46,0,4
BRDA:362,46,1,23
BRDA:366,47,0,2
BRDA:366,47,1,2
BRDA:380,48,0,26
BRDA:380,48,1,9
BRDA:382,49,0,26
BRDA:382,49,1,0
BRDA:388,50,0,1
BRDA:388,50,1,8
BRDA:390,51,0,1
BRDA:390,51,1,7
BRDA:411,52,0,1
BRDA:411,52,1,1
BRDA:419,53,0,42
BRDA:419,53,1,10
BRDA:419,54,0,52
BRDA:419,54,1,42
BRDA:422,55,0,37
BRDA:422,55,1,7
BRDA:430,56,0,0
BRDA:430,56,1,7
BRDA:454,57,0,1
BRDA:454,57,1,47
BRDA:457,58,0,47
BRDA:457,58,1,0
BRDA:457,58,2,0
BRDA:460,59,0,1
BRDA:460,59,1,47
BRDA:460,60,0,48
BRDA:460,60,1,47
BRDA:463,61,0,46
BRDA:463,61,1,5
BRDA:463,61,2,5
BRDA:467,62,0,48
BRDA:467,62,1,1
BRDA:470,63,0,39
BRDA:470,63,1,7
BRDA:481,64,0,4
BRDA:481,64,1,6
BRDA:495,65,0,0
BRDA:495,65,1,6
BRDA:498,66,0,1
BRDA:498,66,1,16
BRDA:508,67,0,15
BRDA:508,67,1,2
BRDA:512,68,0,1
BRDA:512,68,1,0
BRDA:524,69,0,69
BRDA:524,69,1,2
BRDA:524,69,2,2
BRDA:530,70,0,1
BRDA:530,70,1,146
BRDA:542,71,0,3
BRDA:542,71,1,55
BRDA:545,72,0,55
BRDA:545,72,1,0
BRDA:545,72,2,0
BRDA:545,72,3,0
BRDA:561,73,0,23
BRDA:561,73,1,22
BRDA:562,74,0,1
BRDA:562,74,1,22
BRDA:568,75,0,22
BRDA:568,75,1,21
BRDA:569,76,0,21
BRDA:569,76,1,2
BRDA:576,77,0,22
BRDA:576,77,1,11
BRDA:579,78,0,11
BRDA:579,78,1,0
BRDA:580,79,0,5
BRDA:580,79,1,28
BRDA:583,80,0,1
BRDA:583,80,1,5
BRDA:589,81,0,2
BRDA:589,81,1,4
BRDA:589,82,0,6
BRDA:589,82,1,4
BRDA:589,82,2,4
BRDA:593,83,0,4
BRDA:593,83,1,0
BRDA:595,84,0,4
BRDA:595,84,1,0
BRDA:599,85,0,171
BRDA:599,85,1,92
BRF:180
BRH:163
end_of_record
TN:
SF:src/features/agent/agentMessageFormatters.ts
FN:6,matchesSettledRun
FN:14,previousUserMessageBefore
FN:33,agentErrorDetail
FN:56,classifyAgentError
FN:94,friendlyAgentError
FN:99,buildAgentFailureContent
FN:103,updateRunStatusSafe
FNF:7
FNH:7
FNDA:63,matchesSettledRun
FNDA:3,previousUserMessageBefore
FNDA:9,agentErrorDetail
FNDA:25,classifyAgentError
FNDA:7,friendlyAgentError
FNDA:6,buildAgentFailureContent
FNDA:4,updateRunStatusSafe
DA:7,63
DA:15,3
DA:16,5
DA:17,5
DA:18,2
DA:20,1
DA:34,9
DA:35,9
DA:36,9
DA:37,1
DA:38,1
DA:41,0
DA:44,9
DA:45,9
DA:46,9
DA:57,25
DA:58,25
DA:59,2
DA:65,23
DA:66,1
DA:67,22
DA:68,1
DA:70,21
DA:71,21
DA:72,25
DA:76,4
DA:78,17
DA:82,3
DA:84,14
DA:85,2
DA:86,12
DA:87,1
DA:88,11
DA:89,2
DA:90,9
DA:95,7
DA:96,7
DA:100,6
DA:108,4
DA:109,4
LF:40
LH:39
BRDA:7,0,0,63
BRDA:7,0,1,35
BRDA:7,0,2,16
BRDA:17,1,0,2
BRDA:17,1,1,3
BRDA:36,2,0,1
BRDA:36,2,1,8
BRDA:46,3,0,0
BRDA:46,3,1,9
BRDA:58,4,0,2
BRDA:58,4,1,23
BRDA:65,5,0,1
BRDA:65,5,1,22
BRDA:67,6,0,1
BRDA:67,6,1,21
BRDA:72,7,0,4
BRDA:72,7,1,21
BRDA:72,8,0,25
BRDA:72,8,1,19
BRDA:72,8,2,19
BRDA:72,8,3,18
BRDA:78,9,0,3
BRDA:78,9,1,14
BRDA:78,10,0,17
BRDA:78,10,1,16
BRDA:78,10,2,15
BRDA:78,10,3,14
BRDA:84,11,0,2
BRDA:84,11,1,12
BRDA:84,12,0,14
BRDA:84,12,1,13
BRDA:84,12,2,12
BRDA:86,13,0,1
BRDA:86,13,1,11
BRDA:88,14,0,2
BRDA:88,14,1,9
BRF:36
BRH:35
end_of_record
TN:
SF:src/features/agent/approvalPayload.ts
FN:10,isStringArray
FN:11,(anonymous_1)
FN:14,isPathEntryArray
FN:15,(anonymous_3)
FN:21,isScope
FN:34,parseAction
FN:62,parseSaveSuggestion
FN:89,unwrapNestedJson
FN:99,formatRequestedAction
FNF:9
FNH:9
FNDA:6,isStringArray
FNDA:4,(anonymous_1)
FNDA:6,isPathEntryArray
FNDA:5,(anonymous_3)
FNDA:3,isScope
FNDA:14,parseAction
FNDA:8,parseSaveSuggestion
FNDA:10,unwrapNestedJson
FNDA:7,formatRequestedAction
DA:11,6
DA:15,6
DA:22,3
DA:35,14
DA:36,3
DA:38,11
DA:39,11
DA:42,1
DA:44,10
DA:45,7
DA:46,3
DA:63,8
DA:64,2
DA:66,6
DA:67,6
DA:70,1
DA:72,5
DA:77,4
DA:79,1
DA:90,10
DA:91,10
DA:92,21
DA:93,6
DA:94,15
DA:96,2
DA:100,7
DA:101,3
DA:103,4
DA:104,4
DA:105,4
DA:106,2
DA:108,1
DA:111,1
LF:33
LH:33
BRDA:11,0,0,6
BRDA:11,0,1,3
BRDA:15,1,0,6
BRDA:15,1,1,4
BRDA:15,2,0,5
BRDA:15,2,1,5
BRDA:15,2,2,4
BRDA:15,2,3,2
BRDA:22,3,0,3
BRDA:22,3,1,2
BRDA:22,3,2,2
BRDA:22,3,3,2
BRDA:22,3,4,2
BRDA:22,3,5,2
BRDA:35,4,0,3
BRDA:35,4,1,11
BRDA:44,5,0,7
BRDA:44,5,1,3
BRDA:44,6,0,10
BRDA:44,6,1,6
BRDA:44,6,2,5
BRDA:47,7,0,1
BRDA:47,7,1,2
BRDA:49,8,0,1
BRDA:49,8,1,2
BRDA:50,9,0,1
BRDA:50,9,1,2
BRDA:51,10,0,1
BRDA:51,10,1,2
BRDA:51,11,0,14
BRDA:51,11,1,2
BRDA:54,12,0,1
BRDA:54,12,1,2
BRDA:55,13,0,1
BRDA:55,13,1,2
BRDA:56,14,0,1
BRDA:56,14,1,2
BRDA:58,15,0,1
BRDA:58,15,1,2
BRDA:63,16,0,2
BRDA:63,16,1,6
BRDA:72,17,0,4
BRDA:72,17,1,1
BRDA:73,18,0,5
BRDA:73,18,1,4
BRDA:73,18,2,3
BRDA:89,19,0,10
BRDA:92,20,0,6
BRDA:92,20,1,15
BRDA:100,21,0,3
BRDA:100,21,1,4
BRDA:105,22,0,2
BRDA:105,22,1,2
BRDA:105,23,0,4
BRDA:105,23,1,3
BRF:55
BRH:55
end_of_record
TN:
SF:src/features/agent/attachments.ts
FN:31,imageExtensionFromMime
FN:35,fileNameFromPath
FN:44,splitFileName
FN:51,extOf
FN:57,isImageExtension
FN:67,classifyAttachment
FNF:6
FNH:6
FNDA:3,imageExtensionFromMime
FNDA:8,fileNameFromPath
FNDA:3,splitFileName
FNDA:6,extOf
FNDA:6,isImageExtension
FNDA:5,classifyAttachment
DA:11,1
DA:16,1
DA:19,1
DA:23,1
DA:32,3
DA:36,8
DA:45,3
DA:46,3
DA:47,2
DA:48,1
DA:52,6
DA:53,6
DA:54,6
DA:58,6
DA:70,5
DA:71,5
DA:72,5
DA:75,1
DA:77,4
DA:78,1
DA:79,3
DA:80,1
DA:85,2
DA:86,1
DA:87,1
DA:90,1
DA:96,1
LF:27
LH:27
BRDA:32,0,0,3
BRDA:32,0,1,1
BRDA:36,1,0,8
BRDA:36,1,1,0
BRDA:46,2,0,2
BRDA:46,2,1,1
BRDA:54,3,0,6
BRDA:54,3,1,0
BRDA:77,4,0,1
BRDA:77,4,1,3
BRDA:79,5,0,1
BRDA:79,5,1,2
BRDA:79,6,0,3
BRDA:79,6,1,2
BRDA:85,7,0,1
BRDA:85,7,1,1
BRDA:96,8,0,0
BRDA:96,8,1,1
BRF:18
BRH:15
end_of_record
TN:
SF:src/features/agent/buildReferencePrompt.ts
FN:12,buildReferencePrompt
FN:18,(anonymous_1)
FN:28,(anonymous_2)
FN:44,summarizeReference
FNF:4
FNH:4
FNDA:16,buildReferencePrompt
FNDA:5,(anonymous_1)
FNDA:4,(anonymous_2)
FNDA:1,summarizeReference
DA:13,16
DA:14,16
DA:15,12
DA:17,4
DA:18,5
DA:21,4
DA:22,4
DA:25,1
DA:27,3
DA:29,4
DA:30,4
DA:31,3
DA:34,1
DA:38,3
DA:39,0
DA:41,3
DA:60,1
LF:17
LH:16
BRDA:14,0,0,12
BRDA:14,0,1,4
BRDA:30,1,0,3
BRDA:30,1,1,1
BRDA:30,2,0,4
BRDA:30,2,1,3
BRDA:30,2,2,2
BRDA:38,3,0,0
BRDA:38,3,1,3
BRF:9
BRH:8
end_of_record
TN:
SF:src/features/agent/composerDraft.ts
FN:31,storageKey
FN:36,loadComposerDraft
FN:57,saveComposerDraft
FN:72,clearComposerDraft
FNF:4
FNH:4
FNDA:16,storageKey
FNDA:9,loadComposerDraft
FNDA:6,saveComposerDraft
FNDA:2,clearComposerDraft
DA:28,1
DA:29,1
DA:32,16
DA:37,9
DA:38,9
DA:39,9
DA:40,3
DA:41,6
DA:42,6
DA:43,1
DA:44,4
DA:48,1
DA:58,6
DA:59,6
DA:60,1
DA:61,1
DA:63,5
DA:64,5
DA:73,2
DA:74,2
LF:20
LH:20
BRDA:39,0,0,3
BRDA:39,0,1,6
BRDA:42,1,0,1
BRDA:42,1,1,5
BRDA:42,2,0,6
BRDA:42,2,1,5
BRDA:42,2,2,5
BRDA:58,3,0,6
BRDA:58,3,1,0
BRDA:59,4,0,1
BRDA:59,4,1,5
BRDA:59,5,0,6
BRDA:59,5,1,4
BRDA:59,6,0,4
BRDA:59,6,1,0
BRF:15
BRH:13
end_of_record
TN:
SF:src/features/agent/entryProjection.ts
FN:42,attachmentsFromMeta
FN:46,(anonymous_1)
FN:80,toolResultFailed
FN:96,collapseActivitySegments
FN:98,(anonymous_4)
FN:109,(anonymous_5)
FN:110,(anonymous_6)
FN:126,segId
FN:137,entryKey
FN:145,isCompactionDivider
FN:150,dividerMessage
FN:163,newExchangeAcc
FN:167,userMessageFromEntry
FN:184,foldAssistantEntry
FN:235,foldToolEntry
FN:245,flushAcc
FN:249,(anonymous_16)
FN:268,(anonymous_17)
FN:290,entriesToMessages
FNF:19
FNH:18
FNDA:21,attachmentsFromMeta
FNDA:2,(anonymous_1)
FNDA:7,toolResultFailed
FNDA:21,collapseActivitySegments
FNDA:32,(anonymous_4)
FNDA:3,(anonymous_5)
FNDA:3,(anonymous_6)
FNDA:1,segId
FNDA:47,entryKey
FNDA:54,isCompactionDivider
FNDA:4,dividerMessage
FNDA:22,newExchangeAcc
FNDA:21,userMessageFromEntry
FNDA:22,foldAssistantEntry
FNDA:7,foldToolEntry
FNDA:22,flushAcc
FNDA:28,(anonymous_16)
FNDA:0,(anonymous_17)
FNDA:20,entriesToMessages
DA:43,21
DA:44,21
DA:45,20
DA:46,2
DA:81,7
DA:82,1
DA:83,6
DA:84,1
DA:85,5
DA:86,5
DA:87,3
DA:88,2
DA:97,21
DA:98,21
DA:99,32
DA:103,21
DA:104,26
DA:105,25
DA:106,25
DA:108,1
DA:109,3
DA:110,3
DA:111,1
DA:114,26
DA:115,26
DA:122,21
DA:125,1
DA:127,1
DA:138,47
DA:146,54
DA:151,4
DA:152,4
DA:164,22
DA:168,21
DA:185,22
DA:188,22
DA:189,22
DA:190,16
DA:191,22
DA:192,1
DA:193,22
DA:194,1
DA:195,22
DA:196,1
DA:197,22
DA:198,2
DA:204,22
DA:205,14
DA:206,14
DA:208,22
DA:209,10
DA:210,13
DA:211,13
DA:212,13
DA:223,13
DA:224,13
DA:236,7
DA:237,7
DA:238,7
DA:239,7
DA:240,2
DA:246,22
DA:247,1
DA:248,21
DA:249,28
DA:252,21
DA:258,21
DA:263,22
DA:264,17
DA:268,0
DA:291,20
DA:292,20
DA:294,20
DA:295,20
DA:296,54
DA:297,4
DA:298,1
DA:299,1
DA:301,4
DA:302,4
DA:304,50
DA:305,21
DA:306,1
DA:307,1
DA:309,21
DA:310,21
DA:312,29
DA:313,22
DA:314,1
DA:315,22
DA:317,7
DA:318,7
DA:321,20
DA:322,20
DA:323,20
LF:95
LH:94
BRDA:44,0,0,20
BRDA:44,0,1,1
BRDA:44,1,0,21
BRDA:44,1,1,1
BRDA:49,2,0,2
BRDA:49,2,1,1
BRDA:50,3,0,2
BRDA:50,3,1,1
BRDA:81,4,0,1
BRDA:81,4,1,6
BRDA:83,5,0,1
BRDA:83,5,1,5
BRDA:86,6,0,3
BRDA:86,6,1,2
BRDA:99,7,0,11
BRDA:99,7,1,21
BRDA:99,8,0,32
BRDA:99,8,1,14
BRDA:99,8,2,11
BRDA:104,9,0,25
BRDA:104,9,1,1
BRDA:111,10,0,0
BRDA:111,10,1,1
BRDA:114,11,0,26
BRDA:114,11,1,0
BRDA:138,12,0,47
BRDA:138,12,1,0
BRDA:146,13,0,54
BRDA:146,13,1,25
BRDA:158,14,0,4
BRDA:158,14,1,1
BRDA:174,15,0,21
BRDA:174,15,1,8
BRDA:189,16,0,16
BRDA:189,16,1,6
BRDA:191,17,0,1
BRDA:191,17,1,21
BRDA:193,18,0,1
BRDA:193,18,1,21
BRDA:195,19,0,1
BRDA:195,19,1,21
BRDA:195,20,0,22
BRDA:195,20,1,1
BRDA:197,21,0,2
BRDA:197,21,1,20
BRDA:204,22,0,14
BRDA:204,22,1,8
BRDA:208,23,0,10
BRDA:208,23,1,12
BRDA:215,24,0,13
BRDA:215,24,1,1
BRDA:223,25,0,13
BRDA:223,25,1,1
BRDA:237,26,0,7
BRDA:237,26,1,0
BRDA:238,27,0,4
BRDA:238,27,1,3
BRDA:239,28,0,2
BRDA:239,28,1,5
BRDA:246,29,0,1
BRDA:246,29,1,21
BRDA:258,30,0,21
BRDA:258,30,1,8
BRDA:258,30,2,8
BRDA:258,30,3,4
BRDA:258,30,4,4
BRDA:263,31,0,17
BRDA:263,31,1,5
BRDA:265,32,0,17
BRDA:265,32,1,0
BRDA:268,33,0,17
BRDA:268,33,1,4
BRDA:269,34,0,17
BRDA:269,34,1,0
BRDA:274,35,0,17
BRDA:274,35,1,5
BRDA:296,36,0,4
BRDA:296,36,1,50
BRDA:297,37,0,1
BRDA:297,37,1,3
BRDA:304,38,0,21
BRDA:304,38,1,29
BRDA:305,39,0,1
BRDA:305,39,1,20
BRDA:312,40,0,22
BRDA:312,40,1,7
BRDA:313,41,0,1
BRDA:313,41,1,21
BRDA:317,42,0,7
BRDA:317,42,1,0
BRDA:321,43,0,20
BRDA:321,43,1,0
BRF:92
BRH:84
end_of_record
TN:
SF:src/features/agent/mentionMarkdown.ts
FN:22,parseMentionSegments
FNF:1
FNH:1
FNDA:5,parseMentionSegments
DA:19,1
DA:23,5
DA:24,5
DA:25,5
DA:26,5
DA:27,4
DA:28,1
DA:29,4
DA:30,4
DA:32,5
DA:33,4
DA:34,5
LF:12
LH:12
BRDA:27,0,0,1
BRDA:27,0,1,3
BRDA:29,1,0,4
BRDA:29,1,1,0
BRDA:29,2,0,4
BRDA:29,2,1,3
BRDA:29,2,2,0
BRDA:32,3,0,4
BRDA:32,3,1,1
BRF:9
BRH:7
end_of_record
TN:
SF:src/features/agent/messageContent.ts
FN:4,stringifyMessageContent
FN:8,attachmentInputs
FN:9,(anonymous_2)
FNF:3
FNH:3
FNDA:1,stringifyMessageContent
FNDA:12,attachmentInputs
FNDA:2,(anonymous_2)
DA:5,1
DA:9,12
LF:2
LH:2
BRDA:11,0,0,1
BRDA:11,0,1,1
BRDA:13,1,0,1
BRDA:13,1,1,1
BRF:4
BRH:4
end_of_record
TN:
SF:src/features/agent/sendPipeline.ts
FN:52,runSendPipeline
FN:62,(anonymous_1)
FN:96,(anonymous_2)
FN:130,(anonymous_3)
FN:317,(anonymous_4)
FN:331,clientMessageRecord
FNF:6
FNH:6
FNDA:11,runSendPipeline
FNDA:22,(anonymous_1)
FNDA:6,(anonymous_2)
FNDA:3,(anonymous_3)
FNDA:1,(anonymous_4)
FNDA:10,clientMessageRecord
DA:59,11
DA:61,11
DA:62,11
DA:63,22
DA:64,22
DA:66,11
DA:67,11
DA:68,11
DA:69,11
DA:78,11
DA:95,11
DA:96,11
DA:98,11
DA:100,11
DA:102,11
DA:103,11
DA:105,11
DA:106,11
DA:109,11
DA:117,11
DA:118,11
DA:119,11
DA:122,11
DA:123,11
DA:124,11
DA:131,3
DA:132,2
DA:134,2
DA:139,11
DA:140,11
DA:153,8
DA:155,8
DA:160,1
DA:170,8
DA:177,8
DA:178,8
DA:179,6
DA:180,2
DA:181,2
DA:188,1
DA:189,1
DA:190,1
DA:194,1
DA:204,1
DA:207,1
DA:214,1
DA:219,1
DA:221,2
DA:227,4
DA:233,6
DA:234,2
DA:235,2
DA:236,1
DA:238,2
DA:239,2
DA:241,2
DA:246,2
DA:250,2
DA:251,2
DA:260,2
DA:262,2
DA:264,4
DA:265,1
DA:267,4
DA:268,4
DA:270,4
DA:278,11
DA:282,4
DA:283,4
DA:285,4
DA:286,4
DA:297,4
DA:301,3
DA:303,3
DA:304,3
DA:305,3
DA:306,3
DA:307,2
DA:309,3
DA:310,3
DA:313,3
DA:316,3
DA:317,3
DA:326,3
DA:332,10
LF:85
LH:85
BRDA:95,0,0,11
BRDA:95,0,1,0
BRDA:105,1,0,11
BRDA:105,1,1,0
BRDA:117,2,0,11
BRDA:117,2,1,0
BRDA:119,3,0,11
BRDA:119,3,1,0
BRDA:123,4,0,11
BRDA:123,4,1,0
BRDA:131,5,0,2
BRDA:131,5,1,1
BRDA:131,6,0,3
BRDA:131,6,1,3
BRDA:131,6,2,2
BRDA:132,7,0,1
BRDA:132,7,1,1
BRDA:139,8,0,11
BRDA:139,8,1,0
BRDA:155,9,0,1
BRDA:155,9,1,7
BRDA:178,10,0,6
BRDA:178,10,1,2
BRDA:178,11,0,8
BRDA:178,11,1,8
BRDA:179,12,0,2
BRDA:179,12,1,4
BRDA:181,13,0,1
BRDA:181,13,1,1
BRDA:189,14,0,1
BRDA:189,14,1,0
BRDA:207,15,0,1
BRDA:207,15,1,0
BRDA:233,16,0,2
BRDA:233,16,1,4
BRDA:235,17,0,1
BRDA:235,17,1,1
BRDA:238,18,0,2
BRDA:238,18,1,0
BRDA:243,19,0,2
BRDA:243,19,1,0
BRDA:250,20,0,2
BRDA:250,20,1,0
BRDA:264,21,0,1
BRDA:264,21,1,3
BRDA:267,22,0,4
BRDA:267,22,1,0
BRDA:272,23,0,4
BRDA:272,23,1,0
BRDA:285,24,0,4
BRDA:285,24,1,0
BRDA:293,25,0,4
BRDA:293,25,1,0
BRDA:304,26,0,3
BRDA:304,26,1,0
BRDA:306,27,0,2
BRDA:306,27,1,1
BRDA:306,28,0,3
BRDA:306,28,1,2
BRDA:309,29,0,3
BRDA:309,29,1,0
BRDA:313,30,0,3
BRDA:313,30,1,0
BRDA:316,31,0,3
BRDA:316,31,1,0
BRDA:318,32,0,1
BRDA:318,32,1,0
BRDA:319,33,0,1
BRDA:319,33,1,0
BRDA:320,34,0,1
BRDA:320,34,1,0
BRDA:321,35,0,1
BRDA:321,35,1,0
BRDA:322,36,0,1
BRDA:322,36,1,0
BRF:75
BRH:51
end_of_record
TN:
SF:src/features/agent/threadAttachments.ts
FN:11,isEphemeralImagePath
FN:24,persistImageAttachments
FN:29,(anonymous_2)
FN:45,(anonymous_3)
FN:54,(anonymous_4)
FN:61,(anonymous_5)
FNF:6
FNH:5
FNDA:2,isEphemeralImagePath
FNDA:4,persistImageAttachments
FNDA:5,(anonymous_2)
FNDA:1,(anonymous_3)
FNDA:3,(anonymous_4)
FNDA:0,(anonymous_5)
DA:12,2
DA:28,4
DA:30,5
DA:31,1
DA:36,4
DA:37,4
DA:40,1
DA:45,3
DA:46,3
DA:53,3
DA:55,3
DA:56,1
DA:57,2
DA:58,2
DA:59,2
DA:60,2
DA:61,2
DA:62,2
DA:68,2
LF:19
LH:19
BRDA:30,0,0,1
BRDA:30,0,1,4
BRDA:55,1,0,1
BRDA:55,1,1,2
BRDA:58,2,0,2
BRDA:58,2,1,0
BRDA:68,3,0,1
BRDA:68,3,1,1
BRF:8
BRH:7
end_of_record
TN:
SF:src/features/agent/threadRunProjection.ts
FN:11,patchMessage
FN:16,(anonymous_1)
FN:17,(anonymous_2)
FN:47,resetRunProjection
FN:57,projectRunForLivePreview
FN:109,streamingBubbleBase
FN:117,(anonymous_6)
FN:144,(anonymous_7)
FN:167,lastIndexOfRole
FN:182,mergeStreamingPreview
FN:196,(anonymous_10)
FN:208,upsertStreamingPreview
FN:212,(anonymous_12)
FN:221,(anonymous_13)
FN:226,(anonymous_14)
FN:242,(anonymous_15)
FN:261,buildStreamingPreview
FN:265,(anonymous_17)
FN:279,streamingBubble
FN:302,updatePendingMessageFromRunEvents
FN:306,(anonymous_20)
FN:320,(anonymous_21)
FN:321,(anonymous_22)
FN:333,(anonymous_23)
FN:348,deriveRenderFields
FN:363,safeListRunEvents
FN:376,runDurationMs
FN:391,isCompactionDivider
FN:410,applyRunMetadata
FN:413,(anonymous_29)
FN:447,(anonymous_30)
FN:452,(anonymous_31)
FN:459,(anonymous_32)
FN:469,(anonymous_33)
FN:470,(anonymous_34)
FN:482,(anonymous_35)
FN:494,applyRunToMessage
FN:513,runEndedIso
FN:529,runWindow
FN:546,collectTurnTimestamps
FN:565,runMatchesAnyTurn
FN:569,(anonymous_41)
FN:577,runMatchesUserTurn
FN:581,(anonymous_43)
FN:592,isOrphanRun
FN:597,isEmptyTurn
FN:613,applyRecoveredEvents
FN:617,(anonymous_47)
FN:641,recoverAbortedTurns
FN:642,(anonymous_49)
FN:665,recoverFailedRuns
FN:675,(anonymous_51)
FN:677,(anonymous_52)
FN:702,(anonymous_53)
FN:713,clientId
FN:722,loadCurrentRun
FNF:56
FNH:42
FNDA:36,patchMessage
FNDA:21,(anonymous_1)
FNDA:40,(anonymous_2)
FNDA:1,resetRunProjection
FNDA:2,projectRunForLivePreview
FNDA:15,streamingBubbleBase
FNDA:44,(anonymous_6)
FNDA:24,(anonymous_7)
FNDA:25,lastIndexOfRole
FNDA:2,mergeStreamingPreview
FNDA:3,(anonymous_10)
FNDA:0,upsertStreamingPreview
FNDA:0,(anonymous_12)
FNDA:0,(anonymous_13)
FNDA:0,(anonymous_14)
FNDA:0,(anonymous_15)
FNDA:0,buildStreamingPreview
FNDA:0,(anonymous_17)
FNDA:0,streamingBubble
FNDA:2,updatePendingMessageFromRunEvents
FNDA:0,(anonymous_20)
FNDA:0,(anonymous_21)
FNDA:0,(anonymous_22)
FNDA:0,(anonymous_23)
FNDA:9,deriveRenderFields
FNDA:7,safeListRunEvents
FNDA:30,runDurationMs
FNDA:58,isCompactionDivider
FNDA:16,applyRunMetadata
FNDA:25,(anonymous_29)
FNDA:48,(anonymous_30)
FNDA:48,(anonymous_31)
FNDA:25,(anonymous_32)
FNDA:18,(anonymous_33)
FNDA:6,(anonymous_34)
FNDA:25,(anonymous_35)
FNDA:19,applyRunToMessage
FNDA:15,runEndedIso
FNDA:50,runWindow
FNDA:22,collectTurnTimestamps
FNDA:35,runMatchesAnyTurn
FNDA:23,(anonymous_41)
FNDA:6,runMatchesUserTurn
FNDA:6,(anonymous_43)
FNDA:9,isOrphanRun
FNDA:10,isEmptyTurn
FNDA:5,applyRecoveredEvents
FNDA:10,(anonymous_47)
FNDA:0,recoverAbortedTurns
FNDA:0,(anonymous_49)
FNDA:7,recoverFailedRuns
FNDA:8,(anonymous_51)
FNDA:9,(anonymous_52)
FNDA:8,(anonymous_53)
FNDA:32,clientId
FNDA:15,loadCurrentRun
DA:16,36
DA:17,21
DA:18,40
DA:38,2
DA:40,2
DA:48,1
DA:61,2
DA:62,2
DA:63,2
DA:64,2
DA:65,0
DA:67,2
DA:72,0
DA:73,0
DA:74,0
DA:75,0
DA:78,2
DA:79,2
DA:80,1
DA:83,2
DA:84,2
DA:85,2
DA:86,0
DA:87,0
DA:88,0
DA:89,0
DA:92,2
DA:93,2
DA:95,2
DA:117,44
DA:118,2
DA:120,13
DA:121,13
DA:128,15
DA:132,12
DA:133,12
DA:143,12
DA:144,24
DA:147,5
DA:154,5
DA:160,1
DA:163,5
DA:168,25
DA:169,37
DA:170,25
DA:172,0
DA:186,2
DA:187,0
DA:188,2
DA:194,2
DA:195,1
DA:196,3
DA:212,0
DA:214,0
DA:215,0
DA:216,0
DA:217,0
DA:218,0
DA:219,0
DA:221,0
DA:222,0
DA:223,0
DA:224,0
DA:226,0
DA:228,0
DA:229,0
DA:232,0
DA:242,0
DA:265,0
DA:266,0
DA:267,0
DA:268,0
DA:273,0
DA:275,0
DA:284,0
DA:306,0
DA:308,2
DA:309,2
DA:310,2
DA:311,0
DA:317,2
DA:318,2
DA:320,0
DA:321,0
DA:322,0
DA:323,0
DA:324,0
DA:333,0
DA:352,9
DA:353,9
DA:354,1
DA:360,8
DA:364,7
DA:365,7
DA:368,0
DA:377,30
DA:378,12
DA:380,18
DA:381,2
DA:383,16
DA:392,58
DA:411,16
DA:412,1
DA:413,25
DA:414,15
DA:415,15
DA:417,15
DA:418,48
DA:419,48
DA:420,45
DA:421,3
DA:422,3
DA:423,0
DA:424,3
DA:436,1
DA:437,1
DA:439,2
DA:440,2
DA:446,15
DA:448,48
DA:452,48
DA:459,25
DA:468,15
DA:469,18
DA:470,6
DA:482,25
DA:483,16
DA:484,16
DA:486,16
DA:487,17
DA:488,17
DA:489,17
DA:491,15
DA:499,19
DA:500,19
DA:501,19
DA:514,15
DA:515,15
DA:523,2
DA:530,50
DA:531,14
DA:532,36
DA:533,50
DA:547,22
DA:548,22
DA:549,64
DA:550,35
DA:551,35
DA:552,35
DA:553,35
DA:555,29
DA:556,28
DA:557,28
DA:558,28
DA:561,22
DA:566,35
DA:567,35
DA:568,13
DA:569,23
DA:578,6
DA:579,6
DA:580,1
DA:581,6
DA:593,9
DA:598,10
DA:617,5
DA:618,10
DA:619,8
DA:620,2
DA:621,2
DA:622,1
DA:623,1
DA:624,1
DA:625,0
DA:626,1
DA:642,0
DA:643,0
DA:644,0
DA:645,0
DA:646,0
DA:647,0
DA:650,0
DA:674,7
DA:675,8
DA:676,2
DA:677,5
DA:678,9
DA:681,5
DA:682,2
DA:684,3
DA:687,3
DA:688,3
DA:701,3
DA:702,8
DA:703,3
DA:704,2
DA:706,1
DA:708,3
DA:711,2
DA:714,32
DA:715,32
DA:723,15
DA:724,15
DA:727,0
LF:204
LH:151
BRDA:18,0,0,20
BRDA:18,0,1,20
BRDA:19,1,0,2
BRDA:19,1,1,18
BRDA:61,2,0,2
BRDA:61,2,1,2
BRDA:62,3,0,2
BRDA:62,3,1,2
BRDA:64,4,0,0
BRDA:64,4,1,2
BRDA:67,5,0,0
BRDA:67,5,1,2
BRDA:67,6,0,2
BRDA:67,6,1,0
BRDA:67,6,2,0
BRDA:74,7,0,0
BRDA:74,7,1,0
BRDA:79,8,0,1
BRDA:79,8,1,1
BRDA:87,9,0,0
BRDA:87,9,1,0
BRDA:93,10,0,0
BRDA:93,10,1,2
BRDA:117,11,0,2
BRDA:117,11,1,13
BRDA:117,12,0,44
BRDA:117,12,1,3
BRDA:121,13,0,13
BRDA:121,13,1,0
BRDA:128,14,0,12
BRDA:128,14,1,3
BRDA:128,15,0,15
BRDA:128,15,1,13
BRDA:133,16,0,12
BRDA:133,16,1,12
BRDA:143,17,0,7
BRDA:143,17,1,5
BRDA:143,18,0,12
BRDA:143,18,1,8
BRDA:154,19,0,1
BRDA:154,19,1,4
BRDA:155,20,0,5
BRDA:155,20,1,4
BRDA:155,20,2,3
BRDA:155,20,3,3
BRDA:169,21,0,25
BRDA:169,21,1,12
BRDA:186,22,0,0
BRDA:186,22,1,2
BRDA:194,23,0,1
BRDA:194,23,1,1
BRDA:212,24,0,0
BRDA:216,25,0,0
BRDA:216,25,1,0
BRDA:223,26,0,0
BRDA:223,26,1,0
BRDA:228,27,0,0
BRDA:228,27,1,0
BRDA:236,28,0,0
BRDA:236,28,1,0
BRDA:242,29,0,0
BRDA:242,29,1,0
BRDA:263,30,0,0
BRDA:266,31,0,0
BRDA:266,31,1,0
BRDA:268,32,0,0
BRDA:268,32,1,0
BRDA:269,33,0,0
BRDA:269,33,1,0
BRDA:269,33,2,0
BRDA:297,34,0,0
BRDA:297,34,1,0
BRDA:306,35,0,0
BRDA:310,36,0,0
BRDA:310,36,1,2
BRDA:317,37,0,2
BRDA:317,37,1,0
BRDA:317,38,0,2
BRDA:317,38,1,2
BRDA:317,38,2,2
BRDA:322,39,0,0
BRDA:322,39,1,0
BRDA:328,40,0,0
BRDA:328,40,1,0
BRDA:333,41,0,0
BRDA:333,41,1,0
BRDA:353,42,0,1
BRDA:353,42,1,8
BRDA:377,43,0,12
BRDA:377,43,1,18
BRDA:377,44,0,30
BRDA:377,44,1,14
BRDA:377,44,2,13
BRDA:380,45,0,2
BRDA:380,45,1,16
BRDA:392,46,0,58
BRDA:392,46,1,58
BRDA:392,46,2,28
BRDA:392,46,3,3
BRDA:411,47,0,1
BRDA:411,47,1,15
BRDA:419,48,0,45
BRDA:419,48,1,3
BRDA:419,49,0,48
BRDA:419,49,1,23
BRDA:422,50,0,0
BRDA:422,50,1,3
BRDA:424,51,0,1
BRDA:424,51,1,2
BRDA:448,52,0,20
BRDA:448,52,1,28
BRDA:448,53,0,48
BRDA:448,53,1,23
BRDA:448,53,2,21
BRDA:459,54,0,25
BRDA:459,54,1,22
BRDA:469,55,0,3
BRDA:469,55,1,12
BRDA:486,56,0,16
BRDA:486,56,1,18
BRDA:499,57,0,19
BRDA:499,57,1,12
BRDA:500,58,0,12
BRDA:500,58,1,7
BRDA:504,59,0,19
BRDA:504,59,1,13
BRDA:506,60,0,6
BRDA:506,60,1,13
BRDA:506,61,0,13
BRDA:506,61,1,0
BRDA:507,62,0,19
BRDA:507,62,1,18
BRDA:508,63,0,19
BRDA:508,63,1,7
BRDA:514,64,0,15
BRDA:514,64,1,9
BRDA:515,65,0,15
BRDA:515,65,1,0
BRDA:530,66,0,14
BRDA:530,66,1,36
BRDA:532,67,0,36
BRDA:532,67,1,0
BRDA:532,67,2,0
BRDA:549,68,0,35
BRDA:549,68,1,29
BRDA:551,69,0,35
BRDA:551,69,1,0
BRDA:555,70,0,28
BRDA:555,70,1,1
BRDA:555,71,0,29
BRDA:555,71,1,29
BRDA:557,72,0,28
BRDA:557,72,1,0
BRDA:567,73,0,13
BRDA:567,73,1,22
BRDA:569,74,0,23
BRDA:569,74,1,14
BRDA:579,75,0,1
BRDA:579,75,1,5
BRDA:581,76,0,6
BRDA:581,76,1,4
BRDA:593,77,0,9
BRDA:593,77,1,9
BRDA:598,78,0,10
BRDA:598,78,1,5
BRDA:598,78,2,4
BRDA:598,78,3,3
BRDA:618,79,0,8
BRDA:618,79,1,2
BRDA:621,80,0,1
BRDA:621,80,1,1
BRDA:624,81,0,0
BRDA:624,81,1,1
BRDA:624,82,0,1
BRDA:624,82,1,0
BRDA:629,83,0,1
BRDA:629,83,1,0
BRDA:643,84,0,0
BRDA:643,84,1,0
BRDA:675,85,0,2
BRDA:675,85,1,5
BRDA:675,86,0,8
BRDA:675,86,1,6
BRDA:678,87,0,9
BRDA:678,87,1,4
BRDA:678,87,2,3
BRDA:681,88,0,2
BRDA:681,88,1,3
BRDA:694,89,0,3
BRDA:694,89,1,0
BRDA:697,90,0,3
BRDA:697,90,1,3
BRDA:698,91,0,3
BRDA:698,91,1,0
BRDA:703,92,0,2
BRDA:703,92,1,1
BRF:196
BRH:141
end_of_record
TN:
SF:src/features/agent/toolActivityModel.ts
FN:15,isToolKind
FN:20,asToolKind
FN:28,stringValue
FN:33,normalizeArgs
FN:52,targetFromArgs
FN:59,dedupeByTarget
FN:88,foldCollapsibleRuns
FNF:7
FNH:7
FNDA:60,isToolKind
FNDA:13,asToolKind
FNDA:113,stringValue
FNDA:73,normalizeArgs
FNDA:69,targetFromArgs
FNDA:9,dedupeByTarget
FNDA:96,foldCollapsibleRuns
DA:12,5
DA:16,60
DA:21,13
DA:26,5
DA:29,113
DA:34,73
DA:35,42
DA:36,31
DA:37,6
DA:38,25
DA:39,25
DA:40,25
DA:43,7
DA:53,69
DA:54,6
DA:55,63
DA:60,9
DA:61,9
DA:62,9
DA:63,21
DA:64,21
DA:65,1
DA:66,20
DA:67,20
DA:69,9
DA:92,96
DA:93,96
DA:94,96
DA:95,70
DA:96,70
DA:97,70
DA:98,43
DA:99,43
DA:100,43
DA:101,10
DA:102,10
DA:104,43
DA:105,8
DA:106,8
DA:107,8
DA:110,62
DA:111,62
DA:113,96
LF:43
LH:43
BRDA:21,0,0,13
BRDA:21,0,1,0
BRDA:29,1,0,53
BRDA:29,1,1,60
BRDA:34,2,0,42
BRDA:34,2,1,31
BRDA:36,3,0,6
BRDA:36,3,1,25
BRDA:40,4,0,18
BRDA:40,4,1,0
BRDA:53,5,0,6
BRDA:53,5,1,63
BRDA:55,6,0,63
BRDA:55,6,1,31
BRDA:55,6,2,13
BRDA:63,7,0,21
BRDA:63,7,1,1
BRDA:64,8,0,1
BRDA:64,8,1,20
BRDA:97,9,0,43
BRDA:97,9,1,27
BRDA:100,10,0,43
BRDA:100,10,1,14
BRDA:104,11,0,8
BRDA:104,11,1,35
BRF:25
BRH:23
end_of_record
TN:
SF:src/features/agent/useMessagePaging.ts
FN:13,computePageStart
FN:76,useMessagePaging
FN:109,(anonymous_2)
FN:124,(anonymous_3)
FN:132,(anonymous_4)
FN:159,(anonymous_5)
FN:176,(anonymous_6)
FN:187,(anonymous_7)
FN:193,(anonymous_8)
FN:204,(anonymous_9)
FN:208,(anonymous_10)
FN:230,captureAnchor
FNF:12
FNH:1
FNDA:8,computePageStart
FNDA:0,useMessagePaging
FNDA:0,(anonymous_2)
FNDA:0,(anonymous_3)
FNDA:0,(anonymous_4)
FNDA:0,(anonymous_5)
FNDA:0,(anonymous_6)
FNDA:0,(anonymous_7)
FNDA:0,(anonymous_8)
FNDA:0,(anonymous_9)
FNDA:0,(anonymous_10)
FNDA:0,captureAnchor
DA:14,8
DA:15,3
DA:18,5
DA:19,5
DA:20,18
DA:21,8
DA:22,8
DA:23,3
DA:26,2
DA:54,1
DA:56,1
DA:63,1
DA:82,0
DA:83,0
DA:84,0
DA:85,0
DA:86,0
DA:87,0
DA:93,0
DA:94,0
DA:98,0
DA:99,0
DA:100,0
DA:103,0
DA:107,0
DA:109,0
DA:112,0
DA:113,0
DA:114,0
DA:115,0
DA:116,0
DA:117,0
DA:118,0
DA:119,0
DA:121,0
DA:124,0
DA:132,0
DA:133,0
DA:134,0
DA:135,0
DA:136,0
DA:137,0
DA:138,0
DA:139,0
DA:140,0
DA:141,0
DA:142,0
DA:143,0
DA:144,0
DA:145,0
DA:146,0
DA:147,0
DA:148,0
DA:149,0
DA:152,0
DA:159,0
DA:160,0
DA:161,0
DA:162,0
DA:163,0
DA:164,0
DA:165,0
DA:166,0
DA:167,0
DA:168,0
DA:169,0
DA:171,0
DA:172,0
DA:174,0
DA:175,0
DA:176,0
DA:177,0
DA:178,0
DA:187,0
DA:188,0
DA:189,0
DA:190,0
DA:191,0
DA:192,0
DA:193,0
DA:194,0
DA:195,0
DA:196,0
DA:198,0
DA:199,0
DA:200,0
DA:201,0
DA:203,0
DA:204,0
DA:208,0
DA:209,0
DA:210,0
DA:211,0
DA:215,0
DA:231,0
DA:232,0
DA:233,0
DA:234,0
DA:235,0
DA:236,0
DA:237,0
DA:240,0
DA:241,0
DA:242,0
DA:243,0
DA:244,0
DA:245,0
DA:246,0
DA:247,0
DA:250,0
LF:110
LH:12
BRDA:14,0,0,3
BRDA:14,0,1,5
BRDA:14,1,0,8
BRDA:14,1,1,6
BRDA:20,2,0,8
BRDA:20,2,1,10
BRDA:22,3,0,3
BRDA:22,3,1,5
BRDA:103,4,0,0
BRDA:103,4,1,0
BRDA:103,4,2,0
BRDA:112,5,0,0
BRDA:112,5,1,0
BRDA:114,6,0,0
BRDA:114,6,1,0
BRDA:117,7,0,0
BRDA:117,7,1,0
BRDA:134,8,0,0
BRDA:134,8,1,0
BRDA:140,9,0,0
BRDA:140,9,1,0
BRDA:142,10,0,0
BRDA:142,10,1,0
BRDA:144,11,0,0
BRDA:144,11,1,0
BRDA:162,12,0,0
BRDA:162,12,1,0
BRDA:166,13,0,0
BRDA:166,13,1,0
BRDA:167,14,0,0
BRDA:167,14,1,0
BRDA:174,15,0,0
BRDA:174,15,1,0
BRDA:188,16,0,0
BRDA:188,16,1,0
BRDA:188,17,0,0
BRDA:188,17,1,0
BRDA:188,17,2,0
BRDA:191,18,0,0
BRDA:191,18,1,0
BRDA:194,19,0,0
BRDA:194,19,1,0
BRDA:198,20,0,0
BRDA:198,20,1,0
BRDA:209,21,0,0
BRDA:209,21,1,0
BRDA:231,22,0,0
BRDA:231,22,1,0
BRDA:240,23,0,0
BRDA:240,23,1,0
BRDA:243,24,0,0
BRDA:243,24,1,0
BRDA:245,25,0,0
BRDA:245,25,1,0
BRF:54
BRH:8
end_of_record
TN:
SF:src/features/filepreview/FilePreviewOverlay.tsx
FN:20,FilePreviewOverlay
FN:39,(anonymous_1)
FNF:2
FNH:2
FNDA:25,FilePreviewOverlay
FNDA:2,(anonymous_1)
DA:37,25
DA:39,25
DA:40,2
DA:44,2
DA:45,2
DA:48,25
DA:49,19
DA:51,6
LF:8
LH:8
BRDA:41,0,0,2
BRDA:41,0,1,1
BRDA:48,1,0,19
BRDA:48,1,1,6
BRDA:59,2,0,1
BRDA:59,2,1,5
BRDA:66,3,0,5
BRDA:66,3,1,1
BRF:8
BRH:8
end_of_record
TN:
SF:src/features/filepreview/ImagePreview.tsx
FN:15,ImagePreview
FN:25,(anonymous_1)
FN:37,(anonymous_2)
FNF:3
FNH:3
FNDA:8,ImagePreview
FNDA:4,(anonymous_1)
FNDA:5,(anonymous_2)
DA:24,8
DA:25,8
DA:32,8
DA:33,8
DA:37,8
DA:38,5
DA:39,1
DA:42,8
DA:46,8
DA:47,5
DA:49,3
LF:11
LH:11
BRDA:38,0,0,1
BRDA:38,0,1,4
BRDA:42,1,0,5
BRDA:42,1,1,3
BRDA:42,2,0,8
BRDA:42,2,1,4
BRDA:42,2,2,3
BRDA:46,3,0,5
BRDA:46,3,1,3
BRF:9
BRH:9
end_of_record
TN:
SF:src/features/filepreview/MarkdownPreview.tsx
FN:14,MarkdownPreview
FN:22,(anonymous_1)
FN:34,(anonymous_2)
FNF:3
FNH:3
FNDA:12,MarkdownPreview
FNDA:7,(anonymous_1)
FNDA:10,(anonymous_2)
DA:21,12
DA:22,12
DA:29,12
DA:30,12
DA:34,12
DA:35,10
DA:36,3
DA:39,12
DA:41,12
DA:42,10
DA:46,2
LF:11
LH:11
BRDA:35,0,0,3
BRDA:35,0,1,7
BRDA:39,1,0,10
BRDA:39,1,1,2
BRDA:39,2,0,12
BRDA:39,2,1,5
BRDA:39,2,2,2
BRDA:41,3,0,10
BRDA:41,3,1,2
BRF:9
BRH:9
end_of_record
TN:
SF:src/features/filepreview/PreviewNotice.tsx
FN:2,PreviewNotice
FNF:1
FNH:1
FNDA:16,PreviewNotice
DA:3,16
LF:1
LH:1
BRF:0
BRH:0
end_of_record
TN:
SF:src/features/filepreview/previewKind.ts
FN:14,previewKindForPath
FN:34,imageMimeForPath
FNF:2
FNH:2
FNDA:31,previewKindForPath
FNDA:7,imageMimeForPath
DA:11,5
DA:12,5
DA:15,31
DA:16,1
DA:17,30
DA:18,24
DA:19,6
DA:22,5
DA:35,7
LF:9
LH:9
BRDA:15,0,0,1
BRDA:15,0,1,30
BRDA:17,1,0,24
BRDA:17,1,1,6
BRDA:35,2,0,7
BRDA:35,2,1,1
BRF:6
BRH:6
end_of_record
TN:
SF:src/features/markdown/LiveMarkdownContext.ts
FN:15,useLiveMarkdown
FNF:1
FNH:1
FNDA:10,useLiveMarkdown
DA:10,6
DA:12,6
DA:16,10
LF:3
LH:3
BRF:0
BRH:0
end_of_record
TN:
SF:src/features/markdown/MarkdownContent.tsx
FN:34,MarkdownContentImpl
FN:35,(anonymous_1)
FN:40,(anonymous_2)
FN:56,renderBlock
FN:80,(anonymous_4)
FN:96,(anonymous_5)
FN:106,(anonymous_6)
FN:118,(anonymous_7)
FN:120,(anonymous_8)
FN:146,renderInline
FN:147,(anonymous_10)
FN:176,ListItemContent
FN:207,(anonymous_12)
FN:213,tableTextAlign
FN:217,withStableKeys
FN:218,(anonymous_15)
FN:225,FutureReferenceChip
FN:240,WorkspaceFutureReference
FN:256,PreviewFileReference
FN:275,FutureEmbedView
FNF:20
FNH:20
FNDA:15,MarkdownContentImpl
FNDA:15,(anonymous_1)
FNDA:22,(anonymous_2)
FNDA:24,renderBlock
FNDA:5,(anonymous_4)
FNDA:1,(anonymous_5)
FNDA:4,(anonymous_6)
FNDA:2,(anonymous_7)
FNDA:4,(anonymous_8)
FNDA:36,renderInline
FNDA:47,(anonymous_10)
FNDA:5,ListItemContent
FNDA:1,(anonymous_12)
FNDA:8,tableTextAlign
FNDA:8,withStableKeys
FNDA:15,(anonymous_15)
FNDA:4,FutureReferenceChip
FNDA:3,WorkspaceFutureReference
FNDA:3,PreviewFileReference
FNDA:2,FutureEmbedView
DA:35,15
DA:36,15
DA:39,15
DA:40,22
DA:43,15
DA:44,4
DA:45,11
DA:54,5
DA:57,24
DA:59,3
DA:64,3
DA:65,3
DA:66,1
DA:67,2
DA:68,1
DA:69,1
DA:72,2
DA:73,2
DA:81,5
DA:89,1
DA:91,1
DA:93,1
DA:96,1
DA:101,2
DA:107,4
DA:119,2
DA:121,4
DA:136,1
DA:138,13
DA:147,36
DA:148,47
DA:149,47
DA:151,2
DA:153,1
DA:155,1
DA:157,1
DA:163,1
DA:165,3
DA:167,1
DA:169,4
DA:171,33
DA:185,5
DA:186,5
DA:200,5
DA:201,4
DA:203,1
DA:207,1
DA:214,8
DA:218,15
DA:232,4
DA:235,4
DA:236,2
DA:237,2
DA:247,3
DA:248,3
DA:249,3
DA:250,3
DA:263,3
DA:264,3
DA:265,2
DA:266,1
DA:272,1
DA:282,2
DA:283,2
LF:64
LH:64
BRDA:43,0,0,4
BRDA:43,0,1,11
BRDA:57,1,0,3
BRDA:57,1,1,2
BRDA:57,1,2,1
BRDA:57,1,3,1
BRDA:57,1,4,1
BRDA:57,1,5,2
BRDA:57,1,6,1
BRDA:57,1,7,13
BRDA:59,2,0,1
BRDA:59,2,1,2
BRDA:61,3,0,1
BRDA:61,3,1,1
BRDA:65,4,0,1
BRDA:65,4,1,2
BRDA:67,5,0,1
BRDA:67,5,1,1
BRDA:72,6,0,1
BRDA:72,6,1,1
BRDA:75,7,0,1
BRDA:75,7,1,1
BRDA:149,8,0,2
BRDA:149,8,1,1
BRDA:149,8,2,1
BRDA:149,8,3,1
BRDA:149,8,4,1
BRDA:149,8,5,3
BRDA:149,8,6,1
BRDA:149,8,7,4
BRDA:149,8,8,33
BRDA:185,9,0,5
BRDA:185,9,1,0
BRDA:186,10,0,3
BRDA:186,10,1,2
BRDA:200,11,0,4
BRDA:200,11,1,1
BRDA:205,12,0,1
BRDA:205,12,1,0
BRDA:214,13,0,8
BRDA:214,13,1,4
BRDA:235,14,0,2
BRDA:235,14,1,2
BRDA:235,15,0,4
BRDA:235,15,1,2
BRDA:249,16,0,3
BRDA:249,16,1,0
BRDA:264,17,0,2
BRDA:264,17,1,1
BRF:49
BRH:46
end_of_record
TN:
SF:src/features/markdown/PreviewMarkdownContext.ts
FN:22,usePreviewMarkdown
FNF:1
FNH:1
FNDA:42,usePreviewMarkdown
DA:20,5
DA:23,42
LF:2
LH:2
BRF:0
BRH:0
end_of_record
TN:
SF:src/features/markdown/futureMarkdownTypes.ts
FN:55,referenceKey
FNF:1
FNH:1
FNDA:18,referenceKey
DA:56,18
LF:1
LH:1
BRF:0
BRH:0
end_of_record
TN:
SF:src/features/markdown/futureReferenceStore.ts
FN:45,useFutureReferences
FN:46,(anonymous_1)
FN:54,useFutureReference
FN:59,(anonymous_3)
FN:60,(anonymous_4)
FN:66,queueFutureReferenceLoad
FN:73,peekFutureReference
FN:80,loadFutureReferences
FN:109,getFutureReferenceSnapshot
FN:118,subscribeFutureReferences
FN:120,(anonymous_10)
FN:125,queueFlush
FN:128,(anonymous_12)
FN:134,flushPendingReferenceLoads
FN:139,(anonymous_14)
FN:145,resolveAndStoreReferences
FN:154,(anonymous_16)
FN:162,(anonymous_17)
FN:212,scheduleRetrySweep
FN:232,runRetrySweep
FN:259,installTerminalRunListener
FN:263,(anonymous_21)
FN:271,reresolveRunRecords
FN:283,(anonymous_23)
FN:289,pruneReferenceRecords
FN:300,notifyFutureReferenceSubscribers
FN:306,referenceIdentityKey
FN:310,storeKey
FNF:28
FNH:28
FNDA:17,useFutureReferences
FNDA:8,(anonymous_1)
FNDA:7,useFutureReference
FNDA:21,(anonymous_3)
FNDA:1,(anonymous_4)
FNDA:15,queueFutureReferenceLoad
FNDA:7,peekFutureReference
FNDA:17,loadFutureReferences
FNDA:29,getFutureReferenceSnapshot
FNDA:3,subscribeFutureReferences
FNDA:3,(anonymous_10)
FNDA:17,queueFlush
FNDA:16,(anonymous_12)
FNDA:16,flushPendingReferenceLoads
FNDA:16,(anonymous_14)
FNDA:18,resolveAndStoreReferences
FNDA:1023,(anonymous_16)
FNDA:1,(anonymous_17)
FNDA:21,scheduleRetrySweep
FNDA:4,runRetrySweep
FNDA:17,installTerminalRunListener
FNDA:3,(anonymous_21)
FNDA:1,reresolveRunRecords
FNDA:2,(anonymous_23)
FNDA:18,pruneReferenceRecords
FNDA:18,notifyFutureReferenceSubscribers
FNDA:1022,referenceIdentityKey
FNDA:2072,storeKey
DA:24,6
DA:25,6
DA:26,6
DA:29,6
DA:32,6
DA:34,6
DA:35,6
DA:40,6
DA:41,6
DA:46,17
DA:47,8
DA:48,5
DA:50,3
DA:58,7
DA:60,21
DA:61,1
DA:67,15
DA:68,1
DA:69,14
DA:77,7
DA:81,17
DA:82,17
DA:83,17
DA:84,17
DA:85,1022
DA:86,1022
DA:91,1022
DA:92,1
DA:93,1021
DA:97,3
DA:98,3
DA:99,3
DA:101,1018
DA:103,17
DA:104,4
DA:105,13
DA:106,13
DA:113,29
DA:114,1
DA:115,28
DA:119,3
DA:120,3
DA:121,3
DA:126,17
DA:127,1
DA:128,16
DA:129,16
DA:130,16
DA:135,16
DA:136,16
DA:138,16
DA:140,16
DA:151,18
DA:152,18
DA:154,1023
DA:161,1
DA:162,1
DA:170,18
DA:171,1022
DA:174,1022
DA:175,1022
DA:176,1022
DA:177,1015
DA:178,1015
DA:179,1015
DA:180,1015
DA:182,7
DA:183,1022
DA:184,1022
DA:187,2
DA:188,2
DA:189,2
DA:192,5
DA:193,5
DA:201,18
DA:202,18
DA:203,18
DA:213,21
DA:214,21
DA:215,18
DA:216,18
DA:217,15
DA:219,21
DA:220,6
DA:221,1
DA:222,1
DA:224,6
DA:227,15
DA:228,10
DA:229,15
DA:233,4
DA:234,4
DA:235,4
DA:236,4
DA:237,7
DA:238,3
DA:239,4
DA:240,4
DA:241,7
DA:242,7
DA:243,7
DA:245,4
DA:246,4
DA:248,4
DA:249,3
DA:257,6
DA:260,17
DA:261,15
DA:262,2
DA:263,2
DA:264,3
DA:265,3
DA:266,2
DA:267,1
DA:272,1
DA:275,1
DA:276,1
DA:277,9
DA:278,7
DA:279,2
DA:280,2
DA:282,1
DA:284,2
DA:290,18
DA:292,14
DA:293,14
DA:294,14
DA:295,14
DA:296,14
DA:301,18
DA:302,3
DA:307,1022
DA:311,2072
LF:133
LH:133
BRDA:47,0,0,5
BRDA:47,0,1,3
BRDA:47,1,0,8
BRDA:47,1,1,3
BRDA:67,2,0,1
BRDA:67,2,1,14
BRDA:83,3,0,17
BRDA:83,3,1,16
BRDA:91,4,0,1
BRDA:91,4,1,1021
BRDA:93,5,0,3
BRDA:93,5,1,1018
BRDA:98,6,0,3
BRDA:98,6,1,0
BRDA:98,7,0,3
BRDA:98,7,1,1
BRDA:103,8,0,4
BRDA:103,8,1,13
BRDA:113,9,0,1
BRDA:113,9,1,28
BRDA:126,10,0,1
BRDA:126,10,1,16
BRDA:176,11,0,1015
BRDA:176,11,1,7
BRDA:182,12,0,7
BRDA:182,12,1,3
BRDA:184,13,0,2
BRDA:184,13,1,1020
BRDA:216,14,0,15
BRDA:216,14,1,3
BRDA:216,15,0,18
BRDA:216,15,1,18
BRDA:219,16,0,6
BRDA:219,16,1,15
BRDA:220,17,0,1
BRDA:220,17,1,5
BRDA:227,18,0,10
BRDA:227,18,1,5
BRDA:237,19,0,3
BRDA:237,19,1,4
BRDA:237,20,0,7
BRDA:237,20,1,0
BRDA:240,21,0,4
BRDA:240,21,1,4
BRDA:245,22,0,4
BRDA:245,22,1,0
BRDA:248,23,0,3
BRDA:248,23,1,1
BRDA:260,24,0,15
BRDA:260,24,1,2
BRDA:264,25,0,3
BRDA:264,25,1,0
BRDA:265,26,0,2
BRDA:265,26,1,1
BRDA:265,27,0,3
BRDA:265,27,1,2
BRDA:265,27,2,2
BRDA:277,28,0,7
BRDA:277,28,1,2
BRF:59
BRH:55
end_of_record
TN:
SF:src/features/markdown/localPath.ts
FN:29,localFilePath
FN:93,looksLikeDomain
FN:115,hasKnownFileExtension
FNF:3
FNH:3
FNDA:58,localFilePath
FNDA:7,looksLikeDomain
FNDA:12,hasKnownFileExtension
DA:30,58
DA:31,58
DA:32,1
DA:35,57
DA:36,2
DA:37,2
DA:38,2
DA:41,1
DA:49,55
DA:50,13
DA:53,42
DA:54,16
DA:57,26
DA:58,1
DA:61,25
DA:62,2
DA:66,23
DA:67,4
DA:71,19
DA:72,19
DA:75,7
DA:76,2
DA:77,5
DA:82,12
DA:83,4
DA:85,8
DA:94,7
DA:103,10
DA:116,12
DA:117,12
LF:30
LH:30
BRDA:31,0,0,1
BRDA:31,0,1,57
BRDA:35,1,0,2
BRDA:35,1,1,55
BRDA:38,2,0,2
BRDA:38,2,1,0
BRDA:49,3,0,13
BRDA:49,3,1,42
BRDA:53,4,0,16
BRDA:53,4,1,26
BRDA:57,5,0,1
BRDA:57,5,1,25
BRDA:61,6,0,2
BRDA:61,6,1,23
BRDA:66,7,0,4
BRDA:66,7,1,19
BRDA:72,8,0,7
BRDA:72,8,1,12
BRDA:75,9,0,2
BRDA:75,9,1,5
BRDA:82,10,0,4
BRDA:82,10,1,8
BRDA:117,11,0,7
BRDA:117,11,1,5
BRF:24
BRH:23
end_of_record
TN:
SF:src/features/markdown/parseFutureMarkdown.ts
FN:58,parseFutureMarkdown
FN:68,(anonymous_1)
FN:80,parseMdast
FN:84,createParseContext
FN:94,blockToFutureNode
FN:97,(anonymous_5)
FN:116,(anonymous_6)
FN:155,phrasingToInline
FN:156,(anonymous_8)
FN:159,phrasingNodeToInline
FN:191,breakToInline
FN:195,emphasisToInline
FN:199,imageToInline
FN:208,inlineCodeToInline
FN:212,linkToInline
FN:221,linkReferenceToInline
FN:236,imageReferenceToInline
FN:250,strongToInline
FN:261,textToInlineNodes
FN:286,listToFutureNode
FN:288,(anonymous_20)
FN:294,listItemToFutureNode
FN:295,(anonymous_22)
FN:306,tableToFutureNode
FN:310,(anonymous_24)
FN:310,(anonymous_25)
FN:312,(anonymous_26)
FN:317,tableRowToCells
FN:318,(anonymous_28)
FN:327,htmlToSafeParagraph
FN:335,parseFutureEmbed
FN:358,parseDirectiveFields
FN:373,parseFutureLink
FN:405,parseFutureUrl
FN:447,isFutureReferenceType
FN:478,normalizeView
FN:492,normalizeHeadingLevel
FN:500,normalizeIdentifier
FN:504,collectReferences
FN:512,collectBlockReferences
FN:552,collectInlineReferences
FN:563,compactTextNodes
FN:577,mdastText
FN:580,(anonymous_43)
FNF:44
FNH:43
FNDA:587,parseFutureMarkdown
FNDA:598,(anonymous_1)
FNDA:572,parseMdast
FNDA:572,createParseContext
FNDA:618,blockToFutureNode
FNDA:3,(anonymous_5)
FNDA:1,(anonymous_6)
FNDA:618,phrasingToInline
FNDA:663,(anonymous_8)
FNDA:663,phrasingNodeToInline
FNDA:2,breakToInline
FNDA:3,emphasisToInline
FNDA:2,imageToInline
FNDA:2,inlineCodeToInline
FNDA:15,linkToInline
FNDA:3,linkReferenceToInline
FNDA:2,imageReferenceToInline
FNDA:4,strongToInline
FNDA:621,textToInlineNodes
FNDA:7,listToFutureNode
FNDA:13,(anonymous_20)
FNDA:13,listItemToFutureNode
FNDA:16,(anonymous_22)
FNDA:5,tableToFutureNode
FNDA:9,(anonymous_24)
FNDA:0,(anonymous_25)
FNDA:6,(anonymous_26)
FNDA:11,tableRowToCells
FNDA:20,(anonymous_28)
FNDA:3,htmlToSafeParagraph
FNDA:13,parseFutureEmbed
FNDA:11,parseDirectiveFields
FNDA:18,parseFutureLink
FNDA:18,parseFutureUrl
FNDA:5,isFutureReferenceType
FNDA:10,normalizeView
FNDA:6,normalizeHeadingLevel
FNDA:11,normalizeIdentifier
FNDA:572,collectReferences
FNDA:599,collectBlockReferences
FNDA:610,collectInlineReferences
FNDA:618,compactTextNodes
FNDA:38,mdastText
FNDA:20,(anonymous_43)
DA:36,9
DA:48,9
DA:52,9
DA:59,587
DA:60,587
DA:62,15
DA:63,15
DA:64,15
DA:66,572
DA:67,572
DA:68,598
DA:69,572
DA:70,572
DA:71,572
DA:72,34
DA:73,34
DA:74,34
DA:76,572
DA:77,572
DA:81,572
DA:85,572
DA:86,572
DA:87,598
DA:88,6
DA:91,572
DA:95,618
DA:97,3
DA:102,13
DA:103,13
DA:104,10
DA:106,3
DA:109,6
DA:114,1
DA:116,1
DA:121,6
DA:123,3
DA:135,7
DA:137,572
DA:139,5
DA:144,2
DA:156,663
DA:160,663
DA:162,2
DA:164,4
DA:166,3
DA:168,1
DA:170,4
DA:172,2
DA:174,2
DA:176,2
DA:178,15
DA:180,3
DA:182,4
DA:184,621
DA:192,2
DA:196,3
DA:200,2
DA:209,2
DA:213,15
DA:214,15
DA:215,15
DA:216,8
DA:218,7
DA:222,3
DA:223,3
DA:229,3
DA:230,3
DA:231,1
DA:233,2
DA:237,2
DA:242,2
DA:251,4
DA:259,9
DA:262,621
DA:263,621
DA:264,621
DA:265,621
DA:266,621
DA:267,12
DA:268,12
DA:269,12
DA:270,4
DA:271,8
DA:272,1
DA:273,8
DA:277,8
DA:279,621
DA:280,613
DA:281,8
DA:282,1
DA:283,8
DA:287,7
DA:288,13
DA:295,16
DA:296,13
DA:297,13
DA:298,13
DA:299,13
DA:307,5
DA:308,5
DA:309,5
DA:310,9
DA:312,6
DA:318,20
DA:319,11
DA:320,9
DA:321,2
DA:322,1
DA:323,1
DA:324,1
DA:328,3
DA:332,3
DA:340,13
DA:341,13
DA:342,2
DA:344,11
DA:345,11
DA:346,13
DA:347,1
DA:349,10
DA:359,11
DA:360,11
DA:361,21
DA:362,21
DA:363,2
DA:364,19
DA:365,19
DA:366,19
DA:367,19
DA:370,11
DA:374,18
DA:391,18
DA:392,18
DA:393,9
DA:402,9
DA:406,18
DA:407,18
DA:408,18
DA:409,4
DA:411,5
DA:412,5
DA:413,5
DA:432,9
DA:454,5
DA:455,5
DA:479,10
DA:480,1
DA:481,9
DA:482,1
DA:483,8
DA:484,1
DA:485,7
DA:486,1
DA:487,6
DA:488,2
DA:489,4
DA:493,6
DA:494,2
DA:495,4
DA:496,2
DA:497,2
DA:501,11
DA:505,572
DA:506,572
DA:507,592
DA:509,572
DA:513,599
DA:514,10
DA:515,10
DA:518,589
DA:519,568
DA:520,568
DA:523,21
DA:524,4
DA:525,4
DA:527,4
DA:530,17
DA:531,7
DA:532,13
DA:533,13
DA:534,3
DA:537,7
DA:540,10
DA:541,5
DA:542,9
DA:544,5
DA:545,6
DA:546,11
DA:553,610
DA:554,646
DA:555,17
DA:557,629
DA:558,9
DA:564,618
DA:565,618
DA:566,665
DA:567,665
DA:568,10
DA:571,655
DA:574,618
DA:578,38
DA:579,18
DA:580,20
LF:203
LH:203
BRDA:60,0,0,15
BRDA:60,0,1,572
BRDA:71,1,0,34
BRDA:71,1,1,538
BRDA:73,2,0,34
BRDA:73,2,1,0
BRDA:87,3,0,6
BRDA:87,3,1,592
BRDA:95,4,0,3
BRDA:95,4,1,13
BRDA:95,4,2,6
BRDA:95,4,3,1
BRDA:95,4,4,6
BRDA:95,4,5,3
BRDA:95,4,6,0
BRDA:95,4,7,0
BRDA:95,4,8,0
BRDA:95,4,9,7
BRDA:103,5,0,10
BRDA:103,5,1,3
BRDA:106,6,0,3
BRDA:106,6,1,0
BRDA:160,7,0,2
BRDA:160,7,1,4
BRDA:160,7,2,3
BRDA:160,7,3,1
BRDA:160,7,4,4
BRDA:160,7,5,2
BRDA:160,7,6,2
BRDA:160,7,7,2
BRDA:160,7,8,15
BRDA:160,7,9,3
BRDA:160,7,10,4
BRDA:160,7,11,621
BRDA:174,8,0,2
BRDA:174,8,1,0
BRDA:201,9,0,2
BRDA:201,9,1,0
BRDA:203,10,0,2
BRDA:203,10,1,1
BRDA:215,11,0,8
BRDA:215,11,1,7
BRDA:230,12,0,1
BRDA:230,12,1,2
BRDA:243,13,0,2
BRDA:243,13,1,0
BRDA:245,14,0,2
BRDA:245,14,1,1
BRDA:267,15,0,12
BRDA:267,15,1,0
BRDA:269,16,0,4
BRDA:269,16,1,8
BRDA:271,17,0,1
BRDA:271,17,1,7
BRDA:279,18,0,613
BRDA:279,18,1,8
BRDA:281,19,0,1
BRDA:281,19,1,7
BRDA:296,20,0,13
BRDA:296,20,1,0
BRDA:297,21,0,13
BRDA:297,21,1,0
BRDA:298,22,0,13
BRDA:298,22,1,0
BRDA:300,23,0,3
BRDA:300,23,1,10
BRDA:301,24,0,13
BRDA:301,24,1,8
BRDA:308,25,0,5
BRDA:308,25,1,0
BRDA:310,26,0,5
BRDA:310,26,1,0
BRDA:310,27,0,9
BRDA:310,27,1,5
BRDA:319,28,0,9
BRDA:319,28,1,2
BRDA:319,29,0,11
BRDA:319,29,1,6
BRDA:321,30,0,1
BRDA:321,30,1,1
BRDA:341,31,0,2
BRDA:341,31,1,11
BRDA:346,32,0,1
BRDA:346,32,1,12
BRDA:362,33,0,2
BRDA:362,33,1,19
BRDA:366,34,0,19
BRDA:366,34,1,0
BRDA:392,35,0,9
BRDA:392,35,1,9
BRDA:408,36,0,4
BRDA:408,36,1,14
BRDA:412,37,0,5
BRDA:412,37,1,0
BRDA:479,38,0,1
BRDA:479,38,1,9
BRDA:481,39,0,1
BRDA:481,39,1,8
BRDA:483,40,0,1
BRDA:483,40,1,7
BRDA:485,41,0,1
BRDA:485,41,1,6
BRDA:487,42,0,2
BRDA:487,42,1,4
BRDA:493,43,0,2
BRDA:493,43,1,4
BRDA:495,44,0,2
BRDA:495,44,1,2
BRDA:513,45,0,10
BRDA:513,45,1,589
BRDA:518,46,0,568
BRDA:518,46,1,21
BRDA:518,47,0,589
BRDA:518,47,1,27
BRDA:523,48,0,4
BRDA:523,48,1,17
BRDA:530,49,0,7
BRDA:530,49,1,10
BRDA:533,50,0,13
BRDA:533,50,1,10
BRDA:540,51,0,5
BRDA:540,51,1,5
BRDA:554,52,0,17
BRDA:554,52,1,629
BRDA:557,53,0,9
BRDA:557,53,1,620
BRDA:557,54,0,629
BRDA:557,54,1,627
BRDA:557,54,2,624
BRDA:567,55,0,10
BRDA:567,55,1,655
BRDA:567,56,0,665
BRDA:567,56,1,620
BRDA:578,57,0,18
BRDA:578,57,1,20
BRDA:580,58,0,20
BRDA:580,58,1,0
BRF:137
BRH:120
end_of_record
TN:
SF:src/features/markdown/resolveFutureReferences.ts
FN:5,resolveFutureReferences
FN:6,(anonymous_1)
FN:9,(anonymous_2)
FN:14,(anonymous_3)
FNF:4
FNH:4
FNDA:5,resolveFutureReferences
FNDA:8,(anonymous_1)
FNDA:7,(anonymous_2)
FNDA:5,(anonymous_3)
DA:6,8
DA:7,5
DA:9,7
DA:14,5
LF:4
LH:4
BRF:0
BRH:0
end_of_record
TN:
SF:src/features/markdown/useCodeHighlighter.ts
FN:39,emitChange
FN:46,subscribe
FN:48,(anonymous_2)
FN:53,getSnapshot
FN:60,getServerSnapshot
FN:64,getHighlighter
FN:79,(anonymous_6)
FN:89,ensureLanguageLoaded
FN:96,(anonymous_8)
FN:100,(anonymous_9)
FN:106,normalizeLanguage
FN:172,useCodeHighlighter
FN:179,(anonymous_12)
FN:188,(anonymous_13)
FN:226,(anonymous_14)
FN:227,(anonymous_15)
FNF:16
FNH:16
FNDA:3,emitChange
FNDA:10,subscribe
FNDA:10,(anonymous_2)
FNDA:42,getSnapshot
FNDA:2,getServerSnapshot
FNDA:1,getHighlighter
FNDA:1,(anonymous_6)
FNDA:5,ensureLanguageLoaded
FNDA:2,(anonymous_8)
FNDA:2,(anonymous_9)
FNDA:415,normalizeLanguage
FNDA:15,useCodeHighlighter
FNDA:10,(anonymous_12)
FNDA:417,(anonymous_13)
FNDA:406,(anonymous_14)
FNDA:410,(anonymous_15)
DA:23,6
DA:25,6
DA:26,6
DA:29,6
DA:36,6
DA:37,6
DA:40,3
DA:41,3
DA:42,3
DA:47,10
DA:48,10
DA:49,10
DA:54,42
DA:61,2
DA:72,1
DA:76,1
DA:80,1
DA:81,1
DA:82,1
DA:86,1
DA:90,5
DA:91,1
DA:93,4
DA:94,4
DA:97,2
DA:98,2
DA:102,2
DA:107,415
DA:108,1
DA:111,414
DA:113,414
DA:159,414
DA:168,6
DA:169,6
DA:170,6
DA:177,15
DA:179,15
DA:182,10
DA:183,1
DA:187,15
DA:189,417
DA:190,417
DA:191,2
DA:194,415
DA:195,415
DA:196,2
DA:199,413
DA:200,413
DA:201,413
DA:203,1
DA:204,1
DA:205,1
DA:208,412
DA:209,412
DA:210,412
DA:213,5
DA:214,5
DA:217,407
DA:222,407
DA:223,407
DA:224,417
DA:226,417
DA:227,410
DA:234,417
DA:235,417
DA:236,404
DA:237,4
DA:238,4
DA:239,4
DA:241,404
DA:243,406
DA:246,1
DA:256,15
LF:73
LH:73
BRDA:72,0,0,1
BRDA:72,0,1,0
BRDA:90,1,0,1
BRDA:90,1,1,4
BRDA:90,2,0,5
BRDA:90,2,1,5
BRDA:107,3,0,1
BRDA:107,3,1,414
BRDA:159,4,0,414
BRDA:159,4,1,1
BRDA:182,5,0,1
BRDA:182,5,1,9
BRDA:190,6,0,2
BRDA:190,6,1,415
BRDA:195,7,0,2
BRDA:195,7,1,413
BRDA:201,8,0,1
BRDA:201,8,1,412
BRDA:210,9,0,5
BRDA:210,9,1,407
BRDA:223,10,0,0
BRDA:223,10,1,406
BRDA:224,11,0,0
BRDA:224,11,1,406
BRDA:229,12,0,406
BRDA:229,12,1,4
BRDA:230,13,0,406
BRDA:230,13,1,4
BRDA:235,14,0,404
BRDA:235,14,1,13
BRDA:236,15,0,4
BRDA:236,15,1,400
BRDA:238,16,0,4
BRDA:238,16,1,0
BRF:34
BRH:30
end_of_record
TN:
SF:src/features/markdown/usePreviewLinkPath.ts
FN:15,usePreviewLinkPath
FN:16,(anonymous_1)
FNF:2
FNH:2
FNDA:7,usePreviewLinkPath
FNDA:4,(anonymous_1)
DA:16,7
DA:22,7
LF:2
LH:2
BRDA:22,0,0,5
BRDA:22,0,1,2
BRDA:22,1,0,7
BRDA:22,1,1,3
BRF:4
BRH:4
end_of_record
TN:
SF:src/features/markdown/renderers/ArtifactEmbed.tsx
FN:11,ArtifactEmbed
FN:21,inspectArtifact
FN:65,(anonymous_2)
FN:77,(anonymous_3)
FNF:4
FNH:4
FNDA:5,ArtifactEmbed
FNDA:1,inspectArtifact
FNDA:1,(anonymous_2)
FNDA:1,(anonymous_3)
DA:18,5
DA:19,5
DA:22,1
DA:25,5
DA:65,1
DA:77,1
LF:6
LH:6
BRDA:31,0,0,5
BRDA:31,0,1,1
BRDA:31,0,2,1
BRDA:37,1,0,1
BRDA:37,1,1,4
BRDA:38,2,0,4
BRDA:38,2,1,1
BRDA:45,3,0,1
BRDA:45,3,1,4
BRDA:45,4,0,5
BRDA:45,4,1,1
BRDA:61,5,0,4
BRDA:61,5,1,1
BRDA:64,6,0,1
BRDA:64,6,1,3
BRDA:65,7,0,1
BRDA:65,7,1,0
BRDA:73,8,0,4
BRDA:73,8,1,1
BRDA:77,9,0,1
BRDA:77,9,1,0
BRF:21
BRH:19
end_of_record
TN:
SF:src/features/markdown/renderers/CodeBlock.tsx
FN:8,CodeBlock
FN:22,(anonymous_1)
FN:34,(anonymous_2)
FN:51,(anonymous_3)
FN:60,(anonymous_4)
FN:67,(anonymous_5)
FNF:6
FNH:6
FNDA:10,CodeBlock
FNDA:8,(anonymous_1)
FNDA:1,(anonymous_2)
FNDA:1,(anonymous_3)
FNDA:3,(anonymous_4)
FNDA:6,(anonymous_5)
DA:15,10
DA:16,10
DA:17,10
DA:21,10
DA:22,10
DA:23,8
DA:28,10
DA:29,7
DA:34,1
DA:45,3
DA:51,1
DA:62,3
DA:68,6
LF:13
LH:13
BRDA:23,0,0,1
BRDA:23,0,1,7
BRDA:28,1,0,7
BRDA:28,1,1,3
BRDA:28,2,0,10
BRDA:28,2,1,5
BRDA:38,3,0,6
BRDA:38,3,1,1
BRDA:58,4,0,3
BRDA:58,4,1,0
BRDA:72,5,0,3
BRDA:72,5,1,3
BRDA:72,6,0,3
BRDA:72,6,1,0
BRF:14
BRH:12
end_of_record
TN:
SF:src/features/markdown/renderers/FileLink.tsx
FN:18,toFileUrl
FN:35,FileLink
FN:46,(anonymous_2)
FN:55,(anonymous_3)
FN:56,(anonymous_4)
FN:57,(anonymous_5)
FN:59,activate
FN:73,(anonymous_7)
FN:75,(anonymous_8)
FN:77,(anonymous_9)
FN:86,(anonymous_10)
FN:90,(anonymous_11)
FNF:12
FNH:12
FNDA:26,toFileUrl
FNDA:26,FileLink
FNDA:3,(anonymous_2)
FNDA:3,(anonymous_3)
FNDA:2,(anonymous_4)
FNDA:2,(anonymous_5)
FNDA:4,activate
FNDA:1,(anonymous_7)
FNDA:1,(anonymous_8)
FNDA:1,(anonymous_9)
FNDA:4,(anonymous_10)
FNDA:1,(anonymous_11)
DA:19,26
DA:20,26
DA:36,26
DA:37,26
DA:38,26
DA:39,26
DA:41,26
DA:42,26
DA:46,26
DA:47,3
DA:48,3
DA:51,1
DA:55,26
DA:56,26
DA:57,26
DA:61,4
DA:62,1
DA:63,3
DA:64,1
DA:66,2
DA:69,26
DA:73,1
DA:75,1
DA:77,1
DA:81,26
DA:87,4
DA:88,4
DA:90,1
LF:28
LH:28
BRDA:20,0,0,25
BRDA:20,0,1,1
BRDA:41,1,0,21
BRDA:41,1,1,5
BRDA:41,2,0,26
BRDA:41,2,1,21
BRDA:61,3,0,1
BRDA:61,3,1,3
BRDA:63,4,0,1
BRDA:63,4,1,2
BRDA:70,5,0,22
BRDA:70,5,1,4
BRDA:74,6,0,21
BRDA:74,6,1,5
BRDA:74,7,0,26
BRDA:74,7,1,21
BRDA:75,8,0,1
BRDA:75,8,1,0
BRDA:90,9,0,1
BRDA:90,9,1,24
BRDA:95,10,0,2
BRDA:95,10,1,24
BRDA:96,11,0,20
BRDA:96,11,1,6
BRDA:96,12,0,26
BRDA:96,12,1,24
BRF:26
BRH:25
end_of_record
TN:
SF:src/features/markdown/renderers/FutureEmbed.tsx
FN:17,FutureEmbed
FNF:1
FNH:1
FNDA:20,FutureEmbed
DA:24,20
DA:28,20
DA:29,20
DA:30,3
DA:33,17
DA:34,1
DA:36,16
DA:37,1
DA:40,15
DA:41,5
DA:42,4
DA:44,1
DA:47,10
DA:48,3
DA:49,2
DA:51,1
DA:54,7
DA:55,3
DA:56,2
DA:58,1
DA:61,4
DA:62,3
DA:63,2
DA:65,1
DA:68,1
LF:25
LH:25
BRDA:29,0,0,3
BRDA:29,0,1,17
BRDA:33,1,0,1
BRDA:33,1,1,16
BRDA:36,2,0,1
BRDA:36,2,1,15
BRDA:40,3,0,5
BRDA:40,3,1,10
BRDA:40,4,0,15
BRDA:40,4,1,5
BRDA:41,5,0,4
BRDA:41,5,1,1
BRDA:47,6,0,3
BRDA:47,6,1,7
BRDA:47,7,0,10
BRDA:47,7,1,4
BRDA:48,8,0,2
BRDA:48,8,1,1
BRDA:54,9,0,3
BRDA:54,9,1,4
BRDA:54,10,0,7
BRDA:54,10,1,3
BRDA:55,11,0,2
BRDA:55,11,1,1
BRDA:61,12,0,3
BRDA:61,12,1,1
BRDA:61,13,0,4
BRDA:61,13,1,3
BRDA:62,14,0,2
BRDA:62,14,1,1
BRF:30
BRH:30
end_of_record
TN:
SF:src/features/markdown/renderers/LinkContextMenu.tsx
FN:24,LinkContextMenu
FN:40,(anonymous_1)
FN:72,(anonymous_2)
FN:80,(anonymous_3)
FNF:4
FNH:4
FNDA:53,LinkContextMenu
FNDA:28,(anonymous_1)
FNDA:66,(anonymous_2)
FNDA:7,(anonymous_3)
DA:7,5
DA:35,53
DA:39,53
DA:40,53
DA:41,28
DA:42,18
DA:43,18
DA:45,10
DA:46,10
DA:47,1
DA:48,1
DA:50,9
DA:51,9
DA:52,9
DA:53,9
DA:59,53
DA:60,33
DA:64,20
DA:66,53
DA:73,66
DA:81,7
DA:82,7
LF:22
LH:22
BRDA:41,0,0,18
BRDA:41,0,1,10
BRDA:46,1,0,1
BRDA:46,1,1,9
BRDA:59,2,0,33
BRDA:59,2,1,20
BRDA:64,3,0,20
BRDA:64,3,1,10
BRDA:74,4,0,12
BRDA:74,4,1,54
BRDA:78,5,0,2
BRDA:78,5,1,64
BRF:12
BRH:12
end_of_record
TN:
SF:src/features/markdown/renderers/MissingReference.tsx
FN:4,MissingReference
FNF:1
FNH:1
FNDA:9,MissingReference
DA:11,9
DA:12,9
LF:2
LH:2
BRDA:15,0,0,9
BRDA:15,0,1,3
BRF:2
BRH:2
end_of_record
TN:
SF:src/features/markdown/renderers/ObjectEmbed.tsx
FN:13,ApprovalEmbed
FN:39,ReviewEmbed
FN:47,openReview
FN:72,ObjectFrame
FNF:4
FNH:4
FNDA:2,ApprovalEmbed
FNDA:2,ReviewEmbed
FNDA:1,openReview
FNDA:4,ObjectFrame
DA:20,2
DA:46,2
DA:48,1
DA:51,2
DA:85,4
LF:5
LH:5
BRDA:25,0,0,2
BRDA:25,0,1,1
BRDA:25,0,2,1
BRDA:27,1,0,1
BRDA:27,1,1,1
BRDA:28,2,0,1
BRDA:28,2,1,1
BRDA:56,3,0,2
BRDA:56,3,1,1
BRDA:56,3,2,1
BRDA:58,4,0,1
BRDA:58,4,1,1
BRDA:92,5,0,4
BRDA:92,5,1,0
BRDA:92,6,0,4
BRDA:92,6,1,0
BRDA:94,7,0,4
BRDA:94,7,1,0
BRDA:95,8,0,4
BRDA:95,8,1,0
BRF:20
BRH:16
end_of_record
TN:
SF:src/features/markdown/renderers/PendingReference.tsx
FN:10,PendingReference
FNF:1
FNH:1
FNDA:11,PendingReference
DA:11,11
LF:1
LH:1
BRDA:11,0,0,11
BRDA:11,0,1,3
BRF:2
BRH:2
end_of_record
TN:
SF:src/features/markdown/renderers/ReferenceChip.tsx
FN:7,ReferenceChip
FN:34,renderReferenceIcon
FNF:2
FNH:2
FNDA:7,ReferenceChip
FNDA:5,renderReferenceIcon
DA:15,7
DA:16,1
DA:18,6
DA:19,1
DA:22,5
DA:23,7
DA:35,5
DA:36,5
DA:38,1
DA:40,1
DA:42,2
DA:44,1
LF:12
LH:12
BRDA:15,0,0,1
BRDA:15,0,1,6
BRDA:18,1,0,1
BRDA:18,1,1,5
BRDA:22,2,0,5
BRDA:22,2,1,4
BRDA:36,3,0,1
BRDA:36,3,1,1
BRDA:36,3,2,2
BRDA:36,3,3,1
BRF:10
BRH:10
end_of_record
TN:
SF:src/features/markdown/renderers/RunEmbed.tsx
FN:13,RunEmbed
FN:21,inspectRun
FNF:2
FNH:2
FNDA:2,RunEmbed
FNDA:1,inspectRun
DA:20,2
DA:22,1
DA:25,2
LF:3
LH:3
BRDA:31,0,0,2
BRDA:31,0,1,2
BRDA:35,1,0,1
BRDA:35,1,1,1
BRDA:40,2,0,2
BRDA:40,2,1,1
BRDA:47,3,0,1
BRDA:47,3,1,1
BRF:8
BRH:8
end_of_record
TN:
SF:src/features/markdown/renderers/SafeLink.tsx
FN:21,SafeLink
FN:36,(anonymous_1)
FN:36,(anonymous_2)
FN:43,(anonymous_3)
FN:47,(anonymous_4)
FN:60,(anonymous_5)
FN:68,SafeImage
FN:95,(anonymous_7)
FN:102,safeExternalUrl
FNF:9
FNH:8
FNDA:12,SafeLink
FNDA:2,(anonymous_1)
FNDA:0,(anonymous_2)
FNDA:1,(anonymous_3)
FNDA:1,(anonymous_4)
FNDA:1,(anonymous_5)
FNDA:4,SafeImage
FNDA:1,(anonymous_7)
FNDA:16,safeExternalUrl
DA:28,12
DA:29,12
DA:30,12
DA:31,12
DA:32,12
DA:33,3
DA:36,9
DA:38,9
DA:44,1
DA:45,1
DA:47,1
DA:60,1
DA:77,4
DA:78,4
DA:79,4
DA:80,4
DA:81,2
DA:91,2
DA:95,1
DA:103,16
DA:104,16
DA:105,16
DA:108,1
LF:23
LH:23
BRDA:32,0,0,3
BRDA:32,0,1,9
BRDA:47,1,0,1
BRDA:47,1,1,8
BRDA:53,2,0,1
BRDA:53,2,1,8
BRDA:80,3,0,2
BRDA:80,3,1,2
BRDA:80,4,0,4
BRDA:80,4,1,3
BRDA:86,5,0,2
BRDA:86,5,1,1
BRDA:105,6,0,12
BRDA:105,6,1,3
BRF:14
BRH:14
end_of_record
TN:
SF:src/features/markdown/renderers/fileReference.tsx
FN:13,renderFileReference
FNF:1
FNH:1
FNDA:27,renderFileReference
DA:14,27
DA:15,18
DA:16,9
DA:17,4
DA:18,5
LF:5
LH:5
BRDA:14,0,0,18
BRDA:14,0,1,9
BRDA:16,1,0,4
BRDA:16,1,1,5
BRDA:16,2,0,9
BRDA:16,2,1,5
BRDA:16,2,2,5
BRF:7
BRH:7
end_of_record
TN:
SF:src/features/markdown/renderers/useLinkContextMenu.ts
FN:10,useLinkContextMenu
FN:14,(anonymous_1)
FN:18,(anonymous_2)
FN:20,(anonymous_3)
FNF:4
FNH:4
FNDA:41,useLinkContextMenu
FNDA:1,(anonymous_1)
FNDA:7,(anonymous_2)
FNDA:8,(anonymous_3)
DA:11,41
DA:12,41
DA:14,1
DA:17,41
DA:18,7
DA:21,8
DA:22,8
LF:7
LH:7
BRF:0
BRH:0
end_of_record
TN:
SF:src/features/runs/runDisplayFormatters.ts
FN:4,formatRunStatus
FN:22,toolStatusLabel
FN:37,runTone
FN:49,shortId
FNF:4
FNH:4
FNDA:8,formatRunStatus
FNDA:6,toolStatusLabel
FNDA:8,runTone
FNDA:5,shortId
DA:5,8
DA:7,3
DA:9,1
DA:11,1
DA:13,1
DA:15,1
DA:17,1
DA:23,6
DA:25,1
DA:27,1
DA:29,1
DA:31,1
DA:33,2
DA:38,8
DA:39,3
DA:40,5
DA:41,2
DA:42,3
DA:43,1
DA:44,2
DA:45,1
DA:46,1
DA:50,5
LF:23
LH:23
BRDA:5,0,0,3
BRDA:5,0,1,1
BRDA:5,0,2,1
BRDA:5,0,3,1
BRDA:5,0,4,1
BRDA:5,0,5,1
BRDA:23,1,0,1
BRDA:23,1,1,1
BRDA:23,1,2,1
BRDA:23,1,3,1
BRDA:23,1,4,2
BRDA:33,2,0,2
BRDA:33,2,1,1
BRDA:38,3,0,3
BRDA:38,3,1,5
BRDA:40,4,0,2
BRDA:40,4,1,3
BRDA:40,5,0,5
BRDA:40,5,1,4
BRDA:42,6,0,1
BRDA:42,6,1,2
BRDA:44,7,0,1
BRDA:44,7,1,1
BRF:23
BRH:23
end_of_record
TN:
SF:src/features/runs/runErrorMeta.ts
FN:20,errorTypeMeta
FNF:1
FNH:1
FNDA:8,errorTypeMeta
DA:11,1
DA:21,8
LF:2
LH:2
BRDA:21,0,0,6
BRDA:21,0,1,2
BRDA:21,1,0,6
BRDA:21,1,1,0
BRF:4
BRH:3
end_of_record
TN:
SF:src/features/runs/toolInput.ts
FN:11,parseJsonish
FN:32,recordOf
FN:37,keyList
FN:42,stringField
FN:57,numberOrStringField
FN:71,toolCommand
FN:76,toolTarget
FNF:7
FNH:7
FNDA:19,parseJsonish
FNDA:16,recordOf
FNDA:13,keyList
FNDA:18,stringField
FNDA:4,numberOrStringField
FNDA:7,toolCommand
FNDA:5,toolTarget
DA:12,19
DA:13,19
DA:14,33
DA:15,7
DA:16,26
DA:17,5
DA:18,21
DA:19,21
DA:20,3
DA:21,18
DA:22,18
DA:25,3
DA:28,1
DA:33,16
DA:34,16
DA:38,13
DA:43,18
DA:44,8
DA:45,10
DA:46,23
DA:47,23
DA:48,8
DA:50,2
DA:58,4
DA:59,1
DA:60,3
DA:61,5
DA:62,5
DA:63,1
DA:64,4
DA:65,1
DA:67,1
DA:72,7
DA:77,5
LF:34
LH:34
BRDA:14,0,0,7
BRDA:14,0,1,26
BRDA:16,1,0,5
BRDA:16,1,1,21
BRDA:19,2,0,3
BRDA:19,2,1,18
BRDA:34,3,0,7
BRDA:34,3,1,9
BRDA:38,4,0,9
BRDA:38,4,1,4
BRDA:43,5,0,8
BRDA:43,5,1,10
BRDA:47,6,0,8
BRDA:47,6,1,15
BRDA:47,7,0,23
BRDA:47,7,1,9
BRDA:58,8,0,1
BRDA:58,8,1,3
BRDA:62,9,0,1
BRDA:62,9,1,4
BRDA:62,10,0,5
BRDA:62,10,1,1
BRDA:64,11,0,1
BRDA:64,11,1,3
BRDA:64,12,0,4
BRDA:64,12,1,1
BRF:26
BRH:26
end_of_record
TN:
SF:src/features/skills/autoUpgrade.ts
FN:18,computeSkillUpgrades
FNF:1
FNH:1
FNDA:4,computeSkillUpgrades
DA:22,4
DA:23,4
DA:24,6
DA:25,6
DA:28,4
DA:29,4
DA:30,6
DA:31,6
DA:32,1
DA:34,4
LF:10
LH:10
BRDA:24,0,0,6
BRDA:24,0,1,0
BRDA:30,1,0,6
BRDA:30,1,1,2
BRDA:31,2,0,1
BRDA:31,2,1,5
BRDA:31,3,0,6
BRDA:31,3,1,4
BRF:8
BRH:7
end_of_record
TN:
SF:src/features/skills/skillVersion.ts
FN:8,compareVersions
FN:35,isUpgradeAvailable
FNF:2
FNH:2
FNDA:15,compareVersions
FNDA:13,isUpgradeAvailable
DA:9,15
DA:10,15
DA:11,15
DA:12,15
DA:13,34
DA:14,34
DA:15,34
DA:16,23
DA:17,11
DA:18,11
DA:19,11
DA:20,10
DA:21,9
DA:22,1
DA:24,1
DA:26,5
DA:39,13
DA:40,5
DA:41,8
DA:42,8
DA:43,8
DA:44,1
DA:45,7
LF:23
LH:23
BRDA:13,0,0,34
BRDA:13,0,1,1
BRDA:14,1,0,34
BRDA:14,1,1,1
BRDA:15,2,0,23
BRDA:15,2,1,11
BRDA:19,3,0,10
BRDA:19,3,1,1
BRDA:19,4,0,11
BRDA:19,4,1,10
BRDA:20,5,0,9
BRDA:20,5,1,1
BRDA:21,6,0,3
BRDA:21,6,1,6
BRDA:24,7,0,0
BRDA:24,7,1,1
BRDA:39,8,0,5
BRDA:39,8,1,8
BRDA:39,9,0,13
BRDA:39,9,1,9
BRDA:43,10,0,1
BRDA:43,10,1,7
BRDA:43,11,0,8
BRDA:43,11,1,8
BRF:24
BRH:23
end_of_record
TN:
SF:src/features/skills/skillsFilter.ts
FN:11,matchesInstalledSkill
FN:34,matchesAvailableSkill
FN:49,matchesCategory
FN:53,matchesQuery
FN:58,(anonymous_4)
FN:61,normalizeSearchText
FN:65,uniqueSorted
FN:66,(anonymous_7)
FN:66,(anonymous_8)
FNF:9
FNH:9
FNDA:9,matchesInstalledSkill
FNDA:5,matchesAvailableSkill
FNDA:14,matchesCategory
FNDA:14,matchesQuery
FNDA:60,(anonymous_4)
FNDA:77,normalizeSearchText
FNDA:1,uniqueSorted
FNDA:6,(anonymous_7)
FNDA:1,(anonymous_8)
DA:4,1
DA:12,9
DA:13,2
DA:19,7
DA:35,5
DA:36,1
DA:38,4
DA:50,14
DA:54,14
DA:55,14
DA:56,2
DA:58,60
DA:62,77
DA:66,6
LF:14
LH:14
BRDA:12,0,0,2
BRDA:12,0,1,7
BRDA:35,1,0,1
BRDA:35,1,1,4
BRDA:50,2,0,14
BRDA:50,2,1,5
BRDA:55,3,0,2
BRDA:55,3,1,12
BRDA:62,4,0,77
BRDA:62,4,1,15
BRF:10
BRH:10
end_of_record
TN:
SF:src/i18n/index.ts
FN:35,readStoredLanguage
FN:59,getLanguage
FN:64,setLanguage
FNF:3
FNH:3
FNDA:57,readStoredLanguage
FNDA:4,getLanguage
FNDA:2,setLanguage
DA:9,57
DA:14,57
DA:15,57
DA:18,1254
DA:19,1254
DA:20,1254
DA:21,1254
DA:24,57
DA:27,57
DA:32,57
DA:33,57
DA:36,57
DA:37,57
DA:38,57
DA:39,1
DA:44,56
DA:47,57
DA:49,57
DA:60,4
DA:61,4
DA:65,2
DA:66,2
DA:71,2
LF:23
LH:23
BRDA:38,0,0,1
BRDA:38,0,1,56
BRDA:38,1,0,57
BRDA:38,1,1,8
BRDA:47,2,0,57
BRDA:47,2,1,0
BRDA:53,3,0,57
BRDA:53,3,1,0
BRDA:61,4,0,2
BRDA:61,4,1,2
BRF:10
BRH:8
end_of_record
TN:
SF:src/i18n/locales/en/agent.json
FNF:0
FNH:0
DA:1,57
DA:2,57
DA:3,57
DA:4,57
DA:5,57
DA:6,57
DA:7,57
DA:8,57
DA:9,57
DA:10,57
LF:10
LH:10
BRF:0
BRH:0
end_of_record
TN:
SF:src/i18n/locales/en/artifacts.json
FNF:0
FNH:0
DA:1,57
DA:2,57
DA:3,57
DA:4,57
DA:5,57
LF:5
LH:5
BRF:0
BRH:0
end_of_record
TN:
SF:src/i18n/locales/en/common.json
FNF:0
FNH:0
DA:1,57
DA:2,57
DA:3,57
DA:4,57
DA:5,57
DA:6,57
DA:7,57
DA:8,57
DA:9,57
DA:10,57
DA:11,57
DA:12,57
DA:13,57
LF:13
LH:13
BRF:0
BRH:0
end_of_record
TN:
SF:src/i18n/locales/en/filetree.json
FNF:0
FNH:0
DA:1,57
DA:2,57
DA:3,57
DA:4,57
DA:5,57
DA:6,57
DA:7,57
DA:8,57
DA:9,57
DA:10,57
DA:11,57
LF:11
LH:11
BRF:0
BRH:0
end_of_record
TN:
SF:src/i18n/locales/en/layout.json
FNF:0
FNH:0
DA:1,57
DA:2,57
DA:3,57
DA:4,57
DA:5,57
DA:6,57
DA:7,57
DA:8,57
DA:9,57
DA:10,57
DA:11,57
DA:12,57
LF:12
LH:12
BRF:0
BRH:0
end_of_record
TN:
SF:src/i18n/locales/en/markdown.json
FNF:0
FNH:0
DA:1,57
DA:2,57
DA:3,57
DA:4,57
DA:5,57
DA:6,57
DA:7,57
DA:8,57
DA:9,57
DA:10,57
LF:10
LH:10
BRF:0
BRH:0
end_of_record
TN:
SF:src/i18n/locales/en/remote.json
FNF:0
FNH:0
DA:1,57
DA:2,57
DA:3,57
DA:4,57
DA:5,57
DA:6,57
DA:7,57
DA:8,57
DA:9,57
DA:10,57
DA:11,57
DA:12,57
DA:13,57
DA:14,57
DA:15,57
DA:16,57
DA:17,57
DA:18,57
DA:19,57
DA:20,57
DA:21,57
DA:22,57
LF:22
LH:22
BRF:0
BRH:0
end_of_record
TN:
SF:src/i18n/locales/en/review.json
FNF:0
FNH:0
DA:1,57
DA:2,57
DA:3,57
DA:4,57
DA:5,57
DA:6,57
DA:7,57
DA:8,57
DA:9,57
DA:10,57
DA:11,57
DA:12,57
LF:12
LH:12
BRF:0
BRH:0
end_of_record
TN:
SF:src/i18n/locales/en/runs.json
FNF:0
FNH:0
DA:1,57
DA:2,57
DA:3,57
DA:4,57
DA:5,57
LF:5
LH:5
BRF:0
BRH:0
end_of_record
TN:
SF:src/i18n/locales/en/settings.json
FNF:0
FNH:0
DA:1,57
DA:2,57
DA:3,57
DA:4,57
DA:5,57
DA:6,57
DA:7,57
DA:8,57
DA:9,57
DA:10,57
DA:11,57
DA:12,57
DA:13,57
DA:14,57
LF:14
LH:14
BRF:0
BRH:0
end_of_record
TN:
SF:src/i18n/locales/en/skills.json
FNF:0
FNH:0
DA:1,57
DA:2,57
DA:3,57
DA:4,57
DA:5,57
DA:6,57
DA:7,57
DA:8,57
DA:9,57
DA:10,57
DA:11,57
LF:11
LH:11
BRF:0
BRH:0
end_of_record
TN:
SF:src/i18n/locales/zh/agent.json
FNF:0
FNH:0
DA:1,57
DA:2,57
DA:3,57
DA:4,57
DA:5,57
DA:6,57
DA:7,57
DA:8,57
DA:9,57
DA:10,57
LF:10
LH:10
BRF:0
BRH:0
end_of_record
TN:
SF:src/i18n/locales/zh/artifacts.json
FNF:0
FNH:0
DA:1,57
DA:2,57
DA:3,57
DA:4,57
DA:5,57
LF:5
LH:5
BRF:0
BRH:0
end_of_record
TN:
SF:src/i18n/locales/zh/common.json
FNF:0
FNH:0
DA:1,57
DA:2,57
DA:3,57
DA:4,57
DA:5,57
DA:6,57
DA:7,57
DA:8,57
DA:9,57
DA:10,57
DA:11,57
DA:12,57
DA:13,57
LF:13
LH:13
BRF:0
BRH:0
end_of_record
TN:
SF:src/i18n/locales/zh/filetree.json
FNF:0
FNH:0
DA:1,57
DA:2,57
DA:3,57
DA:4,57
DA:5,57
DA:6,57
DA:7,57
DA:8,57
DA:9,57
DA:10,57
DA:11,57
LF:11
LH:11
BRF:0
BRH:0
end_of_record
TN:
SF:src/i18n/locales/zh/layout.json
FNF:0
FNH:0
DA:1,57
DA:2,57
DA:3,57
DA:4,57
DA:5,57
DA:6,57
DA:7,57
DA:8,57
DA:9,57
DA:10,57
DA:11,57
DA:12,57
LF:12
LH:12
BRF:0
BRH:0
end_of_record
TN:
SF:src/i18n/locales/zh/markdown.json
FNF:0
FNH:0
DA:1,57
DA:2,57
DA:3,57
DA:4,57
DA:5,57
DA:6,57
DA:7,57
DA:8,57
DA:9,57
DA:10,57
LF:10
LH:10
BRF:0
BRH:0
end_of_record
TN:
SF:src/i18n/locales/zh/remote.json
FNF:0
FNH:0
DA:1,57
DA:2,57
DA:3,57
DA:4,57
DA:5,57
DA:6,57
DA:7,57
DA:8,57
DA:9,57
DA:10,57
DA:11,57
DA:12,57
DA:13,57
DA:14,57
DA:15,57
DA:16,57
DA:17,57
DA:18,57
DA:19,57
DA:20,57
DA:21,57
DA:22,57
LF:22
LH:22
BRF:0
BRH:0
end_of_record
TN:
SF:src/i18n/locales/zh/review.json
FNF:0
FNH:0
DA:1,57
DA:2,57
DA:3,57
DA:4,57
DA:5,57
DA:6,57
DA:7,57
DA:8,57
DA:9,57
DA:10,57
DA:11,57
DA:12,57
LF:12
LH:12
BRF:0
BRH:0
end_of_record
TN:
SF:src/i18n/locales/zh/runs.json
FNF:0
FNH:0
DA:1,57
DA:2,57
DA:3,57
DA:4,57
DA:5,57
LF:5
LH:5
BRF:0
BRH:0
end_of_record
TN:
SF:src/i18n/locales/zh/settings.json
FNF:0
FNH:0
DA:1,57
DA:2,57
DA:3,57
DA:4,57
DA:5,57
DA:6,57
DA:7,57
DA:8,57
DA:9,57
DA:10,57
DA:11,57
DA:12,57
DA:13,57
DA:14,57
LF:14
LH:14
BRF:0
BRH:0
end_of_record
TN:
SF:src/i18n/locales/zh/skills.json
FNF:0
FNH:0
DA:1,57
DA:2,57
DA:3,57
DA:4,57
DA:5,57
DA:6,57
DA:7,57
DA:8,57
DA:9,57
DA:10,57
DA:11,57
LF:11
LH:11
BRF:0
BRH:0
end_of_record
TN:
SF:src/integrations/agent/agentStateCache.ts
FN:55,notify
FN:62,subscribe
FN:64,(anonymous_2)
FN:76,getAgentState
FN:93,(anonymous_4)
FN:112,(anonymous_5)
FN:120,parseActiveRun
FN:139,updateCachedAgentState
FN:162,getCachedAgentState
FN:169,invalidateAgentState
FN:176,touchCache
FN:181,pruneCache
FN:193,prefetchAgentState
FN:198,(anonymous_13)
FN:209,revalidateAgentState
FN:212,(anonymous_15)
FN:222,useCachedAgentState
FN:223,(anonymous_17)
FN:234,installAgentEventListener
FN:239,(anonymous_19)
FN:282,applySettingsEvent
FN:295,(anonymous_21)
FN:297,(anonymous_22)
FN:359,(anonymous_23)
FN:371,listStreamingThreadIds
FNF:25
FNH:12
FNDA:9,notify
FNDA:0,subscribe
FNDA:0,(anonymous_2)
FNDA:9,getAgentState
FNDA:8,(anonymous_4)
FNDA:8,(anonymous_5)
FNDA:8,parseActiveRun
FNDA:1,updateCachedAgentState
FNDA:10,getCachedAgentState
FNDA:0,invalidateAgentState
FNDA:0,touchCache
FNDA:8,pruneCache
FNDA:0,prefetchAgentState
FNDA:0,(anonymous_13)
FNDA:1,revalidateAgentState
FNDA:0,(anonymous_15)
FNDA:0,useCachedAgentState
FNDA:0,(anonymous_17)
FNDA:1,installAgentEventListener
FNDA:1,(anonymous_19)
FNDA:1,applySettingsEvent
FNDA:0,(anonymous_21)
FNDA:0,(anonymous_22)
FNDA:0,(anonymous_23)
FNDA:0,listStreamingThreadIds
DA:41,6
DA:42,6
DA:44,6
DA:45,6
DA:48,6
DA:53,6
DA:56,9
DA:57,0
DA:63,0
DA:64,0
DA:65,0
DA:80,9
DA:81,9
DA:82,9
DA:83,0
DA:84,0
DA:87,9
DA:88,9
DA:89,1
DA:91,8
DA:92,9
DA:94,8
DA:104,8
DA:105,7
DA:106,7
DA:107,7
DA:108,7
DA:110,1
DA:113,8
DA:114,7
DA:116,9
DA:117,9
DA:121,8
DA:122,8
DA:123,0
DA:124,0
DA:125,0
DA:126,0
DA:140,1
DA:141,1
DA:142,1
DA:143,1
DA:150,1
DA:151,1
DA:163,10
DA:164,0
DA:165,10
DA:170,0
DA:171,0
DA:172,0
DA:173,0
DA:177,0
DA:178,0
DA:182,8
DA:183,0
DA:184,0
DA:185,0
DA:186,0
DA:187,0
DA:188,0
DA:194,0
DA:195,0
DA:198,0
DA:210,1
DA:211,0
DA:212,1
DA:223,0
DA:226,6
DA:235,1
DA:236,0
DA:237,1
DA:239,1
DA:240,1
DA:241,1
DA:242,0
DA:244,1
DA:245,1
DA:246,1
DA:247,1
DA:248,0
DA:250,1
DA:258,1
DA:259,1
DA:271,0
DA:272,0
DA:273,0
DA:276,0
DA:291,1
DA:292,0
DA:296,0
DA:298,0
DA:305,1
DA:306,1
DA:307,1
DA:308,0
DA:310,1
DA:315,1
DA:316,1
DA:317,1
DA:318,1
DA:321,0
DA:322,0
DA:324,0
DA:326,0
DA:327,0
DA:328,0
DA:330,0
DA:332,0
DA:333,0
DA:334,0
DA:336,0
DA:338,0
DA:339,0
DA:340,0
DA:342,0
DA:344,0
DA:345,0
DA:346,0
DA:349,0
DA:352,0
DA:353,0
DA:357,1
DA:358,1
DA:359,1
DA:372,0
DA:373,0
DA:374,0
DA:378,0
LF:128
LH:64
BRDA:82,0,0,0
BRDA:82,0,1,9
BRDA:82,1,0,9
BRDA:82,1,1,8
BRDA:82,1,2,1
BRDA:88,2,0,1
BRDA:88,2,1,8
BRDA:91,3,0,8
BRDA:91,3,1,7
BRDA:95,4,0,8
BRDA:95,4,1,0
BRDA:96,5,0,6
BRDA:96,5,1,2
BRDA:97,6,0,0
BRDA:97,6,1,8
BRDA:98,7,0,4
BRDA:98,7,1,4
BRDA:99,8,0,0
BRDA:99,8,1,8
BRDA:100,9,0,0
BRDA:100,9,1,8
BRDA:101,10,0,0
BRDA:101,10,1,8
BRDA:104,11,0,7
BRDA:104,11,1,1
BRDA:104,12,0,8
BRDA:104,12,1,6
BRDA:110,13,0,1
BRDA:110,13,1,0
BRDA:113,14,0,7
BRDA:113,14,1,1
BRDA:121,15,0,8
BRDA:121,15,1,0
BRDA:121,16,0,8
BRDA:121,16,1,0
BRDA:124,17,0,0
BRDA:124,17,1,0
BRDA:124,18,0,0
BRDA:124,18,1,0
BRDA:128,19,0,0
BRDA:128,19,1,0
BRDA:130,20,0,0
BRDA:130,20,1,0
BRDA:140,21,0,1
BRDA:140,21,1,1
BRDA:144,22,0,0
BRDA:144,22,1,1
BRDA:163,23,0,0
BRDA:163,23,1,10
BRDA:170,24,0,0
BRDA:170,24,1,0
BRDA:172,25,0,0
BRDA:172,25,1,0
BRDA:184,26,0,0
BRDA:184,26,1,0
BRDA:194,27,0,0
BRDA:194,27,1,0
BRDA:210,28,0,0
BRDA:210,28,1,1
BRDA:235,29,0,0
BRDA:235,29,1,1
BRDA:241,30,0,0
BRDA:241,30,1,1
BRDA:244,31,0,0
BRDA:244,31,1,1
BRDA:245,32,0,1
BRDA:245,32,1,0
BRDA:246,33,0,1
BRDA:246,33,1,0
BRDA:247,34,0,0
BRDA:247,34,1,1
BRDA:247,35,0,1
BRDA:247,35,1,1
BRDA:250,36,0,0
BRDA:250,36,1,0
BRDA:250,36,2,0
BRDA:250,36,3,0
BRDA:250,36,4,0
BRDA:250,36,5,1
BRDA:250,36,6,0
BRDA:250,36,7,0
BRDA:250,36,8,0
BRDA:271,37,0,0
BRDA:271,37,1,0
BRDA:291,38,0,0
BRDA:291,38,1,1
BRDA:291,39,0,1
BRDA:291,39,1,0
BRDA:307,40,0,0
BRDA:307,40,1,1
BRDA:310,41,0,1
BRDA:310,41,1,0
BRDA:315,42,0,1
BRDA:315,42,1,1
BRDA:324,43,0,0
BRDA:324,43,1,0
BRDA:324,43,2,0
BRDA:324,43,3,0
BRDA:326,44,0,0
BRDA:326,44,1,0
BRDA:332,45,0,0
BRDA:332,45,1,0
BRDA:338,46,0,0
BRDA:338,46,1,0
BRDA:344,47,0,0
BRDA:344,47,1,0
BRDA:352,48,0,0
BRDA:352,48,1,0
BRDA:374,49,0,0
BRDA:374,49,1,0
BRF:110
BRH:46
end_of_record
TN:
SF:src/integrations/storage/app.ts
FN:3,initializeAppStore
FN:7,storedTimeToIso
FNF:2
FNH:2
FNDA:1,initializeAppStore
FNDA:31,storedTimeToIso
DA:4,1
DA:8,31
LF:2
LH:2
BRF:0
BRH:0
end_of_record
TN:
SF:src/integrations/storage/artifacts.ts
FN:6,listArtifacts
FN:10,importAttachmentArtifact
FN:14,deleteArtifact
FN:20,searchWorkspaceFiles
FNF:4
FNH:4
FNDA:1,listArtifacts
FNDA:1,importAttachmentArtifact
FNDA:1,deleteArtifact
FNDA:1,searchWorkspaceFiles
DA:7,1
DA:11,1
DA:15,1
DA:25,1
LF:4
LH:4
BRF:0
BRH:0
end_of_record
TN:
SF:src/integrations/storage/files.ts
FN:16,openPath
FN:24,listDirectory
FN:29,openExternalUrl
FN:38,resolvePreviewLinkPath
FN:42,readTextFilePreview
FN:52,exportArtifactFile
FN:64,savePastedImage
FN:71,inspectAttachment
FN:78,validateImageAttachment
FN:82,readFileBase64
FN:94,generateImageThumbnail
FN:105,importEphemeralImage
FN:113,deleteTempAttachment
FNF:13
FNH:13
FNDA:5,openPath
FNDA:1,listDirectory
FNDA:3,openExternalUrl
FNDA:1,resolvePreviewLinkPath
FNDA:8,readTextFilePreview
FNDA:1,exportArtifactFile
FNDA:1,savePastedImage
FNDA:1,inspectAttachment
FNDA:1,validateImageAttachment
FNDA:6,readFileBase64
FNDA:1,generateImageThumbnail
FNDA:1,importEphemeralImage
FNDA:1,deleteTempAttachment
DA:17,5
DA:25,1
DA:30,3
DA:39,1
DA:46,8
DA:57,1
DA:65,1
DA:72,1
DA:79,1
DA:83,6
DA:95,1
DA:106,1
DA:114,1
LF:13
LH:13
BRDA:47,0,0,8
BRDA:47,0,1,7
BRDA:58,1,0,1
BRDA:58,1,1,1
BRDA:60,2,0,1
BRDA:60,2,1,0
BRDA:84,3,0,6
BRDA:84,3,1,5
BRF:8
BRH:7
end_of_record
TN:
SF:src/integrations/storage/markdownReferences.ts
FN:25,resolveMarkdownReferences
FNF:1
FNH:1
FNDA:2,resolveMarkdownReferences
DA:26,2
DA:27,1
DA:29,1
LF:3
LH:3
BRDA:26,0,0,1
BRDA:26,0,1,1
BRF:2
BRH:2
end_of_record
TN:
SF:src/integrations/storage/review.ts
FN:6,getWorkspaceReviewCapabilities
FN:12,getLastRunReview
FN:16,retryRunReview
FN:20,getGitReview
FNF:4
FNH:4
FNDA:1,getWorkspaceReviewCapabilities
FNDA:1,getLastRunReview
FNDA:1,retryRunReview
FNDA:2,getGitReview
DA:7,1
DA:13,1
DA:17,1
DA:25,2
LF:4
LH:4
BRDA:26,0,0,2
BRDA:26,0,1,1
BRDA:27,1,0,2
BRDA:27,1,1,1
BRF:4
BRH:4
end_of_record
TN:
SF:src/integrations/storage/runs.ts
FN:12,createRun
FN:21,listRuns
FN:26,getLatestRun
FN:31,getRun
FN:35,listLatestRunInfos
FN:42,updateRunStatus
FN:50,abortRun
FN:54,clearFinishedRuns
FN:58,listRunEvents
FN:66,listRunEventsSince
FN:71,listRunEventsBulk
FN:75,listToolCalls
FN:80,listToolCallsBulk
FN:84,listToolOutputs
FN:90,listApprovalRequests
FN:95,listPendingApprovalRequests
FN:99,decideApprovalRequest
FN:107,saveApprovalRule
FNF:18
FNH:18
FNDA:1,createRun
FNDA:1,listRuns
FNDA:1,getLatestRun
FNDA:1,getRun
FNDA:1,listLatestRunInfos
FNDA:1,updateRunStatus
FNDA:1,abortRun
FNDA:1,clearFinishedRuns
FNDA:1,listRunEvents
FNDA:1,listRunEventsSince
FNDA:1,listRunEventsBulk
FNDA:1,listToolCalls
FNDA:1,listToolCallsBulk
FNDA:1,listToolOutputs
FNDA:1,listApprovalRequests
FNDA:1,listPendingApprovalRequests
FNDA:1,decideApprovalRequest
FNDA:1,saveApprovalRule
DA:18,1
DA:22,1
DA:27,1
DA:32,1
DA:36,1
DA:47,1
DA:51,1
DA:55,1
DA:59,1
DA:67,1
DA:72,1
DA:76,1
DA:81,1
DA:85,1
DA:91,1
DA:96,1
DA:104,1
DA:112,1
LF:18
LH:18
BRF:0
BRH:0
end_of_record
TN:
SF:src/integrations/storage/threadStore.ts
FNF:0
FNH:0
LF:0
LH:0
BRF:0
BRH:0
end_of_record
TN:
SF:src/integrations/storage/threads.ts
FN:6,listWorkspaces
FN:10,createWorkspace
FN:19,ensureWorkspaceGit
FN:23,renameWorkspace
FN:27,deleteWorkspace
FN:33,getRecentThread
FN:37,listThreads
FN:43,createDefaultChatThread
FN:60,getRecentOrCreateDefaultThread
FN:61,(anonymous_9)
FN:62,(anonymous_10)
FN:66,(anonymous_11)
FN:73,createThread
FN:87,renameThread
FN:91,updateThreadModel
FN:99,updateThreadThinkingLevel
FN:106,pinThread
FN:110,restoreThread
FN:114,deleteThread
FN:118,batchDeleteThreads
FN:122,getThreadCleanupSummary
FN:131,forkThread
FN:136,getSessionEntries
FNF:23
FNH:23
FNDA:1,listWorkspaces
FNDA:1,createWorkspace
FNDA:1,ensureWorkspaceGit
FNDA:1,renameWorkspace
FNDA:1,deleteWorkspace
FNDA:5,getRecentThread
FNDA:1,listThreads
FNDA:2,createDefaultChatThread
FNDA:5,getRecentOrCreateDefaultThread
FNDA:4,(anonymous_9)
FNDA:3,(anonymous_10)
FNDA:1,(anonymous_11)
FNDA:1,createThread
FNDA:1,renameThread
FNDA:1,updateThreadModel
FNDA:1,updateThreadThinkingLevel
FNDA:1,pinThread
FNDA:1,restoreThread
FNDA:1,deleteThread
FNDA:1,batchDeleteThreads
FNDA:1,getThreadCleanupSummary
FNDA:1,forkThread
FNDA:1,getSessionEntries
DA:7,1
DA:16,1
DA:20,1
DA:24,1
DA:28,1
DA:34,5
DA:38,1
DA:44,2
DA:58,10
DA:61,5
DA:63,3
DA:64,3
DA:67,1
DA:68,1
DA:70,5
DA:84,1
DA:88,1
DA:96,1
DA:103,1
DA:107,1
DA:111,1
DA:115,1
DA:119,1
DA:123,1
DA:132,1
DA:137,1
LF:26
LH:26
BRDA:61,0,0,4
BRDA:61,0,1,1
BRF:2
BRH:2
end_of_record
TN:
SF:src/integrations/storage/typeGuards.ts
FN:17,isStoredArtifact
FN:27,isStoredFile
FN:34,isStoredRun
FN:43,isStoredApproval
FN:52,isStoredReview
FNF:5
FNH:5
FNDA:8,isStoredArtifact
FNDA:7,isStoredFile
FNDA:5,isStoredRun
FNDA:5,isStoredApproval
FNDA:5,isStoredReview
DA:18,8
DA:28,7
DA:35,5
DA:44,5
DA:53,5
LF:5
LH:5
BRDA:18,0,0,8
BRDA:18,0,1,6
BRDA:18,0,2,6
BRDA:18,0,3,5
BRDA:18,0,4,5
BRDA:18,0,5,5
BRDA:18,0,6,5
BRDA:28,1,0,7
BRDA:28,1,1,7
BRDA:28,1,2,6
BRDA:28,1,3,6
BRDA:35,2,0,5
BRDA:35,2,1,4
BRDA:35,2,2,4
BRDA:35,2,3,4
BRDA:35,2,4,3
BRDA:35,2,5,3
BRDA:44,3,0,5
BRDA:44,3,1,4
BRDA:44,3,2,4
BRDA:44,3,3,4
BRDA:44,3,4,3
BRDA:44,3,5,3
BRDA:53,4,0,5
BRDA:53,4,1,4
BRDA:53,4,2,4
BRDA:53,4,3,4
BRDA:53,4,4,3
BRDA:53,4,5,3
BRF:29
BRH:29
end_of_record
TN:
SF:src/integrations/tauri/invoke.ts
FN:19,invokeCommand
FN:35,normalizeInvokeError
FN:43,invokeErrorMessage
FNF:3
FNH:3
FNDA:92,invokeCommand
FNDA:14,normalizeInvokeError
FNDA:7,invokeErrorMessage
DA:24,92
DA:25,92
DA:28,14
DA:36,14
DA:37,7
DA:39,7
DA:40,7
DA:44,7
DA:45,1
DA:47,6
DA:48,1
DA:50,5
DA:51,4
DA:52,4
DA:53,1
DA:54,3
DA:55,1
DA:56,2
DA:57,2
DA:60,1
DA:64,1
LF:21
LH:21
BRDA:36,0,0,7
BRDA:36,0,1,7
BRDA:40,1,0,7
BRDA:40,1,1,1
BRDA:44,2,0,1
BRDA:44,2,1,6
BRDA:47,3,0,1
BRDA:47,3,1,5
BRDA:50,4,0,4
BRDA:50,4,1,1
BRDA:52,5,0,1
BRDA:52,5,1,3
BRDA:54,6,0,1
BRDA:54,6,1,2
BRF:14
BRH:14
end_of_record
TN:
SF:src/lib/clipboard.ts
FN:1,copyText
FNF:1
FNH:1
FNDA:11,copyText
DA:2,11
DA:3,1
DA:8,10
DA:9,10
DA:10,10
DA:11,10
DA:12,10
DA:13,10
DA:14,10
DA:15,10
DA:16,10
DA:17,10
DA:18,8
DA:21,2
DA:22,1
DA:23,1
DA:26,1
LF:17
LH:17
BRDA:2,0,0,1
BRDA:2,0,1,10
BRDA:17,1,0,8
BRDA:17,1,1,2
BRDA:21,2,0,1
BRDA:21,2,1,1
BRF:6
BRH:6
end_of_record
TN:
SF:src/lib/cn.ts
FN:10,cn
FNF:1
FNH:1
FNDA:129,cn
DA:11,129
LF:1
LH:1
BRF:0
BRH:0
end_of_record
TN:
SF:src/lib/date.ts
FN:7,formatTime
FN:18,formatDateTime
FN:38,pad2
FN:56,formatMessageTimestamp
FN:95,formatDuration
FNF:5
FNH:5
FNDA:8,formatTime
FNDA:1,formatDateTime
FNDA:6,pad2
FNDA:10,formatMessageTimestamp
FNDA:4,formatDuration
DA:8,8
DA:19,1
DA:28,6
DA:29,6
DA:30,6
DA:35,6
DA:36,6
DA:39,6
DA:61,10
DA:62,10
DA:63,10
DA:64,1
DA:66,9
DA:68,10
DA:70,10
DA:71,7
DA:72,3
DA:73,2
DA:74,1
DA:76,4
DA:77,4
DA:78,2
DA:79,2
DA:80,1
DA:81,1
DA:84,2
DA:85,1
DA:87,1
DA:96,4
DA:97,2
DA:98,1
DA:99,1
DA:100,1
DA:102,2
DA:103,2
DA:104,1
DA:106,1
DA:107,1
DA:108,1
LF:39
LH:39
BRDA:63,0,0,1
BRDA:63,0,1,9
BRDA:66,1,0,9
BRDA:66,1,1,0
BRDA:70,2,0,7
BRDA:70,2,1,3
BRDA:71,3,0,3
BRDA:71,3,1,4
BRDA:72,4,0,2
BRDA:72,4,1,1
BRDA:77,5,0,2
BRDA:77,5,1,2
BRDA:79,6,0,1
BRDA:79,6,1,1
BRDA:84,7,0,1
BRDA:84,7,1,1
BRDA:96,8,0,2
BRDA:96,8,1,2
BRDA:97,9,0,1
BRDA:97,9,1,1
BRDA:99,10,0,1
BRDA:99,10,1,0
BRDA:103,11,0,1
BRDA:103,11,1,1
BRF:24
BRH:22
end_of_record
TN:
SF:src/lib/errors.ts
FN:6,errorMessage
FNF:1
FNH:1
FNDA:4,errorMessage
DA:7,4
LF:1
LH:1
BRDA:7,0,0,4
BRDA:7,0,1,0
BRF:2
BRH:1
end_of_record
TN:
SF:src/lib/fileType.ts
FN:36,fileKind
FNF:1
FNH:1
FNDA:22,fileKind
DA:23,1
DA:24,1
DA:25,1
DA:26,1
DA:27,1
DA:28,1
DA:29,1
DA:37,22
DA:38,2
DA:39,20
DA:40,4
DA:41,16
DA:42,1
DA:43,15
DA:44,2
DA:45,13
DA:46,1
DA:47,12
DA:48,2
DA:49,10
DA:50,2
DA:51,8
DA:52,3
DA:53,5
LF:24
LH:24
BRDA:36,0,0,22
BRDA:37,1,0,2
BRDA:37,1,1,20
BRDA:39,2,0,4
BRDA:39,2,1,16
BRDA:41,3,0,1
BRDA:41,3,1,15
BRDA:43,4,0,2
BRDA:43,4,1,13
BRDA:45,5,0,1
BRDA:45,5,1,12
BRDA:47,6,0,2
BRDA:47,6,1,10
BRDA:49,7,0,2
BRDA:49,7,1,8
BRDA:51,8,0,3
BRDA:51,8,1,5
BRF:17
BRH:17
end_of_record
TN:
SF:src/lib/format.ts
FN:5,formatBytes
FN:21,formatNumber
FNF:2
FNH:2
FNDA:6,formatBytes
FNDA:2,formatNumber
DA:6,6
DA:7,2
DA:8,4
DA:9,1
DA:10,3
DA:11,1
DA:12,2
DA:18,2
DA:22,2
DA:23,2
DA:24,1
DA:25,1
DA:27,2
LF:13
LH:13
BRDA:6,0,0,2
BRDA:6,0,1,4
BRDA:8,1,0,1
BRDA:8,1,1,3
BRDA:10,2,0,1
BRDA:10,2,1,2
BRDA:23,3,0,1
BRDA:23,3,1,1
BRF:8
BRH:8
end_of_record
TN:
SF:src/lib/futureEvents.ts
FN:55,channel
FN:59,emitFutureEvent
FN:67,onFutureEvent
FN:71,(anonymous_3)
FN:75,(anonymous_4)
FNF:5
FNH:5
FNDA:16,channel
FNDA:10,emitFutureEvent
FNDA:3,onFutureEvent
FNDA:2,(anonymous_3)
FNDA:3,(anonymous_4)
DA:56,16
DA:60,10
DA:71,3
DA:72,2
DA:74,3
DA:75,3
DA:76,3
LF:7
LH:7
BRF:0
BRH:0
end_of_record
TN:
SF:src/lib/objects.ts
FN:7,isRecord
FN:12,singleLine
FN:17,truncate
FNF:3
FNH:3
FNDA:447,isRecord
FNDA:47,singleLine
FNDA:2,truncate
DA:8,447
DA:13,47
DA:18,2
DA:19,2
LF:4
LH:4
BRDA:8,0,0,447
BRDA:8,0,1,377
BRDA:8,0,2,363
BRDA:19,1,0,1
BRDA:19,1,1,1
BRF:5
BRH:5
end_of_record
TN:
SF:src/lib/platform.ts
FNF:0
FNH:0
DA:8,11
DA:15,11
LF:2
LH:2
BRDA:8,0,0,11
BRDA:8,0,1,11
BRDA:15,1,0,11
BRDA:15,1,1,11
BRF:4
BRH:4
end_of_record
TN:
SF:src/lib/useAsyncResource.ts
FN:29,useAsyncResource
FN:43,(anonymous_1)
FN:44,(anonymous_2)
FN:54,(anonymous_3)
FN:56,(anonymous_4)
FN:69,(anonymous_5)
FN:71,(anonymous_6)
FN:80,(anonymous_7)
FN:87,(anonymous_8)
FNF:9
FNH:9
FNDA:51,useAsyncResource
FNDA:2,(anonymous_1)
FNDA:2,(anonymous_2)
FNDA:19,(anonymous_3)
FNDA:27,(anonymous_4)
FNDA:18,(anonymous_5)
FNDA:15,(anonymous_6)
FNDA:8,(anonymous_7)
FNDA:27,(anonymous_8)
DA:35,51
DA:36,51
DA:37,51
DA:38,51
DA:39,51
DA:40,51
DA:41,51
DA:43,51
DA:44,2
DA:52,51
DA:54,19
DA:56,51
DA:58,27
DA:59,27
DA:61,27
DA:62,27
DA:63,27
DA:64,25
DA:66,27
DA:68,27
DA:70,18
DA:71,15
DA:72,15
DA:73,1
DA:75,14
DA:77,15
DA:81,8
DA:82,7
DA:83,7
DA:87,27
DA:88,27
DA:93,51
LF:32
LH:32
BRDA:33,0,0,51
BRDA:52,1,0,51
BRDA:52,1,1,27
BRDA:52,1,2,27
BRDA:63,2,0,25
BRDA:63,2,1,2
BRDA:70,3,0,15
BRDA:70,3,1,3
BRDA:72,4,0,1
BRDA:72,4,1,14
BRDA:72,5,0,15
BRDA:72,5,1,3
BRDA:72,5,2,1
BRDA:81,6,0,7
BRDA:81,6,1,1
BRDA:82,7,0,6
BRDA:82,7,1,1
BRF:17
BRH:17
end_of_record
TN:
SF:src/lib/useDismissableLayer.ts
FN:8,useDismissableLayer
FN:14,(anonymous_1)
FN:18,handlePointerDown
FN:28,handleKeyDown
FN:41,(anonymous_4)
FNF:5
FNH:5
FNDA:48,useDismissableLayer
FNDA:41,(anonymous_1)
FNDA:4,handlePointerDown
FNDA:2,handleKeyDown
FNDA:14,(anonymous_4)
DA:12,48
DA:14,48
DA:15,41
DA:16,27
DA:19,4
DA:20,4
DA:21,1
DA:22,3
DA:23,1
DA:25,2
DA:29,2
DA:33,1
DA:34,1
DA:38,14
DA:39,14
DA:41,14
DA:42,14
DA:43,14
DA:47,48
LF:19
LH:19
BRDA:15,0,0,27
BRDA:15,0,1,14
BRDA:20,1,0,1
BRDA:20,1,1,3
BRDA:22,2,0,1
BRDA:22,2,1,2
BRDA:29,3,0,1
BRDA:29,3,1,1
BRF:8
BRH:8
end_of_record
TN:
SF:src/lib/usePolling.ts
FN:23,usePolling
FN:32,(anonymous_1)
FN:38,(anonymous_2)
FN:46,(anonymous_3)
FNF:4
FNH:4
FNDA:5,usePolling
FNDA:5,(anonymous_1)
FNDA:7,(anonymous_2)
FNDA:4,(anonymous_3)
DA:28,5
DA:29,5
DA:30,5
DA:32,5
DA:33,5
DA:34,1
DA:37,4
DA:38,4
DA:39,7
DA:40,7
DA:44,4
DA:45,4
DA:46,4
DA:47,4
DA:48,4
LF:15
LH:15
BRDA:26,0,0,5
BRDA:28,1,0,5
BRDA:28,2,0,5
BRDA:33,3,0,1
BRDA:33,3,1,4
BRDA:39,4,0,7
BRDA:39,4,1,0
BRF:7
BRH:6
end_of_record
TN:
SF:src/lib/workspacePath.ts
FN:12,relativizeWorkspacePath
FN:27,samePath
FN:35,pathBasename
FN:46,pathExtension
FNF:4
FNH:4
FNDA:7,relativizeWorkspacePath
FNDA:7,samePath
FNDA:35,pathBasename
FNDA:15,pathExtension
DA:13,7
DA:14,2
DA:17,5
DA:18,5
DA:19,1
DA:21,4
DA:22,4
DA:23,2
DA:24,2
DA:28,7
DA:36,35
DA:37,35
DA:47,15
DA:48,15
DA:49,15
LF:15
LH:15
BRDA:13,0,0,2
BRDA:13,0,1,5
BRDA:18,1,0,1
BRDA:18,1,1,4
BRDA:22,2,0,2
BRDA:22,2,1,2
BRDA:22,3,0,4
BRDA:22,3,1,2
BRDA:22,3,2,2
BRDA:28,4,0,0
BRDA:28,4,1,7
BRDA:37,5,0,35
BRDA:37,5,1,3
BRDA:49,6,0,10
BRDA:49,6,1,5
BRF:15
BRH:14
end_of_record
TN:
SF:src/test/renderHook.ts
FN:20,renderHook
FN:25,Probe
FN:29,(anonymous_2)
FN:33,current
FN:36,(anonymous_4)
FN:37,(anonymous_5)
FN:41,(anonymous_6)
FN:42,(anonymous_7)
FN:51,flushAsync
FN:52,(anonymous_9)
FNF:10
FNH:10
FNDA:32,renderHook
FNDA:62,Probe
FNDA:32,(anonymous_2)
FNDA:453,current
FNDA:3,(anonymous_4)
FNDA:3,(anonymous_5)
FNDA:32,(anonymous_6)
FNDA:32,(anonymous_7)
FNDA:41,flushAsync
FNDA:41,(anonymous_9)
DA:10,8
DA:21,32
DA:22,32
DA:23,32
DA:26,62
DA:27,62
DA:29,32
DA:30,32
DA:32,32
DA:34,453
DA:37,3
DA:38,3
DA:42,32
DA:43,32
DA:45,32
DA:52,41
DA:53,41
LF:17
LH:17
BRF:0
BRH:0
end_of_record
