SF:/Users/geilige/future-os/.claude/worktrees/cov100-tauri-root/desktop/src-tauri/src/agent_bridge/approval.rs
FN:66,_RNCNCNvNtNtCsbMovpT5G7tJ_12futureos_lib12agent_bridge8approval15decide_approval00B9_
FN:32,_RNCNCNvNtNtCsbMovpT5G7tJ_12futureos_lib12agent_bridge8approval19inject_session_rule00B9_
FN:143,_RNCNCNvNtNtCsbMovpT5G7tJ_12futureos_lib12agent_bridge8approval27reconcile_pending_approvals00B9_
FN:167,_RNCNCNvNtNtCsbMovpT5G7tJ_12futureos_lib12agent_bridge8approval27reconcile_pending_approvals0s0_0B9_
FN:171,_RNCNCNvNtNtCsbMovpT5G7tJ_12futureos_lib12agent_bridge8approval27reconcile_pending_approvals0s1_0B9_
FN:201,_RNCNCNvNtNtCsbMovpT5G7tJ_12futureos_lib12agent_bridge8approval27reconcile_pending_approvals0s2_0B9_
FN:205,_RNCNCNvNtNtCsbMovpT5G7tJ_12futureos_lib12agent_bridge8approval27reconcile_pending_approvals0s3_0B9_
FN:206,_RNCNCNvNtNtCsbMovpT5G7tJ_12futureos_lib12agent_bridge8approval27reconcile_pending_approvals0s4_0B9_
FN:166,_RNCNCNvNtNtCsbMovpT5G7tJ_12futureos_lib12agent_bridge8approval27reconcile_pending_approvals0s_0B9_
FN:43,_RNCNCNvNtNtCsbMovpT5G7tJ_12futureos_lib12agent_bridge8approval30notify_agent_approval_decision00B9_
FN:53,_RNCNCNvNtNtCsbMovpT5G7tJ_12futureos_lib12agent_bridge8approval30notify_agent_approval_decision0s_0B9_
FN:297,_RNCNvNtNtCsbMovpT5G7tJ_12futureos_lib12agent_bridge8approval12compact_json0B7_
FN:64,_RNCNvNtNtCsbMovpT5G7tJ_12futureos_lib12agent_bridge8approval15decide_approval0B7_
FN:19,_RNCNvNtNtCsbMovpT5G7tJ_12futureos_lib12agent_bridge8approval19inject_session_rule0B7_
FN:120,_RNCNvNtNtCsbMovpT5G7tJ_12futureos_lib12agent_bridge8approval27reconcile_pending_approvals0B7_
FN:41,_RNCNvNtNtCsbMovpT5G7tJ_12futureos_lib12agent_bridge8approval30notify_agent_approval_decision0B7_
FN:237,_RNCNvNtNtCsbMovpT5G7tJ_12futureos_lib12agent_bridge8approval32heal_pending_approval_from_agent0B7_
FN:247,_RNCNvNtNtCsbMovpT5G7tJ_12futureos_lib12agent_bridge8approval32heal_pending_approval_from_agents0_0B7_
FN:251,_RNCNvNtNtCsbMovpT5G7tJ_12futureos_lib12agent_bridge8approval32heal_pending_approval_from_agents1_0B7_
FN:253,_RNCNvNtNtCsbMovpT5G7tJ_12futureos_lib12agent_bridge8approval32heal_pending_approval_from_agents2_0B7_
FN:256,_RNCNvNtNtCsbMovpT5G7tJ_12futureos_lib12agent_bridge8approval32heal_pending_approval_from_agents3_0B7_
FN:258,_RNCNvNtNtCsbMovpT5G7tJ_12futureos_lib12agent_bridge8approval32heal_pending_approval_from_agents4_0B7_
FN:261,_RNCNvNtNtCsbMovpT5G7tJ_12futureos_lib12agent_bridge8approval32heal_pending_approval_from_agents5_0B7_
FN:265,_RNCNvNtNtCsbMovpT5G7tJ_12futureos_lib12agent_bridge8approval32heal_pending_approval_from_agents6_0B7_
FN:269,_RNCNvNtNtCsbMovpT5G7tJ_12futureos_lib12agent_bridge8approval32heal_pending_approval_from_agents7_0B7_
FN:270,_RNCNvNtNtCsbMovpT5G7tJ_12futureos_lib12agent_bridge8approval32heal_pending_approval_from_agents8_0B7_
FN:276,_RNCNvNtNtCsbMovpT5G7tJ_12futureos_lib12agent_bridge8approval32heal_pending_approval_from_agents9_0B7_
FN:246,_RNCNvNtNtCsbMovpT5G7tJ_12futureos_lib12agent_bridge8approval32heal_pending_approval_from_agents_0B7_
FN:280,_RNCNvNtNtCsbMovpT5G7tJ_12futureos_lib12agent_bridge8approval32heal_pending_approval_from_agentsa_0B7_
FN:296,_RNvNtNtCsbMovpT5G7tJ_12futureos_lib12agent_bridge8approval12compact_json
FN:62,_RNvNtNtCsbMovpT5G7tJ_12futureos_lib12agent_bridge8approval15decide_approval
FN:15,_RNvNtNtCsbMovpT5G7tJ_12futureos_lib12agent_bridge8approval19inject_session_rule
FN:94,_RNvNtNtCsbMovpT5G7tJ_12futureos_lib12agent_bridge8approval23is_stale_approval_error
FN:120,_RNvNtNtCsbMovpT5G7tJ_12futureos_lib12agent_bridge8approval27reconcile_pending_approvals
FN:38,_RNvNtNtCsbMovpT5G7tJ_12futureos_lib12agent_bridge8approval30notify_agent_approval_decision
FN:224,_RNvNtNtCsbMovpT5G7tJ_12futureos_lib12agent_bridge8approval32heal_pending_approval_from_agent
FN:120,_RNvNtNtCsbC9L9WIsbRl_12futureos_lib12agent_bridge8approval27reconcile_pending_approvals
FN:66,_RNCNCNvNtNtCsbC9L9WIsbRl_12futureos_lib12agent_bridge8approval15decide_approval00B9_
FN:32,_RNCNCNvNtNtCsbC9L9WIsbRl_12futureos_lib12agent_bridge8approval19inject_session_rule00B9_
FN:143,_RNCNCNvNtNtCsbC9L9WIsbRl_12futureos_lib12agent_bridge8approval27reconcile_pending_approvals00B9_
FN:167,_RNCNCNvNtNtCsbC9L9WIsbRl_12futureos_lib12agent_bridge8approval27reconcile_pending_approvals0s0_0B9_
FN:171,_RNCNCNvNtNtCsbC9L9WIsbRl_12futureos_lib12agent_bridge8approval27reconcile_pending_approvals0s1_0B9_
FN:201,_RNCNCNvNtNtCsbC9L9WIsbRl_12futureos_lib12agent_bridge8approval27reconcile_pending_approvals0s2_0B9_
FN:205,_RNCNCNvNtNtCsbC9L9WIsbRl_12futureos_lib12agent_bridge8approval27reconcile_pending_approvals0s3_0B9_
FN:206,_RNCNCNvNtNtCsbC9L9WIsbRl_12futureos_lib12agent_bridge8approval27reconcile_pending_approvals0s4_0B9_
FN:166,_RNCNCNvNtNtCsbC9L9WIsbRl_12futureos_lib12agent_bridge8approval27reconcile_pending_approvals0s_0B9_
FN:43,_RNCNCNvNtNtCsbC9L9WIsbRl_12futureos_lib12agent_bridge8approval30notify_agent_approval_decision00B9_
FN:53,_RNCNCNvNtNtCsbC9L9WIsbRl_12futureos_lib12agent_bridge8approval30notify_agent_approval_decision0s_0B9_
FN:297,_RNCNvNtNtCsbC9L9WIsbRl_12futureos_lib12agent_bridge8approval12compact_json0B7_
FN:64,_RNCNvNtNtCsbC9L9WIsbRl_12futureos_lib12agent_bridge8approval15decide_approval0B7_
FN:19,_RNCNvNtNtCsbC9L9WIsbRl_12futureos_lib12agent_bridge8approval19inject_session_rule0B7_
FN:120,_RNCNvNtNtCsbC9L9WIsbRl_12futureos_lib12agent_bridge8approval27reconcile_pending_approvals0B7_
FN:41,_RNCNvNtNtCsbC9L9WIsbRl_12futureos_lib12agent_bridge8approval30notify_agent_approval_decision0B7_
FN:237,_RNCNvNtNtCsbC9L9WIsbRl_12futureos_lib12agent_bridge8approval32heal_pending_approval_from_agent0B7_
FN:247,_RNCNvNtNtCsbC9L9WIsbRl_12futureos_lib12agent_bridge8approval32heal_pending_approval_from_agents0_0B7_
FN:251,_RNCNvNtNtCsbC9L9WIsbRl_12futureos_lib12agent_bridge8approval32heal_pending_approval_from_agents1_0B7_
FN:253,_RNCNvNtNtCsbC9L9WIsbRl_12futureos_lib12agent_bridge8approval32heal_pending_approval_from_agents2_0B7_
FN:256,_RNCNvNtNtCsbC9L9WIsbRl_12futureos_lib12agent_bridge8approval32heal_pending_approval_from_agents3_0B7_
FN:258,_RNCNvNtNtCsbC9L9WIsbRl_12futureos_lib12agent_bridge8approval32heal_pending_approval_from_agents4_0B7_
FN:261,_RNCNvNtNtCsbC9L9WIsbRl_12futureos_lib12agent_bridge8approval32heal_pending_approval_from_agents5_0B7_
FN:265,_RNCNvNtNtCsbC9L9WIsbRl_12futureos_lib12agent_bridge8approval32heal_pending_approval_from_agents6_0B7_
FN:269,_RNCNvNtNtCsbC9L9WIsbRl_12futureos_lib12agent_bridge8approval32heal_pending_approval_from_agents7_0B7_
FN:270,_RNCNvNtNtCsbC9L9WIsbRl_12futureos_lib12agent_bridge8approval32heal_pending_approval_from_agents8_0B7_
FN:276,_RNCNvNtNtCsbC9L9WIsbRl_12futureos_lib12agent_bridge8approval32heal_pending_approval_from_agents9_0B7_
FN:246,_RNCNvNtNtCsbC9L9WIsbRl_12futureos_lib12agent_bridge8approval32heal_pending_approval_from_agents_0B7_
FN:280,_RNCNvNtNtCsbC9L9WIsbRl_12futureos_lib12agent_bridge8approval32heal_pending_approval_from_agentsa_0B7_
FN:296,_RNvNtNtCsbC9L9WIsbRl_12futureos_lib12agent_bridge8approval12compact_json
FN:62,_RNvNtNtCsbC9L9WIsbRl_12futureos_lib12agent_bridge8approval15decide_approval
FN:15,_RNvNtNtCsbC9L9WIsbRl_12futureos_lib12agent_bridge8approval19inject_session_rule
FN:94,_RNvNtNtCsbC9L9WIsbRl_12futureos_lib12agent_bridge8approval23is_stale_approval_error
FN:38,_RNvNtNtCsbC9L9WIsbRl_12futureos_lib12agent_bridge8approval30notify_agent_approval_decision
FN:224,_RNvNtNtCsbC9L9WIsbRl_12futureos_lib12agent_bridge8approval32heal_pending_approval_from_agent
FNDA:0,_RNCNCNvNtNtCsbMovpT5G7tJ_12futureos_lib12agent_bridge8approval15decide_approval00B9_
FNDA:0,_RNCNCNvNtNtCsbMovpT5G7tJ_12futureos_lib12agent_bridge8approval19inject_session_rule00B9_
FNDA:0,_RNCNCNvNtNtCsbMovpT5G7tJ_12futureos_lib12agent_bridge8approval27reconcile_pending_approvals00B9_
FNDA:0,_RNCNCNvNtNtCsbMovpT5G7tJ_12futureos_lib12agent_bridge8approval27reconcile_pending_approvals0s0_0B9_
FNDA:0,_RNCNCNvNtNtCsbMovpT5G7tJ_12futureos_lib12agent_bridge8approval27reconcile_pending_approvals0s1_0B9_
FNDA:0,_RNCNCNvNtNtCsbMovpT5G7tJ_12futureos_lib12agent_bridge8approval27reconcile_pending_approvals0s2_0B9_
FNDA:0,_RNCNCNvNtNtCsbMovpT5G7tJ_12futureos_lib12agent_bridge8approval27reconcile_pending_approvals0s3_0B9_
FNDA:0,_RNCNCNvNtNtCsbMovpT5G7tJ_12futureos_lib12agent_bridge8approval27reconcile_pending_approvals0s4_0B9_
FNDA:0,_RNCNCNvNtNtCsbMovpT5G7tJ_12futureos_lib12agent_bridge8approval27reconcile_pending_approvals0s_0B9_
FNDA:0,_RNCNCNvNtNtCsbMovpT5G7tJ_12futureos_lib12agent_bridge8approval30notify_agent_approval_decision00B9_
FNDA:0,_RNCNCNvNtNtCsbMovpT5G7tJ_12futureos_lib12agent_bridge8approval30notify_agent_approval_decision0s_0B9_
FNDA:0,_RNCNvNtNtCsbMovpT5G7tJ_12futureos_lib12agent_bridge8approval12compact_json0B7_
FNDA:0,_RNCNvNtNtCsbMovpT5G7tJ_12futureos_lib12agent_bridge8approval15decide_approval0B7_
FNDA:0,_RNCNvNtNtCsbMovpT5G7tJ_12futureos_lib12agent_bridge8approval19inject_session_rule0B7_
FNDA:0,_RNCNvNtNtCsbMovpT5G7tJ_12futureos_lib12agent_bridge8approval27reconcile_pending_approvals0B7_
FNDA:0,_RNCNvNtNtCsbMovpT5G7tJ_12futureos_lib12agent_bridge8approval30notify_agent_approval_decision0B7_
FNDA:0,_RNCNvNtNtCsbMovpT5G7tJ_12futureos_lib12agent_bridge8approval32heal_pending_approval_from_agent0B7_
FNDA:0,_RNCNvNtNtCsbMovpT5G7tJ_12futureos_lib12agent_bridge8approval32heal_pending_approval_from_agents0_0B7_
FNDA:0,_RNCNvNtNtCsbMovpT5G7tJ_12futureos_lib12agent_bridge8approval32heal_pending_approval_from_agents1_0B7_
FNDA:0,_RNCNvNtNtCsbMovpT5G7tJ_12futureos_lib12agent_bridge8approval32heal_pending_approval_from_agents2_0B7_
FNDA:0,_RNCNvNtNtCsbMovpT5G7tJ_12futureos_lib12agent_bridge8approval32heal_pending_approval_from_agents3_0B7_
FNDA:0,_RNCNvNtNtCsbMovpT5G7tJ_12futureos_lib12agent_bridge8approval32heal_pending_approval_from_agents4_0B7_
FNDA:0,_RNCNvNtNtCsbMovpT5G7tJ_12futureos_lib12agent_bridge8approval32heal_pending_approval_from_agents5_0B7_
FNDA:0,_RNCNvNtNtCsbMovpT5G7tJ_12futureos_lib12agent_bridge8approval32heal_pending_approval_from_agents6_0B7_
FNDA:0,_RNCNvNtNtCsbMovpT5G7tJ_12futureos_lib12agent_bridge8approval32heal_pending_approval_from_agents7_0B7_
FNDA:0,_RNCNvNtNtCsbMovpT5G7tJ_12futureos_lib12agent_bridge8approval32heal_pending_approval_from_agents8_0B7_
FNDA:0,_RNCNvNtNtCsbMovpT5G7tJ_12futureos_lib12agent_bridge8approval32heal_pending_approval_from_agents9_0B7_
FNDA:0,_RNCNvNtNtCsbMovpT5G7tJ_12futureos_lib12agent_bridge8approval32heal_pending_approval_from_agents_0B7_
FNDA:0,_RNCNvNtNtCsbMovpT5G7tJ_12futureos_lib12agent_bridge8approval32heal_pending_approval_from_agentsa_0B7_
FNDA:0,_RNvNtNtCsbMovpT5G7tJ_12futureos_lib12agent_bridge8approval12compact_json
FNDA:0,_RNvNtNtCsbMovpT5G7tJ_12futureos_lib12agent_bridge8approval15decide_approval
FNDA:0,_RNvNtNtCsbMovpT5G7tJ_12futureos_lib12agent_bridge8approval19inject_session_rule
FNDA:0,_RNvNtNtCsbMovpT5G7tJ_12futureos_lib12agent_bridge8approval23is_stale_approval_error
FNDA:0,_RNvNtNtCsbMovpT5G7tJ_12futureos_lib12agent_bridge8approval27reconcile_pending_approvals
FNDA:0,_RNvNtNtCsbMovpT5G7tJ_12futureos_lib12agent_bridge8approval30notify_agent_approval_decision
FNDA:0,_RNvNtNtCsbMovpT5G7tJ_12futureos_lib12agent_bridge8approval32heal_pending_approval_from_agent
FNDA:0,_RNvNtNtCsbC9L9WIsbRl_12futureos_lib12agent_bridge8approval27reconcile_pending_approvals
FNDA:0,_RNCNCNvNtNtCsbC9L9WIsbRl_12futureos_lib12agent_bridge8approval15decide_approval00B9_
FNDA:0,_RNCNCNvNtNtCsbC9L9WIsbRl_12futureos_lib12agent_bridge8approval19inject_session_rule00B9_
FNDA:0,_RNCNCNvNtNtCsbC9L9WIsbRl_12futureos_lib12agent_bridge8approval27reconcile_pending_approvals00B9_
FNDA:0,_RNCNCNvNtNtCsbC9L9WIsbRl_12futureos_lib12agent_bridge8approval27reconcile_pending_approvals0s0_0B9_
FNDA:0,_RNCNCNvNtNtCsbC9L9WIsbRl_12futureos_lib12agent_bridge8approval27reconcile_pending_approvals0s1_0B9_
FNDA:0,_RNCNCNvNtNtCsbC9L9WIsbRl_12futureos_lib12agent_bridge8approval27reconcile_pending_approvals0s2_0B9_
FNDA:0,_RNCNCNvNtNtCsbC9L9WIsbRl_12futureos_lib12agent_bridge8approval27reconcile_pending_approvals0s3_0B9_
FNDA:0,_RNCNCNvNtNtCsbC9L9WIsbRl_12futureos_lib12agent_bridge8approval27reconcile_pending_approvals0s4_0B9_
FNDA:0,_RNCNCNvNtNtCsbC9L9WIsbRl_12futureos_lib12agent_bridge8approval27reconcile_pending_approvals0s_0B9_
FNDA:0,_RNCNCNvNtNtCsbC9L9WIsbRl_12futureos_lib12agent_bridge8approval30notify_agent_approval_decision00B9_
FNDA:0,_RNCNCNvNtNtCsbC9L9WIsbRl_12futureos_lib12agent_bridge8approval30notify_agent_approval_decision0s_0B9_
FNDA:0,_RNCNvNtNtCsbC9L9WIsbRl_12futureos_lib12agent_bridge8approval12compact_json0B7_
FNDA:0,_RNCNvNtNtCsbC9L9WIsbRl_12futureos_lib12agent_bridge8approval15decide_approval0B7_
FNDA:0,_RNCNvNtNtCsbC9L9WIsbRl_12futureos_lib12agent_bridge8approval19inject_session_rule0B7_
FNDA:0,_RNCNvNtNtCsbC9L9WIsbRl_12futureos_lib12agent_bridge8approval27reconcile_pending_approvals0B7_
FNDA:0,_RNCNvNtNtCsbC9L9WIsbRl_12futureos_lib12agent_bridge8approval30notify_agent_approval_decision0B7_
FNDA:0,_RNCNvNtNtCsbC9L9WIsbRl_12futureos_lib12agent_bridge8approval32heal_pending_approval_from_agent0B7_
FNDA:0,_RNCNvNtNtCsbC9L9WIsbRl_12futureos_lib12agent_bridge8approval32heal_pending_approval_from_agents0_0B7_
FNDA:0,_RNCNvNtNtCsbC9L9WIsbRl_12futureos_lib12agent_bridge8approval32heal_pending_approval_from_agents1_0B7_
FNDA:0,_RNCNvNtNtCsbC9L9WIsbRl_12futureos_lib12agent_bridge8approval32heal_pending_approval_from_agents2_0B7_
FNDA:0,_RNCNvNtNtCsbC9L9WIsbRl_12futureos_lib12agent_bridge8approval32heal_pending_approval_from_agents3_0B7_
FNDA:0,_RNCNvNtNtCsbC9L9WIsbRl_12futureos_lib12agent_bridge8approval32heal_pending_approval_from_agents4_0B7_
FNDA:0,_RNCNvNtNtCsbC9L9WIsbRl_12futureos_lib12agent_bridge8approval32heal_pending_approval_from_agents5_0B7_
FNDA:0,_RNCNvNtNtCsbC9L9WIsbRl_12futureos_lib12agent_bridge8approval32heal_pending_approval_from_agents6_0B7_
FNDA:0,_RNCNvNtNtCsbC9L9WIsbRl_12futureos_lib12agent_bridge8approval32heal_pending_approval_from_agents7_0B7_
FNDA:0,_RNCNvNtNtCsbC9L9WIsbRl_12futureos_lib12agent_bridge8approval32heal_pending_approval_from_agents8_0B7_
FNDA:0,_RNCNvNtNtCsbC9L9WIsbRl_12futureos_lib12agent_bridge8approval32heal_pending_approval_from_agents9_0B7_
FNDA:0,_RNCNvNtNtCsbC9L9WIsbRl_12futureos_lib12agent_bridge8approval32heal_pending_approval_from_agents_0B7_
FNDA:0,_RNCNvNtNtCsbC9L9WIsbRl_12futureos_lib12agent_bridge8approval32heal_pending_approval_from_agentsa_0B7_
FNDA:0,_RNvNtNtCsbC9L9WIsbRl_12futureos_lib12agent_bridge8approval12compact_json
FNDA:0,_RNvNtNtCsbC9L9WIsbRl_12futureos_lib12agent_bridge8approval15decide_approval
FNDA:0,_RNvNtNtCsbC9L9WIsbRl_12futureos_lib12agent_bridge8approval19inject_session_rule
FNDA:0,_RNvNtNtCsbC9L9WIsbRl_12futureos_lib12agent_bridge8approval23is_stale_approval_error
FNDA:0,_RNvNtNtCsbC9L9WIsbRl_12futureos_lib12agent_bridge8approval30notify_agent_approval_decision
FNDA:0,_RNvNtNtCsbC9L9WIsbRl_12futureos_lib12agent_bridge8approval32heal_pending_approval_from_agent
FNF:36
FNH:0
DA:15,0
DA:16,0
DA:17,0
DA:18,0
DA:19,0
DA:20,0
DA:21,0
DA:23,0
DA:24,0
DA:25,0
DA:26,0
DA:27,0
DA:28,0
DA:29,0
DA:30,0
DA:31,0
DA:32,0
DA:33,0
DA:34,0
DA:35,0
DA:36,0
DA:38,0
DA:39,0
DA:40,0
DA:41,0
DA:42,0
DA:43,0
DA:44,0
DA:45,0
DA:46,0
DA:47,0
DA:48,0
DA:49,0
DA:50,0
DA:51,0
DA:52,0
DA:53,0
DA:54,0
DA:55,0
DA:56,0
DA:57,0
DA:62,0
DA:63,0
DA:64,0
DA:65,0
DA:66,0
DA:67,0
DA:68,0
DA:69,0
DA:70,0
DA:71,0
DA:72,0
DA:73,0
DA:74,0
DA:75,0
DA:76,0
DA:77,0
DA:78,0
DA:79,0
DA:80,0
DA:81,0
DA:82,0
DA:83,0
DA:84,0
DA:85,0
DA:86,0
DA:87,0
DA:88,0
DA:89,0
DA:90,0
DA:91,0
DA:92,0
DA:94,0
DA:95,0
DA:96,0
DA:97,0
DA:120,0
DA:121,0
DA:122,0
DA:126,0
DA:127,0
DA:128,0
DA:129,0
DA:130,0
DA:131,0
DA:132,0
DA:133,0
DA:135,0
DA:136,0
DA:137,0
DA:139,0
DA:140,0
DA:141,0
DA:142,0
DA:143,0
DA:144,0
DA:146,0
DA:148,0
DA:149,0
DA:151,0
DA:152,0
DA:153,0
DA:155,0
DA:156,0
DA:158,0
DA:161,0
DA:162,0
DA:163,0
DA:164,0
DA:165,0
DA:166,0
DA:167,0
DA:168,0
DA:169,0
DA:170,0
DA:171,0
DA:172,0
DA:174,0
DA:175,0
DA:176,0
DA:177,0
DA:178,0
DA:179,0
DA:180,0
DA:181,0
DA:182,0
DA:183,0
DA:184,0
DA:185,0
DA:186,0
DA:187,0
DA:188,0
DA:189,0
DA:190,0
DA:191,0
DA:192,0
DA:199,0
DA:200,0
DA:201,0
DA:202,0
DA:203,0
DA:204,0
DA:205,0
DA:206,0
DA:207,0
DA:208,0
DA:209,0
DA:210,0
DA:212,0
DA:213,0
DA:214,0
DA:215,0
DA:218,0
DA:224,0
DA:225,0
DA:226,0
DA:228,0
DA:229,0
DA:231,0
DA:233,0
DA:235,0
DA:236,0
DA:237,0
DA:238,0
DA:239,0
DA:241,0
DA:242,0
DA:243,0
DA:244,0
DA:245,0
DA:246,0
DA:247,0
DA:248,0
DA:249,0
DA:250,0
DA:251,0
DA:252,0
DA:253,0
DA:254,0
DA:255,0
DA:256,0
DA:257,0
DA:258,0
DA:259,0
DA:260,0
DA:261,0
DA:262,0
DA:263,0
DA:264,0
DA:265,0
DA:266,0
DA:267,0
DA:268,0
DA:269,0
DA:270,0
DA:271,0
DA:272,0
DA:273,0
DA:274,0
DA:275,0
DA:276,0
DA:277,0
DA:278,0
DA:279,0
DA:280,0
DA:281,0
DA:283,0
DA:284,0
DA:285,0
DA:287,0
DA:288,0
DA:289,0
DA:290,0
DA:291,0
DA:292,0
DA:293,0
DA:294,0
DA:296,0
DA:297,0
DA:298,0
BRF:0
BRH:0
LF:249
LH:0
end_of_record
SF:/Users/geilige/future-os/.claude/worktrees/cov100-tauri-root/desktop/src-tauri/src/agent_bridge/client.rs
FN:126,_RNCNCNCNCNCNvNtNtCsbMovpT5G7tJ_12futureos_lib12agent_bridge6client13connect_agent0s_0000Bf_
FN:114,_RNCNCNCNCNvNtNtCsbMovpT5G7tJ_12futureos_lib12agent_bridge6client13connect_agent0s_000Bd_
FN:133,_RNCNCNCNvNtNtCsbMovpT5G7tJ_12futureos_lib12agent_bridge6client13connect_agent0s_00Bb_
FN:95,_RNCNCNvNtNtCsbMovpT5G7tJ_12futureos_lib12agent_bridge6client13connect_agent00B9_
FN:138,_RNCNCNvNtNtCsbMovpT5G7tJ_12futureos_lib12agent_bridge6client13connect_agent0s0_0B9_
FN:112,_RNCNCNvNtNtCsbMovpT5G7tJ_12futureos_lib12agent_bridge6client13connect_agent0s_0B9_
FN:61,_RNCNCNvNtNtCsbMovpT5G7tJ_12futureos_lib12agent_bridge6client21agent_channel_runtime00B9_
FN:432,_RNCNvNtNtCsbMovpT5G7tJ_12futureos_lib12agent_bridge6client10command_id0B7_
FN:92,_RNCNvNtNtCsbMovpT5G7tJ_12futureos_lib12agent_bridge6client13connect_agent0B7_
FN:338,_RNCNvNtNtCsbMovpT5G7tJ_12futureos_lib12agent_bridge6client14prompt_command0B7_
FN:27,_RNCNvNtNtCsbMovpT5G7tJ_12futureos_lib12agent_bridge6client14raw_agent_addr0B7_
FN:51,_RNCNvNtNtCsbMovpT5G7tJ_12futureos_lib12agent_bridge6client21agent_channel_runtime0B7_
FN:153,_RNvXNtNtCsbMovpT5G7tJ_12futureos_lib12agent_bridge6clientNtNtCscRubRGWVRaK_10future_rpc5proto11RpcResponseNtB2_14RpcResponseExt15ok_or_rpc_error
FN:425,_RNvNtNtCsbMovpT5G7tJ_12futureos_lib12agent_bridge6client10command_id
FN:367,_RNvNtNtCsbMovpT5G7tJ_12futureos_lib12agent_bridge6client12base_command
FN:179,_RNvNtNtCsbMovpT5G7tJ_12futureos_lib12agent_bridge6client12fork_command
FN:92,_RNvNtNtCsbMovpT5G7tJ_12futureos_lib12agent_bridge6client13connect_agent
FN:81,_RNvNtNtCsbMovpT5G7tJ_12futureos_lib12agent_bridge6client13map_rpc_error
FN:30,_RNvNtNtCsbMovpT5G7tJ_12futureos_lib12agent_bridge6client14agent_endpoint
FN:328,_RNvNtNtCsbMovpT5G7tJ_12futureos_lib12agent_bridge6client14prompt_command
FN:26,_RNvNtNtCsbMovpT5G7tJ_12futureos_lib12agent_bridge6client14raw_agent_addr
FN:262,_RNvNtNtCsbMovpT5G7tJ_12futureos_lib12agent_bridge6client15set_cwd_command
FN:164,_RNvNtNtCsbMovpT5G7tJ_12futureos_lib12agent_bridge6client17get_state_command
FN:246,_RNvNtNtCsbMovpT5G7tJ_12futureos_lib12agent_bridge6client17set_model_command
FN:226,_RNvNtNtCsbMovpT5G7tJ_12futureos_lib12agent_bridge6client19new_session_command
FN:414,_RNvNtNtCsbMovpT5G7tJ_12futureos_lib12agent_bridge6client19run_control_command
FN:48,_RNvNtNtCsbMovpT5G7tJ_12futureos_lib12agent_bridge6client21agent_channel_runtime
FN:168,_RNvNtNtCsbMovpT5G7tJ_12futureos_lib12agent_bridge6client21get_run_state_command
FN:202,_RNvNtNtCsbMovpT5G7tJ_12futureos_lib12agent_bridge6client21list_sessions_command
FN:191,_RNvNtNtCsbMovpT5G7tJ_12futureos_lib12agent_bridge6client22delete_session_command
FN:301,_RNvNtNtCsbMovpT5G7tJ_12futureos_lib12agent_bridge6client24add_session_rule_command
FN:211,_RNvNtNtCsbMovpT5G7tJ_12futureos_lib12agent_bridge6client24list_session_ids_command
FN:195,_RNvNtNtCsbMovpT5G7tJ_12futureos_lib12agent_bridge6client24prune_run_events_command
FN:276,_RNvNtNtCsbMovpT5G7tJ_12futureos_lib12agent_bridge6client24set_session_name_command
FN:353,_RNvNtNtCsbMovpT5G7tJ_12futureos_lib12agent_bridge6client25approval_decision_command
FN:255,_RNvNtNtCsbMovpT5G7tJ_12futureos_lib12agent_bridge6client25set_default_model_command
FN:290,_RNvNtNtCsbMovpT5G7tJ_12futureos_lib12agent_bridge6client26set_sandbox_policy_command
FN:269,_RNvNtNtCsbMovpT5G7tJ_12futureos_lib12agent_bridge6client26set_thinking_level_command
FN:222,_RNvNtNtCsbMovpT5G7tJ_12futureos_lib12agent_bridge6client27get_session_entries_command
FN:175,_RNvNtNtCsbMovpT5G7tJ_12futureos_lib12agent_bridge6client28get_available_models_command
FN:283,_RNvNtNtCsbMovpT5G7tJ_12futureos_lib12agent_bridge6client28set_permission_level_command
FN:407,_RNvNtNtCsbMovpT5G7tJ_12futureos_lib12agent_bridge6client30list_builtin_providers_command
FN:218,_RNvNtNtCsbMovpT5G7tJ_12futureos_lib12agent_bridge6client31list_streaming_sessions_command
FN:126,_RNCNCNCNCNCNvNtNtCsbC9L9WIsbRl_12futureos_lib12agent_bridge6client13connect_agent0s_0000Bf_
FN:114,_RNCNCNCNCNvNtNtCsbC9L9WIsbRl_12futureos_lib12agent_bridge6client13connect_agent0s_000Bd_
FN:133,_RNCNCNCNvNtNtCsbC9L9WIsbRl_12futureos_lib12agent_bridge6client13connect_agent0s_00Bb_
FN:95,_RNCNCNvNtNtCsbC9L9WIsbRl_12futureos_lib12agent_bridge6client13connect_agent00B9_
FN:138,_RNCNCNvNtNtCsbC9L9WIsbRl_12futureos_lib12agent_bridge6client13connect_agent0s0_0B9_
FN:112,_RNCNCNvNtNtCsbC9L9WIsbRl_12futureos_lib12agent_bridge6client13connect_agent0s_0B9_
FN:61,_RNCNCNvNtNtCsbC9L9WIsbRl_12futureos_lib12agent_bridge6client21agent_channel_runtime00B9_
FN:455,_RNCNCNvNtNtNtCsbC9L9WIsbRl_12futureos_lib12agent_bridge6client5testss_43shared_channel_survives_caller_runtime_drop00Bb_
FN:432,_RNCNvNtNtCsbC9L9WIsbRl_12futureos_lib12agent_bridge6client10command_id0B7_
FN:92,_RNCNvNtNtCsbC9L9WIsbRl_12futureos_lib12agent_bridge6client13connect_agent0B7_
FN:338,_RNCNvNtNtCsbC9L9WIsbRl_12futureos_lib12agent_bridge6client14prompt_command0B7_
FN:27,_RNCNvNtNtCsbC9L9WIsbRl_12futureos_lib12agent_bridge6client14raw_agent_addr0B7_
FN:51,_RNCNvNtNtCsbC9L9WIsbRl_12futureos_lib12agent_bridge6client21agent_channel_runtime0B7_
FN:453,_RNCNvNtNtNtCsbC9L9WIsbRl_12futureos_lib12agent_bridge6client5testss_43shared_channel_survives_caller_runtime_drop0B9_
FN:471,_RNCNvNtNtNtCsbC9L9WIsbRl_12futureos_lib12agent_bridge6client5testss_43shared_channel_survives_caller_runtime_drops_0B9_
FN:425,_RNvNtNtCsbC9L9WIsbRl_12futureos_lib12agent_bridge6client10command_id
FN:367,_RNvNtNtCsbC9L9WIsbRl_12futureos_lib12agent_bridge6client12base_command
FN:179,_RNvNtNtCsbC9L9WIsbRl_12futureos_lib12agent_bridge6client12fork_command
FN:92,_RNvNtNtCsbC9L9WIsbRl_12futureos_lib12agent_bridge6client13connect_agent
FN:81,_RNvNtNtCsbC9L9WIsbRl_12futureos_lib12agent_bridge6client13map_rpc_error
FN:30,_RNvNtNtCsbC9L9WIsbRl_12futureos_lib12agent_bridge6client14agent_endpoint
FN:328,_RNvNtNtCsbC9L9WIsbRl_12futureos_lib12agent_bridge6client14prompt_command
FN:26,_RNvNtNtCsbC9L9WIsbRl_12futureos_lib12agent_bridge6client14raw_agent_addr
FN:262,_RNvNtNtCsbC9L9WIsbRl_12futureos_lib12agent_bridge6client15set_cwd_command
FN:164,_RNvNtNtCsbC9L9WIsbRl_12futureos_lib12agent_bridge6client17get_state_command
FN:246,_RNvNtNtCsbC9L9WIsbRl_12futureos_lib12agent_bridge6client17set_model_command
FN:226,_RNvNtNtCsbC9L9WIsbRl_12futureos_lib12agent_bridge6client19new_session_command
FN:414,_RNvNtNtCsbC9L9WIsbRl_12futureos_lib12agent_bridge6client19run_control_command
FN:48,_RNvNtNtCsbC9L9WIsbRl_12futureos_lib12agent_bridge6client21agent_channel_runtime
FN:168,_RNvNtNtCsbC9L9WIsbRl_12futureos_lib12agent_bridge6client21get_run_state_command
FN:202,_RNvNtNtCsbC9L9WIsbRl_12futureos_lib12agent_bridge6client21list_sessions_command
FN:191,_RNvNtNtCsbC9L9WIsbRl_12futureos_lib12agent_bridge6client22delete_session_command
FN:301,_RNvNtNtCsbC9L9WIsbRl_12futureos_lib12agent_bridge6client24add_session_rule_command
FN:211,_RNvNtNtCsbC9L9WIsbRl_12futureos_lib12agent_bridge6client24list_session_ids_command
FN:195,_RNvNtNtCsbC9L9WIsbRl_12futureos_lib12agent_bridge6client24prune_run_events_command
FN:276,_RNvNtNtCsbC9L9WIsbRl_12futureos_lib12agent_bridge6client24set_session_name_command
FN:353,_RNvNtNtCsbC9L9WIsbRl_12futureos_lib12agent_bridge6client25approval_decision_command
FN:255,_RNvNtNtCsbC9L9WIsbRl_12futureos_lib12agent_bridge6client25set_default_model_command
FN:290,_RNvNtNtCsbC9L9WIsbRl_12futureos_lib12agent_bridge6client26set_sandbox_policy_command
FN:269,_RNvNtNtCsbC9L9WIsbRl_12futureos_lib12agent_bridge6client26set_thinking_level_command
FN:222,_RNvNtNtCsbC9L9WIsbRl_12futureos_lib12agent_bridge6client27get_session_entries_command
FN:175,_RNvNtNtCsbC9L9WIsbRl_12futureos_lib12agent_bridge6client28get_available_models_command
FN:283,_RNvNtNtCsbC9L9WIsbRl_12futureos_lib12agent_bridge6client28set_permission_level_command
FN:407,_RNvNtNtCsbC9L9WIsbRl_12futureos_lib12agent_bridge6client30list_builtin_providers_command
FN:218,_RNvNtNtCsbC9L9WIsbRl_12futureos_lib12agent_bridge6client31list_streaming_sessions_command
FN:451,_RNvNtNtNtCsbC9L9WIsbRl_12futureos_lib12agent_bridge6client5testss_43shared_channel_survives_caller_runtime_drop
FN:153,_RNvXNtNtCsbC9L9WIsbRl_12futureos_lib12agent_bridge6clientNtNtCscRubRGWVRaK_10future_rpc5proto11RpcResponseNtB2_14RpcResponseExt15ok_or_rpc_error
FNDA:0,_RNCNCNCNCNCNvNtNtCsbMovpT5G7tJ_12futureos_lib12agent_bridge6client13connect_agent0s_0000Bf_
FNDA:0,_RNCNCNCNCNvNtNtCsbMovpT5G7tJ_12futureos_lib12agent_bridge6client13connect_agent0s_000Bd_
FNDA:0,_RNCNCNCNvNtNtCsbMovpT5G7tJ_12futureos_lib12agent_bridge6client13connect_agent0s_00Bb_
FNDA:0,_RNCNCNvNtNtCsbMovpT5G7tJ_12futureos_lib12agent_bridge6client13connect_agent00B9_
FNDA:0,_RNCNCNvNtNtCsbMovpT5G7tJ_12futureos_lib12agent_bridge6client13connect_agent0s0_0B9_
FNDA:0,_RNCNCNvNtNtCsbMovpT5G7tJ_12futureos_lib12agent_bridge6client13connect_agent0s_0B9_
FNDA:0,_RNCNCNvNtNtCsbMovpT5G7tJ_12futureos_lib12agent_bridge6client21agent_channel_runtime00B9_
FNDA:0,_RNCNvNtNtCsbMovpT5G7tJ_12futureos_lib12agent_bridge6client10command_id0B7_
FNDA:0,_RNCNvNtNtCsbMovpT5G7tJ_12futureos_lib12agent_bridge6client13connect_agent0B7_
FNDA:0,_RNCNvNtNtCsbMovpT5G7tJ_12futureos_lib12agent_bridge6client14prompt_command0B7_
FNDA:0,_RNCNvNtNtCsbMovpT5G7tJ_12futureos_lib12agent_bridge6client14raw_agent_addr0B7_
FNDA:0,_RNCNvNtNtCsbMovpT5G7tJ_12futureos_lib12agent_bridge6client21agent_channel_runtime0B7_
FNDA:0,_RNvXNtNtCsbMovpT5G7tJ_12futureos_lib12agent_bridge6clientNtNtCscRubRGWVRaK_10future_rpc5proto11RpcResponseNtB2_14RpcResponseExt15ok_or_rpc_error
FNDA:0,_RNvNtNtCsbMovpT5G7tJ_12futureos_lib12agent_bridge6client10command_id
FNDA:0,_RNvNtNtCsbMovpT5G7tJ_12futureos_lib12agent_bridge6client12base_command
FNDA:0,_RNvNtNtCsbMovpT5G7tJ_12futureos_lib12agent_bridge6client12fork_command
FNDA:0,_RNvNtNtCsbMovpT5G7tJ_12futureos_lib12agent_bridge6client13connect_agent
FNDA:0,_RNvNtNtCsbMovpT5G7tJ_12futureos_lib12agent_bridge6client13map_rpc_error
FNDA:0,_RNvNtNtCsbMovpT5G7tJ_12futureos_lib12agent_bridge6client14agent_endpoint
FNDA:0,_RNvNtNtCsbMovpT5G7tJ_12futureos_lib12agent_bridge6client14prompt_command
FNDA:0,_RNvNtNtCsbMovpT5G7tJ_12futureos_lib12agent_bridge6client14raw_agent_addr
FNDA:0,_RNvNtNtCsbMovpT5G7tJ_12futureos_lib12agent_bridge6client15set_cwd_command
FNDA:0,_RNvNtNtCsbMovpT5G7tJ_12futureos_lib12agent_bridge6client17get_state_command
FNDA:0,_RNvNtNtCsbMovpT5G7tJ_12futureos_lib12agent_bridge6client17set_model_command
FNDA:0,_RNvNtNtCsbMovpT5G7tJ_12futureos_lib12agent_bridge6client19new_session_command
FNDA:0,_RNvNtNtCsbMovpT5G7tJ_12futureos_lib12agent_bridge6client19run_control_command
FNDA:0,_RNvNtNtCsbMovpT5G7tJ_12futureos_lib12agent_bridge6client21agent_channel_runtime
FNDA:0,_RNvNtNtCsbMovpT5G7tJ_12futureos_lib12agent_bridge6client21get_run_state_command
FNDA:0,_RNvNtNtCsbMovpT5G7tJ_12futureos_lib12agent_bridge6client21list_sessions_command
FNDA:0,_RNvNtNtCsbMovpT5G7tJ_12futureos_lib12agent_bridge6client22delete_session_command
FNDA:0,_RNvNtNtCsbMovpT5G7tJ_12futureos_lib12agent_bridge6client24add_session_rule_command
FNDA:0,_RNvNtNtCsbMovpT5G7tJ_12futureos_lib12agent_bridge6client24list_session_ids_command
FNDA:0,_RNvNtNtCsbMovpT5G7tJ_12futureos_lib12agent_bridge6client24prune_run_events_command
FNDA:0,_RNvNtNtCsbMovpT5G7tJ_12futureos_lib12agent_bridge6client24set_session_name_command
FNDA:0,_RNvNtNtCsbMovpT5G7tJ_12futureos_lib12agent_bridge6client25approval_decision_command
FNDA:0,_RNvNtNtCsbMovpT5G7tJ_12futureos_lib12agent_bridge6client25set_default_model_command
FNDA:0,_RNvNtNtCsbMovpT5G7tJ_12futureos_lib12agent_bridge6client26set_sandbox_policy_command
FNDA:0,_RNvNtNtCsbMovpT5G7tJ_12futureos_lib12agent_bridge6client26set_thinking_level_command
FNDA:0,_RNvNtNtCsbMovpT5G7tJ_12futureos_lib12agent_bridge6client27get_session_entries_command
FNDA:0,_RNvNtNtCsbMovpT5G7tJ_12futureos_lib12agent_bridge6client28get_available_models_command
FNDA:0,_RNvNtNtCsbMovpT5G7tJ_12futureos_lib12agent_bridge6client28set_permission_level_command
FNDA:0,_RNvNtNtCsbMovpT5G7tJ_12futureos_lib12agent_bridge6client30list_builtin_providers_command
FNDA:0,_RNvNtNtCsbMovpT5G7tJ_12futureos_lib12agent_bridge6client31list_streaming_sessions_command
FNDA:2,_RNCNCNCNCNCNvNtNtCsbC9L9WIsbRl_12futureos_lib12agent_bridge6client13connect_agent0s_0000Bf_
FNDA:2,_RNCNCNCNCNvNtNtCsbC9L9WIsbRl_12futureos_lib12agent_bridge6client13connect_agent0s_000Bd_
FNDA:2,_RNCNCNCNvNtNtCsbC9L9WIsbRl_12futureos_lib12agent_bridge6client13connect_agent0s_00Bb_
FNDA:0,_RNCNCNvNtNtCsbC9L9WIsbRl_12futureos_lib12agent_bridge6client13connect_agent00B9_
FNDA:0,_RNCNCNvNtNtCsbC9L9WIsbRl_12futureos_lib12agent_bridge6client13connect_agent0s0_0B9_
FNDA:2,_RNCNCNvNtNtCsbC9L9WIsbRl_12futureos_lib12agent_bridge6client13connect_agent0s_0B9_
FNDA:1,_RNCNCNvNtNtCsbC9L9WIsbRl_12futureos_lib12agent_bridge6client21agent_channel_runtime00B9_
FNDA:0,_RNCNCNvNtNtNtCsbC9L9WIsbRl_12futureos_lib12agent_bridge6client5testss_43shared_channel_survives_caller_runtime_drop00Bb_
FNDA:3,_RNCNvNtNtCsbC9L9WIsbRl_12futureos_lib12agent_bridge6client10command_id0B7_
FNDA:2,_RNCNvNtNtCsbC9L9WIsbRl_12futureos_lib12agent_bridge6client13connect_agent0B7_
FNDA:0,_RNCNvNtNtCsbC9L9WIsbRl_12futureos_lib12agent_bridge6client14prompt_command0B7_
FNDA:0,_RNCNvNtNtCsbC9L9WIsbRl_12futureos_lib12agent_bridge6client14raw_agent_addr0B7_
FNDA:1,_RNCNvNtNtCsbC9L9WIsbRl_12futureos_lib12agent_bridge6client21agent_channel_runtime0B7_
FNDA:0,_RNCNvNtNtNtCsbC9L9WIsbRl_12futureos_lib12agent_bridge6client5testss_43shared_channel_survives_caller_runtime_drop0B9_
FNDA:0,_RNCNvNtNtNtCsbC9L9WIsbRl_12futureos_lib12agent_bridge6client5testss_43shared_channel_survives_caller_runtime_drops_0B9_
FNDA:3,_RNvNtNtCsbC9L9WIsbRl_12futureos_lib12agent_bridge6client10command_id
FNDA:3,_RNvNtNtCsbC9L9WIsbRl_12futureos_lib12agent_bridge6client12base_command
FNDA:0,_RNvNtNtCsbC9L9WIsbRl_12futureos_lib12agent_bridge6client12fork_command
FNDA:2,_RNvNtNtCsbC9L9WIsbRl_12futureos_lib12agent_bridge6client13connect_agent
FNDA:0,_RNvNtNtCsbC9L9WIsbRl_12futureos_lib12agent_bridge6client13map_rpc_error
FNDA:2,_RNvNtNtCsbC9L9WIsbRl_12futureos_lib12agent_bridge6client14agent_endpoint
FNDA:0,_RNvNtNtCsbC9L9WIsbRl_12futureos_lib12agent_bridge6client14prompt_command
FNDA:2,_RNvNtNtCsbC9L9WIsbRl_12futureos_lib12agent_bridge6client14raw_agent_addr
FNDA:0,_RNvNtNtCsbC9L9WIsbRl_12futureos_lib12agent_bridge6client15set_cwd_command
FNDA:0,_RNvNtNtCsbC9L9WIsbRl_12futureos_lib12agent_bridge6client17get_state_command
FNDA:0,_RNvNtNtCsbC9L9WIsbRl_12futureos_lib12agent_bridge6client17set_model_command
FNDA:0,_RNvNtNtCsbC9L9WIsbRl_12futureos_lib12agent_bridge6client19new_session_command
FNDA:0,_RNvNtNtCsbC9L9WIsbRl_12futureos_lib12agent_bridge6client19run_control_command
FNDA:2,_RNvNtNtCsbC9L9WIsbRl_12futureos_lib12agent_bridge6client21agent_channel_runtime
FNDA:0,_RNvNtNtCsbC9L9WIsbRl_12futureos_lib12agent_bridge6client21get_run_state_command
FNDA:0,_RNvNtNtCsbC9L9WIsbRl_12futureos_lib12agent_bridge6client21list_sessions_command
FNDA:0,_RNvNtNtCsbC9L9WIsbRl_12futureos_lib12agent_bridge6client22delete_session_command
FNDA:0,_RNvNtNtCsbC9L9WIsbRl_12futureos_lib12agent_bridge6client24add_session_rule_command
FNDA:0,_RNvNtNtCsbC9L9WIsbRl_12futureos_lib12agent_bridge6client24list_session_ids_command
FNDA:0,_RNvNtNtCsbC9L9WIsbRl_12futureos_lib12agent_bridge6client24prune_run_events_command
FNDA:0,_RNvNtNtCsbC9L9WIsbRl_12futureos_lib12agent_bridge6client24set_session_name_command
FNDA:0,_RNvNtNtCsbC9L9WIsbRl_12futureos_lib12agent_bridge6client25approval_decision_command
FNDA:0,_RNvNtNtCsbC9L9WIsbRl_12futureos_lib12agent_bridge6client25set_default_model_command
FNDA:0,_RNvNtNtCsbC9L9WIsbRl_12futureos_lib12agent_bridge6client26set_sandbox_policy_command
FNDA:0,_RNvNtNtCsbC9L9WIsbRl_12futureos_lib12agent_bridge6client26set_thinking_level_command
FNDA:0,_RNvNtNtCsbC9L9WIsbRl_12futureos_lib12agent_bridge6client27get_session_entries_command
FNDA:0,_RNvNtNtCsbC9L9WIsbRl_12futureos_lib12agent_bridge6client28get_available_models_command
FNDA:0,_RNvNtNtCsbC9L9WIsbRl_12futureos_lib12agent_bridge6client28set_permission_level_command
FNDA:0,_RNvNtNtCsbC9L9WIsbRl_12futureos_lib12agent_bridge6client30list_builtin_providers_command
FNDA:2,_RNvNtNtCsbC9L9WIsbRl_12futureos_lib12agent_bridge6client31list_streaming_sessions_command
FNDA:0,_RNvNtNtNtCsbC9L9WIsbRl_12futureos_lib12agent_bridge6client5testss_43shared_channel_survives_caller_runtime_drop
FNDA:0,_RNvXNtNtCsbC9L9WIsbRl_12futureos_lib12agent_bridge6clientNtNtCscRubRGWVRaK_10future_rpc5proto11RpcResponseNtB2_14RpcResponseExt15ok_or_rpc_error
FNF:47
FNH:15
DA:26,2
DA:27,2
DA:28,2
DA:30,2
DA:31,2
DA:32,2
DA:33,0
DA:35,2
DA:37,2
DA:48,2
DA:50,2
DA:51,2
DA:52,1
DA:53,1
DA:54,1
DA:55,1
DA:56,1
DA:57,1
DA:58,1
DA:59,1
DA:60,1
DA:61,1
DA:64,1
DA:65,1
DA:66,1
DA:67,1
DA:68,1
DA:69,2
DA:70,2
DA:81,0
DA:82,0
DA:83,0
DA:85,0
DA:87,0
DA:92,2
DA:94,2
DA:95,2
DA:96,0
DA:97,0
DA:98,0
DA:99,0
DA:100,2
DA:101,2
DA:102,2
DA:111,2
DA:112,2
DA:113,2
DA:114,2
DA:115,2
DA:120,2
DA:121,2
DA:122,2
DA:123,2
DA:124,2
DA:125,2
DA:126,2
DA:127,2
DA:128,2
DA:129,2
DA:130,2
DA:131,2
DA:132,0
DA:133,4
DA:134,2
DA:135,2
DA:136,2
DA:137,2
DA:138,2
DA:139,0
DA:140,2
DA:141,0
DA:142,0
DA:143,0
DA:144,2
DA:153,0
DA:154,0
DA:155,0
DA:156,0
DA:157,0
DA:159,0
DA:161,0
DA:164,0
DA:165,0
DA:166,0
DA:168,0
DA:169,0
DA:170,0
DA:171,0
DA:172,0
DA:173,0
DA:175,0
DA:176,0
DA:177,0
DA:179,0
DA:180,0
DA:181,0
DA:182,0
DA:183,0
DA:184,0
DA:185,0
DA:186,0
DA:187,0
DA:188,0
DA:189,0
DA:191,0
DA:192,0
DA:193,0
DA:195,0
DA:196,0
DA:197,0
DA:198,0
DA:199,0
DA:200,0
DA:202,0
DA:203,0
DA:204,0
DA:211,0
DA:212,0
DA:213,0
DA:218,2
DA:219,2
DA:220,2
DA:222,0
DA:223,0
DA:224,0
DA:226,0
DA:227,0
DA:228,0
DA:229,0
DA:230,0
DA:231,0
DA:232,0
DA:233,0
DA:234,0
DA:235,0
DA:236,0
DA:237,0
DA:238,0
DA:239,0
DA:240,0
DA:241,0
DA:242,0
DA:243,0
DA:244,0
DA:246,0
DA:247,0
DA:248,0
DA:249,0
DA:250,0
DA:251,0
DA:255,0
DA:256,0
DA:257,0
DA:258,0
DA:259,0
DA:260,0
DA:262,0
DA:263,0
DA:264,0
DA:265,0
DA:266,0
DA:267,0
DA:269,0
DA:270,0
DA:271,0
DA:272,0
DA:273,0
DA:274,0
DA:276,0
DA:277,0
DA:278,0
DA:279,0
DA:280,0
DA:281,0
DA:283,0
DA:284,0
DA:285,0
DA:286,0
DA:287,0
DA:288,0
DA:290,0
DA:291,0
DA:292,0
DA:293,0
DA:294,0
DA:295,0
DA:296,0
DA:297,0
DA:298,0
DA:301,0
DA:302,0
DA:303,0
DA:304,0
DA:305,0
DA:306,0
DA:307,0
DA:308,0
DA:309,0
DA:310,0
DA:311,0
DA:328,0
DA:329,0
DA:330,0
DA:331,0
DA:332,0
DA:333,0
DA:335,0
DA:336,0
DA:337,0
DA:338,0
DA:339,0
DA:340,0
DA:341,0
DA:342,0
DA:343,0
DA:344,0
DA:345,0
DA:346,0
DA:347,0
DA:348,0
DA:349,0
DA:350,0
DA:351,0
DA:353,0
DA:354,0
DA:355,0
DA:356,0
DA:357,0
DA:358,0
DA:359,0
DA:360,0
DA:361,0
DA:362,0
DA:363,0
DA:364,0
DA:365,0
DA:367,3
DA:368,3
DA:369,3
DA:370,3
DA:371,3
DA:372,3
DA:373,3
DA:374,3
DA:375,3
DA:376,3
DA:377,3
DA:378,3
DA:379,3
DA:380,3
DA:381,3
DA:382,3
DA:383,3
DA:384,3
DA:385,3
DA:386,3
DA:387,3
DA:388,3
DA:389,3
DA:390,3
DA:391,3
DA:392,3
DA:393,3
DA:394,3
DA:395,3
DA:396,3
DA:397,3
DA:398,3
DA:399,3
DA:400,3
DA:401,3
DA:402,3
DA:407,0
DA:408,0
DA:409,0
DA:410,0
DA:411,0
DA:412,0
DA:414,0
DA:415,0
DA:416,0
DA:417,0
DA:418,0
DA:419,0
DA:420,0
DA:421,0
DA:422,0
DA:423,0
DA:425,3
DA:430,3
DA:431,3
DA:432,3
DA:433,3
DA:434,3
DA:435,3
DA:436,3
DA:451,0
DA:453,0
DA:454,0
DA:455,0
DA:456,0
DA:457,0
DA:458,0
DA:459,0
DA:460,0
DA:461,0
DA:462,0
DA:463,0
DA:464,0
DA:465,0
DA:466,0
DA:470,0
DA:471,0
DA:472,0
DA:473,0
DA:474,0
DA:477,0
DA:478,0
DA:479,0
DA:480,0
DA:481,0
DA:482,0
BRF:0
BRH:0
LF:338
LH:115
end_of_record
SF:/Users/geilige/future-os/.claude/worktrees/cov100-tauri-root/desktop/src-tauri/src/agent_bridge/config.rs
FN:102,_RNCNvNtNtCsbMovpT5G7tJ_12futureos_lib12agent_bridge6config12future_login0B7_
FN:116,_RNCNvNtNtCsbMovpT5G7tJ_12futureos_lib12agent_bridge6config13future_logout0B7_
FN:164,_RNCNvNtNtCsbMovpT5G7tJ_12futureos_lib12agent_bridge6config15delete_provider0B7_
FN:152,_RNCNvNtNtCsbMovpT5G7tJ_12futureos_lib12agent_bridge6config15upsert_provider0B7_
FN:75,_RNCNvNtNtCsbMovpT5G7tJ_12futureos_lib12agent_bridge6config16set_provider_key0B7_
FN:29,_RNCNvNtNtCsbMovpT5G7tJ_12futureos_lib12agent_bridge6config17send_config_write0B7_
FN:88,_RNCNvNtNtCsbMovpT5G7tJ_12futureos_lib12agent_bridge6config18clear_provider_key0B7_
FN:133,_RNCNvNtNtCsbMovpT5G7tJ_12futureos_lib12agent_bridge6config29set_builtin_provider_base_url0B7_
FN:102,_RNvNtNtCsbMovpT5G7tJ_12futureos_lib12agent_bridge6config12future_login
FN:116,_RNvNtNtCsbMovpT5G7tJ_12futureos_lib12agent_bridge6config13future_logout
FN:164,_RNvNtNtCsbMovpT5G7tJ_12futureos_lib12agent_bridge6config15delete_provider
FN:150,_RNvNtNtCsbMovpT5G7tJ_12futureos_lib12agent_bridge6config15upsert_provider
FN:67,_RNvNtNtCsbMovpT5G7tJ_12futureos_lib12agent_bridge6config16set_auth_command
FN:75,_RNvNtNtCsbMovpT5G7tJ_12futureos_lib12agent_bridge6config16set_provider_key
FN:29,_RNvNtNtCsbMovpT5G7tJ_12futureos_lib12agent_bridge6config17send_config_write
FN:88,_RNvNtNtCsbMovpT5G7tJ_12futureos_lib12agent_bridge6config18clear_provider_key
FN:130,_RNvNtNtCsbMovpT5G7tJ_12futureos_lib12agent_bridge6config29set_builtin_provider_base_url
FN:102,_RNCNvNtNtCsbC9L9WIsbRl_12futureos_lib12agent_bridge6config12future_login0B7_
FN:116,_RNCNvNtNtCsbC9L9WIsbRl_12futureos_lib12agent_bridge6config13future_logout0B7_
FN:164,_RNCNvNtNtCsbC9L9WIsbRl_12futureos_lib12agent_bridge6config15delete_provider0B7_
FN:152,_RNCNvNtNtCsbC9L9WIsbRl_12futureos_lib12agent_bridge6config15upsert_provider0B7_
FN:75,_RNCNvNtNtCsbC9L9WIsbRl_12futureos_lib12agent_bridge6config16set_provider_key0B7_
FN:29,_RNCNvNtNtCsbC9L9WIsbRl_12futureos_lib12agent_bridge6config17send_config_write0B7_
FN:88,_RNCNvNtNtCsbC9L9WIsbRl_12futureos_lib12agent_bridge6config18clear_provider_key0B7_
FN:133,_RNCNvNtNtCsbC9L9WIsbRl_12futureos_lib12agent_bridge6config29set_builtin_provider_base_url0B7_
FN:102,_RNvNtNtCsbC9L9WIsbRl_12futureos_lib12agent_bridge6config12future_login
FN:116,_RNvNtNtCsbC9L9WIsbRl_12futureos_lib12agent_bridge6config13future_logout
FN:164,_RNvNtNtCsbC9L9WIsbRl_12futureos_lib12agent_bridge6config15delete_provider
FN:150,_RNvNtNtCsbC9L9WIsbRl_12futureos_lib12agent_bridge6config15upsert_provider
FN:67,_RNvNtNtCsbC9L9WIsbRl_12futureos_lib12agent_bridge6config16set_auth_command
FN:75,_RNvNtNtCsbC9L9WIsbRl_12futureos_lib12agent_bridge6config16set_provider_key
FN:29,_RNvNtNtCsbC9L9WIsbRl_12futureos_lib12agent_bridge6config17send_config_write
FN:88,_RNvNtNtCsbC9L9WIsbRl_12futureos_lib12agent_bridge6config18clear_provider_key
FN:130,_RNvNtNtCsbC9L9WIsbRl_12futureos_lib12agent_bridge6config29set_builtin_provider_base_url
FNDA:0,_RNCNvNtNtCsbMovpT5G7tJ_12futureos_lib12agent_bridge6config12future_login0B7_
FNDA:0,_RNCNvNtNtCsbMovpT5G7tJ_12futureos_lib12agent_bridge6config13future_logout0B7_
FNDA:0,_RNCNvNtNtCsbMovpT5G7tJ_12futureos_lib12agent_bridge6config15delete_provider0B7_
FNDA:0,_RNCNvNtNtCsbMovpT5G7tJ_12futureos_lib12agent_bridge6config15upsert_provider0B7_
FNDA:0,_RNCNvNtNtCsbMovpT5G7tJ_12futureos_lib12agent_bridge6config16set_provider_key0B7_
FNDA:0,_RNCNvNtNtCsbMovpT5G7tJ_12futureos_lib12agent_bridge6config17send_config_write0B7_
FNDA:0,_RNCNvNtNtCsbMovpT5G7tJ_12futureos_lib12agent_bridge6config18clear_provider_key0B7_
FNDA:0,_RNCNvNtNtCsbMovpT5G7tJ_12futureos_lib12agent_bridge6config29set_builtin_provider_base_url0B7_
FNDA:0,_RNvNtNtCsbMovpT5G7tJ_12futureos_lib12agent_bridge6config12future_login
FNDA:0,_RNvNtNtCsbMovpT5G7tJ_12futureos_lib12agent_bridge6config13future_logout
FNDA:0,_RNvNtNtCsbMovpT5G7tJ_12futureos_lib12agent_bridge6config15delete_provider
FNDA:0,_RNvNtNtCsbMovpT5G7tJ_12futureos_lib12agent_bridge6config15upsert_provider
FNDA:0,_RNvNtNtCsbMovpT5G7tJ_12futureos_lib12agent_bridge6config16set_auth_command
FNDA:0,_RNvNtNtCsbMovpT5G7tJ_12futureos_lib12agent_bridge6config16set_provider_key
FNDA:0,_RNvNtNtCsbMovpT5G7tJ_12futureos_lib12agent_bridge6config17send_config_write
FNDA:0,_RNvNtNtCsbMovpT5G7tJ_12futureos_lib12agent_bridge6config18clear_provider_key
FNDA:0,_RNvNtNtCsbMovpT5G7tJ_12futureos_lib12agent_bridge6config29set_builtin_provider_base_url
FNDA:1,_RNCNvNtNtCsbC9L9WIsbRl_12futureos_lib12agent_bridge6config12future_login0B7_
FNDA:0,_RNCNvNtNtCsbC9L9WIsbRl_12futureos_lib12agent_bridge6config13future_logout0B7_
FNDA:0,_RNCNvNtNtCsbC9L9WIsbRl_12futureos_lib12agent_bridge6config15delete_provider0B7_
FNDA:0,_RNCNvNtNtCsbC9L9WIsbRl_12futureos_lib12agent_bridge6config15upsert_provider0B7_
FNDA:0,_RNCNvNtNtCsbC9L9WIsbRl_12futureos_lib12agent_bridge6config16set_provider_key0B7_
FNDA:1,_RNCNvNtNtCsbC9L9WIsbRl_12futureos_lib12agent_bridge6config17send_config_write0B7_
FNDA:0,_RNCNvNtNtCsbC9L9WIsbRl_12futureos_lib12agent_bridge6config18clear_provider_key0B7_
FNDA:0,_RNCNvNtNtCsbC9L9WIsbRl_12futureos_lib12agent_bridge6config29set_builtin_provider_base_url0B7_
FNDA:1,_RNvNtNtCsbC9L9WIsbRl_12futureos_lib12agent_bridge6config12future_login
FNDA:0,_RNvNtNtCsbC9L9WIsbRl_12futureos_lib12agent_bridge6config13future_logout
FNDA:0,_RNvNtNtCsbC9L9WIsbRl_12futureos_lib12agent_bridge6config15delete_provider
FNDA:0,_RNvNtNtCsbC9L9WIsbRl_12futureos_lib12agent_bridge6config15upsert_provider
FNDA:1,_RNvNtNtCsbC9L9WIsbRl_12futureos_lib12agent_bridge6config16set_auth_command
FNDA:0,_RNvNtNtCsbC9L9WIsbRl_12futureos_lib12agent_bridge6config16set_provider_key
FNDA:1,_RNvNtNtCsbC9L9WIsbRl_12futureos_lib12agent_bridge6config17send_config_write
FNDA:0,_RNvNtNtCsbC9L9WIsbRl_12futureos_lib12agent_bridge6config18clear_provider_key
FNDA:0,_RNvNtNtCsbC9L9WIsbRl_12futureos_lib12agent_bridge6config29set_builtin_provider_base_url
FNF:17
FNH:5
DA:29,1
DA:30,1
DA:31,0
DA:32,1
DA:33,1
DA:36,1
DA:39,0
DA:40,0
DA:41,0
DA:42,0
DA:45,0
DA:48,0
DA:49,0
DA:50,0
DA:53,0
DA:54,0
DA:57,0
DA:58,0
DA:59,0
DA:60,0
DA:62,0
DA:64,0
DA:65,1
DA:67,1
DA:68,1
DA:69,1
DA:70,1
DA:71,1
DA:72,1
DA:75,0
DA:76,0
DA:77,0
DA:78,0
DA:79,0
DA:80,0
DA:81,0
DA:82,0
DA:83,0
DA:84,0
DA:85,0
DA:88,0
DA:89,0
DA:90,0
DA:91,0
DA:92,0
DA:93,0
DA:94,0
DA:95,0
DA:96,0
DA:97,0
DA:98,0
DA:102,1
DA:103,1
DA:104,1
DA:105,1
DA:106,1
DA:107,1
DA:108,1
DA:109,1
DA:110,1
DA:111,1
DA:112,1
DA:113,1
DA:116,0
DA:117,0
DA:118,0
DA:119,0
DA:120,0
DA:121,0
DA:122,0
DA:123,0
DA:124,0
DA:125,0
DA:126,0
DA:130,0
DA:131,0
DA:132,0
DA:133,0
DA:134,0
DA:135,0
DA:136,0
DA:137,0
DA:138,0
DA:139,0
DA:140,0
DA:141,0
DA:142,0
DA:143,0
DA:144,0
DA:145,0
DA:146,0
DA:147,0
DA:150,0
DA:151,0
DA:152,0
DA:153,0
DA:154,0
DA:155,0
DA:156,0
DA:157,0
DA:158,0
DA:159,0
DA:160,0
DA:161,0
DA:164,0
DA:165,0
DA:166,0
DA:167,0
DA:168,0
DA:169,0
DA:170,0
DA:171,0
DA:172,0
DA:173,0
DA:174,0
DA:175,0
DA:176,0
BRF:0
BRH:0
LF:125
LH:26
end_of_record
SF:/Users/geilige/future-os/.claude/worktrees/cov100-tauri-root/desktop/src-tauri/src/agent_bridge/headless.rs
FN:62,_RNCNvNtNtCsbMovpT5G7tJ_12futureos_lib12agent_bridge8headless19run_prepared_prompt0B7_
FN:39,_RNCNvNtNtCsbMovpT5G7tJ_12futureos_lib12agent_bridge8headless24prepare_prompt_persisted0B7_
FN:62,_RNvNtNtCsbMovpT5G7tJ_12futureos_lib12agent_bridge8headless19run_prepared_prompt
FN:29,_RNvNtNtCsbMovpT5G7tJ_12futureos_lib12agent_bridge8headless24prepare_prompt_persisted
FN:62,_RNvNtNtCsbC9L9WIsbRl_12futureos_lib12agent_bridge8headless19run_prepared_prompt
FN:29,_RNvNtNtCsbC9L9WIsbRl_12futureos_lib12agent_bridge8headless24prepare_prompt_persisted
FN:62,_RNCNvNtNtCsbC9L9WIsbRl_12futureos_lib12agent_bridge8headless19run_prepared_prompt0B7_
FN:39,_RNCNvNtNtCsbC9L9WIsbRl_12futureos_lib12agent_bridge8headless24prepare_prompt_persisted0B7_
FNDA:0,_RNCNvNtNtCsbMovpT5G7tJ_12futureos_lib12agent_bridge8headless19run_prepared_prompt0B7_
FNDA:0,_RNCNvNtNtCsbMovpT5G7tJ_12futureos_lib12agent_bridge8headless24prepare_prompt_persisted0B7_
FNDA:0,_RNvNtNtCsbMovpT5G7tJ_12futureos_lib12agent_bridge8headless19run_prepared_prompt
FNDA:0,_RNvNtNtCsbMovpT5G7tJ_12futureos_lib12agent_bridge8headless24prepare_prompt_persisted
FNDA:0,_RNvNtNtCsbC9L9WIsbRl_12futureos_lib12agent_bridge8headless19run_prepared_prompt
FNDA:0,_RNvNtNtCsbC9L9WIsbRl_12futureos_lib12agent_bridge8headless24prepare_prompt_persisted
FNDA:0,_RNCNvNtNtCsbC9L9WIsbRl_12futureos_lib12agent_bridge8headless19run_prepared_prompt0B7_
FNDA:0,_RNCNvNtNtCsbC9L9WIsbRl_12futureos_lib12agent_bridge8headless24prepare_prompt_persisted0B7_
FNF:4
FNH:0
DA:29,0
DA:30,0
DA:31,0
DA:32,0
DA:33,0
DA:34,0
DA:35,0
DA:36,0
DA:37,0
DA:38,0
DA:39,0
DA:41,0
DA:42,0
DA:43,0
DA:44,0
DA:45,0
DA:46,0
DA:47,0
DA:49,0
DA:50,0
DA:51,0
DA:52,0
DA:53,0
DA:54,0
DA:55,0
DA:56,0
DA:57,0
DA:58,0
DA:62,0
DA:64,0
DA:65,0
DA:66,0
DA:67,0
DA:68,0
DA:69,0
DA:70,0
DA:71,0
DA:73,0
DA:74,0
DA:75,0
DA:76,0
DA:77,0
DA:78,0
DA:79,0
DA:80,0
DA:81,0
DA:82,0
DA:84,0
DA:88,0
DA:89,0
DA:90,0
DA:91,0
DA:92,0
DA:93,0
DA:94,0
DA:95,0
DA:98,0
DA:99,0
DA:100,0
DA:101,0
DA:102,0
DA:103,0
DA:104,0
DA:106,0
DA:107,0
DA:108,0
DA:109,0
DA:110,0
DA:111,0
DA:112,0
DA:113,0
DA:116,0
BRF:0
BRH:0
LF:74
LH:0
end_of_record
SF:/Users/geilige/future-os/.claude/worktrees/cov100-tauri-root/desktop/src-tauri/src/agent_bridge/import.rs
FN:464,_RNCNCNCNvNtNtCsbMovpT5G7tJ_12futureos_lib12agent_bridge6import10import_one0s3_00Bb_
FN:365,_RNCNCNvNtNtCsbMovpT5G7tJ_12futureos_lib12agent_bridge6import10import_one00B9_
FN:407,_RNCNCNvNtNtCsbMovpT5G7tJ_12futureos_lib12agent_bridge6import10import_one0s0_0B9_
FN:435,_RNCNCNvNtNtCsbMovpT5G7tJ_12futureos_lib12agent_bridge6import10import_one0s1_0B9_
FN:452,_RNCNCNvNtNtCsbMovpT5G7tJ_12futureos_lib12agent_bridge6import10import_one0s2_0B9_
FN:464,_RNCNCNvNtNtCsbMovpT5G7tJ_12futureos_lib12agent_bridge6import10import_one0s3_0B9_
FN:382,_RNCNCNvNtNtCsbMovpT5G7tJ_12futureos_lib12agent_bridge6import10import_one0s_0B9_
FN:327,_RNCNCNvNtNtCsbMovpT5G7tJ_12futureos_lib12agent_bridge6import14write_back_cwd00B9_
FN:342,_RNCNCNvNtNtCsbMovpT5G7tJ_12futureos_lib12agent_bridge6import14write_back_cwd0s_0B9_
FN:90,_RNCNCNvNtNtCsbMovpT5G7tJ_12futureos_lib12agent_bridge6import19list_agent_sessions00B9_
FN:172,_RNCNCNvNtNtCsbMovpT5G7tJ_12futureos_lib12agent_bridge6import21fetch_session_entries00B9_
FN:173,_RNCNCNvNtNtCsbMovpT5G7tJ_12futureos_lib12agent_bridge6import21fetch_session_entries0s_0B9_
FN:121,_RNCNCNvNtNtCsbMovpT5G7tJ_12futureos_lib12agent_bridge6import22list_agent_session_ids00B9_
FN:147,_RNCNCNvNtNtCsbMovpT5G7tJ_12futureos_lib12agent_bridge6import22list_agent_session_ids0s0_0B9_
FN:143,_RNCNCNvNtNtCsbMovpT5G7tJ_12futureos_lib12agent_bridge6import22list_agent_session_ids0s_0B9_
FN:556,_RNCNCNvNtNtCsbMovpT5G7tJ_12futureos_lib12agent_bridge6import23import_missing_sessions00B9_
FN:497,_RNCNCNvNtNtCsbMovpT5G7tJ_12futureos_lib12agent_bridge6import24import_streaming_session00B9_
FN:510,_RNCNCNvNtNtCsbMovpT5G7tJ_12futureos_lib12agent_bridge6import24import_streaming_session0s0_0B9_
FN:514,_RNCNCNvNtNtCsbMovpT5G7tJ_12futureos_lib12agent_bridge6import24import_streaming_session0s1_0B9_
FN:519,_RNCNCNvNtNtCsbMovpT5G7tJ_12futureos_lib12agent_bridge6import24import_streaming_session0s2_0B9_
FN:509,_RNCNCNvNtNtCsbMovpT5G7tJ_12futureos_lib12agent_bridge6import24import_streaming_session0s_0B9_
FN:358,_RNCNvNtNtCsbMovpT5G7tJ_12futureos_lib12agent_bridge6import10import_one0B7_
FN:284,_RNCNvNtNtCsbMovpT5G7tJ_12futureos_lib12agent_bridge6import11thread_mode0B7_
FN:286,_RNCNvNtNtCsbMovpT5G7tJ_12futureos_lib12agent_bridge6import11thread_modes_0B7_
FN:194,_RNCNvNtNtCsbMovpT5G7tJ_12futureos_lib12agent_bridge6import13session_title0B7_
FN:196,_RNCNvNtNtCsbMovpT5G7tJ_12futureos_lib12agent_bridge6import13session_titles_0B7_
FN:326,_RNCNvNtNtCsbMovpT5G7tJ_12futureos_lib12agent_bridge6import14write_back_cwd0B7_
FN:52,_RNCNvNtNtCsbMovpT5G7tJ_12futureos_lib12agent_bridge6import19list_agent_sessions0B7_
FN:155,_RNCNvNtNtCsbMovpT5G7tJ_12futureos_lib12agent_bridge6import21fetch_session_entries0B7_
FN:116,_RNCNvNtNtCsbMovpT5G7tJ_12futureos_lib12agent_bridge6import22list_agent_session_ids0B7_
FN:544,_RNCNvNtNtCsbMovpT5G7tJ_12futureos_lib12agent_bridge6import23import_missing_sessions0B7_
FN:489,_RNCNvNtNtCsbMovpT5G7tJ_12futureos_lib12agent_bridge6import24import_streaming_session0B7_
FN:358,_RNvNtNtCsbMovpT5G7tJ_12futureos_lib12agent_bridge6import10import_one
FN:259,_RNvNtNtCsbMovpT5G7tJ_12futureos_lib12agent_bridge6import11thread_mode
FN:188,_RNvNtNtCsbMovpT5G7tJ_12futureos_lib12agent_bridge6import13session_title
FN:326,_RNvNtNtCsbMovpT5G7tJ_12futureos_lib12agent_bridge6import14write_back_cwd
FN:301,_RNvNtNtCsbMovpT5G7tJ_12futureos_lib12agent_bridge6import19is_desktop_chat_cwd
FN:52,_RNvNtNtCsbMovpT5G7tJ_12futureos_lib12agent_bridge6import19list_agent_sessions
FN:228,_RNvNtNtCsbMovpT5G7tJ_12futureos_lib12agent_bridge6import21create_historical_run
FN:155,_RNvNtNtCsbMovpT5G7tJ_12futureos_lib12agent_bridge6import21fetch_session_entries
FN:115,_RNvNtNtCsbMovpT5G7tJ_12futureos_lib12agent_bridge6import22list_agent_session_ids
FN:544,_RNvNtNtCsbMovpT5G7tJ_12futureos_lib12agent_bridge6import23import_missing_sessions
FN:489,_RNvNtNtCsbMovpT5G7tJ_12futureos_lib12agent_bridge6import24import_streaming_session
FN:181,_RNvNtNtCsbMovpT5G7tJ_12futureos_lib12agent_bridge6import9clean_cwd
FN:464,_RNCNCNCNvNtNtCsbC9L9WIsbRl_12futureos_lib12agent_bridge6import10import_one0s3_00Bb_
FN:365,_RNCNCNvNtNtCsbC9L9WIsbRl_12futureos_lib12agent_bridge6import10import_one00B9_
FN:407,_RNCNCNvNtNtCsbC9L9WIsbRl_12futureos_lib12agent_bridge6import10import_one0s0_0B9_
FN:435,_RNCNCNvNtNtCsbC9L9WIsbRl_12futureos_lib12agent_bridge6import10import_one0s1_0B9_
FN:452,_RNCNCNvNtNtCsbC9L9WIsbRl_12futureos_lib12agent_bridge6import10import_one0s2_0B9_
FN:464,_RNCNCNvNtNtCsbC9L9WIsbRl_12futureos_lib12agent_bridge6import10import_one0s3_0B9_
FN:382,_RNCNCNvNtNtCsbC9L9WIsbRl_12futureos_lib12agent_bridge6import10import_one0s_0B9_
FN:327,_RNCNCNvNtNtCsbC9L9WIsbRl_12futureos_lib12agent_bridge6import14write_back_cwd00B9_
FN:342,_RNCNCNvNtNtCsbC9L9WIsbRl_12futureos_lib12agent_bridge6import14write_back_cwd0s_0B9_
FN:90,_RNCNCNvNtNtCsbC9L9WIsbRl_12futureos_lib12agent_bridge6import19list_agent_sessions00B9_
FN:172,_RNCNCNvNtNtCsbC9L9WIsbRl_12futureos_lib12agent_bridge6import21fetch_session_entries00B9_
FN:173,_RNCNCNvNtNtCsbC9L9WIsbRl_12futureos_lib12agent_bridge6import21fetch_session_entries0s_0B9_
FN:121,_RNCNCNvNtNtCsbC9L9WIsbRl_12futureos_lib12agent_bridge6import22list_agent_session_ids00B9_
FN:147,_RNCNCNvNtNtCsbC9L9WIsbRl_12futureos_lib12agent_bridge6import22list_agent_session_ids0s0_0B9_
FN:143,_RNCNCNvNtNtCsbC9L9WIsbRl_12futureos_lib12agent_bridge6import22list_agent_session_ids0s_0B9_
FN:556,_RNCNCNvNtNtCsbC9L9WIsbRl_12futureos_lib12agent_bridge6import23import_missing_sessions00B9_
FN:358,_RNCNvNtNtCsbC9L9WIsbRl_12futureos_lib12agent_bridge6import10import_one0B7_
FN:284,_RNCNvNtNtCsbC9L9WIsbRl_12futureos_lib12agent_bridge6import11thread_mode0B7_
FN:286,_RNCNvNtNtCsbC9L9WIsbRl_12futureos_lib12agent_bridge6import11thread_modes_0B7_
FN:194,_RNCNvNtNtCsbC9L9WIsbRl_12futureos_lib12agent_bridge6import13session_title0B7_
FN:196,_RNCNvNtNtCsbC9L9WIsbRl_12futureos_lib12agent_bridge6import13session_titles_0B7_
FN:326,_RNCNvNtNtCsbC9L9WIsbRl_12futureos_lib12agent_bridge6import14write_back_cwd0B7_
FN:52,_RNCNvNtNtCsbC9L9WIsbRl_12futureos_lib12agent_bridge6import19list_agent_sessions0B7_
FN:155,_RNCNvNtNtCsbC9L9WIsbRl_12futureos_lib12agent_bridge6import21fetch_session_entries0B7_
FN:116,_RNCNvNtNtCsbC9L9WIsbRl_12futureos_lib12agent_bridge6import22list_agent_session_ids0B7_
FN:544,_RNCNvNtNtCsbC9L9WIsbRl_12futureos_lib12agent_bridge6import23import_missing_sessions0B7_
FN:687,_RNvNtNtNtCsbC9L9WIsbRl_12futureos_lib12agent_bridge6import5testss_22session_title_fallback
FN:642,_RNvNtNtNtCsbC9L9WIsbRl_12futureos_lib12agent_bridge6import5testss_35session_title_prefers_first_message
FN:657,_RNvNtNtNtCsbC9L9WIsbRl_12futureos_lib12agent_bridge6import5testss_36session_title_uses_name_when_not_cwd
FN:672,_RNvNtNtNtCsbC9L9WIsbRl_12futureos_lib12agent_bridge6import5testss_37session_title_skips_name_equal_to_cwd
FN:607,_RNvNtNtNtCsbC9L9WIsbRl_12futureos_lib12agent_bridge6import5testss_47agent_session_summary_parses_list_sessions_json
FN:497,_RNCNCNvNtNtCsbC9L9WIsbRl_12futureos_lib12agent_bridge6import24import_streaming_session00B9_
FN:510,_RNCNCNvNtNtCsbC9L9WIsbRl_12futureos_lib12agent_bridge6import24import_streaming_session0s0_0B9_
FN:514,_RNCNCNvNtNtCsbC9L9WIsbRl_12futureos_lib12agent_bridge6import24import_streaming_session0s1_0B9_
FN:519,_RNCNCNvNtNtCsbC9L9WIsbRl_12futureos_lib12agent_bridge6import24import_streaming_session0s2_0B9_
FN:509,_RNCNCNvNtNtCsbC9L9WIsbRl_12futureos_lib12agent_bridge6import24import_streaming_session0s_0B9_
FN:489,_RNCNvNtNtCsbC9L9WIsbRl_12futureos_lib12agent_bridge6import24import_streaming_session0B7_
FN:544,_RNvNtNtCsbC9L9WIsbRl_12futureos_lib12agent_bridge6import23import_missing_sessions
FN:489,_RNvNtNtCsbC9L9WIsbRl_12futureos_lib12agent_bridge6import24import_streaming_session
FN:358,_RNvNtNtCsbC9L9WIsbRl_12futureos_lib12agent_bridge6import10import_one
FN:259,_RNvNtNtCsbC9L9WIsbRl_12futureos_lib12agent_bridge6import11thread_mode
FN:188,_RNvNtNtCsbC9L9WIsbRl_12futureos_lib12agent_bridge6import13session_title
FN:326,_RNvNtNtCsbC9L9WIsbRl_12futureos_lib12agent_bridge6import14write_back_cwd
FN:301,_RNvNtNtCsbC9L9WIsbRl_12futureos_lib12agent_bridge6import19is_desktop_chat_cwd
FN:52,_RNvNtNtCsbC9L9WIsbRl_12futureos_lib12agent_bridge6import19list_agent_sessions
FN:228,_RNvNtNtCsbC9L9WIsbRl_12futureos_lib12agent_bridge6import21create_historical_run
FN:155,_RNvNtNtCsbC9L9WIsbRl_12futureos_lib12agent_bridge6import21fetch_session_entries
FN:115,_RNvNtNtCsbC9L9WIsbRl_12futureos_lib12agent_bridge6import22list_agent_session_ids
FN:181,_RNvNtNtCsbC9L9WIsbRl_12futureos_lib12agent_bridge6import9clean_cwd
FNDA:0,_RNCNCNCNvNtNtCsbMovpT5G7tJ_12futureos_lib12agent_bridge6import10import_one0s3_00Bb_
FNDA:0,_RNCNCNvNtNtCsbMovpT5G7tJ_12futureos_lib12agent_bridge6import10import_one00B9_
FNDA:0,_RNCNCNvNtNtCsbMovpT5G7tJ_12futureos_lib12agent_bridge6import10import_one0s0_0B9_
FNDA:0,_RNCNCNvNtNtCsbMovpT5G7tJ_12futureos_lib12agent_bridge6import10import_one0s1_0B9_
FNDA:0,_RNCNCNvNtNtCsbMovpT5G7tJ_12futureos_lib12agent_bridge6import10import_one0s2_0B9_
FNDA:0,_RNCNCNvNtNtCsbMovpT5G7tJ_12futureos_lib12agent_bridge6import10import_one0s3_0B9_
FNDA:0,_RNCNCNvNtNtCsbMovpT5G7tJ_12futureos_lib12agent_bridge6import10import_one0s_0B9_
FNDA:0,_RNCNCNvNtNtCsbMovpT5G7tJ_12futureos_lib12agent_bridge6import14write_back_cwd00B9_
FNDA:0,_RNCNCNvNtNtCsbMovpT5G7tJ_12futureos_lib12agent_bridge6import14write_back_cwd0s_0B9_
FNDA:0,_RNCNCNvNtNtCsbMovpT5G7tJ_12futureos_lib12agent_bridge6import19list_agent_sessions00B9_
FNDA:0,_RNCNCNvNtNtCsbMovpT5G7tJ_12futureos_lib12agent_bridge6import21fetch_session_entries00B9_
FNDA:0,_RNCNCNvNtNtCsbMovpT5G7tJ_12futureos_lib12agent_bridge6import21fetch_session_entries0s_0B9_
FNDA:0,_RNCNCNvNtNtCsbMovpT5G7tJ_12futureos_lib12agent_bridge6import22list_agent_session_ids00B9_
FNDA:0,_RNCNCNvNtNtCsbMovpT5G7tJ_12futureos_lib12agent_bridge6import22list_agent_session_ids0s0_0B9_
FNDA:0,_RNCNCNvNtNtCsbMovpT5G7tJ_12futureos_lib12agent_bridge6import22list_agent_session_ids0s_0B9_
FNDA:0,_RNCNCNvNtNtCsbMovpT5G7tJ_12futureos_lib12agent_bridge6import23import_missing_sessions00B9_
FNDA:0,_RNCNCNvNtNtCsbMovpT5G7tJ_12futureos_lib12agent_bridge6import24import_streaming_session00B9_
FNDA:0,_RNCNCNvNtNtCsbMovpT5G7tJ_12futureos_lib12agent_bridge6import24import_streaming_session0s0_0B9_
FNDA:0,_RNCNCNvNtNtCsbMovpT5G7tJ_12futureos_lib12agent_bridge6import24import_streaming_session0s1_0B9_
FNDA:0,_RNCNCNvNtNtCsbMovpT5G7tJ_12futureos_lib12agent_bridge6import24import_streaming_session0s2_0B9_
FNDA:0,_RNCNCNvNtNtCsbMovpT5G7tJ_12futureos_lib12agent_bridge6import24import_streaming_session0s_0B9_
FNDA:0,_RNCNvNtNtCsbMovpT5G7tJ_12futureos_lib12agent_bridge6import10import_one0B7_
FNDA:0,_RNCNvNtNtCsbMovpT5G7tJ_12futureos_lib12agent_bridge6import11thread_mode0B7_
FNDA:0,_RNCNvNtNtCsbMovpT5G7tJ_12futureos_lib12agent_bridge6import11thread_modes_0B7_
FNDA:0,_RNCNvNtNtCsbMovpT5G7tJ_12futureos_lib12agent_bridge6import13session_title0B7_
FNDA:0,_RNCNvNtNtCsbMovpT5G7tJ_12futureos_lib12agent_bridge6import13session_titles_0B7_
FNDA:0,_RNCNvNtNtCsbMovpT5G7tJ_12futureos_lib12agent_bridge6import14write_back_cwd0B7_
FNDA:0,_RNCNvNtNtCsbMovpT5G7tJ_12futureos_lib12agent_bridge6import19list_agent_sessions0B7_
FNDA:0,_RNCNvNtNtCsbMovpT5G7tJ_12futureos_lib12agent_bridge6import21fetch_session_entries0B7_
FNDA:0,_RNCNvNtNtCsbMovpT5G7tJ_12futureos_lib12agent_bridge6import22list_agent_session_ids0B7_
FNDA:0,_RNCNvNtNtCsbMovpT5G7tJ_12futureos_lib12agent_bridge6import23import_missing_sessions0B7_
FNDA:0,_RNCNvNtNtCsbMovpT5G7tJ_12futureos_lib12agent_bridge6import24import_streaming_session0B7_
FNDA:0,_RNvNtNtCsbMovpT5G7tJ_12futureos_lib12agent_bridge6import10import_one
FNDA:0,_RNvNtNtCsbMovpT5G7tJ_12futureos_lib12agent_bridge6import11thread_mode
FNDA:0,_RNvNtNtCsbMovpT5G7tJ_12futureos_lib12agent_bridge6import13session_title
FNDA:0,_RNvNtNtCsbMovpT5G7tJ_12futureos_lib12agent_bridge6import14write_back_cwd
FNDA:0,_RNvNtNtCsbMovpT5G7tJ_12futureos_lib12agent_bridge6import19is_desktop_chat_cwd
FNDA:0,_RNvNtNtCsbMovpT5G7tJ_12futureos_lib12agent_bridge6import19list_agent_sessions
FNDA:0,_RNvNtNtCsbMovpT5G7tJ_12futureos_lib12agent_bridge6import21create_historical_run
FNDA:0,_RNvNtNtCsbMovpT5G7tJ_12futureos_lib12agent_bridge6import21fetch_session_entries
FNDA:0,_RNvNtNtCsbMovpT5G7tJ_12futureos_lib12agent_bridge6import22list_agent_session_ids
FNDA:0,_RNvNtNtCsbMovpT5G7tJ_12futureos_lib12agent_bridge6import23import_missing_sessions
FNDA:0,_RNvNtNtCsbMovpT5G7tJ_12futureos_lib12agent_bridge6import24import_streaming_session
FNDA:0,_RNvNtNtCsbMovpT5G7tJ_12futureos_lib12agent_bridge6import9clean_cwd
FNDA:0,_RNCNCNCNvNtNtCsbC9L9WIsbRl_12futureos_lib12agent_bridge6import10import_one0s3_00Bb_
FNDA:0,_RNCNCNvNtNtCsbC9L9WIsbRl_12futureos_lib12agent_bridge6import10import_one00B9_
FNDA:0,_RNCNCNvNtNtCsbC9L9WIsbRl_12futureos_lib12agent_bridge6import10import_one0s0_0B9_
FNDA:0,_RNCNCNvNtNtCsbC9L9WIsbRl_12futureos_lib12agent_bridge6import10import_one0s1_0B9_
FNDA:0,_RNCNCNvNtNtCsbC9L9WIsbRl_12futureos_lib12agent_bridge6import10import_one0s2_0B9_
FNDA:0,_RNCNCNvNtNtCsbC9L9WIsbRl_12futureos_lib12agent_bridge6import10import_one0s3_0B9_
FNDA:0,_RNCNCNvNtNtCsbC9L9WIsbRl_12futureos_lib12agent_bridge6import10import_one0s_0B9_
FNDA:0,_RNCNCNvNtNtCsbC9L9WIsbRl_12futureos_lib12agent_bridge6import14write_back_cwd00B9_
FNDA:0,_RNCNCNvNtNtCsbC9L9WIsbRl_12futureos_lib12agent_bridge6import14write_back_cwd0s_0B9_
FNDA:0,_RNCNCNvNtNtCsbC9L9WIsbRl_12futureos_lib12agent_bridge6import19list_agent_sessions00B9_
FNDA:0,_RNCNCNvNtNtCsbC9L9WIsbRl_12futureos_lib12agent_bridge6import21fetch_session_entries00B9_
FNDA:0,_RNCNCNvNtNtCsbC9L9WIsbRl_12futureos_lib12agent_bridge6import21fetch_session_entries0s_0B9_
FNDA:0,_RNCNCNvNtNtCsbC9L9WIsbRl_12futureos_lib12agent_bridge6import22list_agent_session_ids00B9_
FNDA:0,_RNCNCNvNtNtCsbC9L9WIsbRl_12futureos_lib12agent_bridge6import22list_agent_session_ids0s0_0B9_
FNDA:0,_RNCNCNvNtNtCsbC9L9WIsbRl_12futureos_lib12agent_bridge6import22list_agent_session_ids0s_0B9_
FNDA:0,_RNCNCNvNtNtCsbC9L9WIsbRl_12futureos_lib12agent_bridge6import23import_missing_sessions00B9_
FNDA:0,_RNCNvNtNtCsbC9L9WIsbRl_12futureos_lib12agent_bridge6import10import_one0B7_
FNDA:0,_RNCNvNtNtCsbC9L9WIsbRl_12futureos_lib12agent_bridge6import11thread_mode0B7_
FNDA:0,_RNCNvNtNtCsbC9L9WIsbRl_12futureos_lib12agent_bridge6import11thread_modes_0B7_
FNDA:18,_RNCNvNtNtCsbC9L9WIsbRl_12futureos_lib12agent_bridge6import13session_title0B7_
FNDA:18,_RNCNvNtNtCsbC9L9WIsbRl_12futureos_lib12agent_bridge6import13session_titles_0B7_
FNDA:0,_RNCNvNtNtCsbC9L9WIsbRl_12futureos_lib12agent_bridge6import14write_back_cwd0B7_
FNDA:0,_RNCNvNtNtCsbC9L9WIsbRl_12futureos_lib12agent_bridge6import19list_agent_sessions0B7_
FNDA:0,_RNCNvNtNtCsbC9L9WIsbRl_12futureos_lib12agent_bridge6import21fetch_session_entries0B7_
FNDA:0,_RNCNvNtNtCsbC9L9WIsbRl_12futureos_lib12agent_bridge6import22list_agent_session_ids0B7_
FNDA:0,_RNCNvNtNtCsbC9L9WIsbRl_12futureos_lib12agent_bridge6import23import_missing_sessions0B7_
FNDA:6,_RNvNtNtNtCsbC9L9WIsbRl_12futureos_lib12agent_bridge6import5testss_22session_title_fallback
FNDA:6,_RNvNtNtNtCsbC9L9WIsbRl_12futureos_lib12agent_bridge6import5testss_35session_title_prefers_first_message
FNDA:6,_RNvNtNtNtCsbC9L9WIsbRl_12futureos_lib12agent_bridge6import5testss_36session_title_uses_name_when_not_cwd
FNDA:6,_RNvNtNtNtCsbC9L9WIsbRl_12futureos_lib12agent_bridge6import5testss_37session_title_skips_name_equal_to_cwd
FNDA:6,_RNvNtNtNtCsbC9L9WIsbRl_12futureos_lib12agent_bridge6import5testss_47agent_session_summary_parses_list_sessions_json
FNDA:0,_RNCNCNvNtNtCsbC9L9WIsbRl_12futureos_lib12agent_bridge6import24import_streaming_session00B9_
FNDA:0,_RNCNCNvNtNtCsbC9L9WIsbRl_12futureos_lib12agent_bridge6import24import_streaming_session0s0_0B9_
FNDA:0,_RNCNCNvNtNtCsbC9L9WIsbRl_12futureos_lib12agent_bridge6import24import_streaming_session0s1_0B9_
FNDA:0,_RNCNCNvNtNtCsbC9L9WIsbRl_12futureos_lib12agent_bridge6import24import_streaming_session0s2_0B9_
FNDA:0,_RNCNCNvNtNtCsbC9L9WIsbRl_12futureos_lib12agent_bridge6import24import_streaming_session0s_0B9_
FNDA:0,_RNCNvNtNtCsbC9L9WIsbRl_12futureos_lib12agent_bridge6import24import_streaming_session0B7_
FNDA:0,_RNvNtNtCsbC9L9WIsbRl_12futureos_lib12agent_bridge6import23import_missing_sessions
FNDA:0,_RNvNtNtCsbC9L9WIsbRl_12futureos_lib12agent_bridge6import24import_streaming_session
FNDA:0,_RNvNtNtCsbC9L9WIsbRl_12futureos_lib12agent_bridge6import10import_one
FNDA:0,_RNvNtNtCsbC9L9WIsbRl_12futureos_lib12agent_bridge6import11thread_mode
FNDA:24,_RNvNtNtCsbC9L9WIsbRl_12futureos_lib12agent_bridge6import13session_title
FNDA:0,_RNvNtNtCsbC9L9WIsbRl_12futureos_lib12agent_bridge6import14write_back_cwd
FNDA:0,_RNvNtNtCsbC9L9WIsbRl_12futureos_lib12agent_bridge6import19is_desktop_chat_cwd
FNDA:0,_RNvNtNtCsbC9L9WIsbRl_12futureos_lib12agent_bridge6import19list_agent_sessions
FNDA:0,_RNvNtNtCsbC9L9WIsbRl_12futureos_lib12agent_bridge6import21create_historical_run
FNDA:0,_RNvNtNtCsbC9L9WIsbRl_12futureos_lib12agent_bridge6import21fetch_session_entries
FNDA:0,_RNvNtNtCsbC9L9WIsbRl_12futureos_lib12agent_bridge6import22list_agent_session_ids
FNDA:24,_RNvNtNtCsbC9L9WIsbRl_12futureos_lib12agent_bridge6import9clean_cwd
FNF:49
FNH:9
DA:52,0
DA:53,0
DA:54,0
DA:55,0
DA:56,0
DA:57,0
DA:61,0
DA:62,0
DA:63,0
DA:64,0
DA:65,0
DA:69,0
DA:70,0
DA:71,0
DA:73,0
DA:75,0
DA:76,0
DA:77,0
DA:81,0
DA:82,0
DA:83,0
DA:84,0
DA:85,0
DA:88,0
DA:89,0
DA:90,0
DA:91,0
DA:92,0
DA:93,0
DA:94,0
DA:95,0
DA:96,0
DA:97,0
DA:98,0
DA:99,0
DA:102,0
DA:103,0
DA:115,0
DA:116,0
DA:117,0
DA:118,0
DA:119,0
DA:120,0
DA:121,0
DA:122,0
DA:123,0
DA:128,0
DA:129,0
DA:131,0
DA:132,0
DA:134,0
DA:137,0
DA:138,0
DA:139,0
DA:140,0
DA:141,0
DA:142,0
DA:143,0
DA:144,0
DA:145,0
DA:147,0
DA:148,0
DA:149,0
DA:151,0
DA:152,0
DA:155,0
DA:156,0
DA:157,0
DA:158,0
DA:160,0
DA:161,0
DA:162,0
DA:164,0
DA:165,0
DA:167,0
DA:168,0
DA:169,0
DA:170,0
DA:171,0
DA:172,0
DA:173,0
DA:174,0
DA:175,0
DA:181,24
DA:182,24
DA:183,24
DA:188,24
DA:191,24
DA:192,24
DA:193,24
DA:194,24
DA:195,24
DA:196,24
DA:197,24
DA:200,24
DA:201,6
DA:202,6
DA:203,6
DA:204,6
DA:205,0
DA:207,6
DA:209,0
DA:210,18
DA:214,18
DA:215,12
DA:216,12
DA:217,6
DA:218,6
DA:219,6
DA:221,12
DA:222,6
DA:223,6
DA:224,6
DA:225,24
DA:228,0
DA:229,0
DA:230,0
DA:231,0
DA:232,0
DA:233,0
DA:234,0
DA:235,0
DA:236,0
DA:237,0
DA:238,0
DA:239,0
DA:240,0
DA:241,0
DA:242,0
DA:243,0
DA:244,0
DA:245,0
DA:246,0
DA:247,0
DA:259,0
DA:260,0
DA:261,0
DA:262,0
DA:265,0
DA:267,0
DA:268,0
DA:269,0
DA:270,0
DA:272,0
DA:274,0
DA:275,0
DA:276,0
DA:277,0
DA:279,0
DA:282,0
DA:283,0
DA:284,0
DA:285,0
DA:286,0
DA:287,0
DA:288,0
DA:289,0
DA:290,0
DA:291,0
DA:292,0
DA:293,0
DA:294,0
DA:295,0
DA:301,0
DA:302,0
DA:303,0
DA:304,0
DA:307,0
DA:310,0
DA:311,0
DA:312,0
DA:314,0
DA:315,0
DA:316,0
DA:317,0
DA:318,0
DA:319,0
DA:320,0
DA:321,0
DA:322,0
DA:326,0
DA:327,0
DA:331,0
DA:332,0
DA:333,0
DA:334,0
DA:335,0
DA:336,0
DA:337,0
DA:339,0
DA:340,0
DA:341,0
DA:342,0
DA:343,0
DA:344,0
DA:345,0
DA:346,0
DA:348,0
DA:350,0
DA:351,0
DA:352,0
DA:358,0
DA:359,0
DA:360,0
DA:361,0
DA:362,0
DA:363,0
DA:364,0
DA:365,0
DA:366,0
DA:372,0
DA:377,0
DA:378,0
DA:379,0
DA:380,0
DA:381,0
DA:382,0
DA:384,0
DA:385,0
DA:386,0
DA:387,0
DA:388,0
DA:389,0
DA:390,0
DA:391,0
DA:392,0
DA:393,0
DA:394,0
DA:395,0
DA:396,0
DA:397,0
DA:399,0
DA:400,0
DA:401,0
DA:402,0
DA:403,0
DA:405,0
DA:406,0
DA:407,0
DA:408,0
DA:409,0
DA:410,0
DA:411,0
DA:412,0
DA:413,0
DA:414,0
DA:415,0
DA:417,0
DA:418,0
DA:420,0
DA:421,0
DA:422,0
DA:423,0
DA:424,0
DA:425,0
DA:426,0
DA:427,0
DA:433,0
DA:434,0
DA:435,0
DA:436,0
DA:437,0
DA:438,0
DA:439,0
DA:440,0
DA:449,0
DA:450,0
DA:451,0
DA:452,0
DA:453,0
DA:454,0
DA:455,0
DA:456,0
DA:457,0
DA:458,0
DA:461,0
DA:462,0
DA:463,0
DA:464,0
DA:465,0
DA:466,0
DA:468,0
DA:469,0
DA:470,0
DA:471,0
DA:476,0
DA:477,0
DA:478,0
DA:480,0
DA:481,0
DA:489,0
DA:490,0
DA:491,0
DA:492,0
DA:493,0
DA:494,0
DA:495,0
DA:496,0
DA:497,0
DA:498,0
DA:499,0
DA:500,0
DA:501,0
DA:502,0
DA:503,0
DA:504,0
DA:507,0
DA:508,0
DA:509,0
DA:510,0
DA:511,0
DA:512,0
DA:513,0
DA:514,0
DA:515,0
DA:516,0
DA:517,0
DA:518,0
DA:519,0
DA:520,0
DA:521,0
DA:522,0
DA:523,0
DA:526,0
DA:527,0
DA:528,0
DA:529,0
DA:530,0
DA:531,0
DA:532,0
DA:533,0
DA:534,0
DA:535,0
DA:536,0
DA:537,0
DA:544,0
DA:545,0
DA:546,0
DA:547,0
DA:548,0
DA:550,0
DA:551,0
DA:552,0
DA:554,0
DA:555,0
DA:556,0
DA:557,0
DA:558,0
DA:559,0
DA:562,0
DA:563,0
DA:564,0
DA:565,0
DA:570,0
DA:571,0
DA:572,0
DA:573,0
DA:574,0
DA:576,0
DA:577,0
DA:578,0
DA:579,0
DA:580,0
DA:581,0
DA:585,0
DA:586,0
DA:587,0
DA:588,0
DA:589,0
DA:591,0
DA:592,0
DA:607,6
DA:608,6
DA:609,6
DA:610,6
DA:611,6
DA:612,6
DA:613,6
DA:614,6
DA:615,6
DA:616,6
DA:617,6
DA:620,6
DA:621,6
DA:622,6
DA:623,6
DA:626,6
DA:627,6
DA:629,6
DA:630,6
DA:631,6
DA:632,6
DA:635,6
DA:636,6
DA:637,6
DA:638,6
DA:642,6
DA:643,6
DA:644,6
DA:645,6
DA:646,6
DA:647,6
DA:648,6
DA:649,6
DA:650,6
DA:651,6
DA:652,6
DA:653,6
DA:657,6
DA:658,6
DA:659,6
DA:660,6
DA:661,6
DA:662,6
DA:663,6
DA:664,6
DA:665,6
DA:666,6
DA:667,6
DA:668,6
DA:672,6
DA:673,6
DA:674,6
DA:675,6
DA:676,6
DA:677,6
DA:678,6
DA:679,6
DA:680,6
DA:681,6
DA:682,6
DA:683,6
DA:687,6
DA:688,6
DA:689,6
DA:690,6
DA:691,6
DA:692,6
DA:693,6
DA:694,6
DA:695,6
DA:696,6
DA:697,6
DA:698,6
BRF:0
BRH:0
LF:476
LH:104
end_of_record
SF:/Users/geilige/future-os/.claude/worktrees/cov100-tauri-root/desktop/src-tauri/src/agent_bridge/mod.rs
FN:1229,_RNvNCNvNtCsbMovpT5G7tJ_12futureos_lib12agent_bridge20attach_remote_stream09is_active
FN:440,_RNvNtCsbMovpT5G7tJ_12futureos_lib12agent_bridge12agent_prompt
FN:323,_RNvNtCsbMovpT5G7tJ_12futureos_lib12agent_bridge14rename_session
FN:717,_RNvNtCsbMovpT5G7tJ_12futureos_lib12agent_bridge16auto_name_thread
FN:150,_RNvNtCsbMovpT5G7tJ_12futureos_lib12agent_bridge16get_events_since
FN:248,_RNvNtCsbMovpT5G7tJ_12futureos_lib12agent_bridge17get_session_state
FN:296,_RNvNtCsbMovpT5G7tJ_12futureos_lib12agent_bridge17set_default_model
FN:280,_RNvNtCsbMovpT5G7tJ_12futureos_lib12agent_bridge17set_session_model
FN:525,_RNvNtCsbMovpT5G7tJ_12futureos_lib12agent_bridge18agent_prompt_inner
FN:123,_RNvNtCsbMovpT5G7tJ_12futureos_lib12agent_bridge18next_events_cursor
FN:902,_RNvNtCsbMovpT5G7tJ_12futureos_lib12agent_bridge18reconcile_run_gone
FN:419,_RNvNtCsbMovpT5G7tJ_12futureos_lib12agent_bridge18sync_future_models
FN:230,_RNvNtCsbMovpT5G7tJ_12futureos_lib12agent_bridge19get_session_entries
FN:1216,_RNvNtCsbMovpT5G7tJ_12futureos_lib12agent_bridge20attach_remote_stream
FN:264,_RNvNtCsbMovpT5G7tJ_12futureos_lib12agent_bridge20get_available_models
FN:209,_RNvNtCsbMovpT5G7tJ_12futureos_lib12agent_bridge20get_session_messages
FN:803,_RNvNtCsbMovpT5G7tJ_12futureos_lib12agent_bridge23check_and_reanimate_run
FN:348,_RNvNtCsbMovpT5G7tJ_12futureos_lib12agent_bridge23provision_agent_session
FN:49,_RNvNtCsbMovpT5G7tJ_12futureos_lib12agent_bridge23reconcile_delete_outbox
FN:387,_RNvNtCsbMovpT5G7tJ_12futureos_lib12agent_bridge24reload_agent_credentials
FN:1095,_RNvNtCsbMovpT5G7tJ_12futureos_lib12agent_bridge25reconcile_active_run_once
FN:1172,_RNvNtCsbMovpT5G7tJ_12futureos_lib12agent_bridge25spawn_active_run_watchdog
FN:765,_RNvNtCsbMovpT5G7tJ_12futureos_lib12agent_bridge26reconcile_interrupted_runs
FN:1262,_RNvNtCsbMovpT5G7tJ_12futureos_lib12agent_bridge26reconcile_thread_workspace
FN:308,_RNvNtCsbMovpT5G7tJ_12futureos_lib12agent_bridge26set_session_thinking_level
FN:980,_RNvNtCsbMovpT5G7tJ_12futureos_lib12agent_bridge26settle_from_agent_terminal
FN:85,_RNvNtCsbMovpT5G7tJ_12futureos_lib12agent_bridge26spawn_delete_outbox_worker
FN:1052,_RNvNtCsbMovpT5G7tJ_12futureos_lib12agent_bridge30plan_active_run_reconciliation
FN:514,_RNCNCNCNvNtCsbMovpT5G7tJ_12futureos_lib12agent_bridge12agent_prompt0s1_00B9_
FN:545,_RNCNCNCNvNtCsbMovpT5G7tJ_12futureos_lib12agent_bridge18agent_prompt_inner0s_0s_0B9_
FN:59,_RNCNCNCNvNtCsbMovpT5G7tJ_12futureos_lib12agent_bridge23reconcile_delete_outbox000B9_
FN:451,_RNCNCNvNtCsbMovpT5G7tJ_12futureos_lib12agent_bridge12agent_prompt00B7_
FN:503,_RNCNCNvNtCsbMovpT5G7tJ_12futureos_lib12agent_bridge12agent_prompt0s0_0B7_
FN:511,_RNCNCNvNtCsbMovpT5G7tJ_12futureos_lib12agent_bridge12agent_prompt0s1_0B7_
FN:452,_RNCNCNvNtCsbMovpT5G7tJ_12futureos_lib12agent_bridge12agent_prompt0s_0B7_
FN:328,_RNCNCNvNtCsbMovpT5G7tJ_12futureos_lib12agent_bridge14rename_session00B7_
FN:168,_RNCNCNvNtCsbMovpT5G7tJ_12futureos_lib12agent_bridge16get_events_since00B7_
FN:184,_RNCNCNvNtCsbMovpT5G7tJ_12futureos_lib12agent_bridge16get_events_since0s0_0B7_
FN:195,_RNCNCNvNtCsbMovpT5G7tJ_12futureos_lib12agent_bridge16get_events_since0s1_0B7_
FN:183,_RNCNCNvNtCsbMovpT5G7tJ_12futureos_lib12agent_bridge16get_events_since0s_0B7_
FN:253,_RNCNCNvNtCsbMovpT5G7tJ_12futureos_lib12agent_bridge17get_session_state00B7_
FN:301,_RNCNCNvNtCsbMovpT5G7tJ_12futureos_lib12agent_bridge17set_default_model00B7_
FN:288,_RNCNCNvNtCsbMovpT5G7tJ_12futureos_lib12agent_bridge17set_session_model00B7_
FN:539,_RNCNCNvNtCsbMovpT5G7tJ_12futureos_lib12agent_bridge18agent_prompt_inner00B7_
FN:588,_RNCNCNvNtCsbMovpT5G7tJ_12futureos_lib12agent_bridge18agent_prompt_inner0s0_0B7_
FN:592,_RNCNCNvNtCsbMovpT5G7tJ_12futureos_lib12agent_bridge18agent_prompt_inner0s1_0B7_
FN:597,_RNCNCNvNtCsbMovpT5G7tJ_12futureos_lib12agent_bridge18agent_prompt_inner0s2_0B7_
FN:604,_RNCNCNvNtCsbMovpT5G7tJ_12futureos_lib12agent_bridge18agent_prompt_inner0s3_0B7_
FN:626,_RNCNCNvNtCsbMovpT5G7tJ_12futureos_lib12agent_bridge18agent_prompt_inner0s4_0B7_
FN:643,_RNCNCNvNtCsbMovpT5G7tJ_12futureos_lib12agent_bridge18agent_prompt_inner0s5_0B7_
FN:650,_RNCNCNvNtCsbMovpT5G7tJ_12futureos_lib12agent_bridge18agent_prompt_inner0s6_0B7_
FN:651,_RNCNCNvNtCsbMovpT5G7tJ_12futureos_lib12agent_bridge18agent_prompt_inner0s7_0B7_
FN:652,_RNCNCNvNtCsbMovpT5G7tJ_12futureos_lib12agent_bridge18agent_prompt_inner0s8_0B7_
FN:540,_RNCNCNvNtCsbMovpT5G7tJ_12futureos_lib12agent_bridge18agent_prompt_inner0s_0B7_
FN:910,_RNCNCNvNtCsbMovpT5G7tJ_12futureos_lib12agent_bridge18reconcile_run_gone00B7_
FN:927,_RNCNCNvNtCsbMovpT5G7tJ_12futureos_lib12agent_bridge18reconcile_run_gone0s0_0B7_
FN:928,_RNCNCNvNtCsbMovpT5G7tJ_12futureos_lib12agent_bridge18reconcile_run_gone0s1_0B7_
FN:938,_RNCNCNvNtCsbMovpT5G7tJ_12futureos_lib12agent_bridge18reconcile_run_gone0s2_0B7_
FN:942,_RNCNCNvNtCsbMovpT5G7tJ_12futureos_lib12agent_bridge18reconcile_run_gone0s3_0B7_
FN:944,_RNCNCNvNtCsbMovpT5G7tJ_12futureos_lib12agent_bridge18reconcile_run_gone0s4_0B7_
FN:946,_RNCNCNvNtCsbMovpT5G7tJ_12futureos_lib12agent_bridge18reconcile_run_gone0s5_0B7_
FN:952,_RNCNCNvNtCsbMovpT5G7tJ_12futureos_lib12agent_bridge18reconcile_run_gone0s6_0B7_
FN:953,_RNCNCNvNtCsbMovpT5G7tJ_12futureos_lib12agent_bridge18reconcile_run_gone0s7_0B7_
FN:961,_RNCNCNvNtCsbMovpT5G7tJ_12futureos_lib12agent_bridge18reconcile_run_gone0s8_0B7_
FN:972,_RNCNCNvNtCsbMovpT5G7tJ_12futureos_lib12agent_bridge18reconcile_run_gone0s9_0B7_
FN:917,_RNCNCNvNtCsbMovpT5G7tJ_12futureos_lib12agent_bridge18reconcile_run_gone0s_0B7_
FN:433,_RNCNCNvNtCsbMovpT5G7tJ_12futureos_lib12agent_bridge18sync_future_models00B7_
FN:437,_RNCNCNvNtCsbMovpT5G7tJ_12futureos_lib12agent_bridge18sync_future_models0s_0B7_
FN:235,_RNCNCNvNtCsbMovpT5G7tJ_12futureos_lib12agent_bridge19get_session_entries00B7_
FN:1218,_RNCNCNvNtCsbMovpT5G7tJ_12futureos_lib12agent_bridge20attach_remote_stream00B7_
FN:1224,_RNCNCNvNtCsbMovpT5G7tJ_12futureos_lib12agent_bridge20attach_remote_stream0s0_0B7_
FN:1225,_RNCNCNvNtCsbMovpT5G7tJ_12futureos_lib12agent_bridge20attach_remote_stream0s1_0B7_
FN:1233,_RNCNCNvNtCsbMovpT5G7tJ_12futureos_lib12agent_bridge20attach_remote_stream0s2_0B7_
FN:1237,_RNCNCNvNtCsbMovpT5G7tJ_12futureos_lib12agent_bridge20attach_remote_stream0s3_0B7_
FN:1241,_RNCNCNvNtCsbMovpT5G7tJ_12futureos_lib12agent_bridge20attach_remote_stream0s4_0B7_
FN:1246,_RNCNCNvNtCsbMovpT5G7tJ_12futureos_lib12agent_bridge20attach_remote_stream0s5_0B7_
FN:1247,_RNCNCNvNtCsbMovpT5G7tJ_12futureos_lib12agent_bridge20attach_remote_stream0s6_0B7_
FN:1248,_RNCNCNvNtCsbMovpT5G7tJ_12futureos_lib12agent_bridge20attach_remote_stream0s7_0B7_
FN:1249,_RNCNCNvNtCsbMovpT5G7tJ_12futureos_lib12agent_bridge20attach_remote_stream0s8_0B7_
FN:1257,_RNCNCNvNtCsbMovpT5G7tJ_12futureos_lib12agent_bridge20attach_remote_stream0s9_0B7_
FN:1219,_RNCNCNvNtCsbMovpT5G7tJ_12futureos_lib12agent_bridge20attach_remote_stream0s_0B7_
FN:269,_RNCNCNvNtCsbMovpT5G7tJ_12futureos_lib12agent_bridge20get_available_models00B7_
FN:216,_RNCNCNvNtCsbMovpT5G7tJ_12futureos_lib12agent_bridge20get_session_messages00B7_
FN:808,_RNCNCNvNtCsbMovpT5G7tJ_12futureos_lib12agent_bridge23check_and_reanimate_run00B7_
FN:832,_RNCNCNvNtCsbMovpT5G7tJ_12futureos_lib12agent_bridge23check_and_reanimate_run0s0_0B7_
FN:836,_RNCNCNvNtCsbMovpT5G7tJ_12futureos_lib12agent_bridge23check_and_reanimate_run0s1_0B7_
FN:837,_RNCNCNvNtCsbMovpT5G7tJ_12futureos_lib12agent_bridge23check_and_reanimate_run0s2_0B7_
FN:841,_RNCNCNvNtCsbMovpT5G7tJ_12futureos_lib12agent_bridge23check_and_reanimate_run0s3_0B7_
FN:842,_RNCNCNvNtCsbMovpT5G7tJ_12futureos_lib12agent_bridge23check_and_reanimate_run0s4_0B7_
FN:846,_RNCNCNvNtCsbMovpT5G7tJ_12futureos_lib12agent_bridge23check_and_reanimate_run0s5_0B7_
FN:855,_RNCNCNvNtCsbMovpT5G7tJ_12futureos_lib12agent_bridge23check_and_reanimate_run0s6_0B7_
FN:874,_RNCNCNvNtCsbMovpT5G7tJ_12futureos_lib12agent_bridge23check_and_reanimate_run0s7_0B7_
FN:875,_RNCNCNvNtCsbMovpT5G7tJ_12futureos_lib12agent_bridge23check_and_reanimate_run0s8_0B7_
FN:876,_RNCNCNvNtCsbMovpT5G7tJ_12futureos_lib12agent_bridge23check_and_reanimate_run0s9_0B7_
FN:815,_RNCNCNvNtCsbMovpT5G7tJ_12futureos_lib12agent_bridge23check_and_reanimate_run0s_0B7_
FN:878,_RNCNCNvNtCsbMovpT5G7tJ_12futureos_lib12agent_bridge23check_and_reanimate_run0sa_0B7_
FN:54,_RNCNCNvNtCsbMovpT5G7tJ_12futureos_lib12agent_bridge23reconcile_delete_outbox00B7_
FN:398,_RNCNCNvNtCsbMovpT5G7tJ_12futureos_lib12agent_bridge24reload_agent_credentials00B7_
FN:1100,_RNCNCNvNtCsbMovpT5G7tJ_12futureos_lib12agent_bridge25reconcile_active_run_once00B7_
FN:1132,_RNCNCNvNtCsbMovpT5G7tJ_12futureos_lib12agent_bridge25reconcile_active_run_once0s0_0B7_
FN:1142,_RNCNCNvNtCsbMovpT5G7tJ_12futureos_lib12agent_bridge25reconcile_active_run_once0s2_0B7_
FN:1150,_RNCNCNvNtCsbMovpT5G7tJ_12futureos_lib12agent_bridge25reconcile_active_run_once0s4_0B7_
FN:1111,_RNCNCNvNtCsbMovpT5G7tJ_12futureos_lib12agent_bridge25reconcile_active_run_once0s_0B7_
FN:1184,_RNCNCNvNtCsbMovpT5G7tJ_12futureos_lib12agent_bridge25spawn_active_run_watchdog00B7_
FN:1193,_RNCNCNvNtCsbMovpT5G7tJ_12futureos_lib12agent_bridge25spawn_active_run_watchdog0s_0B7_
FN:316,_RNCNCNvNtCsbMovpT5G7tJ_12futureos_lib12agent_bridge26set_session_thinking_level00B7_
FN:448,_RNCNvNtCsbMovpT5G7tJ_12futureos_lib12agent_bridge12agent_prompt0B5_
FN:323,_RNCNvNtCsbMovpT5G7tJ_12futureos_lib12agent_bridge14rename_session0B5_
FN:747,_RNCNvNtCsbMovpT5G7tJ_12futureos_lib12agent_bridge16auto_name_thread0B5_
FN:750,_RNCNvNtCsbMovpT5G7tJ_12futureos_lib12agent_bridge16auto_name_threads_0B5_
FN:154,_RNCNvNtCsbMovpT5G7tJ_12futureos_lib12agent_bridge16get_events_since0B5_
FN:248,_RNCNvNtCsbMovpT5G7tJ_12futureos_lib12agent_bridge17get_session_state0B5_
FN:296,_RNCNvNtCsbMovpT5G7tJ_12futureos_lib12agent_bridge17set_default_model0B5_
FN:283,_RNCNvNtCsbMovpT5G7tJ_12futureos_lib12agent_bridge17set_session_model0B5_
FN:533,_RNCNvNtCsbMovpT5G7tJ_12futureos_lib12agent_bridge18agent_prompt_inner0B5_
FN:126,_RNCNvNtCsbMovpT5G7tJ_12futureos_lib12agent_bridge18next_events_cursor0B5_
FN:134,_RNCNvNtCsbMovpT5G7tJ_12futureos_lib12agent_bridge18next_events_cursors0_0B5_
FN:135,_RNCNvNtCsbMovpT5G7tJ_12futureos_lib12agent_bridge18next_events_cursors1_0B5_
FN:136,_RNCNvNtCsbMovpT5G7tJ_12futureos_lib12agent_bridge18next_events_cursors2_0B5_
FN:137,_RNCNvNtCsbMovpT5G7tJ_12futureos_lib12agent_bridge18next_events_cursors3_0B5_
FN:133,_RNCNvNtCsbMovpT5G7tJ_12futureos_lib12agent_bridge18next_events_cursors_0B5_
FN:907,_RNCNvNtCsbMovpT5G7tJ_12futureos_lib12agent_bridge18reconcile_run_gone0B5_
FN:419,_RNCNvNtCsbMovpT5G7tJ_12futureos_lib12agent_bridge18sync_future_models0B5_
FN:230,_RNCNvNtCsbMovpT5G7tJ_12futureos_lib12agent_bridge19get_session_entries0B5_
FN:1216,_RNCNvNtCsbMovpT5G7tJ_12futureos_lib12agent_bridge20attach_remote_stream0B5_
FN:264,_RNCNvNtCsbMovpT5G7tJ_12futureos_lib12agent_bridge20get_available_models0B5_
FN:211,_RNCNvNtCsbMovpT5G7tJ_12futureos_lib12agent_bridge20get_session_messages0B5_
FN:807,_RNCNvNtCsbMovpT5G7tJ_12futureos_lib12agent_bridge23check_and_reanimate_run0B5_
FN:352,_RNCNvNtCsbMovpT5G7tJ_12futureos_lib12agent_bridge23provision_agent_session0B5_
FN:49,_RNCNvNtCsbMovpT5G7tJ_12futureos_lib12agent_bridge23reconcile_delete_outbox0B5_
FN:387,_RNCNvNtCsbMovpT5G7tJ_12futureos_lib12agent_bridge24reload_agent_credentials0B5_
FN:1099,_RNCNvNtCsbMovpT5G7tJ_12futureos_lib12agent_bridge25reconcile_active_run_once0B5_
FN:1173,_RNCNvNtCsbMovpT5G7tJ_12futureos_lib12agent_bridge25spawn_active_run_watchdog0B5_
FN:765,_RNCNvNtCsbMovpT5G7tJ_12futureos_lib12agent_bridge26reconcile_interrupted_runs0B5_
FN:1264,_RNCNvNtCsbMovpT5G7tJ_12futureos_lib12agent_bridge26reconcile_thread_workspace0B5_
FN:1284,_RNCNvNtCsbMovpT5G7tJ_12futureos_lib12agent_bridge26reconcile_thread_workspaces0_0B5_
FN:1291,_RNCNvNtCsbMovpT5G7tJ_12futureos_lib12agent_bridge26reconcile_thread_workspaces1_0B5_
FN:1298,_RNCNvNtCsbMovpT5G7tJ_12futureos_lib12agent_bridge26reconcile_thread_workspaces2_0B5_
FN:1309,_RNCNvNtCsbMovpT5G7tJ_12futureos_lib12agent_bridge26reconcile_thread_workspaces3_0B5_
FN:1315,_RNCNvNtCsbMovpT5G7tJ_12futureos_lib12agent_bridge26reconcile_thread_workspaces4_0B5_
FN:1265,_RNCNvNtCsbMovpT5G7tJ_12futureos_lib12agent_bridge26reconcile_thread_workspaces_0B5_
FN:311,_RNCNvNtCsbMovpT5G7tJ_12futureos_lib12agent_bridge26set_session_thinking_level0B5_
FN:1004,_RNCNvNtCsbMovpT5G7tJ_12futureos_lib12agent_bridge26settle_from_agent_terminal0B5_
FN:86,_RNCNvNtCsbMovpT5G7tJ_12futureos_lib12agent_bridge26spawn_delete_outbox_worker0B5_
FN:1059,_RNCNvNtCsbMovpT5G7tJ_12futureos_lib12agent_bridge30plan_active_run_reconciliation0B5_
FN:1064,_RNCNvNtCsbMovpT5G7tJ_12futureos_lib12agent_bridge30plan_active_run_reconciliations0_0B5_
FN:1068,_RNCNvNtCsbMovpT5G7tJ_12futureos_lib12agent_bridge30plan_active_run_reconciliations1_0B5_
FN:1072,_RNCNvNtCsbMovpT5G7tJ_12futureos_lib12agent_bridge30plan_active_run_reconciliations2_0B5_
FN:1077,_RNCNvNtCsbMovpT5G7tJ_12futureos_lib12agent_bridge30plan_active_run_reconciliations3_0B5_
[...]
FN:211,_RNvMNtNtNtCsbC9L9WIsbRl_12futureos_lib5store15workspace_files5testsNtB2_8TempTree5write
FN:293,_RNvNtNtNtCsbC9L9WIsbRl_12futureos_lib5store15workspace_files5tests12filetime_set
FN:226,_RNvNtNtNtCsbC9L9WIsbRl_12futureos_lib5store15workspace_files5tests5paths
FN:261,_RNvNtNtNtCsbC9L9WIsbRl_12futureos_lib5store15workspace_files5testss_28fuzzy_ranks_and_returns_name
FN:280,_RNvNtNtNtCsbC9L9WIsbRl_12futureos_lib5store15workspace_files5testss_29empty_query_orders_by_recency
FN:299,_RNvNtNtNtCsbC9L9WIsbRl_12futureos_lib5store15workspace_files5testss_36name_match_beats_path_only_and_fuzzy
FN:231,_RNvNtNtNtCsbC9L9WIsbRl_12futureos_lib5store15workspace_files5testss_39respects_gitignore_and_always_skip_dirs
FN:59,_RNCNvNtNtCsbC9L9WIsbRl_12futureos_lib5store15workspace_files22search_workspace_files0B7_
FN:74,_RNCNvNtNtCsbC9L9WIsbRl_12futureos_lib5store15workspace_files22search_workspace_filess_0B7_
FN:51,_RNvNtNtCsbC9L9WIsbRl_12futureos_lib5store15workspace_files22search_workspace_files
FN:122,_RNvNtNtCsbC9L9WIsbRl_12futureos_lib5store15workspace_files10rank_files
FN:82,_RNvNtNtCsbC9L9WIsbRl_12futureos_lib5store15workspace_files20walk_workspace_files
FN:175,_RNvNtNtCsbC9L9WIsbRl_12futureos_lib5store15workspace_files9file_name
FN:182,_RNvNtNtCsbC9L9WIsbRl_12futureos_lib5store15workspace_files9to_result
FNDA:0,_RNCNCNvNtNtCsbMovpT5G7tJ_12futureos_lib5store15workspace_files10rank_filess0_00B9_
FNDA:0,_RNCNCNvNtNtCsbMovpT5G7tJ_12futureos_lib5store15workspace_files10rank_filess0_0s0_0B9_
FNDA:0,_RNCNCNvNtNtCsbMovpT5G7tJ_12futureos_lib5store15workspace_files10rank_filess0_0s1_0B9_
FNDA:0,_RNCNCNvNtNtCsbMovpT5G7tJ_12futureos_lib5store15workspace_files10rank_filess0_0s_0B9_
FNDA:0,_RNCNvNtNtCsbMovpT5G7tJ_12futureos_lib5store15workspace_files10rank_files0B7_
FNDA:0,_RNCNvNtNtCsbMovpT5G7tJ_12futureos_lib5store15workspace_files10rank_filess0_0B7_
FNDA:0,_RNCNvNtNtCsbMovpT5G7tJ_12futureos_lib5store15workspace_files10rank_filess1_0B7_
FNDA:0,_RNCNvNtNtCsbMovpT5G7tJ_12futureos_lib5store15workspace_files10rank_filess_0B7_
FNDA:0,_RNCNvNtNtCsbMovpT5G7tJ_12futureos_lib5store15workspace_files20walk_workspace_files0B7_
FNDA:0,_RNCNvNtNtCsbMovpT5G7tJ_12futureos_lib5store15workspace_files20walk_workspace_filess0_0B7_
FNDA:0,_RNCNvNtNtCsbMovpT5G7tJ_12futureos_lib5store15workspace_files20walk_workspace_filess_0B7_
FNDA:0,_RNCNvNtNtCsbMovpT5G7tJ_12futureos_lib5store15workspace_files22search_workspace_files0B7_
FNDA:0,_RNCNvNtNtCsbMovpT5G7tJ_12futureos_lib5store15workspace_files22search_workspace_filess_0B7_
FNDA:0,_RNCNvNtNtCsbMovpT5G7tJ_12futureos_lib5store15workspace_files9to_result0B7_
FNDA:0,_RNCNvNtNtCsbMovpT5G7tJ_12futureos_lib5store15workspace_files9to_results_0B7_
FNDA:0,_RNvNtNtCsbMovpT5G7tJ_12futureos_lib5store15workspace_files10rank_files
FNDA:0,_RNvNtNtCsbMovpT5G7tJ_12futureos_lib5store15workspace_files20walk_workspace_files
FNDA:0,_RNvNtNtCsbMovpT5G7tJ_12futureos_lib5store15workspace_files22search_workspace_files
FNDA:0,_RNvNtNtCsbMovpT5G7tJ_12futureos_lib5store15workspace_files9file_name
FNDA:0,_RNvNtNtCsbMovpT5G7tJ_12futureos_lib5store15workspace_files9to_result
FNDA:24,_RNvXs_NtNtNtCsbC9L9WIsbRl_12futureos_lib5store15workspace_files5testsNtB4_8TempTreeNtNtNtCskumHb0IaX0X_4core3ops4drop4Drop4drop
FNDA:30,_RNCNvNtNtNtCsbC9L9WIsbRl_12futureos_lib5store15workspace_files5tests5paths0B9_
FNDA:6,_RNCNvNtNtNtCsbC9L9WIsbRl_12futureos_lib5store15workspace_files5testss_28fuzzy_ranks_and_returns_name0B9_
FNDA:6,_RNCNvNtNtNtCsbC9L9WIsbRl_12futureos_lib5store15workspace_files5testss_29empty_query_orders_by_recency0B9_
FNDA:6,_RNCNvNtNtNtCsbC9L9WIsbRl_12futureos_lib5store15workspace_files5testss_39respects_gitignore_and_always_skip_dirs0B9_
FNDA:6,_RNCNvNtNtNtCsbC9L9WIsbRl_12futureos_lib5store15workspace_files5testss_39respects_gitignore_and_always_skip_dirss0_0B9_
FNDA:6,_RNCNvNtNtNtCsbC9L9WIsbRl_12futureos_lib5store15workspace_files5testss_39respects_gitignore_and_always_skip_dirss_0B9_
FNDA:0,_RNCNCNvNtNtCsbC9L9WIsbRl_12futureos_lib5store15workspace_files10rank_filess0_00B9_
FNDA:0,_RNCNCNvNtNtCsbC9L9WIsbRl_12futureos_lib5store15workspace_files10rank_filess0_0s0_0B9_
FNDA:0,_RNCNCNvNtNtCsbC9L9WIsbRl_12futureos_lib5store15workspace_files10rank_filess0_0s1_0B9_
FNDA:0,_RNCNCNvNtNtCsbC9L9WIsbRl_12futureos_lib5store15workspace_files10rank_filess0_0s_0B9_
FNDA:12,_RNCNvNtNtCsbC9L9WIsbRl_12futureos_lib5store15workspace_files10rank_files0B7_
FNDA:12,_RNCNvNtNtCsbC9L9WIsbRl_12futureos_lib5store15workspace_files10rank_filess0_0B7_
FNDA:24,_RNCNvNtNtCsbC9L9WIsbRl_12futureos_lib5store15workspace_files10rank_filess1_0B7_
FNDA:36,_RNCNvNtNtCsbC9L9WIsbRl_12futureos_lib5store15workspace_files10rank_filess_0B7_
FNDA:90,_RNCNvNtNtCsbC9L9WIsbRl_12futureos_lib5store15workspace_files20walk_workspace_files0B7_
FNDA:54,_RNCNvNtNtCsbC9L9WIsbRl_12futureos_lib5store15workspace_files20walk_workspace_filess0_0B7_
FNDA:108,_RNCNvNtNtCsbC9L9WIsbRl_12futureos_lib5store15workspace_files20walk_workspace_filess_0B7_
FNDA:42,_RNCNvNtNtCsbC9L9WIsbRl_12futureos_lib5store15workspace_files9to_result0B7_
FNDA:0,_RNCNvNtNtCsbC9L9WIsbRl_12futureos_lib5store15workspace_files9to_results_0B7_
FNDA:24,_RNvMNtNtNtCsbC9L9WIsbRl_12futureos_lib5store15workspace_files5testsNtB2_8TempTree3new
FNDA:90,_RNvMNtNtNtCsbC9L9WIsbRl_12futureos_lib5store15workspace_files5testsNtB2_8TempTree5write
FNDA:6,_RNvNtNtNtCsbC9L9WIsbRl_12futureos_lib5store15workspace_files5tests12filetime_set
FNDA:18,_RNvNtNtNtCsbC9L9WIsbRl_12futureos_lib5store15workspace_files5tests5paths
FNDA:6,_RNvNtNtNtCsbC9L9WIsbRl_12futureos_lib5store15workspace_files5testss_28fuzzy_ranks_and_returns_name
FNDA:6,_RNvNtNtNtCsbC9L9WIsbRl_12futureos_lib5store15workspace_files5testss_29empty_query_orders_by_recency
FNDA:6,_RNvNtNtNtCsbC9L9WIsbRl_12futureos_lib5store15workspace_files5testss_36name_match_beats_path_only_and_fuzzy
FNDA:6,_RNvNtNtNtCsbC9L9WIsbRl_12futureos_lib5store15workspace_files5testss_39respects_gitignore_and_always_skip_dirs
FNDA:0,_RNCNvNtNtCsbC9L9WIsbRl_12futureos_lib5store15workspace_files22search_workspace_files0B7_
FNDA:0,_RNCNvNtNtCsbC9L9WIsbRl_12futureos_lib5store15workspace_files22search_workspace_filess_0B7_
FNDA:0,_RNvNtNtCsbC9L9WIsbRl_12futureos_lib5store15workspace_files22search_workspace_files
FNDA:24,_RNvNtNtCsbC9L9WIsbRl_12futureos_lib5store15workspace_files10rank_files
FNDA:24,_RNvNtNtCsbC9L9WIsbRl_12futureos_lib5store15workspace_files20walk_workspace_files
FNDA:36,_RNvNtNtCsbC9L9WIsbRl_12futureos_lib5store15workspace_files9file_name
FNDA:42,_RNvNtNtCsbC9L9WIsbRl_12futureos_lib5store15workspace_files9to_result
FNF:35
FNH:27
DA:51,0
DA:52,0
DA:53,0
DA:54,0
DA:55,0
DA:56,0
DA:57,0
DA:58,0
DA:59,0
DA:61,0
DA:62,0
DA:64,0
DA:65,0
DA:67,0
DA:68,0
DA:69,0
DA:70,0
DA:72,0
DA:73,0
DA:74,0
DA:75,0
DA:76,0
DA:78,0
DA:79,0
DA:82,24
DA:83,24
DA:84,24
DA:85,24
DA:86,24
DA:87,90
DA:88,90
DA:89,90
DA:90,90
DA:91,24
DA:93,24
DA:94,108
DA:95,108
DA:96,0
DA:97,108
DA:98,108
DA:99,108
DA:100,108
DA:102,54
DA:103,54
DA:104,54
DA:105,0
DA:107,54
DA:108,54
DA:109,0
DA:110,54
DA:111,54
DA:112,54
DA:113,54
DA:114,54
DA:115,54
DA:116,54
DA:118,24
DA:119,24
DA:122,24
DA:123,24
DA:124,12
DA:125,12
DA:126,12
DA:127,12
DA:129,12
DA:130,12
DA:131,12
DA:132,12
DA:133,36
DA:139,36
DA:140,36
DA:141,0
DA:142,36
DA:143,12
DA:144,24
DA:145,0
DA:146,24
DA:147,6
DA:148,18
DA:149,6
DA:151,12
DA:153,24
DA:154,24
DA:155,36
DA:156,12
DA:159,12
DA:160,12
DA:161,12
DA:162,12
DA:163,12
DA:164,12
DA:165,12
DA:166,12
DA:167,12
DA:168,12
DA:169,12
DA:170,24
DA:171,12
DA:172,24
DA:175,36
DA:176,36
DA:177,30
DA:178,6
DA:180,36
DA:182,42
DA:183,42
DA:184,42
DA:185,42
DA:186,42
DA:187,42
DA:188,42
DA:189,42
DA:190,42
DA:191,42
DA:203,24
DA:204,24
DA:205,24
DA:206,24
DA:207,24
DA:208,24
DA:209,24
DA:211,90
DA:212,90
DA:213,90
DA:214,90
DA:215,90
DA:216,90
DA:217,90
DA:221,24
DA:222,24
DA:223,24
DA:226,18
DA:227,30
DA:228,18
DA:231,6
DA:232,6
DA:233,6
DA:234,6
DA:235,6
DA:236,6
DA:237,6
DA:238,6
DA:239,6
DA:241,6
DA:242,6
DA:243,6
DA:244,6
DA:245,6
DA:246,6
DA:249,6
DA:250,6
DA:253,6
DA:254,6
DA:257,6
DA:258,6
DA:261,6
DA:262,6
DA:263,6
DA:264,6
DA:265,6
DA:267,6
DA:268,6
DA:269,6
DA:272,6
DA:273,6
DA:274,6
DA:277,6
DA:280,6
DA:281,6
DA:282,6
DA:283,6
DA:285,6
DA:286,6
DA:288,6
DA:289,6
DA:290,6
DA:293,6
DA:294,6
DA:295,6
DA:296,6
DA:299,6
DA:300,6
DA:301,6
DA:302,6
DA:303,6
DA:305,6
DA:306,6
DA:307,6
DA:308,6
DA:309,6
DA:310,6
BRF:0
BRH:0
LF:211
LH:176
end_of_record
SF:/Users/geilige/future-os/.claude/worktrees/cov100-tauri-root/desktop/src-tauri/src/store/workspaces.rs
FN:324,_RNvNtNtCsbMovpT5G7tJ_12futureos_lib5store10workspaces13get_workspace
FN:32,_RNvNtNtCsbMovpT5G7tJ_12futureos_lib5store10workspaces15list_workspaces
FN:45,_RNvNtNtCsbMovpT5G7tJ_12futureos_lib5store10workspaces16create_workspace
FN:213,_RNvNtNtCsbMovpT5G7tJ_12futureos_lib5store10workspaces16delete_workspace
FN:329,_RNvNtNtCsbMovpT5G7tJ_12futureos_lib5store10workspaces16get_workspace_in
FN:186,_RNvNtNtCsbMovpT5G7tJ_12futureos_lib5store10workspaces16rename_workspace
FN:227,_RNvNtNtCsbMovpT5G7tJ_12futureos_lib5store10workspaces19delete_workspace_in
FN:128,_RNvNtNtCsbMovpT5G7tJ_12futureos_lib5store10workspaces26update_chat_workspace_path
FN:118,_RNvNtNtCsbMovpT5G7tJ_12futureos_lib5store10workspaces28get_or_create_chat_workspace
FN:65,_RNvNtNtCsbMovpT5G7tJ_12futureos_lib5store10workspaces28get_or_create_user_workspace
FN:306,_RNvNtNtCsbMovpT5G7tJ_12futureos_lib5store10workspaces29purge_soft_deleted_workspaces
FN:144,_RNvNtNtCsbMovpT5G7tJ_12futureos_lib5store10workspaces31get_or_create_chat_workspace_in
FN:81,_RNvNtNtCsbMovpT5G7tJ_12futureos_lib5store10workspaces31get_or_create_user_workspace_in
FN:59,_RNCNvNtNtCsbMovpT5G7tJ_12futureos_lib5store10workspaces16create_workspace0B7_
FN:238,_RNCNvNtNtCsbMovpT5G7tJ_12futureos_lib5store10workspaces19delete_workspace_in0B7_
FN:254,_RNCNvNtNtCsbMovpT5G7tJ_12futureos_lib5store10workspaces19delete_workspace_ins0_0B7_
FN:263,_RNCNvNtNtCsbMovpT5G7tJ_12futureos_lib5store10workspaces19delete_workspace_ins1_0B7_
FN:247,_RNCNvNtNtCsbMovpT5G7tJ_12futureos_lib5store10workspaces19delete_workspace_ins_0B7_
FN:310,_RNCNvNtNtCsbMovpT5G7tJ_12futureos_lib5store10workspaces29purge_soft_deleted_workspaces0B7_
FN:174,_RNCNvNtNtCsbMovpT5G7tJ_12futureos_lib5store10workspaces31get_or_create_chat_workspace_in0B7_
FN:59,_RNCNvNtNtCsbC9L9WIsbRl_12futureos_lib5store10workspaces16create_workspace0B7_
FN:238,_RNCNvNtNtCsbC9L9WIsbRl_12futureos_lib5store10workspaces19delete_workspace_in0B7_
FN:254,_RNCNvNtNtCsbC9L9WIsbRl_12futureos_lib5store10workspaces19delete_workspace_ins0_0B7_
FN:263,_RNCNvNtNtCsbC9L9WIsbRl_12futureos_lib5store10workspaces19delete_workspace_ins1_0B7_
FN:247,_RNCNvNtNtCsbC9L9WIsbRl_12futureos_lib5store10workspaces19delete_workspace_ins_0B7_
FN:310,_RNCNvNtNtCsbC9L9WIsbRl_12futureos_lib5store10workspaces29purge_soft_deleted_workspaces0B7_
FN:174,_RNCNvNtNtCsbC9L9WIsbRl_12futureos_lib5store10workspaces31get_or_create_chat_workspace_in0B7_
FN:186,_RNvNtNtCsbC9L9WIsbRl_12futureos_lib5store10workspaces16rename_workspace
FN:128,_RNvNtNtCsbC9L9WIsbRl_12futureos_lib5store10workspaces26update_chat_workspace_path
FN:392,_RNCNCNvNtNtNtCsbC9L9WIsbRl_12futureos_lib5store10workspaces5tests5total00Bb_
FN:391,_RNCNvNtNtNtCsbC9L9WIsbRl_12futureos_lib5store10workspaces5tests5total0B9_
FN:420,_RNCNvNtNtNtCsbC9L9WIsbRl_12futureos_lib5store10workspaces5testss_41delete_workspace_in_cascades_and_isolates0B9_
FN:429,_RNCNvNtNtNtCsbC9L9WIsbRl_12futureos_lib5store10workspaces5testss_41delete_workspace_in_cascades_and_isolatess_0B9_
FN:355,_RNvNtNtNtCsbC9L9WIsbRl_12futureos_lib5store10workspaces5tests14seed_workspace
FN:379,_RNvNtNtNtCsbC9L9WIsbRl_12futureos_lib5store10workspaces5tests5total
FN:347,_RNvNtNtNtCsbC9L9WIsbRl_12futureos_lib5store10workspaces5tests9test_conn
FN:404,_RNvNtNtNtCsbC9L9WIsbRl_12futureos_lib5store10workspaces5testss_41delete_workspace_in_cascades_and_isolates
FN:324,_RNvNtNtCsbC9L9WIsbRl_12futureos_lib5store10workspaces13get_workspace
FN:32,_RNvNtNtCsbC9L9WIsbRl_12futureos_lib5store10workspaces15list_workspaces
FN:45,_RNvNtNtCsbC9L9WIsbRl_12futureos_lib5store10workspaces16create_workspace
FN:213,_RNvNtNtCsbC9L9WIsbRl_12futureos_lib5store10workspaces16delete_workspace
FN:329,_RNvNtNtCsbC9L9WIsbRl_12futureos_lib5store10workspaces16get_workspace_in
FN:227,_RNvNtNtCsbC9L9WIsbRl_12futureos_lib5store10workspaces19delete_workspace_in
FN:118,_RNvNtNtCsbC9L9WIsbRl_12futureos_lib5store10workspaces28get_or_create_chat_workspace
FN:65,_RNvNtNtCsbC9L9WIsbRl_12futureos_lib5store10workspaces28get_or_create_user_workspace
FN:306,_RNvNtNtCsbC9L9WIsbRl_12futureos_lib5store10workspaces29purge_soft_deleted_workspaces
FN:144,_RNvNtNtCsbC9L9WIsbRl_12futureos_lib5store10workspaces31get_or_create_chat_workspace_in
FN:81,_RNvNtNtCsbC9L9WIsbRl_12futureos_lib5store10workspaces31get_or_create_user_workspace_in
FNDA:0,_RNvNtNtCsbMovpT5G7tJ_12futureos_lib5store10workspaces13get_workspace
FNDA:0,_RNvNtNtCsbMovpT5G7tJ_12futureos_lib5store10workspaces15list_workspaces
FNDA:0,_RNvNtNtCsbMovpT5G7tJ_12futureos_lib5store10workspaces16create_workspace
FNDA:0,_RNvNtNtCsbMovpT5G7tJ_12futureos_lib5store10workspaces16delete_workspace
FNDA:0,_RNvNtNtCsbMovpT5G7tJ_12futureos_lib5store10workspaces16get_workspace_in
FNDA:0,_RNvNtNtCsbMovpT5G7tJ_12futureos_lib5store10workspaces16rename_workspace
FNDA:0,_RNvNtNtCsbMovpT5G7tJ_12futureos_lib5store10workspaces19delete_workspace_in
FNDA:0,_RNvNtNtCsbMovpT5G7tJ_12futureos_lib5store10workspaces26update_chat_workspace_path
FNDA:0,_RNvNtNtCsbMovpT5G7tJ_12futureos_lib5store10workspaces28get_or_create_chat_workspace
FNDA:0,_RNvNtNtCsbMovpT5G7tJ_12futureos_lib5store10workspaces28get_or_create_user_workspace
FNDA:0,_RNvNtNtCsbMovpT5G7tJ_12futureos_lib5store10workspaces29purge_soft_deleted_workspaces
FNDA:0,_RNvNtNtCsbMovpT5G7tJ_12futureos_lib5store10workspaces31get_or_create_chat_workspace_in
FNDA:0,_RNvNtNtCsbMovpT5G7tJ_12futureos_lib5store10workspaces31get_or_create_user_workspace_in
FNDA:0,_RNCNvNtNtCsbMovpT5G7tJ_12futureos_lib5store10workspaces16create_workspace0B7_
FNDA:0,_RNCNvNtNtCsbMovpT5G7tJ_12futureos_lib5store10workspaces19delete_workspace_in0B7_
FNDA:0,_RNCNvNtNtCsbMovpT5G7tJ_12futureos_lib5store10workspaces19delete_workspace_ins0_0B7_
FNDA:0,_RNCNvNtNtCsbMovpT5G7tJ_12futureos_lib5store10workspaces19delete_workspace_ins1_0B7_
FNDA:0,_RNCNvNtNtCsbMovpT5G7tJ_12futureos_lib5store10workspaces19delete_workspace_ins_0B7_
FNDA:0,_RNCNvNtNtCsbMovpT5G7tJ_12futureos_lib5store10workspaces29purge_soft_deleted_workspaces0B7_
FNDA:0,_RNCNvNtNtCsbMovpT5G7tJ_12futureos_lib5store10workspaces31get_or_create_chat_workspace_in0B7_
FNDA:0,_RNCNvNtNtCsbC9L9WIsbRl_12futureos_lib5store10workspaces16create_workspace0B7_
FNDA:6,_RNCNvNtNtCsbC9L9WIsbRl_12futureos_lib5store10workspaces19delete_workspace_in0B7_
FNDA:6,_RNCNvNtNtCsbC9L9WIsbRl_12futureos_lib5store10workspaces19delete_workspace_ins0_0B7_
FNDA:6,_RNCNvNtNtCsbC9L9WIsbRl_12futureos_lib5store10workspaces19delete_workspace_ins1_0B7_
FNDA:6,_RNCNvNtNtCsbC9L9WIsbRl_12futureos_lib5store10workspaces19delete_workspace_ins_0B7_
FNDA:0,_RNCNvNtNtCsbC9L9WIsbRl_12futureos_lib5store10workspaces29purge_soft_deleted_workspaces0B7_
FNDA:0,_RNCNvNtNtCsbC9L9WIsbRl_12futureos_lib5store10workspaces31get_or_create_chat_workspace_in0B7_
FNDA:0,_RNvNtNtCsbC9L9WIsbRl_12futureos_lib5store10workspaces16rename_workspace
FNDA:0,_RNvNtNtCsbC9L9WIsbRl_12futureos_lib5store10workspaces26update_chat_workspace_path
FNDA:84,_RNCNCNvNtNtNtCsbC9L9WIsbRl_12futureos_lib5store10workspaces5tests5total00Bb_
FNDA:84,_RNCNvNtNtNtCsbC9L9WIsbRl_12futureos_lib5store10workspaces5tests5total0B9_
FNDA:6,_RNCNvNtNtNtCsbC9L9WIsbRl_12futureos_lib5store10workspaces5testss_41delete_workspace_in_cascades_and_isolates0B9_
FNDA:6,_RNCNvNtNtNtCsbC9L9WIsbRl_12futureos_lib5store10workspaces5testss_41delete_workspace_in_cascades_and_isolatess_0B9_
FNDA:12,_RNvNtNtNtCsbC9L9WIsbRl_12futureos_lib5store10workspaces5tests14seed_workspace
FNDA:12,_RNvNtNtNtCsbC9L9WIsbRl_12futureos_lib5store10workspaces5tests5total
FNDA:6,_RNvNtNtNtCsbC9L9WIsbRl_12futureos_lib5store10workspaces5tests9test_conn
FNDA:6,_RNvNtNtNtCsbC9L9WIsbRl_12futureos_lib5store10workspaces5testss_41delete_workspace_in_cascades_and_isolates
FNDA:18,_RNvNtNtCsbC9L9WIsbRl_12futureos_lib5store10workspaces13get_workspace
FNDA:0,_RNvNtNtCsbC9L9WIsbRl_12futureos_lib5store10workspaces15list_workspaces
FNDA:18,_RNvNtNtCsbC9L9WIsbRl_12futureos_lib5store10workspaces16create_workspace
FNDA:0,_RNvNtNtCsbC9L9WIsbRl_12futureos_lib5store10workspaces16delete_workspace
FNDA:78,_RNvNtNtCsbC9L9WIsbRl_12futureos_lib5store10workspaces16get_workspace_in
FNDA:6,_RNvNtNtCsbC9L9WIsbRl_12futureos_lib5store10workspaces19delete_workspace_in
FNDA:0,_RNvNtNtCsbC9L9WIsbRl_12futureos_lib5store10workspaces28get_or_create_chat_workspace
FNDA:18,_RNvNtNtCsbC9L9WIsbRl_12futureos_lib5store10workspaces28get_or_create_user_workspace
FNDA:18,_RNvNtNtCsbC9L9WIsbRl_12futureos_lib5store10workspaces29purge_soft_deleted_workspaces
FNDA:0,_RNvNtNtCsbC9L9WIsbRl_12futureos_lib5store10workspaces31get_or_create_chat_workspace_in
FNDA:36,_RNvNtNtCsbC9L9WIsbRl_12futureos_lib5store10workspaces31get_or_create_user_workspace_in
FNF:28
FNH:19
DA:32,0
DA:33,0
DA:34,0
DA:35,0
DA:36,0
DA:37,0
DA:38,0
DA:39,0
DA:40,0
DA:41,0
DA:42,0
DA:43,0
DA:45,18
DA:46,18
DA:47,18
DA:48,12
DA:49,6
DA:50,0
DA:51,0
DA:52,0
DA:53,0
DA:54,0
DA:55,6
DA:57,18
DA:58,18
DA:59,18
DA:60,18
DA:61,18
DA:62,18
DA:63,18
DA:65,18
DA:66,18
DA:67,18
DA:68,18
DA:69,18
DA:70,18
DA:73,18
DA:74,18
DA:75,18
DA:76,18
DA:77,18
DA:81,36
DA:82,36
DA:83,36
DA:84,36
DA:85,36
DA:86,36
DA:87,36
DA:88,36
DA:89,36
DA:90,36
DA:91,36
DA:92,36
DA:93,36
DA:94,36
DA:95,36
DA:96,36
DA:99,36
DA:101,36
DA:102,0
DA:103,36
DA:105,36
DA:106,36
DA:107,36
DA:108,36
DA:109,36
DA:110,36
DA:111,36
DA:112,36
DA:113,0
DA:115,36
DA:116,36
DA:118,0
DA:119,0
DA:120,0
DA:121,0
DA:122,0
DA:123,0
DA:124,0
DA:128,0
DA:129,0
DA:130,0
DA:131,0
DA:132,0
DA:133,0
DA:134,0
DA:135,0
DA:136,0
DA:137,0
DA:138,0
DA:139,0
DA:140,0
DA:144,0
DA:145,0
DA:146,0
DA:147,0
DA:148,0
DA:149,0
DA:150,0
DA:151,0
DA:152,0
DA:153,0
DA:154,0
DA:155,0
DA:156,0
DA:157,0
DA:160,0
DA:162,0
DA:163,0
DA:164,0
DA:166,0
DA:170,0
DA:171,0
DA:172,0
DA:174,0
DA:176,0
DA:177,0
DA:178,0
DA:179,0
DA:180,0
DA:181,0
DA:183,0
DA:184,0
DA:186,0
DA:187,0
DA:188,0
DA:189,0
DA:190,0
DA:192,0
DA:193,0
DA:194,0
DA:195,0
DA:196,0
DA:197,0
DA:198,0
DA:199,0
DA:201,0
DA:202,0
DA:203,0
DA:204,0
DA:213,0
DA:214,0
DA:215,0
DA:216,0
DA:217,0
DA:218,0
DA:219,0
DA:220,0
DA:221,0
DA:227,6
DA:232,6
DA:233,6
DA:234,6
DA:235,6
DA:236,0
DA:237,6
DA:238,6
DA:239,6
DA:240,6
DA:242,6
DA:243,6
DA:244,6
DA:245,6
DA:246,6
DA:247,6
DA:248,0
DA:249,6
DA:250,6
DA:251,6
DA:252,6
DA:253,6
DA:254,6
DA:255,0
DA:256,6
DA:257,6
DA:258,0
DA:261,6
DA:262,6
DA:263,6
DA:264,6
DA:266,6
DA:267,6
DA:269,6
DA:270,6
DA:271,6
DA:272,0
DA:275,6
DA:276,6
DA:277,6
DA:278,0
DA:279,6
DA:280,6
DA:281,6
DA:282,6
DA:283,6
DA:284,0
DA:285,6
DA:286,6
DA:287,6
DA:288,0
DA:289,6
DA:290,6
DA:291,6
DA:292,0
DA:295,6
DA:296,6
DA:297,6
DA:298,0
DA:299,6
DA:300,6
DA:306,18
DA:307,18
DA:308,18
DA:309,18
DA:310,18
DA:311,18
DA:313,18
DA:314,18
DA:315,0
DA:316,0
DA:317,0
DA:318,0
DA:320,0
DA:321,0
DA:322,18
DA:324,18
DA:325,18
DA:326,18
DA:327,18
DA:329,78
DA:330,78
DA:331,78
DA:332,78
DA:333,78
DA:334,78
DA:335,78
DA:338,78
DA:339,78
DA:340,78
DA:347,6
DA:348,6
DA:349,6
DA:350,6
DA:351,6
DA:352,6
DA:353,6
DA:355,12
DA:356,12
DA:357,12
DA:358,12
DA:359,12
DA:360,12
DA:361,12
DA:362,12
DA:363,12
DA:364,12
DA:365,12
DA:366,12
DA:367,12
DA:368,12
DA:369,12
DA:370,12
DA:371,12
DA:372,12
DA:373,12
DA:374,12
DA:375,12
DA:376,12
DA:377,12
DA:379,12
DA:380,12
DA:381,12
DA:382,12
DA:383,12
DA:384,12
DA:385,12
DA:386,12
DA:387,12
DA:388,12
DA:389,12
DA:390,12
DA:391,84
DA:392,84
DA:393,84
DA:394,84
DA:395,84
DA:396,84
DA:397,12
DA:398,12
DA:404,6
DA:405,6
DA:406,6
DA:407,6
DA:408,6
DA:410,6
DA:415,6
DA:416,6
DA:417,6
DA:418,6
DA:419,6
DA:420,6
DA:422,6
DA:425,6
DA:426,6
DA:427,6
DA:428,6
DA:429,6
DA:431,6
DA:434,6
BRF:0
BRH:0
LF:316
LH:201
end_of_record